[INFO] Learning Configuration:
            Policy
                - Policy type:      reward-prediction-finetune
                - Policy network:   MLPActorCritic(
  (actor): Sequential(
    (0): Linear(in_features=64, out_features=32, bias=True)
    (1): ReLU()
    (2): Linear(in_features=32, out_features=2, bias=True)
    (3): Tanh()
  )
  (critic): Sequential(
    (0): Linear(in_features=64, out_features=32, bias=True)
    (1): ReLU()
    (2): Linear(in_features=32, out_features=1, bias=True)
  )
  (encoder): ImageEncoder(
    (convs): Sequential(
      (0): Conv2d(3, 4, kernel_size=(3, 3), stride=(2, 2), padding=(1, 1))
      (1): ReLU()
      (2): Conv2d(4, 8, kernel_size=(3, 3), stride=(2, 2), padding=(1, 1))
      (3): ReLU()
      (4): Conv2d(8, 16, kernel_size=(3, 3), stride=(2, 2), padding=(1, 1))
      (5): ReLU()
      (6): Conv2d(16, 32, kernel_size=(3, 3), stride=(2, 2), padding=(1, 1))
      (7): ReLU()
      (8): Conv2d(32, 64, kernel_size=(3, 3), stride=(2, 2), padding=(1, 1))
      (9): ReLU()
      (10): Conv2d(64, 128, kernel_size=(3, 3), stride=(2, 2), padding=(1, 1))
    )
    (projection): Linear(in_features=128, out_features=64, bias=True)
  )
)
            Environment
                - Env name:         Sprites-v1
                - Num envs:         4
                - Spec:             EnvSpec(id='Sprites-v1', entry_point='sprites_env.envs.sprites:SpritesEnv', reward_threshold=None, nondeterministic=False, max_episode_steps=None, order_enforce=True, disable_env_checker=False, kwargs={'n_distractors': 1, 'num_envs': 4, 'vectorization_mode': 'sync'}, namespace=None, name='Sprites', version=1, additional_wrappers=(), vector_entry_point=None)
            Rollout
                - Rollout Steps:    2048
            Training
                - Total timesteps:  4194304
                - N epochs:         10
                - Batch size:       64
                - gamma (discount): 0.99
                - GAE lambda:       0.95
                - clip range:       0.2
                - Normalize adv:    True
                - Entropy coef:     0.01
                - Value coef:       0.5
                - Optimizer:        Adam
                - Learning rate:    0.0003
            Device
                - Device:           cuda
            Verbosity
                - Verbose level:    1
                - Log interval:     10
                - Tensorboard log:  ppo/TB_PPO
        
[INFO] Update 0 (0 / 4194304 steps)
    (Validation) Returns: 26.59778139094571 +/- 3.734417809313742
[INFO] Update 1 (8192 / 4194304 steps)
    (Validation) Returns: 27.563494024775622 +/- 3.6796902974847625
[INFO] Update 2 (16384 / 4194304 steps)
    (Validation) Returns: 27.097698578189107 +/- 4.135716405478183
[INFO] Update 3 (24576 / 4194304 steps)
    (Validation) Returns: 26.648854832373736 +/- 3.489078277333203
[INFO] Update 4 (32768 / 4194304 steps)
    (Validation) Returns: 26.645374975826435 +/- 3.4024778181987356
[INFO] Update 5 (40960 / 4194304 steps)
    (Validation) Returns: 27.317836903276497 +/- 3.1463298709353578
[INFO] Update 6 (49152 / 4194304 steps)
    (Validation) Returns: 27.522459263248965 +/- 4.149224926833428
[INFO] Update 7 (57344 / 4194304 steps)
    (Validation) Returns: 26.343560469183274 +/- 4.0096728005814555
[INFO] Update 8 (65536 / 4194304 steps)
    (Validation) Returns: 27.37838606907303 +/- 3.597959773253308
[INFO] Update 9 (73728 / 4194304 steps)
    (Validation) Returns: 27.761571255347416 +/- 3.7689277927996896
[INFO] Update 10 (81920 / 4194304 steps)
    (Validation) Returns: 28.528218500869038 +/- 3.009887299944135
[INFO] Update 11 (90112 / 4194304 steps)
    (Validation) Returns: 27.701513933045863 +/- 3.8807719013961637
[INFO] Update 12 (98304 / 4194304 steps)
    (Validation) Returns: 27.59529331974452 +/- 3.083899295871697
[INFO] Update 13 (106496 / 4194304 steps)
    (Validation) Returns: 27.569469956180832 +/- 3.020576736702152
[INFO] Update 14 (114688 / 4194304 steps)
    (Validation) Returns: 26.83143198229743 +/- 4.2233125019706215
[INFO] Update 15 (122880 / 4194304 steps)
    (Validation) Returns: 26.415001129311065 +/- 3.1626521871901114
[INFO] Update 16 (131072 / 4194304 steps)
    (Validation) Returns: 27.6402821045814 +/- 2.841543265849079
[INFO] Update 17 (139264 / 4194304 steps)
    (Validation) Returns: 26.762756067310384 +/- 3.7641777719044773
[INFO] Update 18 (147456 / 4194304 steps)
    (Validation) Returns: 27.624258336447234 +/- 3.5261989334555093
[INFO] Update 19 (155648 / 4194304 steps)
    (Validation) Returns: 27.542153738210324 +/- 3.394134686842701
[INFO] Update 20 (163840 / 4194304 steps)
    (Validation) Returns: 28.42579614456374 +/- 3.7439559410633123
[INFO] Update 21 (172032 / 4194304 steps)
    (Validation) Returns: 28.569999896187824 +/- 2.737066683830047
[INFO] Update 22 (180224 / 4194304 steps)
    (Validation) Returns: 28.617842029894376 +/- 3.9163702342770783
[INFO] Update 23 (188416 / 4194304 steps)
    (Validation) Returns: 28.289427563516636 +/- 4.071879041689175
[INFO] Update 24 (196608 / 4194304 steps)
    (Validation) Returns: 28.7317050809939 +/- 2.848915170435572
[INFO] Update 25 (204800 / 4194304 steps)
    (Validation) Returns: 27.767061200042047 +/- 2.9737774999805113
[INFO] Update 26 (212992 / 4194304 steps)
    (Validation) Returns: 28.819908399681474 +/- 2.875018471880823
[INFO] Update 27 (221184 / 4194304 steps)
    (Validation) Returns: 28.13823478596338 +/- 3.458276412327264
[INFO] Update 28 (229376 / 4194304 steps)
    (Validation) Returns: 28.839084284570383 +/- 3.097681408045011
[INFO] Update 29 (237568 / 4194304 steps)
    (Validation) Returns: 28.876604900183906 +/- 3.1119081307134286
[INFO] Update 30 (245760 / 4194304 steps)
    (Validation) Returns: 28.263112708509844 +/- 2.3178259587907215
[INFO] Update 31 (253952 / 4194304 steps)
    (Validation) Returns: 28.093564700500345 +/- 2.9590603626692653
[INFO] Update 32 (262144 / 4194304 steps)
    (Validation) Returns: 28.053405800226017 +/- 3.2890243828661117
[INFO] Update 33 (270336 / 4194304 steps)
    (Validation) Returns: 28.679725923528302 +/- 3.13062435224425
[INFO] Update 34 (278528 / 4194304 steps)
    (Validation) Returns: 27.446759626633035 +/- 3.802321224408379
[INFO] Update 35 (286720 / 4194304 steps)
    (Validation) Returns: 27.562409293753376 +/- 3.541342155677739
[INFO] Update 36 (294912 / 4194304 steps)
    (Validation) Returns: 28.98036320411631 +/- 2.9924699956991057
[INFO] Update 37 (303104 / 4194304 steps)
    (Validation) Returns: 28.59634722015729 +/- 3.067119711712772
[INFO] Update 38 (311296 / 4194304 steps)
    (Validation) Returns: 28.602096123930913 +/- 2.5345575372992353
[INFO] Update 39 (319488 / 4194304 steps)
    (Validation) Returns: 29.087031475200423 +/- 3.0476791938529777
[INFO] Update 40 (327680 / 4194304 steps)
    (Validation) Returns: 28.313752280705142 +/- 3.2620828735823864
[INFO] Update 41 (335872 / 4194304 steps)
    (Validation) Returns: 29.299603607155273 +/- 2.5467035542505485
[INFO] Update 42 (344064 / 4194304 steps)
    (Validation) Returns: 28.57468804864866 +/- 2.9716428103290866
[INFO] Update 43 (352256 / 4194304 steps)
    (Validation) Returns: 28.707914462716804 +/- 2.566253971811958
[INFO] Update 44 (360448 / 4194304 steps)
    (Validation) Returns: 28.610187415426545 +/- 3.8465629211311945
[INFO] Update 45 (368640 / 4194304 steps)
    (Validation) Returns: 28.923249479903898 +/- 3.0910821970056186
[INFO] Update 46 (376832 / 4194304 steps)
    (Validation) Returns: 28.93537338138467 +/- 3.3702178255640702
[INFO] Update 47 (385024 / 4194304 steps)
    (Validation) Returns: 29.176072760497835 +/- 3.1798387498228817
[INFO] Update 48 (393216 / 4194304 steps)
    (Validation) Returns: 28.38370988809005 +/- 3.0158507505241134
[INFO] Update 49 (401408 / 4194304 steps)
    (Validation) Returns: 28.39594080309991 +/- 2.3851416062225597
[INFO] Update 50 (409600 / 4194304 steps)
    (Validation) Returns: 29.134113024954388 +/- 3.1985924354932878
[INFO] Update 51 (417792 / 4194304 steps)
    (Validation) Returns: 28.914710430734704 +/- 3.7299048127225576
[INFO] Update 52 (425984 / 4194304 steps)
    (Validation) Returns: 28.72091235687693 +/- 2.7749697385377177
[INFO] Update 53 (434176 / 4194304 steps)
    (Validation) Returns: 29.638658483819587 +/- 2.815274299080075
[INFO] Update 54 (442368 / 4194304 steps)
    (Validation) Returns: 29.706269511011737 +/- 3.0039171820356754
[INFO] Update 55 (450560 / 4194304 steps)
    (Validation) Returns: 28.26428324330584 +/- 2.7702826136710734
[INFO] Update 56 (458752 / 4194304 steps)
    (Validation) Returns: 28.512331972830548 +/- 2.984840030183654
[INFO] Update 57 (466944 / 4194304 steps)
    (Validation) Returns: 29.3803321505335 +/- 3.1780537783889304
[INFO] Update 58 (475136 / 4194304 steps)
    (Validation) Returns: 28.518345548074887 +/- 2.706074881857356
[INFO] Update 59 (483328 / 4194304 steps)
    (Validation) Returns: 28.203653867224013 +/- 3.0803204097111396
[INFO] Update 60 (491520 / 4194304 steps)
    (Validation) Returns: 29.427873022229637 +/- 2.9982802734215825
[INFO] Update 61 (499712 / 4194304 steps)
    (Validation) Returns: 28.601330608577502 +/- 2.7935602808537174
[INFO] Update 62 (507904 / 4194304 steps)
    (Validation) Returns: 28.75338227339846 +/- 3.040237080807561
[INFO] Update 63 (516096 / 4194304 steps)
    (Validation) Returns: 29.723917390158185 +/- 2.6569422081516634
[INFO] Update 64 (524288 / 4194304 steps)
    (Validation) Returns: 28.45243646780066 +/- 2.788963533359197
[INFO] Update 65 (532480 / 4194304 steps)
    (Validation) Returns: 29.39902150271531 +/- 2.0571915031827483
[INFO] Update 66 (540672 / 4194304 steps)
    (Validation) Returns: 29.958590260357646 +/- 3.0314530800091943
[INFO] Update 67 (548864 / 4194304 steps)
    (Validation) Returns: 29.83891399811706 +/- 2.1527879040152804
[INFO] Update 68 (557056 / 4194304 steps)
    (Validation) Returns: 29.54102762231306 +/- 2.453423074460071
[INFO] Update 69 (565248 / 4194304 steps)
    (Validation) Returns: 29.771173356337776 +/- 2.9292497346089195
[INFO] Update 70 (573440 / 4194304 steps)
    (Validation) Returns: 29.940658680300732 +/- 2.717869699635453
[INFO] Update 71 (581632 / 4194304 steps)
    (Validation) Returns: 29.751860878753245 +/- 3.1006544897207937
[INFO] Update 72 (589824 / 4194304 steps)
    (Validation) Returns: 29.023932553034786 +/- 3.1100376445552684
[INFO] Update 73 (598016 / 4194304 steps)
    (Validation) Returns: 29.4334747938614 +/- 2.561896559425303
[INFO] Update 74 (606208 / 4194304 steps)
    (Validation) Returns: 29.388618319249712 +/- 3.391634818203993
[INFO] Update 75 (614400 / 4194304 steps)
    (Validation) Returns: 28.313919436980438 +/- 2.817156696779713
[INFO] Update 76 (622592 / 4194304 steps)
    (Validation) Returns: 29.403124273628197 +/- 3.6020580155687814
[INFO] Update 77 (630784 / 4194304 steps)
    (Validation) Returns: 29.36220766575976 +/- 2.968648275059506
[INFO] Update 78 (638976 / 4194304 steps)
    (Validation) Returns: 29.939744363080855 +/- 2.633928884835944
[INFO] Update 79 (647168 / 4194304 steps)
    (Validation) Returns: 29.151547823604233 +/- 2.6005349640463877
[INFO] Update 80 (655360 / 4194304 steps)
    (Validation) Returns: 29.309084008579795 +/- 2.8849201901980455
[INFO] Update 81 (663552 / 4194304 steps)
    (Validation) Returns: 28.594813584650456 +/- 3.3516244711825123
[INFO] Update 82 (671744 / 4194304 steps)
    (Validation) Returns: 29.871962860636053 +/- 2.379623856057803
[INFO] Update 83 (679936 / 4194304 steps)
    (Validation) Returns: 29.2006007705073 +/- 2.9791235049621765
[INFO] Update 84 (688128 / 4194304 steps)
    (Validation) Returns: 29.698747937266365 +/- 2.3851470564527637
[INFO] Update 85 (696320 / 4194304 steps)
    (Validation) Returns: 29.802761600443283 +/- 2.9140404290837285
[INFO] Update 86 (704512 / 4194304 steps)
    (Validation) Returns: 29.500363763553317 +/- 2.575410039638583
[INFO] Update 87 (712704 / 4194304 steps)
    (Validation) Returns: 29.300656794826857 +/- 3.0496706332472727
[INFO] Update 88 (720896 / 4194304 steps)
    (Validation) Returns: 28.874169848159966 +/- 3.396697324593807
[INFO] Update 89 (729088 / 4194304 steps)
    (Validation) Returns: 30.026799742551976 +/- 2.1461026060088964
[INFO] Update 90 (737280 / 4194304 steps)
    (Validation) Returns: 29.224297108332724 +/- 3.231884187770526
[INFO] Update 91 (745472 / 4194304 steps)
    (Validation) Returns: 29.694458812170268 +/- 2.6865175804124197
[INFO] Update 92 (753664 / 4194304 steps)
    (Validation) Returns: 28.83984811102662 +/- 2.838322618374024
[INFO] Update 93 (761856 / 4194304 steps)
    (Validation) Returns: 29.034860641040847 +/- 3.532621212908379
[INFO] Update 94 (770048 / 4194304 steps)
    (Validation) Returns: 28.310464752248198 +/- 3.676926943941625
[INFO] Update 95 (778240 / 4194304 steps)
    (Validation) Returns: 29.622016832837737 +/- 2.635613628229312
[INFO] Update 96 (786432 / 4194304 steps)
    (Validation) Returns: 28.483279642829814 +/- 2.817991080082863
[INFO] Update 97 (794624 / 4194304 steps)
    (Validation) Returns: 29.741209267929104 +/- 2.7232411842586965
[INFO] Update 98 (802816 / 4194304 steps)
    (Validation) Returns: 30.04657081745889 +/- 2.2432568567123576
[INFO] Update 99 (811008 / 4194304 steps)
    (Validation) Returns: 28.996162365172335 +/- 3.315919740323602
[INFO] Update 100 (819200 / 4194304 steps)
    (Validation) Returns: 28.74239289450947 +/- 3.246709576213022
[INFO] Update 101 (827392 / 4194304 steps)
    (Validation) Returns: 28.540778116898082 +/- 2.52164590380163
[INFO] Update 102 (835584 / 4194304 steps)
    (Validation) Returns: 29.242367932655306 +/- 3.1116327772813146
[INFO] Update 103 (843776 / 4194304 steps)
    (Validation) Returns: 29.194585575947563 +/- 3.046953081199365
[INFO] Update 104 (851968 / 4194304 steps)
    (Validation) Returns: 29.59831596256 +/- 2.9197387185204593
[INFO] Update 105 (860160 / 4194304 steps)
    (Validation) Returns: 29.933239097334923 +/- 2.2006972151219095
[INFO] Update 106 (868352 / 4194304 steps)
    (Validation) Returns: 29.87937216798802 +/- 1.7795797049068025
[INFO] Update 107 (876544 / 4194304 steps)
    (Validation) Returns: 29.755817563975274 +/- 2.774023891723014
[INFO] Update 108 (884736 / 4194304 steps)
    (Validation) Returns: 30.063083749473037 +/- 2.8377923373145313
[INFO] Update 109 (892928 / 4194304 steps)
    (Validation) Returns: 30.131809281134622 +/- 2.7514186449736155
[INFO] Update 110 (901120 / 4194304 steps)
    (Validation) Returns: 30.097178166024797 +/- 2.502220150193103
[INFO] Update 111 (909312 / 4194304 steps)
    (Validation) Returns: 29.83241825914954 +/- 2.748665950786578
[INFO] Update 112 (917504 / 4194304 steps)
    (Validation) Returns: 29.184691433162392 +/- 3.2320680000424558
[INFO] Update 113 (925696 / 4194304 steps)
    (Validation) Returns: 29.79481246078425 +/- 2.716698433226444
[INFO] Update 114 (933888 / 4194304 steps)
    (Validation) Returns: 29.698048212989953 +/- 2.3992983398308185
[INFO] Update 115 (942080 / 4194304 steps)
    (Validation) Returns: 30.336044105702648 +/- 2.484450281305109
[INFO] Update 116 (950272 / 4194304 steps)
    (Validation) Returns: 28.62249566913035 +/- 3.5363589805963405
[INFO] Update 117 (958464 / 4194304 steps)
    (Validation) Returns: 29.830006508222176 +/- 2.1018205146529345
[INFO] Update 118 (966656 / 4194304 steps)
    (Validation) Returns: 29.933926174928075 +/- 2.7715501231738826
[INFO] Update 119 (974848 / 4194304 steps)
    (Validation) Returns: 30.239170820411537 +/- 2.6303494848068896
[INFO] Update 120 (983040 / 4194304 steps)
    (Validation) Returns: 30.008430651940596 +/- 2.571860982740907
[INFO] Update 121 (991232 / 4194304 steps)
    (Validation) Returns: 29.675980275297736 +/- 2.4988343625865306
[INFO] Update 122 (999424 / 4194304 steps)
    (Validation) Returns: 29.54691339013217 +/- 2.4042286133458783
[INFO] Update 123 (1007616 / 4194304 steps)
    (Validation) Returns: 29.735183986806753 +/- 2.8611545292410288
[INFO] Update 124 (1015808 / 4194304 steps)
    (Validation) Returns: 29.69706869279819 +/- 2.1443928831356205
[INFO] Update 125 (1024000 / 4194304 steps)
    (Validation) Returns: 29.424466421912918 +/- 2.7984023946188565
[INFO] Update 126 (1032192 / 4194304 steps)
    (Validation) Returns: 29.540741908790334 +/- 2.161855773257195
[INFO] Update 127 (1040384 / 4194304 steps)
    (Validation) Returns: 30.252979670640833 +/- 1.9715089461742294
[INFO] Update 128 (1048576 / 4194304 steps)
    (Validation) Returns: 29.99366326030888 +/- 2.9210893014227945
[INFO] Update 129 (1056768 / 4194304 steps)
    (Validation) Returns: 29.439302835066826 +/- 2.8676594449991946
[INFO] Update 130 (1064960 / 4194304 steps)
    (Validation) Returns: 30.402459621961377 +/- 2.1534995618076804
[INFO] Update 131 (1073152 / 4194304 steps)
    (Validation) Returns: 30.169278496763333 +/- 2.799420743660419
[INFO] Update 132 (1081344 / 4194304 steps)
    (Validation) Returns: 29.833565030895706 +/- 2.3006808301309554
[INFO] Update 133 (1089536 / 4194304 steps)
    (Validation) Returns: 29.16544891198621 +/- 2.2975826881464063
[INFO] Update 134 (1097728 / 4194304 steps)
    (Validation) Returns: 29.686898624227638 +/- 2.4867560649501015
[INFO] Update 135 (1105920 / 4194304 steps)
    (Validation) Returns: 29.57756983445241 +/- 2.1174002558140863
[INFO] Update 136 (1114112 / 4194304 steps)
    (Validation) Returns: 29.657096218338573 +/- 2.4631062712973892
[INFO] Update 137 (1122304 / 4194304 steps)
    (Validation) Returns: 29.4725344746471 +/- 2.080966543249927
[INFO] Update 138 (1130496 / 4194304 steps)
    (Validation) Returns: 29.896600726576118 +/- 2.239983654044413
[INFO] Update 139 (1138688 / 4194304 steps)
    (Validation) Returns: 30.142104738753364 +/- 2.1047047165086665
[INFO] Update 140 (1146880 / 4194304 steps)
    (Validation) Returns: 30.19349568925262 +/- 2.1179519328730247
[INFO] Update 141 (1155072 / 4194304 steps)
    (Validation) Returns: 29.388384732646635 +/- 2.5475618724550735
[INFO] Update 142 (1163264 / 4194304 steps)
    (Validation) Returns: 29.949911665514627 +/- 1.446993619093853
[INFO] Update 143 (1171456 / 4194304 steps)
    (Validation) Returns: 30.590890705196237 +/- 2.5064513573669203
[INFO] Update 144 (1179648 / 4194304 steps)
    (Validation) Returns: 30.115210475686876 +/- 2.2943574554033948
[INFO] Update 145 (1187840 / 4194304 steps)
    (Validation) Returns: 29.93665285476203 +/- 1.7436555594891654
[INFO] Update 146 (1196032 / 4194304 steps)
    (Validation) Returns: 29.185678875890932 +/- 2.4032018241496127
[INFO] Update 147 (1204224 / 4194304 steps)
    (Validation) Returns: 29.95525313455663 +/- 2.5237448303422383
[INFO] Update 148 (1212416 / 4194304 steps)
    (Validation) Returns: 29.826944206066663 +/- 2.476211740346319
[INFO] Update 149 (1220608 / 4194304 steps)
    (Validation) Returns: 30.4788445750106 +/- 2.114787298136551
[INFO] Update 150 (1228800 / 4194304 steps)
    (Validation) Returns: 29.862781990934696 +/- 2.433271493368529
[INFO] Update 151 (1236992 / 4194304 steps)
    (Validation) Returns: 30.403896704635393 +/- 2.0772661337510656
[INFO] Update 152 (1245184 / 4194304 steps)
    (Validation) Returns: 30.167828657161714 +/- 2.231637204518376
[INFO] Update 153 (1253376 / 4194304 steps)
    (Validation) Returns: 30.083928837631344 +/- 2.41868769846921
[INFO] Update 154 (1261568 / 4194304 steps)
    (Validation) Returns: 29.34234087653035 +/- 1.9109651978423434
[INFO] Update 155 (1269760 / 4194304 steps)
    (Validation) Returns: 30.335093292075545 +/- 2.2702535287110464
[INFO] Update 156 (1277952 / 4194304 steps)
    (Validation) Returns: 29.460984073529097 +/- 2.7243814574444483
[INFO] Update 157 (1286144 / 4194304 steps)
    (Validation) Returns: 30.373811040658733 +/- 2.5692450516100753
[INFO] Update 158 (1294336 / 4194304 steps)
    (Validation) Returns: 29.73882697879758 +/- 2.3888034915431158
[INFO] Update 159 (1302528 / 4194304 steps)
    (Validation) Returns: 30.00089577784592 +/- 1.9766488857798867
[INFO] Update 160 (1310720 / 4194304 steps)
    (Validation) Returns: 30.439592024457134 +/- 2.5209555924963127
[INFO] Update 161 (1318912 / 4194304 steps)
    (Validation) Returns: 29.32107093734394 +/- 2.6065156845681776
[INFO] Update 162 (1327104 / 4194304 steps)
    (Validation) Returns: 30.005272451948212 +/- 2.300957037446164
[INFO] Update 163 (1335296 / 4194304 steps)
    (Validation) Returns: 29.922846176093543 +/- 2.5571338654248463
[INFO] Update 164 (1343488 / 4194304 steps)
    (Validation) Returns: 30.4347429168594 +/- 1.9284070643166191
[INFO] Update 165 (1351680 / 4194304 steps)
    (Validation) Returns: 30.428305692844333 +/- 3.086212294075743
[INFO] Update 166 (1359872 / 4194304 steps)
    (Validation) Returns: 30.442796088127658 +/- 2.669600092501997
[INFO] Update 167 (1368064 / 4194304 steps)
    (Validation) Returns: 30.148244007523907 +/- 2.653887923238533
[INFO] Update 168 (1376256 / 4194304 steps)
    (Validation) Returns: 29.82300360306948 +/- 2.410191087746026
[INFO] Update 169 (1384448 / 4194304 steps)
    (Validation) Returns: 30.204107780476903 +/- 2.4557413956893908
[INFO] Update 170 (1392640 / 4194304 steps)
    (Validation) Returns: 30.12075264251497 +/- 2.155236001591485
[INFO] Update 171 (1400832 / 4194304 steps)
    (Validation) Returns: 29.67829499359455 +/- 2.178919000989803
[INFO] Update 172 (1409024 / 4194304 steps)
    (Validation) Returns: 30.223775620841515 +/- 2.04958710869928
[INFO] Update 173 (1417216 / 4194304 steps)
    (Validation) Returns: 29.803309163337097 +/- 2.2019008646834597
[INFO] Update 174 (1425408 / 4194304 steps)
    (Validation) Returns: 29.664662495098696 +/- 2.8779225246709372
[INFO] Update 175 (1433600 / 4194304 steps)
    (Validation) Returns: 29.890438339614605 +/- 2.36897802027487
[INFO] Update 176 (1441792 / 4194304 steps)
    (Validation) Returns: 29.685522974802904 +/- 2.0682860765477464
[INFO] Update 177 (1449984 / 4194304 steps)
    (Validation) Returns: 30.256623383676992 +/- 2.624797956393295
[INFO] Update 178 (1458176 / 4194304 steps)
    (Validation) Returns: 29.92828576722051 +/- 2.2489955986942203
[INFO] Update 179 (1466368 / 4194304 steps)
    (Validation) Returns: 29.747234895643324 +/- 2.2601990652505575
[INFO] Update 180 (1474560 / 4194304 steps)
    (Validation) Returns: 29.862335151838135 +/- 2.7328865709810155
[INFO] Update 181 (1482752 / 4194304 steps)
    (Validation) Returns: 30.018214492867195 +/- 2.711686769520461
[INFO] Update 182 (1490944 / 4194304 steps)
    (Validation) Returns: 29.957245196372277 +/- 2.7650348169758643
[INFO] Update 183 (1499136 / 4194304 steps)
    (Validation) Returns: 29.740883530006535 +/- 1.9725959513245925
[INFO] Update 184 (1507328 / 4194304 steps)
    (Validation) Returns: 30.40328266268542 +/- 2.0816012796698447
[INFO] Update 185 (1515520 / 4194304 steps)
    (Validation) Returns: 30.089869164302762 +/- 2.301749082188287
[INFO] Update 186 (1523712 / 4194304 steps)
    (Validation) Returns: 30.972158401183133 +/- 2.3234019451494494
[INFO] Update 187 (1531904 / 4194304 steps)
    (Validation) Returns: 30.19938400458767 +/- 2.672294386220305
[INFO] Update 188 (1540096 / 4194304 steps)
    (Validation) Returns: 29.754932588968337 +/- 2.1676394659430107
[INFO] Update 189 (1548288 / 4194304 steps)
    (Validation) Returns: 30.57022293800161 +/- 2.1404547236708638
[INFO] Update 190 (1556480 / 4194304 steps)
    (Validation) Returns: 30.543541943929142 +/- 2.015096654251571
[INFO] Update 191 (1564672 / 4194304 steps)
    (Validation) Returns: 30.21912764139995 +/- 2.4452674038115374
[INFO] Update 192 (1572864 / 4194304 steps)
    (Validation) Returns: 29.96142794677278 +/- 2.019870736938198
[INFO] Update 193 (1581056 / 4194304 steps)
    (Validation) Returns: 30.467029477739963 +/- 2.3414615005648147
[INFO] Update 194 (1589248 / 4194304 steps)
    (Validation) Returns: 29.681232265194637 +/- 2.1910296592745158
[INFO] Update 195 (1597440 / 4194304 steps)
    (Validation) Returns: 30.044894531388444 +/- 2.447090634112193
[INFO] Update 196 (1605632 / 4194304 steps)
    (Validation) Returns: 29.86332913334755 +/- 2.6818631512345434
[INFO] Update 197 (1613824 / 4194304 steps)
    (Validation) Returns: 30.594682136517548 +/- 2.3530501355379574
[INFO] Update 198 (1622016 / 4194304 steps)
    (Validation) Returns: 30.524966129950855 +/- 2.2016237022294245
[INFO] Update 199 (1630208 / 4194304 steps)
    (Validation) Returns: 29.772422462590338 +/- 2.6080577728465038
[INFO] Update 200 (1638400 / 4194304 steps)
    (Validation) Returns: 30.01043906489599 +/- 2.2582000247297813
[INFO] Update 201 (1646592 / 4194304 steps)
    (Validation) Returns: 29.934140602617326 +/- 2.834436925316134
[INFO] Update 202 (1654784 / 4194304 steps)
    (Validation) Returns: 30.225466395788935 +/- 2.3677867370290935
[INFO] Update 203 (1662976 / 4194304 steps)
    (Validation) Returns: 30.112740790125297 +/- 2.374024113235818
[INFO] Update 204 (1671168 / 4194304 steps)
    (Validation) Returns: 30.076322002027677 +/- 2.343260569667278
[INFO] Update 205 (1679360 / 4194304 steps)
    (Validation) Returns: 30.32244646834757 +/- 1.9802777716986384
[INFO] Update 206 (1687552 / 4194304 steps)
    (Validation) Returns: 31.04081633243908 +/- 1.9489338937278893
[INFO] Update 207 (1695744 / 4194304 steps)
    (Validation) Returns: 30.341596343954457 +/- 2.195539144571154
[INFO] Update 208 (1703936 / 4194304 steps)
    (Validation) Returns: 30.20868037433188 +/- 2.4462065059272984
[INFO] Update 209 (1712128 / 4194304 steps)
    (Validation) Returns: 30.24947504513734 +/- 2.826886945659484
[INFO] Update 210 (1720320 / 4194304 steps)
    (Validation) Returns: 30.297455662507367 +/- 2.7993393906514994
[INFO] Update 211 (1728512 / 4194304 steps)
    (Validation) Returns: 30.185115594539393 +/- 2.244289356078404
[INFO] Update 212 (1736704 / 4194304 steps)
    (Validation) Returns: 30.103609055825842 +/- 2.1529459660692107
[INFO] Update 213 (1744896 / 4194304 steps)
    (Validation) Returns: 29.861413925418436 +/- 2.2593212648134036
[INFO] Update 214 (1753088 / 4194304 steps)
    (Validation) Returns: 30.166568138341496 +/- 2.486368214527144
[INFO] Update 215 (1761280 / 4194304 steps)
    (Validation) Returns: 29.90557531560172 +/- 2.748643940774735
[INFO] Update 216 (1769472 / 4194304 steps)
    (Validation) Returns: 30.30423528692961 +/- 2.0479500780485713
[INFO] Update 217 (1777664 / 4194304 steps)
    (Validation) Returns: 29.97462988517326 +/- 3.0857930853311286
[INFO] Update 218 (1785856 / 4194304 steps)
    (Validation) Returns: 30.508763240059853 +/- 1.8970757920858652
[INFO] Update 219 (1794048 / 4194304 steps)
    (Validation) Returns: 30.3871523889415 +/- 2.4773979982984833
[INFO] Update 220 (1802240 / 4194304 steps)
    (Validation) Returns: 30.213928250397693 +/- 2.454897949714377
[INFO] Update 221 (1810432 / 4194304 steps)
    (Validation) Returns: 30.235659314310418 +/- 2.2406759137958114
[INFO] Update 222 (1818624 / 4194304 steps)
    (Validation) Returns: 30.25690282823997 +/- 1.8537422030326771
[INFO] Update 223 (1826816 / 4194304 steps)
    (Validation) Returns: 30.699332625450484 +/- 2.3546726047645734
[INFO] Update 224 (1835008 / 4194304 steps)
    (Validation) Returns: 30.523093120792044 +/- 2.073840025020025
[INFO] Update 225 (1843200 / 4194304 steps)
    (Validation) Returns: 30.745557214807015 +/- 2.395477524703111
[INFO] Update 226 (1851392 / 4194304 steps)
    (Validation) Returns: 30.660601282968713 +/- 2.149233821807842
[INFO] Update 227 (1859584 / 4194304 steps)
    (Validation) Returns: 29.86876444352263 +/- 2.099304249533888
[INFO] Update 228 (1867776 / 4194304 steps)
    (Validation) Returns: 30.902079682080153 +/- 2.6217198899799095
[INFO] Update 229 (1875968 / 4194304 steps)
    (Validation) Returns: 30.24499147268631 +/- 1.8197247967989916
[INFO] Update 230 (1884160 / 4194304 steps)
    (Validation) Returns: 30.104402434235915 +/- 2.5286080330819507
[INFO] Update 231 (1892352 / 4194304 steps)
    (Validation) Returns: 29.849817131956296 +/- 1.8279461213191608
[INFO] Update 232 (1900544 / 4194304 steps)
    (Validation) Returns: 30.16831979533064 +/- 2.438685457876418
[INFO] Update 233 (1908736 / 4194304 steps)
    (Validation) Returns: 30.59756155525945 +/- 2.7844833802767646
[INFO] Update 234 (1916928 / 4194304 steps)
    (Validation) Returns: 30.713632408322717 +/- 2.0481454468621014
[INFO] Update 235 (1925120 / 4194304 steps)
    (Validation) Returns: 30.441233693879134 +/- 2.026020882439859
[INFO] Update 236 (1933312 / 4194304 steps)
    (Validation) Returns: 30.151741811992203 +/- 1.759173771792218
[INFO] Update 237 (1941504 / 4194304 steps)
    (Validation) Returns: 30.308238774963076 +/- 2.3311841192550644
[INFO] Update 238 (1949696 / 4194304 steps)
    (Validation) Returns: 30.345458938782787 +/- 2.123598645010132
[INFO] Update 239 (1957888 / 4194304 steps)
    (Validation) Returns: 30.082388015444195 +/- 2.3568452769259585
[INFO] Update 240 (1966080 / 4194304 steps)
    (Validation) Returns: 29.99489863578564 +/- 2.6441410303985027
[INFO] Update 241 (1974272 / 4194304 steps)
    (Validation) Returns: 29.984997421017226 +/- 2.3980668735075645
[INFO] Update 242 (1982464 / 4194304 steps)
    (Validation) Returns: 30.607375026045805 +/- 2.2422668867326374
[INFO] Update 243 (1990656 / 4194304 steps)
    (Validation) Returns: 30.248394914509003 +/- 1.9811547654234907
[INFO] Update 244 (1998848 / 4194304 steps)
    (Validation) Returns: 30.122211254914113 +/- 2.098234791324633
[INFO] Update 245 (2007040 / 4194304 steps)
    (Validation) Returns: 30.090635155779147 +/- 2.5407459815838647
[INFO] Update 246 (2015232 / 4194304 steps)
    (Validation) Returns: 30.96491573061801 +/- 2.3592183569886958
[INFO] Update 247 (2023424 / 4194304 steps)
    (Validation) Returns: 30.30158514492881 +/- 2.1718292693753685
[INFO] Update 248 (2031616 / 4194304 steps)
    (Validation) Returns: 30.694491646666513 +/- 2.2757163306944688
[INFO] Update 249 (2039808 / 4194304 steps)
    (Validation) Returns: 30.419660608830632 +/- 2.477924792626395
[INFO] Update 250 (2048000 / 4194304 steps)
    (Validation) Returns: 29.71224807322062 +/- 1.962412533356516
[INFO] Update 251 (2056192 / 4194304 steps)
    (Validation) Returns: 30.084120489616573 +/- 2.6866790606335136
[INFO] Update 252 (2064384 / 4194304 steps)
    (Validation) Returns: 30.05456071438574 +/- 2.0568192460333483
[INFO] Update 253 (2072576 / 4194304 steps)
    (Validation) Returns: 30.138838511224737 +/- 1.9413622461202393
[INFO] Update 254 (2080768 / 4194304 steps)
    (Validation) Returns: 30.53852201039579 +/- 2.2613240124919183
[INFO] Update 255 (2088960 / 4194304 steps)
    (Validation) Returns: 30.593445859903362 +/- 2.0583945590724833
[INFO] Update 256 (2097152 / 4194304 steps)
    (Validation) Returns: 30.330095461536377 +/- 2.4174978348019933
[INFO] Update 257 (2105344 / 4194304 steps)
    (Validation) Returns: 30.567521566956508 +/- 2.1162723912418073
[INFO] Update 258 (2113536 / 4194304 steps)
    (Validation) Returns: 30.2452648334939 +/- 2.661337812928099
[INFO] Update 259 (2121728 / 4194304 steps)
    (Validation) Returns: 30.652450895087224 +/- 2.3921818689602867
[INFO] Update 260 (2129920 / 4194304 steps)
    (Validation) Returns: 30.670557095784794 +/- 2.523273981260441
[INFO] Update 261 (2138112 / 4194304 steps)
    (Validation) Returns: 30.27970008920491 +/- 2.247321503344361
[INFO] Update 262 (2146304 / 4194304 steps)
    (Validation) Returns: 31.26534129304567 +/- 2.5482235118475085
[INFO] Update 263 (2154496 / 4194304 steps)
    (Validation) Returns: 29.94265108301024 +/- 2.4050367888892206
[INFO] Update 264 (2162688 / 4194304 steps)
    (Validation) Returns: 30.060170628933076 +/- 1.80896734608357
[INFO] Update 265 (2170880 / 4194304 steps)
    (Validation) Returns: 30.488324860599324 +/- 2.1961205641006325
[INFO] Update 266 (2179072 / 4194304 steps)
    (Validation) Returns: 30.20458362186439 +/- 2.0927006487070594
[INFO] Update 267 (2187264 / 4194304 steps)
    (Validation) Returns: 30.48933082992543 +/- 2.126384116282102
[INFO] Update 268 (2195456 / 4194304 steps)
    (Validation) Returns: 30.10589724550116 +/- 1.8726651127118
[INFO] Update 269 (2203648 / 4194304 steps)
    (Validation) Returns: 30.185272817139197 +/- 2.2318363080374497
[INFO] Update 270 (2211840 / 4194304 steps)
    (Validation) Returns: 30.479488320198037 +/- 2.1730704632951543
[INFO] Update 271 (2220032 / 4194304 steps)
    (Validation) Returns: 30.197067571041895 +/- 2.296374252961179
[INFO] Update 272 (2228224 / 4194304 steps)
    (Validation) Returns: 29.82081714633635 +/- 1.971249075297152
[INFO] Update 273 (2236416 / 4194304 steps)
    (Validation) Returns: 30.42315764676398 +/- 2.483407692514962
[INFO] Update 274 (2244608 / 4194304 steps)
    (Validation) Returns: 31.20476723432278 +/- 1.9927920272826767
[INFO] Update 275 (2252800 / 4194304 steps)
    (Validation) Returns: 30.73833172168769 +/- 2.109470953383541
[INFO] Update 276 (2260992 / 4194304 steps)
    (Validation) Returns: 30.340865476649082 +/- 2.177673455690028
[INFO] Update 277 (2269184 / 4194304 steps)
    (Validation) Returns: 30.20332493536896 +/- 2.118233661252045
[INFO] Update 278 (2277376 / 4194304 steps)
    (Validation) Returns: 29.925744529180065 +/- 2.3946646237302383
[INFO] Update 279 (2285568 / 4194304 steps)
    (Validation) Returns: 30.84713493491565 +/- 1.8352120488625394
[INFO] Update 280 (2293760 / 4194304 steps)
    (Validation) Returns: 30.81480407732615 +/- 2.476417657269066
[INFO] Update 281 (2301952 / 4194304 steps)
    (Validation) Returns: 30.87910609918771 +/- 2.342607848849146
[INFO] Update 282 (2310144 / 4194304 steps)
    (Validation) Returns: 30.38029300518786 +/- 2.34398235258141
[INFO] Update 283 (2318336 / 4194304 steps)
    (Validation) Returns: 30.717855091524893 +/- 2.6133934929887483
[INFO] Update 284 (2326528 / 4194304 steps)
    (Validation) Returns: 29.44624245855841 +/- 2.1918607644519144
[INFO] Update 285 (2334720 / 4194304 steps)
    (Validation) Returns: 29.959210686962297 +/- 2.708509669451496
[INFO] Update 286 (2342912 / 4194304 steps)
    (Validation) Returns: 30.20529410942735 +/- 1.8757917232296675
[INFO] Update 287 (2351104 / 4194304 steps)
    (Validation) Returns: 30.03428641398268 +/- 2.47102595800641
[INFO] Update 288 (2359296 / 4194304 steps)
    (Validation) Returns: 29.821836425176286 +/- 2.5141400015870734
[INFO] Update 289 (2367488 / 4194304 steps)
    (Validation) Returns: 30.141832327370537 +/- 2.272427082452708
[INFO] Update 290 (2375680 / 4194304 steps)
    (Validation) Returns: 30.435446328518935 +/- 1.9634956447145642
[INFO] Update 291 (2383872 / 4194304 steps)
    (Validation) Returns: 30.213877180746874 +/- 2.2188392075088617
[INFO] Update 292 (2392064 / 4194304 steps)
    (Validation) Returns: 30.774460328247688 +/- 2.0579509882316054
[INFO] Update 293 (2400256 / 4194304 steps)
    (Validation) Returns: 30.201342526535218 +/- 2.097181102918801
[INFO] Update 294 (2408448 / 4194304 steps)
    (Validation) Returns: 30.54186707182405 +/- 2.3508582856723437
[INFO] Update 295 (2416640 / 4194304 steps)
    (Validation) Returns: 29.829039189468364 +/- 1.9439225618857794
[INFO] Update 296 (2424832 / 4194304 steps)
    (Validation) Returns: 30.285785403527676 +/- 2.3073663395682087
[INFO] Update 297 (2433024 / 4194304 steps)
    (Validation) Returns: 30.05738075324906 +/- 2.2104950743862126
[INFO] Update 298 (2441216 / 4194304 steps)
    (Validation) Returns: 30.819533893266005 +/- 2.105406881703532
[INFO] Update 299 (2449408 / 4194304 steps)
    (Validation) Returns: 31.31035235604528 +/- 2.512668342492181
[INFO] Update 300 (2457600 / 4194304 steps)
    (Validation) Returns: 30.7100043670683 +/- 2.3756047196611685
[INFO] Update 301 (2465792 / 4194304 steps)
    (Validation) Returns: 30.6572774054084 +/- 2.2851260902713326
[INFO] Update 302 (2473984 / 4194304 steps)
    (Validation) Returns: 30.4329283721529 +/- 2.0822099707496324
[INFO] Update 303 (2482176 / 4194304 steps)
    (Validation) Returns: 30.60649929416521 +/- 2.325110958441273
[INFO] Update 304 (2490368 / 4194304 steps)
    (Validation) Returns: 30.648470279759913 +/- 1.927156386728087
[INFO] Update 305 (2498560 / 4194304 steps)
    (Validation) Returns: 30.668530639780773 +/- 2.598771889636329
[INFO] Update 306 (2506752 / 4194304 steps)
    (Validation) Returns: 30.623659398878438 +/- 1.9678670433539014
[INFO] Update 307 (2514944 / 4194304 steps)
    (Validation) Returns: 30.597116817307032 +/- 2.387161113608406
[INFO] Update 308 (2523136 / 4194304 steps)
    (Validation) Returns: 30.912964819958432 +/- 2.480777049376848
[INFO] Update 309 (2531328 / 4194304 steps)
    (Validation) Returns: 30.58541151639252 +/- 2.800680825299616
[INFO] Update 310 (2539520 / 4194304 steps)
    (Validation) Returns: 30.426801850702965 +/- 2.337209331626583
[INFO] Update 311 (2547712 / 4194304 steps)
    (Validation) Returns: 30.9523144389966 +/- 2.211157136551376
[INFO] Update 312 (2555904 / 4194304 steps)
    (Validation) Returns: 30.600963283177993 +/- 2.246832095094319
[INFO] Update 313 (2564096 / 4194304 steps)
    (Validation) Returns: 30.205596909775977 +/- 2.557367302276997
[INFO] Update 314 (2572288 / 4194304 steps)
    (Validation) Returns: 30.38762948519897 +/- 2.1514775575337106
[INFO] Update 315 (2580480 / 4194304 steps)
    (Validation) Returns: 30.84766491438908 +/- 2.0892762747000546
[INFO] Update 316 (2588672 / 4194304 steps)
    (Validation) Returns: 30.234818554707072 +/- 2.2498177418889105
[INFO] Update 317 (2596864 / 4194304 steps)
    (Validation) Returns: 30.108788226207906 +/- 2.125290304076422
[INFO] Update 318 (2605056 / 4194304 steps)
    (Validation) Returns: 30.279664530650884 +/- 2.072654241045797
[INFO] Update 319 (2613248 / 4194304 steps)
    (Validation) Returns: 30.936417774205825 +/- 2.286266692324385
[INFO] Update 320 (2621440 / 4194304 steps)
    (Validation) Returns: 31.12432803505834 +/- 2.1365920343967537
[INFO] Update 321 (2629632 / 4194304 steps)
    (Validation) Returns: 30.874141795675655 +/- 2.3294475621028026
[INFO] Update 322 (2637824 / 4194304 steps)
    (Validation) Returns: 30.231068654627528 +/- 1.8593092398955382
[INFO] Update 323 (2646016 / 4194304 steps)
    (Validation) Returns: 30.06851232416552 +/- 2.934104422834084
[INFO] Update 324 (2654208 / 4194304 steps)
    (Validation) Returns: 30.799789724646054 +/- 2.3384608588687965
[INFO] Update 325 (2662400 / 4194304 steps)
    (Validation) Returns: 30.669566217254026 +/- 2.1578808975022774
[INFO] Update 326 (2670592 / 4194304 steps)
    (Validation) Returns: 30.52055744769732 +/- 1.9503303171548427
[INFO] Update 327 (2678784 / 4194304 steps)
    (Validation) Returns: 30.05868275586449 +/- 2.2838530126557086
[INFO] Update 328 (2686976 / 4194304 steps)
    (Validation) Returns: 30.507312748711968 +/- 2.00585104897035
[INFO] Update 329 (2695168 / 4194304 steps)
    (Validation) Returns: 30.476220117924083 +/- 2.10127448702233
[INFO] Update 330 (2703360 / 4194304 steps)
    (Validation) Returns: 30.045727326539616 +/- 2.446403108613899
[INFO] Update 331 (2711552 / 4194304 steps)
    (Validation) Returns: 30.409993623741933 +/- 3.0014912753145877
[INFO] Update 332 (2719744 / 4194304 steps)
    (Validation) Returns: 30.419978864618646 +/- 2.4103841106390362
[INFO] Update 333 (2727936 / 4194304 steps)
    (Validation) Returns: 30.45884724386666 +/- 1.927285896187659
[INFO] Update 334 (2736128 / 4194304 steps)
    (Validation) Returns: 29.951390788186565 +/- 2.2119796348262484
[INFO] Update 335 (2744320 / 4194304 steps)
    (Validation) Returns: 31.023758443273174 +/- 2.142163590425907
[INFO] Update 336 (2752512 / 4194304 steps)
    (Validation) Returns: 30.272086864855595 +/- 2.7644356927071847
[INFO] Update 337 (2760704 / 4194304 steps)
    (Validation) Returns: 31.27944018626183 +/- 1.8946642001633593
[INFO] Update 338 (2768896 / 4194304 steps)
    (Validation) Returns: 30.95677997035699 +/- 1.9066891558910721
[INFO] Update 339 (2777088 / 4194304 steps)
    (Validation) Returns: 30.69113456322096 +/- 1.9855150127981134
[INFO] Update 340 (2785280 / 4194304 steps)
    (Validation) Returns: 30.447462868320166 +/- 1.9677031076791685
[INFO] Update 341 (2793472 / 4194304 steps)
    (Validation) Returns: 30.436394880928667 +/- 2.635168738703643
[INFO] Update 342 (2801664 / 4194304 steps)
    (Validation) Returns: 30.544751012204394 +/- 2.063363332943755
[INFO] Update 343 (2809856 / 4194304 steps)
    (Validation) Returns: 30.68127245680687 +/- 2.7489228370094416
[INFO] Update 344 (2818048 / 4194304 steps)
    (Validation) Returns: 30.703064432276996 +/- 2.188164328359777
[INFO] Update 345 (2826240 / 4194304 steps)
    (Validation) Returns: 30.749413872212138 +/- 2.0455684334361712
[INFO] Update 346 (2834432 / 4194304 steps)
    (Validation) Returns: 30.589598042032737 +/- 2.554390754704046
[INFO] Update 347 (2842624 / 4194304 steps)
    (Validation) Returns: 30.43087070913711 +/- 2.1980287633290234
[INFO] Update 348 (2850816 / 4194304 steps)
    (Validation) Returns: 30.986080555098983 +/- 2.0430900683782593
[INFO] Update 349 (2859008 / 4194304 steps)
    (Validation) Returns: 30.485801852132415 +/- 2.7949354723069675
[INFO] Update 350 (2867200 / 4194304 steps)
    (Validation) Returns: 30.393061283447242 +/- 1.9133571607312148
[INFO] Update 351 (2875392 / 4194304 steps)
    (Validation) Returns: 30.993338778524183 +/- 2.4719194237412387
[INFO] Update 352 (2883584 / 4194304 steps)
    (Validation) Returns: 30.715558952375808 +/- 2.826287818849821
[INFO] Update 353 (2891776 / 4194304 steps)
    (Validation) Returns: 30.00880634804464 +/- 2.1918218463095576
[INFO] Update 354 (2899968 / 4194304 steps)
    (Validation) Returns: 30.9844018478144 +/- 2.2113421695934186
[INFO] Update 355 (2908160 / 4194304 steps)
    (Validation) Returns: 30.907239671133947 +/- 2.2263911474496103
[INFO] Update 356 (2916352 / 4194304 steps)
    (Validation) Returns: 30.59221415799709 +/- 2.465759498202415
[INFO] Update 357 (2924544 / 4194304 steps)
    (Validation) Returns: 31.19680877382104 +/- 1.644176548025876
[INFO] Update 358 (2932736 / 4194304 steps)
    (Validation) Returns: 30.579344788101213 +/- 2.530033658307895
[INFO] Update 359 (2940928 / 4194304 steps)
    (Validation) Returns: 30.842985569570896 +/- 2.4283162587695752
[INFO] Update 360 (2949120 / 4194304 steps)
    (Validation) Returns: 30.492195761321238 +/- 2.4524268444066437
[INFO] Update 361 (2957312 / 4194304 steps)
    (Validation) Returns: 30.95504431689095 +/- 2.1035108068132735
[INFO] Update 362 (2965504 / 4194304 steps)
    (Validation) Returns: 31.069384061415775 +/- 1.9856533220983925
[INFO] Update 363 (2973696 / 4194304 steps)
    (Validation) Returns: 30.282584542821404 +/- 2.04774772028777
[INFO] Update 364 (2981888 / 4194304 steps)
    (Validation) Returns: 30.53826361996977 +/- 2.393901240629453
[INFO] Update 365 (2990080 / 4194304 steps)
    (Validation) Returns: 30.947551709952045 +/- 2.0261433136401688
[INFO] Update 366 (2998272 / 4194304 steps)
    (Validation) Returns: 30.48325038941207 +/- 2.363359556593163
[INFO] Update 367 (3006464 / 4194304 steps)
    (Validation) Returns: 30.516470503861523 +/- 1.7264624856908104
[INFO] Update 368 (3014656 / 4194304 steps)
    (Validation) Returns: 30.9492660785412 +/- 2.717593372476171
[INFO] Update 369 (3022848 / 4194304 steps)
    (Validation) Returns: 31.013378864015145 +/- 1.9330739348277508
[INFO] Update 370 (3031040 / 4194304 steps)
    (Validation) Returns: 31.30944759332499 +/- 1.8564072473559914
[INFO] Update 371 (3039232 / 4194304 steps)
    (Validation) Returns: 31.11117580103462 +/- 1.967003145184443
[INFO] Update 372 (3047424 / 4194304 steps)
    (Validation) Returns: 30.328887623455994 +/- 2.139041834640102
[INFO] Update 373 (3055616 / 4194304 steps)
    (Validation) Returns: 30.91365685148536 +/- 2.311274593879117
[INFO] Update 374 (3063808 / 4194304 steps)
    (Validation) Returns: 31.096686223030936 +/- 2.1696377240335023
[INFO] Update 375 (3072000 / 4194304 steps)
    (Validation) Returns: 31.16662684880361 +/- 2.454553525572963
[INFO] Update 376 (3080192 / 4194304 steps)
    (Validation) Returns: 30.75328939129206 +/- 1.9893999212700473
[INFO] Update 377 (3088384 / 4194304 steps)
    (Validation) Returns: 30.78557090749855 +/- 1.76345731426816
[INFO] Update 378 (3096576 / 4194304 steps)
    (Validation) Returns: 30.947996329094224 +/- 1.803059646051932
[INFO] Update 379 (3104768 / 4194304 steps)
    (Validation) Returns: 31.124025858030574 +/- 2.4703974936946356
[INFO] Update 380 (3112960 / 4194304 steps)
    (Validation) Returns: 30.182501997456097 +/- 2.453786690757018
[INFO] Update 381 (3121152 / 4194304 steps)
    (Validation) Returns: 30.33349706649953 +/- 2.1350074921417437
[INFO] Update 382 (3129344 / 4194304 steps)
    (Validation) Returns: 31.008630545000074 +/- 2.5367297379204876
[INFO] Update 383 (3137536 / 4194304 steps)
    (Validation) Returns: 31.05195293834648 +/- 1.888890504774034
[INFO] Update 384 (3145728 / 4194304 steps)
    (Validation) Returns: 30.562616932778894 +/- 2.107872809906439
[INFO] Update 385 (3153920 / 4194304 steps)
    (Validation) Returns: 30.589183927620052 +/- 1.6969131151153083
[INFO] Update 386 (3162112 / 4194304 steps)
    (Validation) Returns: 29.945541033663496 +/- 2.1642906285256327
[INFO] Update 387 (3170304 / 4194304 steps)
    (Validation) Returns: 30.299245060385783 +/- 2.615772124969339
[INFO] Update 388 (3178496 / 4194304 steps)
    (Validation) Returns: 30.516150048801045 +/- 2.262387744972409
[INFO] Update 389 (3186688 / 4194304 steps)
    (Validation) Returns: 29.935211099812904 +/- 2.521279853511894
[INFO] Update 390 (3194880 / 4194304 steps)
    (Validation) Returns: 30.835639513598682 +/- 2.151523516412145
[INFO] Update 391 (3203072 / 4194304 steps)
    (Validation) Returns: 30.332420488836817 +/- 1.8374845219016418
[INFO] Update 392 (3211264 / 4194304 steps)
    (Validation) Returns: 30.53892464235214 +/- 2.128704322094194
[INFO] Update 393 (3219456 / 4194304 steps)
    (Validation) Returns: 30.66753515295415 +/- 2.554652930974557
[INFO] Update 394 (3227648 / 4194304 steps)
    (Validation) Returns: 30.909933981587947 +/- 1.7705831300827017
[INFO] Update 395 (3235840 / 4194304 steps)
    (Validation) Returns: 30.72108285490391 +/- 2.0689497411958095
[INFO] Update 396 (3244032 / 4194304 steps)
    (Validation) Returns: 30.882445904791062 +/- 2.155580853190665
[INFO] Update 397 (3252224 / 4194304 steps)
    (Validation) Returns: 30.722189581276 +/- 2.021164609868938
[INFO] Update 398 (3260416 / 4194304 steps)
    (Validation) Returns: 30.322344847970363 +/- 2.179733639851684
[INFO] Update 399 (3268608 / 4194304 steps)
    (Validation) Returns: 31.148195843728068 +/- 1.8434965259007272
[INFO] Update 400 (3276800 / 4194304 steps)
    (Validation) Returns: 30.79303827135798 +/- 1.6040990911635387
[INFO] Update 401 (3284992 / 4194304 steps)
    (Validation) Returns: 31.150107106982922 +/- 2.4592188919577485
[INFO] Update 402 (3293184 / 4194304 steps)
    (Validation) Returns: 31.445639310178052 +/- 1.7781576585724197
[INFO] Update 403 (3301376 / 4194304 steps)
    (Validation) Returns: 30.50978646808369 +/- 1.9862580594756372
[INFO] Update 404 (3309568 / 4194304 steps)
    (Validation) Returns: 31.62266983025255 +/- 2.3143872271263155
[INFO] Update 405 (3317760 / 4194304 steps)
    (Validation) Returns: 31.220248139676578 +/- 2.303008154331715
[INFO] Update 406 (3325952 / 4194304 steps)
    (Validation) Returns: 30.813264090620162 +/- 2.397351617353187
[INFO] Update 407 (3334144 / 4194304 steps)
    (Validation) Returns: 30.675281326289554 +/- 2.6435403360016245
[INFO] Update 408 (3342336 / 4194304 steps)
    (Validation) Returns: 30.769700027580473 +/- 1.9714068448671223
[INFO] Update 409 (3350528 / 4194304 steps)
    (Validation) Returns: 30.397375071005644 +/- 1.714745041267178
[INFO] Update 410 (3358720 / 4194304 steps)
    (Validation) Returns: 31.207441238624245 +/- 1.6078310836845324
[INFO] Update 411 (3366912 / 4194304 steps)
    (Validation) Returns: 31.06584931571509 +/- 1.7951376834274109
[INFO] Update 412 (3375104 / 4194304 steps)
    (Validation) Returns: 30.304416331883637 +/- 2.4375019571076932
[INFO] Update 413 (3383296 / 4194304 steps)
    (Validation) Returns: 30.59173333433838 +/- 1.8766081611353596
[INFO] Update 414 (3391488 / 4194304 steps)
    (Validation) Returns: 30.145996512623014 +/- 2.425344424344734
[INFO] Update 415 (3399680 / 4194304 steps)
    (Validation) Returns: 30.301639832790862 +/- 1.8841449230881375
[INFO] Update 416 (3407872 / 4194304 steps)
    (Validation) Returns: 30.32743460123107 +/- 2.170713633010168
[INFO] Update 417 (3416064 / 4194304 steps)
    (Validation) Returns: 31.190491855134656 +/- 2.5160060156256185
[INFO] Update 418 (3424256 / 4194304 steps)
    (Validation) Returns: 30.515782734016796 +/- 2.8005119962833667
[INFO] Update 419 (3432448 / 4194304 steps)
    (Validation) Returns: 30.692984165049307 +/- 2.4212349601635137
[INFO] Update 420 (3440640 / 4194304 steps)
    (Validation) Returns: 30.34436022025318 +/- 2.516501521797955
[INFO] Update 421 (3448832 / 4194304 steps)
    (Validation) Returns: 31.238956132705546 +/- 1.6771513777261255
[INFO] Update 422 (3457024 / 4194304 steps)
    (Validation) Returns: 30.845976664982032 +/- 2.79515062444528
[INFO] Update 423 (3465216 / 4194304 steps)
    (Validation) Returns: 30.899797946164984 +/- 1.8584525411230508
[INFO] Update 424 (3473408 / 4194304 steps)
    (Validation) Returns: 30.789078194706963 +/- 2.0654581246804815
[INFO] Update 425 (3481600 / 4194304 steps)
    (Validation) Returns: 30.321825025120848 +/- 2.2753640430305238
[INFO] Update 426 (3489792 / 4194304 steps)
    (Validation) Returns: 31.116408654817178 +/- 1.6887611717021802
[INFO] Update 427 (3497984 / 4194304 steps)
    (Validation) Returns: 30.625116399738125 +/- 2.1981762032179097
[INFO] Update 428 (3506176 / 4194304 steps)
    (Validation) Returns: 30.58150815692983 +/- 2.0433377173713843
[INFO] Update 429 (3514368 / 4194304 steps)
    (Validation) Returns: 30.921741221810056 +/- 1.8918589529020606
[INFO] Update 430 (3522560 / 4194304 steps)
    (Validation) Returns: 30.665956933262027 +/- 2.361049303961402
[INFO] Update 431 (3530752 / 4194304 steps)
    (Validation) Returns: 31.678535270441433 +/- 1.883929925764051
[INFO] Update 432 (3538944 / 4194304 steps)
    (Validation) Returns: 30.92249924318345 +/- 2.6075401576671196
[INFO] Update 433 (3547136 / 4194304 steps)
    (Validation) Returns: 31.05754400559531 +/- 2.317370448150773
[INFO] Update 434 (3555328 / 4194304 steps)
    (Validation) Returns: 31.42707419248844 +/- 2.2245407614460637
[INFO] Update 435 (3563520 / 4194304 steps)
    (Validation) Returns: 30.880905546330165 +/- 2.3984571672209665
[INFO] Update 436 (3571712 / 4194304 steps)
    (Validation) Returns: 30.76727315760594 +/- 2.0250709920322567
[INFO] Update 437 (3579904 / 4194304 steps)
    (Validation) Returns: 31.209582160715104 +/- 1.9736777599235749
[INFO] Update 438 (3588096 / 4194304 steps)
    (Validation) Returns: 30.913320532397016 +/- 2.1251883575230837
[INFO] Update 439 (3596288 / 4194304 steps)
    (Validation) Returns: 30.703475013981063 +/- 2.032611411140817
[INFO] Update 440 (3604480 / 4194304 steps)
    (Validation) Returns: 31.32067422076188 +/- 2.1838157201427277
[INFO] Update 441 (3612672 / 4194304 steps)
    (Validation) Returns: 31.435103293965255 +/- 2.0549209581251566
[INFO] Update 442 (3620864 / 4194304 steps)
    (Validation) Returns: 31.220428251147734 +/- 1.930327055565801
[INFO] Update 443 (3629056 / 4194304 steps)
    (Validation) Returns: 30.817491365909866 +/- 1.927473770839722
[INFO] Update 444 (3637248 / 4194304 steps)
    (Validation) Returns: 30.888520643310517 +/- 2.2678811951577766
[INFO] Update 445 (3645440 / 4194304 steps)
    (Validation) Returns: 31.32347568068451 +/- 2.1603543206439038
[INFO] Update 446 (3653632 / 4194304 steps)
    (Validation) Returns: 30.630031000234414 +/- 2.094293176260145
[INFO] Update 447 (3661824 / 4194304 steps)
    (Validation) Returns: 30.71316375911541 +/- 1.8489572718834677
[INFO] Update 448 (3670016 / 4194304 steps)
    (Validation) Returns: 31.577048081007774 +/- 1.8297137209962826
[INFO] Update 449 (3678208 / 4194304 steps)
    (Validation) Returns: 31.28332274309911 +/- 2.098916957422922
[INFO] Update 450 (3686400 / 4194304 steps)
    (Validation) Returns: 30.77626908426002 +/- 2.63363857418692
[INFO] Update 451 (3694592 / 4194304 steps)
    (Validation) Returns: 31.256323139597686 +/- 2.209810736797909
[INFO] Update 452 (3702784 / 4194304 steps)
    (Validation) Returns: 30.584339012411743 +/- 2.170469586904193
[INFO] Update 453 (3710976 / 4194304 steps)
    (Validation) Returns: 31.139199327392497 +/- 1.992864405301091
[INFO] Update 454 (3719168 / 4194304 steps)
    (Validation) Returns: 30.852806298036988 +/- 2.049524438053049
[INFO] Update 455 (3727360 / 4194304 steps)
    (Validation) Returns: 30.898604188649948 +/- 1.8658847513986507
[INFO] Update 456 (3735552 / 4194304 steps)
    (Validation) Returns: 30.603848303522092 +/- 2.4659509463586793
[INFO] Update 457 (3743744 / 4194304 steps)
    (Validation) Returns: 31.107673799585246 +/- 1.7722542530918068
[INFO] Update 458 (3751936 / 4194304 steps)
    (Validation) Returns: 31.25477932899455 +/- 2.3742917687185723
[INFO] Update 459 (3760128 / 4194304 steps)
    (Validation) Returns: 31.231607073874404 +/- 2.2815617702279725
[INFO] Update 460 (3768320 / 4194304 steps)
    (Validation) Returns: 31.411012491236658 +/- 2.3925432660651547
[INFO] Update 461 (3776512 / 4194304 steps)
    (Validation) Returns: 31.18483758113772 +/- 2.2765911984134117
[INFO] Update 462 (3784704 / 4194304 steps)
    (Validation) Returns: 30.546474744003042 +/- 2.35955759379042
[INFO] Update 463 (3792896 / 4194304 steps)
    (Validation) Returns: 31.072735611701198 +/- 1.9389461027257555
[INFO] Update 464 (3801088 / 4194304 steps)
    (Validation) Returns: 30.947702387091038 +/- 2.2048960897463585
[INFO] Update 465 (3809280 / 4194304 steps)
    (Validation) Returns: 30.67171093888576 +/- 2.435162123396034
[INFO] Update 466 (3817472 / 4194304 steps)
    (Validation) Returns: 31.191099598964676 +/- 1.8355085787094083
[INFO] Update 467 (3825664 / 4194304 steps)
    (Validation) Returns: 30.779505407041917 +/- 3.01074275489742
[INFO] Update 468 (3833856 / 4194304 steps)
    (Validation) Returns: 31.15688721933183 +/- 1.9964131215137078
[INFO] Update 469 (3842048 / 4194304 steps)
    (Validation) Returns: 31.86201562107312 +/- 1.4610211563395383
[INFO] Update 470 (3850240 / 4194304 steps)
    (Validation) Returns: 30.379533719876385 +/- 2.1725262232392546
[INFO] Update 471 (3858432 / 4194304 steps)
    (Validation) Returns: 31.02283348772543 +/- 2.4190748442300505
[INFO] Update 472 (3866624 / 4194304 steps)
    (Validation) Returns: 31.61392672592127 +/- 2.718606479608042
[INFO] Update 473 (3874816 / 4194304 steps)
    (Validation) Returns: 30.98733363555933 +/- 1.8514666748262487
[INFO] Update 474 (3883008 / 4194304 steps)
    (Validation) Returns: 31.45844149413248 +/- 2.4006197226238366
[INFO] Update 475 (3891200 / 4194304 steps)
    (Validation) Returns: 30.96600461837688 +/- 1.9771683984948334
[INFO] Update 476 (3899392 / 4194304 steps)
    (Validation) Returns: 31.52870083772458 +/- 2.1825711718635152
[INFO] Update 477 (3907584 / 4194304 steps)
    (Validation) Returns: 31.17809584786396 +/- 2.4322621895161047
[INFO] Update 478 (3915776 / 4194304 steps)
    (Validation) Returns: 30.79083112110434 +/- 2.083675404982813
[INFO] Update 479 (3923968 / 4194304 steps)
    (Validation) Returns: 30.839710675364888 +/- 2.1179888144045353
[INFO] Update 480 (3932160 / 4194304 steps)
    (Validation) Returns: 31.20347296889445 +/- 1.9539670197213912
[INFO] Update 481 (3940352 / 4194304 steps)
    (Validation) Returns: 31.104627593119243 +/- 1.8471550309161267
[INFO] Update 482 (3948544 / 4194304 steps)
    (Validation) Returns: 30.954101043826267 +/- 2.2467738204320185
[INFO] Update 483 (3956736 / 4194304 steps)
    (Validation) Returns: 30.874018183733305 +/- 1.843683953883284
[INFO] Update 484 (3964928 / 4194304 steps)
    (Validation) Returns: 31.473609006940542 +/- 1.7341590786548906
[INFO] Update 485 (3973120 / 4194304 steps)
    (Validation) Returns: 31.257412407928683 +/- 1.8273117549761206
[INFO] Update 486 (3981312 / 4194304 steps)
    (Validation) Returns: 30.439780169695588 +/- 1.7698944131160854
[INFO] Update 487 (3989504 / 4194304 steps)
    (Validation) Returns: 31.25507348179723 +/- 1.5622599515409994
[INFO] Update 488 (3997696 / 4194304 steps)
    (Validation) Returns: 31.218494238380448 +/- 2.3035342133300114
[INFO] Update 489 (4005888 / 4194304 steps)
    (Validation) Returns: 30.66223406516928 +/- 1.768428847056034
[INFO] Update 490 (4014080 / 4194304 steps)
    (Validation) Returns: 30.868250582825215 +/- 2.0081473413198383
[INFO] Update 491 (4022272 / 4194304 steps)
    (Validation) Returns: 31.512271202304568 +/- 1.9138424307647992
[INFO] Update 492 (4030464 / 4194304 steps)
    (Validation) Returns: 31.353960671821255 +/- 2.110810022514481
[INFO] Update 493 (4038656 / 4194304 steps)
    (Validation) Returns: 31.455132971569526 +/- 2.2172173997040736
[INFO] Update 494 (4046848 / 4194304 steps)
    (Validation) Returns: 31.381454183183518 +/- 1.9992486796174251
[INFO] Update 495 (4055040 / 4194304 steps)
    (Validation) Returns: 31.014456990689848 +/- 2.3919547525560634
[INFO] Update 496 (4063232 / 4194304 steps)
    (Validation) Returns: 31.39526420227953 +/- 1.6703332580283736
[INFO] Update 497 (4071424 / 4194304 steps)
    (Validation) Returns: 30.818875419571327 +/- 2.011359519431024
[INFO] Update 498 (4079616 / 4194304 steps)
    (Validation) Returns: 31.07554942102172 +/- 2.050966251495114
[INFO] Update 499 (4087808 / 4194304 steps)
    (Validation) Returns: 30.740704057844994 +/- 2.0554550910135547
[INFO] Update 500 (4096000 / 4194304 steps)
    (Validation) Returns: 31.325338108967276 +/- 2.0580566124138078
[INFO] Update 501 (4104192 / 4194304 steps)
    (Validation) Returns: 31.346475385494877 +/- 2.0082437804576685
[INFO] Update 502 (4112384 / 4194304 steps)
    (Validation) Returns: 31.38333281498393 +/- 2.1827421887036125
[INFO] Update 503 (4120576 / 4194304 steps)
    (Validation) Returns: 30.871026553747036 +/- 1.7863873375505017
[INFO] Update 504 (4128768 / 4194304 steps)
    (Validation) Returns: 31.275910014029773 +/- 2.3147764859120983
[INFO] Update 505 (4136960 / 4194304 steps)
    (Validation) Returns: 31.168427800393204 +/- 1.7585051170745625
[INFO] Update 506 (4145152 / 4194304 steps)
    (Validation) Returns: 31.337992647853593 +/- 2.053450031468565
[INFO] Update 507 (4153344 / 4194304 steps)
    (Validation) Returns: 31.7332359382449 +/- 2.0973414468968055
[INFO] Update 508 (4161536 / 4194304 steps)
    (Validation) Returns: 31.05640420702514 +/- 2.2410057945929593
[INFO] Update 509 (4169728 / 4194304 steps)
    (Validation) Returns: 30.779561632138392 +/- 1.9398899097186786
[INFO] Update 510 (4177920 / 4194304 steps)
    (Validation) Returns: 31.233327948451176 +/- 2.2821917791338895
[INFO] Update 511 (4186112 / 4194304 steps)
    (Validation) Returns: 31.34378918129637 +/- 2.296763171613103
[INFO] Training finished (4194304 steps)
[INFO] Model saved at ppo/models/reward-prediction-finetune/reward-prediction-finetune-Sprites-v1-4194304steps.pt
