[INFO] Learning Configuration:
            Policy
                - Policy type:      reward-prediction-finetune
                - Policy network:   MLPActorCritic(
  (actor): Sequential(
    (0): Linear(in_features=64, out_features=32, bias=True)
    (1): ReLU()
    (2): Linear(in_features=32, out_features=2, bias=True)
    (3): Tanh()
  )
  (critic): Sequential(
    (0): Linear(in_features=64, out_features=32, bias=True)
    (1): ReLU()
    (2): Linear(in_features=32, out_features=1, bias=True)
  )
  (encoder): ImageEncoder(
    (convs): Sequential(
      (0): Conv2d(3, 4, kernel_size=(3, 3), stride=(2, 2), padding=(1, 1))
      (1): ReLU()
      (2): Conv2d(4, 8, kernel_size=(3, 3), stride=(2, 2), padding=(1, 1))
      (3): ReLU()
      (4): Conv2d(8, 16, kernel_size=(3, 3), stride=(2, 2), padding=(1, 1))
      (5): ReLU()
      (6): Conv2d(16, 32, kernel_size=(3, 3), stride=(2, 2), padding=(1, 1))
      (7): ReLU()
      (8): Conv2d(32, 64, kernel_size=(3, 3), stride=(2, 2), padding=(1, 1))
      (9): ReLU()
      (10): Conv2d(64, 128, kernel_size=(3, 3), stride=(2, 2), padding=(1, 1))
    )
    (projection): Linear(in_features=128, out_features=64, bias=True)
  )
)
            Environment
                - Env name:         Sprites-v0
                - Num envs:         4
                - Spec:             EnvSpec(id='Sprites-v0', entry_point='sprites_env.envs.sprites:SpritesEnv', reward_threshold=None, nondeterministic=False, max_episode_steps=None, order_enforce=True, disable_env_checker=False, kwargs={'n_distractors': 0, 'num_envs': 4, 'vectorization_mode': 'sync'}, namespace=None, name='Sprites', version=0, additional_wrappers=(), vector_entry_point=None)
            Rollout
                - Rollout Steps:    2048
            Training
                - Total timesteps:  4194304
                - N epochs:         10
                - Batch size:       64
                - gamma (discount): 0.99
                - GAE lambda:       0.95
                - clip range:       0.2
                - Normalize adv:    True
                - Entropy coef:     0.01
                - Value coef:       0.5
                - Optimizer:        Adam
                - Learning rate:    0.0003
            Device
                - Device:           cuda
            Verbosity
                - Verbose level:    1
                - Log interval:     10
                - Tensorboard log:  ppo/TB_PPO
        
[INFO] Update 0 (0 / 4194304 steps)
    (Validation) Returns: 25.99009955365732 +/- 3.2646813677142226
[INFO] Update 1 (8192 / 4194304 steps)
    (Validation) Returns: 26.22934686954097 +/- 3.136155042922018
[INFO] Update 2 (16384 / 4194304 steps)
    (Validation) Returns: 26.707781325746986 +/- 3.615457419436062
[INFO] Update 3 (24576 / 4194304 steps)
    (Validation) Returns: 27.009511534964304 +/- 3.4950843916705696
[INFO] Update 4 (32768 / 4194304 steps)
    (Validation) Returns: 27.598946929773795 +/- 3.3243395227716537
[INFO] Update 5 (40960 / 4194304 steps)
    (Validation) Returns: 26.49994085092606 +/- 2.6933020701913035
[INFO] Update 6 (49152 / 4194304 steps)
    (Validation) Returns: 28.37691002331111 +/- 3.1912348741715806
[INFO] Update 7 (57344 / 4194304 steps)
    (Validation) Returns: 26.731781600806443 +/- 3.526985507748979
[INFO] Update 8 (65536 / 4194304 steps)
    (Validation) Returns: 26.800325107815844 +/- 3.9406141198979783
[INFO] Update 9 (73728 / 4194304 steps)
    (Validation) Returns: 27.407047087375314 +/- 3.309486590814983
[INFO] Update 10 (81920 / 4194304 steps)
    (Validation) Returns: 27.253666034258003 +/- 3.031830271352008
[INFO] Update 11 (90112 / 4194304 steps)
    (Validation) Returns: 27.348271323457414 +/- 3.1154797042695748
[INFO] Update 12 (98304 / 4194304 steps)
    (Validation) Returns: 27.732286063111797 +/- 3.384464611693638
[INFO] Update 13 (106496 / 4194304 steps)
    (Validation) Returns: 27.871421959690487 +/- 3.061430066961182
[INFO] Update 14 (114688 / 4194304 steps)
    (Validation) Returns: 28.262812403231344 +/- 3.120543429891395
[INFO] Update 15 (122880 / 4194304 steps)
    (Validation) Returns: 27.410463375967794 +/- 3.0212793298357883
[INFO] Update 16 (131072 / 4194304 steps)
    (Validation) Returns: 27.20582668029366 +/- 3.716490794943198
[INFO] Update 17 (139264 / 4194304 steps)
    (Validation) Returns: 27.876585656774797 +/- 3.1045122438643147
[INFO] Update 18 (147456 / 4194304 steps)
    (Validation) Returns: 27.61133627533808 +/- 3.1437711893536266
[INFO] Update 19 (155648 / 4194304 steps)
    (Validation) Returns: 27.695419287910852 +/- 3.7991802717928533
[INFO] Update 20 (163840 / 4194304 steps)
    (Validation) Returns: 28.9063238258242 +/- 3.2584386864730743
[INFO] Update 21 (172032 / 4194304 steps)
    (Validation) Returns: 28.709685865704966 +/- 2.799797531351965
[INFO] Update 22 (180224 / 4194304 steps)
    (Validation) Returns: 28.040948617096298 +/- 2.5402775563600692
[INFO] Update 23 (188416 / 4194304 steps)
    (Validation) Returns: 28.43237928706996 +/- 3.4328783804066183
[INFO] Update 24 (196608 / 4194304 steps)
    (Validation) Returns: 28.182000781719694 +/- 3.5753855412890925
[INFO] Update 25 (204800 / 4194304 steps)
    (Validation) Returns: 27.88034577276988 +/- 3.449280723893635
[INFO] Update 26 (212992 / 4194304 steps)
    (Validation) Returns: 28.930003193402978 +/- 3.0777584264141025
[INFO] Update 27 (221184 / 4194304 steps)
    (Validation) Returns: 28.335551395671594 +/- 3.0458581305651053
[INFO] Update 28 (229376 / 4194304 steps)
    (Validation) Returns: 28.734321486421685 +/- 2.5736526561569324
[INFO] Update 29 (237568 / 4194304 steps)
    (Validation) Returns: 28.785416126554843 +/- 2.355783663945157
[INFO] Update 30 (245760 / 4194304 steps)
    (Validation) Returns: 28.13210611133785 +/- 2.340236890913854
[INFO] Update 31 (253952 / 4194304 steps)
    (Validation) Returns: 27.921699549281136 +/- 2.9880649762940745
[INFO] Update 32 (262144 / 4194304 steps)
    (Validation) Returns: 28.202259486474475 +/- 3.3750346069043693
[INFO] Update 33 (270336 / 4194304 steps)
    (Validation) Returns: 28.102804945931474 +/- 3.268321666353108
[INFO] Update 34 (278528 / 4194304 steps)
    (Validation) Returns: 28.887119729685253 +/- 3.4052754519906525
[INFO] Update 35 (286720 / 4194304 steps)
    (Validation) Returns: 28.83214662556723 +/- 2.8915182769582746
[INFO] Update 36 (294912 / 4194304 steps)
    (Validation) Returns: 29.32682306414216 +/- 2.6760573436757924
[INFO] Update 37 (303104 / 4194304 steps)
    (Validation) Returns: 28.161117849420226 +/- 2.552219206003436
[INFO] Update 38 (311296 / 4194304 steps)
    (Validation) Returns: 29.26367429867592 +/- 2.6842288939260213
[INFO] Update 39 (319488 / 4194304 steps)
    (Validation) Returns: 29.288059327772565 +/- 2.77024050350646
[INFO] Update 40 (327680 / 4194304 steps)
    (Validation) Returns: 28.95103766480126 +/- 2.3859346794318834
[INFO] Update 41 (335872 / 4194304 steps)
    (Validation) Returns: 29.12108289863021 +/- 3.3755481929956934
[INFO] Update 42 (344064 / 4194304 steps)
    (Validation) Returns: 29.864256308035976 +/- 2.7349988398428184
[INFO] Update 43 (352256 / 4194304 steps)
    (Validation) Returns: 28.882083897731395 +/- 2.6570765867658745
[INFO] Update 44 (360448 / 4194304 steps)
    (Validation) Returns: 29.329892935886665 +/- 2.659658718776183
[INFO] Update 45 (368640 / 4194304 steps)
    (Validation) Returns: 29.740391322146515 +/- 2.4027773407529627
[INFO] Update 46 (376832 / 4194304 steps)
    (Validation) Returns: 29.880997562985385 +/- 2.8501226837429687
[INFO] Update 47 (385024 / 4194304 steps)
    (Validation) Returns: 29.1207881318981 +/- 2.758095846595671
[INFO] Update 48 (393216 / 4194304 steps)
    (Validation) Returns: 29.78118106903957 +/- 2.526526570927745
[INFO] Update 49 (401408 / 4194304 steps)
    (Validation) Returns: 29.114837480107703 +/- 3.139420689128437
[INFO] Update 50 (409600 / 4194304 steps)
    (Validation) Returns: 30.179937051683112 +/- 2.851627986442012
[INFO] Update 51 (417792 / 4194304 steps)
    (Validation) Returns: 29.550055784591905 +/- 2.9801063266692505
[INFO] Update 52 (425984 / 4194304 steps)
    (Validation) Returns: 29.615661360702653 +/- 2.7456065966957537
[INFO] Update 53 (434176 / 4194304 steps)
    (Validation) Returns: 30.032718705349815 +/- 2.1856113947375557
[INFO] Update 54 (442368 / 4194304 steps)
    (Validation) Returns: 29.170718623921307 +/- 2.9858978018293225
[INFO] Update 55 (450560 / 4194304 steps)
    (Validation) Returns: 30.517113822759022 +/- 2.374916155790815
[INFO] Update 56 (458752 / 4194304 steps)
    (Validation) Returns: 29.761357010779353 +/- 2.199963456233272
[INFO] Update 57 (466944 / 4194304 steps)
    (Validation) Returns: 30.444107536625104 +/- 2.430483893392775
[INFO] Update 58 (475136 / 4194304 steps)
    (Validation) Returns: 29.244441916009247 +/- 2.4258587683508614
[INFO] Update 59 (483328 / 4194304 steps)
    (Validation) Returns: 29.44978762081835 +/- 1.9969522038098013
[INFO] Update 60 (491520 / 4194304 steps)
    (Validation) Returns: 30.10737196299891 +/- 2.5792530824928175
[INFO] Update 61 (499712 / 4194304 steps)
    (Validation) Returns: 30.107300691807847 +/- 2.0699490750585783
[INFO] Update 62 (507904 / 4194304 steps)
    (Validation) Returns: 30.182109952934418 +/- 2.6865307129193954
[INFO] Update 63 (516096 / 4194304 steps)
    (Validation) Returns: 29.35246418004123 +/- 2.974668073776255
[INFO] Update 64 (524288 / 4194304 steps)
    (Validation) Returns: 29.66712316097612 +/- 2.4517779721416155
[INFO] Update 65 (532480 / 4194304 steps)
    (Validation) Returns: 30.18153013888216 +/- 2.1379099048325103
[INFO] Update 66 (540672 / 4194304 steps)
    (Validation) Returns: 30.453182398167417 +/- 2.747274327238955
[INFO] Update 67 (548864 / 4194304 steps)
    (Validation) Returns: 29.996674138372452 +/- 2.0585930269651787
[INFO] Update 68 (557056 / 4194304 steps)
    (Validation) Returns: 30.10166039154791 +/- 2.839546091007152
[INFO] Update 69 (565248 / 4194304 steps)
    (Validation) Returns: 29.711620498200865 +/- 2.65974059677189
[INFO] Update 70 (573440 / 4194304 steps)
    (Validation) Returns: 29.606477503882843 +/- 2.241365709414788
[INFO] Update 71 (581632 / 4194304 steps)
    (Validation) Returns: 29.823584020731335 +/- 2.6465846699769506
[INFO] Update 72 (589824 / 4194304 steps)
    (Validation) Returns: 30.04053709502991 +/- 2.349362288589804
[INFO] Update 73 (598016 / 4194304 steps)
    (Validation) Returns: 30.022040429888232 +/- 2.2422168922703913
[INFO] Update 74 (606208 / 4194304 steps)
    (Validation) Returns: 29.29121824116359 +/- 2.9046801531775137
[INFO] Update 75 (614400 / 4194304 steps)
    (Validation) Returns: 30.241509395722098 +/- 2.4785597455226562
[INFO] Update 76 (622592 / 4194304 steps)
    (Validation) Returns: 30.23106070575509 +/- 2.731819832958982
[INFO] Update 77 (630784 / 4194304 steps)
    (Validation) Returns: 29.725711745164027 +/- 2.1175874939954684
[INFO] Update 78 (638976 / 4194304 steps)
    (Validation) Returns: 31.102358388851037 +/- 2.3142677108835636
[INFO] Update 79 (647168 / 4194304 steps)
    (Validation) Returns: 30.953882423668585 +/- 2.2031144703583854
[INFO] Update 80 (655360 / 4194304 steps)
    (Validation) Returns: 30.354419538712875 +/- 2.0744692080621494
[INFO] Update 81 (663552 / 4194304 steps)
    (Validation) Returns: 30.215393956189466 +/- 2.96765796496265
[INFO] Update 82 (671744 / 4194304 steps)
    (Validation) Returns: 30.367636018873053 +/- 2.2071232072187756
[INFO] Update 83 (679936 / 4194304 steps)
    (Validation) Returns: 29.93739795287585 +/- 2.1099307422729976
[INFO] Update 84 (688128 / 4194304 steps)
    (Validation) Returns: 30.184478238961265 +/- 1.8847760593819591
[INFO] Update 85 (696320 / 4194304 steps)
    (Validation) Returns: 30.306152246775014 +/- 2.233066785918044
[INFO] Update 86 (704512 / 4194304 steps)
    (Validation) Returns: 30.188896360930045 +/- 1.673796799943203
[INFO] Update 87 (712704 / 4194304 steps)
    (Validation) Returns: 31.1326474417253 +/- 2.061938374621165
[INFO] Update 88 (720896 / 4194304 steps)
    (Validation) Returns: 29.89500465891947 +/- 2.0823960660206566
[INFO] Update 89 (729088 / 4194304 steps)
    (Validation) Returns: 30.440947655272378 +/- 2.176713096199062
[INFO] Update 90 (737280 / 4194304 steps)
    (Validation) Returns: 29.947404159726126 +/- 2.2709084986651478
[INFO] Update 91 (745472 / 4194304 steps)
    (Validation) Returns: 30.753975861469222 +/- 2.2635366505453574
[INFO] Update 92 (753664 / 4194304 steps)
    (Validation) Returns: 30.71325517202481 +/- 2.1173660563237826
[INFO] Update 93 (761856 / 4194304 steps)
    (Validation) Returns: 30.759514896298946 +/- 2.4197280552434055
[INFO] Update 94 (770048 / 4194304 steps)
    (Validation) Returns: 30.610535696098783 +/- 2.256909032291198
[INFO] Update 95 (778240 / 4194304 steps)
    (Validation) Returns: 29.870174966256553 +/- 2.0738398420028483
[INFO] Update 96 (786432 / 4194304 steps)
    (Validation) Returns: 31.000784576186067 +/- 1.738497412440389
[INFO] Update 97 (794624 / 4194304 steps)
    (Validation) Returns: 30.15055318593719 +/- 2.0093687576401074
[INFO] Update 98 (802816 / 4194304 steps)
    (Validation) Returns: 30.84000074965756 +/- 2.472464685309356
[INFO] Update 99 (811008 / 4194304 steps)
    (Validation) Returns: 30.74164739534252 +/- 2.2386532302990747
[INFO] Update 100 (819200 / 4194304 steps)
    (Validation) Returns: 30.496850808364012 +/- 2.114906738078032
[INFO] Update 101 (827392 / 4194304 steps)
    (Validation) Returns: 30.744365938298653 +/- 1.9566764882444572
[INFO] Update 102 (835584 / 4194304 steps)
    (Validation) Returns: 31.34483087684098 +/- 2.164252694062476
[INFO] Update 103 (843776 / 4194304 steps)
    (Validation) Returns: 30.33707653132591 +/- 2.049941781917962
[INFO] Update 104 (851968 / 4194304 steps)
    (Validation) Returns: 30.264964231835016 +/- 2.015487347025118
[INFO] Update 105 (860160 / 4194304 steps)
    (Validation) Returns: 30.592853069968406 +/- 2.4903626498737466
[INFO] Update 106 (868352 / 4194304 steps)
    (Validation) Returns: 30.957336405320127 +/- 1.9556017496629308
[INFO] Update 107 (876544 / 4194304 steps)
    (Validation) Returns: 29.936512967708115 +/- 1.7570273174252309
[INFO] Update 108 (884736 / 4194304 steps)
    (Validation) Returns: 30.530373688454905 +/- 2.18117341798274
[INFO] Update 109 (892928 / 4194304 steps)
    (Validation) Returns: 30.28857541177498 +/- 2.0500687112228304
[INFO] Update 110 (901120 / 4194304 steps)
    (Validation) Returns: 30.673811177832544 +/- 2.4046973905677995
[INFO] Update 111 (909312 / 4194304 steps)
    (Validation) Returns: 31.215407248029482 +/- 2.4734027135150747
[INFO] Update 112 (917504 / 4194304 steps)
    (Validation) Returns: 31.481259879988055 +/- 2.206106725201898
[INFO] Update 113 (925696 / 4194304 steps)
    (Validation) Returns: 30.662754095539004 +/- 2.1948982678691156
[INFO] Update 114 (933888 / 4194304 steps)
    (Validation) Returns: 30.875034163988254 +/- 1.969060405828884
[INFO] Update 115 (942080 / 4194304 steps)
    (Validation) Returns: 30.907548006164575 +/- 2.2645875272988474
[INFO] Update 116 (950272 / 4194304 steps)
    (Validation) Returns: 30.052927907571256 +/- 2.262698344714344
[INFO] Update 117 (958464 / 4194304 steps)
    (Validation) Returns: 31.714997811891322 +/- 2.0378134159964816
[INFO] Update 118 (966656 / 4194304 steps)
    (Validation) Returns: 30.890077783100416 +/- 2.262567845517183
[INFO] Update 119 (974848 / 4194304 steps)
    (Validation) Returns: 30.532688323425283 +/- 1.8290746447507642
[INFO] Update 120 (983040 / 4194304 steps)
    (Validation) Returns: 30.74851576881806 +/- 2.017451699145644
[INFO] Update 121 (991232 / 4194304 steps)
    (Validation) Returns: 30.96048753737019 +/- 1.94128815301828
[INFO] Update 122 (999424 / 4194304 steps)
    (Validation) Returns: 30.651553129938407 +/- 2.0148736364649227
[INFO] Update 123 (1007616 / 4194304 steps)
    (Validation) Returns: 31.232785322819495 +/- 2.3657565270668597
[INFO] Update 124 (1015808 / 4194304 steps)
    (Validation) Returns: 31.19765616987913 +/- 2.5705791789545684
[INFO] Update 125 (1024000 / 4194304 steps)
    (Validation) Returns: 30.755953679733114 +/- 2.1274794784549713
[INFO] Update 126 (1032192 / 4194304 steps)
    (Validation) Returns: 30.73830300621615 +/- 1.9496840919924068
[INFO] Update 127 (1040384 / 4194304 steps)
    (Validation) Returns: 30.766817725762802 +/- 1.9895286670966492
[INFO] Update 128 (1048576 / 4194304 steps)
    (Validation) Returns: 30.783475007230315 +/- 2.0417518033452597
[INFO] Update 129 (1056768 / 4194304 steps)
    (Validation) Returns: 30.479701609893823 +/- 1.9964555152247014
[INFO] Update 130 (1064960 / 4194304 steps)
    (Validation) Returns: 30.889779064560123 +/- 2.3462435497249863
[INFO] Update 131 (1073152 / 4194304 steps)
    (Validation) Returns: 30.999614967583973 +/- 1.6224956431069242
[INFO] Update 132 (1081344 / 4194304 steps)
    (Validation) Returns: 30.50700798297881 +/- 1.863167460201851
[INFO] Update 133 (1089536 / 4194304 steps)
    (Validation) Returns: 30.530244001554685 +/- 2.2257570534343043
[INFO] Update 134 (1097728 / 4194304 steps)
    (Validation) Returns: 30.625848246125905 +/- 2.691979848430071
[INFO] Update 135 (1105920 / 4194304 steps)
    (Validation) Returns: 30.434024615385294 +/- 3.092086807709383
[INFO] Update 136 (1114112 / 4194304 steps)
    (Validation) Returns: 30.60108039068865 +/- 2.018911521600692
[INFO] Update 137 (1122304 / 4194304 steps)
    (Validation) Returns: 31.77934564447984 +/- 1.6309947881405327
[INFO] Update 138 (1130496 / 4194304 steps)
    (Validation) Returns: 31.32526756877632 +/- 2.2728487707329763
[INFO] Update 139 (1138688 / 4194304 steps)
    (Validation) Returns: 30.94953472222924 +/- 1.8617246973941441
[INFO] Update 140 (1146880 / 4194304 steps)
    (Validation) Returns: 30.195710617428688 +/- 1.9303960687353636
[INFO] Update 141 (1155072 / 4194304 steps)
    (Validation) Returns: 30.925460556601433 +/- 1.8284284961085269
[INFO] Update 142 (1163264 / 4194304 steps)
    (Validation) Returns: 31.693623962874586 +/- 1.6282889505552494
[INFO] Update 143 (1171456 / 4194304 steps)
    (Validation) Returns: 31.68809111049095 +/- 2.19232247509293
[INFO] Update 144 (1179648 / 4194304 steps)
    (Validation) Returns: 31.187918198946978 +/- 2.1441493692627716
[INFO] Update 145 (1187840 / 4194304 steps)
    (Validation) Returns: 30.737211492439815 +/- 2.0916626764862265
[INFO] Update 146 (1196032 / 4194304 steps)
    (Validation) Returns: 31.35194271530812 +/- 1.825133303331964
[INFO] Update 147 (1204224 / 4194304 steps)
    (Validation) Returns: 30.804154007820664 +/- 1.519311198994829
[INFO] Update 148 (1212416 / 4194304 steps)
    (Validation) Returns: 30.967409626340963 +/- 2.367808848981909
[INFO] Update 149 (1220608 / 4194304 steps)
    (Validation) Returns: 30.665936477542594 +/- 2.0509445553165984
[INFO] Update 150 (1228800 / 4194304 steps)
    (Validation) Returns: 30.84130320781893 +/- 2.869913227025698
[INFO] Update 151 (1236992 / 4194304 steps)
    (Validation) Returns: 30.847713180787544 +/- 2.4324492169784353
[INFO] Update 152 (1245184 / 4194304 steps)
    (Validation) Returns: 31.246231424069958 +/- 2.2612717062752807
[INFO] Update 153 (1253376 / 4194304 steps)
    (Validation) Returns: 31.00598911653683 +/- 1.9420455382159385
[INFO] Update 154 (1261568 / 4194304 steps)
    (Validation) Returns: 31.157539678163186 +/- 2.112664043939761
[INFO] Update 155 (1269760 / 4194304 steps)
    (Validation) Returns: 30.576713376284793 +/- 2.302618061947751
[INFO] Update 156 (1277952 / 4194304 steps)
    (Validation) Returns: 30.835942175443826 +/- 1.5944699851904727
[INFO] Update 157 (1286144 / 4194304 steps)
    (Validation) Returns: 31.165607551854407 +/- 2.2733525404678274
[INFO] Update 158 (1294336 / 4194304 steps)
    (Validation) Returns: 31.085687302112166 +/- 2.51724362743925
[INFO] Update 159 (1302528 / 4194304 steps)
    (Validation) Returns: 31.55033702942338 +/- 1.5900946211780476
[INFO] Update 160 (1310720 / 4194304 steps)
    (Validation) Returns: 30.92589746811858 +/- 1.7876465093006488
[INFO] Update 161 (1318912 / 4194304 steps)
    (Validation) Returns: 31.351490901566887 +/- 1.989248028789384
[INFO] Update 162 (1327104 / 4194304 steps)
    (Validation) Returns: 31.16996825754709 +/- 1.7908463872741645
[INFO] Update 163 (1335296 / 4194304 steps)
    (Validation) Returns: 31.625734021175997 +/- 1.7809440718328733
[INFO] Update 164 (1343488 / 4194304 steps)
    (Validation) Returns: 31.362261306200743 +/- 2.2191965012141606
[INFO] Update 165 (1351680 / 4194304 steps)
    (Validation) Returns: 31.191236165311444 +/- 1.9413627523214338
[INFO] Update 166 (1359872 / 4194304 steps)
    (Validation) Returns: 31.439479779207158 +/- 2.248101716714881
[INFO] Update 167 (1368064 / 4194304 steps)
    (Validation) Returns: 31.27211191584822 +/- 2.1053895277120924
[INFO] Update 168 (1376256 / 4194304 steps)
    (Validation) Returns: 31.197193368319148 +/- 2.045184669880545
[INFO] Update 169 (1384448 / 4194304 steps)
    (Validation) Returns: 31.26670413132386 +/- 2.231296377160653
[INFO] Update 170 (1392640 / 4194304 steps)
    (Validation) Returns: 31.31574050624796 +/- 2.0692924919280693
[INFO] Update 171 (1400832 / 4194304 steps)
    (Validation) Returns: 31.445803595415157 +/- 2.3399475942621595
[INFO] Update 172 (1409024 / 4194304 steps)
    (Validation) Returns: 31.50240169515636 +/- 1.9902452627676999
[INFO] Update 173 (1417216 / 4194304 steps)
    (Validation) Returns: 31.37576929408153 +/- 1.902537235925464
[INFO] Update 174 (1425408 / 4194304 steps)
    (Validation) Returns: 31.678102281427023 +/- 2.123482921717443
[INFO] Update 175 (1433600 / 4194304 steps)
    (Validation) Returns: 31.79412158601449 +/- 1.9854301811388055
[INFO] Update 176 (1441792 / 4194304 steps)
    (Validation) Returns: 31.472122293298476 +/- 2.3408968408862973
[INFO] Update 177 (1449984 / 4194304 steps)
    (Validation) Returns: 31.67749936901371 +/- 1.778801039835439
[INFO] Update 178 (1458176 / 4194304 steps)
    (Validation) Returns: 31.25867733407991 +/- 2.034637270547042
[INFO] Update 179 (1466368 / 4194304 steps)
    (Validation) Returns: 30.948434208673508 +/- 2.342992773253747
[INFO] Update 180 (1474560 / 4194304 steps)
    (Validation) Returns: 31.534234977763703 +/- 1.9430153761622246
[INFO] Update 181 (1482752 / 4194304 steps)
    (Validation) Returns: 31.004600513995722 +/- 2.1740957805317227
[INFO] Update 182 (1490944 / 4194304 steps)
    (Validation) Returns: 30.84235776158109 +/- 2.009087560405141
[INFO] Update 183 (1499136 / 4194304 steps)
    (Validation) Returns: 31.39527868123087 +/- 2.2872171239424977
[INFO] Update 184 (1507328 / 4194304 steps)
    (Validation) Returns: 31.70673624436041 +/- 2.348640532767082
[INFO] Update 185 (1515520 / 4194304 steps)
    (Validation) Returns: 31.76486602094344 +/- 2.176373828377564
[INFO] Update 186 (1523712 / 4194304 steps)
    (Validation) Returns: 31.723615678175612 +/- 1.75227296486802
[INFO] Update 187 (1531904 / 4194304 steps)
    (Validation) Returns: 31.776897310597086 +/- 2.2222963049131064
[INFO] Update 188 (1540096 / 4194304 steps)
    (Validation) Returns: 31.08657037713873 +/- 2.3907884571586098
[INFO] Update 189 (1548288 / 4194304 steps)
    (Validation) Returns: 31.93375554243596 +/- 2.0909550862790303
[INFO] Update 190 (1556480 / 4194304 steps)
    (Validation) Returns: 31.696494747298328 +/- 1.8815700753460505
[INFO] Update 191 (1564672 / 4194304 steps)
    (Validation) Returns: 30.660780334662974 +/- 2.119421319534477
[INFO] Update 192 (1572864 / 4194304 steps)
    (Validation) Returns: 31.840777159697 +/- 2.041036205318769
[INFO] Update 193 (1581056 / 4194304 steps)
    (Validation) Returns: 31.960622987844754 +/- 1.8865642877551967
[INFO] Update 194 (1589248 / 4194304 steps)
    (Validation) Returns: 31.712486258318847 +/- 1.881173633699096
[INFO] Update 195 (1597440 / 4194304 steps)
    (Validation) Returns: 32.20751192329864 +/- 1.7781713681664788
[INFO] Update 196 (1605632 / 4194304 steps)
    (Validation) Returns: 31.338688794804597 +/- 1.9763851199560543
[INFO] Update 197 (1613824 / 4194304 steps)
    (Validation) Returns: 31.933520562561057 +/- 2.558237528011128
[INFO] Update 198 (1622016 / 4194304 steps)
    (Validation) Returns: 31.709938488677842 +/- 2.164967529553868
[INFO] Update 199 (1630208 / 4194304 steps)
    (Validation) Returns: 31.462950966314803 +/- 2.014326665659131
[INFO] Update 200 (1638400 / 4194304 steps)
    (Validation) Returns: 31.47577074695074 +/- 1.9229132922764753
[INFO] Update 201 (1646592 / 4194304 steps)
    (Validation) Returns: 31.456535005732746 +/- 1.9447461037911464
[INFO] Update 202 (1654784 / 4194304 steps)
    (Validation) Returns: 31.153377125209488 +/- 2.103843731369013
[INFO] Update 203 (1662976 / 4194304 steps)
    (Validation) Returns: 31.57826600079273 +/- 2.1299462599340133
[INFO] Update 204 (1671168 / 4194304 steps)
    (Validation) Returns: 31.418572823167853 +/- 1.8187507703943715
[INFO] Update 205 (1679360 / 4194304 steps)
    (Validation) Returns: 31.407430688525825 +/- 2.0289323328434175
[INFO] Update 206 (1687552 / 4194304 steps)
    (Validation) Returns: 31.231727439639087 +/- 2.0780301856499017
[INFO] Update 207 (1695744 / 4194304 steps)
    (Validation) Returns: 31.65582350327595 +/- 2.02262918507149
[INFO] Update 208 (1703936 / 4194304 steps)
    (Validation) Returns: 30.952790127414232 +/- 2.067239774976064
[INFO] Update 209 (1712128 / 4194304 steps)
    (Validation) Returns: 31.702378858364238 +/- 2.1202231857913225
[INFO] Update 210 (1720320 / 4194304 steps)
    (Validation) Returns: 31.760231708104055 +/- 2.15022702517842
[INFO] Update 211 (1728512 / 4194304 steps)
    (Validation) Returns: 31.503636740939697 +/- 1.9614250003750036
[INFO] Update 212 (1736704 / 4194304 steps)
    (Validation) Returns: 31.18290205458684 +/- 2.1475844953881817
[INFO] Update 213 (1744896 / 4194304 steps)
    (Validation) Returns: 31.12223077775613 +/- 2.1791745201949855
[INFO] Update 214 (1753088 / 4194304 steps)
    (Validation) Returns: 31.215743669491143 +/- 2.9881242365548912
[INFO] Update 215 (1761280 / 4194304 steps)
    (Validation) Returns: 31.41157952445762 +/- 1.7980523786837255
[INFO] Update 216 (1769472 / 4194304 steps)
    (Validation) Returns: 31.37573445677186 +/- 1.9522630892014161
[INFO] Update 217 (1777664 / 4194304 steps)
    (Validation) Returns: 30.58791952980921 +/- 1.998493382170437
[INFO] Update 218 (1785856 / 4194304 steps)
    (Validation) Returns: 31.878613030990596 +/- 2.057719094659419
[INFO] Update 219 (1794048 / 4194304 steps)
    (Validation) Returns: 31.86212106937657 +/- 1.4465325355791214
[INFO] Update 220 (1802240 / 4194304 steps)
    (Validation) Returns: 32.117415759266976 +/- 1.980081542687996
[INFO] Update 221 (1810432 / 4194304 steps)
    (Validation) Returns: 31.659827724811237 +/- 2.549941556023837
[INFO] Update 222 (1818624 / 4194304 steps)
    (Validation) Returns: 32.04720013065794 +/- 1.928902314494995
[INFO] Update 223 (1826816 / 4194304 steps)
    (Validation) Returns: 31.20612954096284 +/- 1.848155646171131
[INFO] Update 224 (1835008 / 4194304 steps)
    (Validation) Returns: 30.818006205798177 +/- 2.2765325679928146
[INFO] Update 225 (1843200 / 4194304 steps)
    (Validation) Returns: 31.211825561123398 +/- 2.145538835179096
[INFO] Update 226 (1851392 / 4194304 steps)
    (Validation) Returns: 31.206426005213466 +/- 1.7432889935996998
[INFO] Update 227 (1859584 / 4194304 steps)
    (Validation) Returns: 32.221740507120515 +/- 2.1015693946149936
[INFO] Update 228 (1867776 / 4194304 steps)
    (Validation) Returns: 31.63590362764454 +/- 2.287703479347337
[INFO] Update 229 (1875968 / 4194304 steps)
    (Validation) Returns: 31.78997074878415 +/- 1.910650808522391
[INFO] Update 230 (1884160 / 4194304 steps)
    (Validation) Returns: 31.137875171515976 +/- 2.2119875855041045
[INFO] Update 231 (1892352 / 4194304 steps)
    (Validation) Returns: 31.723103110074316 +/- 2.1811779131109916
[INFO] Update 232 (1900544 / 4194304 steps)
    (Validation) Returns: 31.340241457176308 +/- 2.1497266042468524
[INFO] Update 233 (1908736 / 4194304 steps)
    (Validation) Returns: 31.93439369456122 +/- 1.8840509407705455
[INFO] Update 234 (1916928 / 4194304 steps)
    (Validation) Returns: 31.786796525987256 +/- 2.584837382825688
[INFO] Update 235 (1925120 / 4194304 steps)
    (Validation) Returns: 31.33398872237832 +/- 1.6372466953093696
[INFO] Update 236 (1933312 / 4194304 steps)
    (Validation) Returns: 31.68824694397303 +/- 1.9713593464488441
[INFO] Update 237 (1941504 / 4194304 steps)
    (Validation) Returns: 31.30561440264854 +/- 2.41777039161145
[INFO] Update 238 (1949696 / 4194304 steps)
    (Validation) Returns: 30.899773942902335 +/- 2.010094283156313
[INFO] Update 239 (1957888 / 4194304 steps)
    (Validation) Returns: 31.925084118751773 +/- 1.9792452898365236
[INFO] Update 240 (1966080 / 4194304 steps)
    (Validation) Returns: 31.358114348643504 +/- 2.2037474628455307
[INFO] Update 241 (1974272 / 4194304 steps)
    (Validation) Returns: 31.856222123926294 +/- 1.7544272965741703
[INFO] Update 242 (1982464 / 4194304 steps)
    (Validation) Returns: 32.044127263111385 +/- 1.7383608281088094
[INFO] Update 243 (1990656 / 4194304 steps)
    (Validation) Returns: 31.555596744829113 +/- 1.5827700475080289
[INFO] Update 244 (1998848 / 4194304 steps)
    (Validation) Returns: 31.93836067898378 +/- 2.0129149682342495
[INFO] Update 245 (2007040 / 4194304 steps)
    (Validation) Returns: 31.721713343479728 +/- 1.9702158293116483
[INFO] Update 246 (2015232 / 4194304 steps)
    (Validation) Returns: 31.702525391324382 +/- 1.960848565057227
[INFO] Update 247 (2023424 / 4194304 steps)
    (Validation) Returns: 31.891328760145313 +/- 1.9654292816073582
[INFO] Update 248 (2031616 / 4194304 steps)
    (Validation) Returns: 31.47746080818739 +/- 2.122618877808186
[INFO] Update 249 (2039808 / 4194304 steps)
    (Validation) Returns: 31.661585655237936 +/- 2.2176376670747633
[INFO] Update 250 (2048000 / 4194304 steps)
    (Validation) Returns: 31.365126052688403 +/- 2.118531389927129
[INFO] Update 251 (2056192 / 4194304 steps)
    (Validation) Returns: 31.57201813643378 +/- 2.0834760641838415
[INFO] Update 252 (2064384 / 4194304 steps)
    (Validation) Returns: 31.460039634709183 +/- 2.647323079641384
[INFO] Update 253 (2072576 / 4194304 steps)
    (Validation) Returns: 31.915130654979585 +/- 2.064553247333255
[INFO] Update 254 (2080768 / 4194304 steps)
    (Validation) Returns: 31.735364459629732 +/- 1.8582946900909871
[INFO] Update 255 (2088960 / 4194304 steps)
    (Validation) Returns: 31.428983087544445 +/- 2.1731661401928557
[INFO] Update 256 (2097152 / 4194304 steps)
    (Validation) Returns: 31.599533124972446 +/- 1.7678093784785753
[INFO] Update 257 (2105344 / 4194304 steps)
    (Validation) Returns: 31.942708403682712 +/- 1.9363888523772685
[INFO] Update 258 (2113536 / 4194304 steps)
    (Validation) Returns: 31.67304844437458 +/- 1.5472760010219864
[INFO] Update 259 (2121728 / 4194304 steps)
    (Validation) Returns: 31.85182356118972 +/- 1.664198446278199
[INFO] Update 260 (2129920 / 4194304 steps)
    (Validation) Returns: 31.123026723721647 +/- 1.7053159846104955
[INFO] Update 261 (2138112 / 4194304 steps)
    (Validation) Returns: 31.402497173266976 +/- 1.7993293550982912
[INFO] Update 262 (2146304 / 4194304 steps)
    (Validation) Returns: 31.268206411083007 +/- 1.5654628308311964
[INFO] Update 263 (2154496 / 4194304 steps)
    (Validation) Returns: 32.20556661489446 +/- 1.6179508285958284
[INFO] Update 264 (2162688 / 4194304 steps)
    (Validation) Returns: 31.27459594096315 +/- 1.859644834888245
[INFO] Update 265 (2170880 / 4194304 steps)
    (Validation) Returns: 31.410077437562684 +/- 1.8940122447293861
[INFO] Update 266 (2179072 / 4194304 steps)
    (Validation) Returns: 31.36188686199779 +/- 1.6723006695503275
[INFO] Update 267 (2187264 / 4194304 steps)
    (Validation) Returns: 31.467851451667276 +/- 2.0994991903657056
[INFO] Update 268 (2195456 / 4194304 steps)
    (Validation) Returns: 31.31251977911104 +/- 2.7831902830158586
[INFO] Update 269 (2203648 / 4194304 steps)
    (Validation) Returns: 31.380056886195007 +/- 1.8418781963774207
[INFO] Update 270 (2211840 / 4194304 steps)
    (Validation) Returns: 31.642344880377514 +/- 1.9735690330078692
[INFO] Update 271 (2220032 / 4194304 steps)
    (Validation) Returns: 31.045242643834456 +/- 2.228361472810274
[INFO] Update 272 (2228224 / 4194304 steps)
    (Validation) Returns: 31.897051489286145 +/- 2.0218848856938125
[INFO] Update 273 (2236416 / 4194304 steps)
    (Validation) Returns: 31.400237362703013 +/- 1.881936742170847
[INFO] Update 274 (2244608 / 4194304 steps)
    (Validation) Returns: 31.444347946241997 +/- 1.9447685026654815
[INFO] Update 275 (2252800 / 4194304 steps)
    (Validation) Returns: 31.259494777663868 +/- 1.9830403220001669
[INFO] Update 276 (2260992 / 4194304 steps)
    (Validation) Returns: 31.134360319281676 +/- 2.153909025278214
[INFO] Update 277 (2269184 / 4194304 steps)
    (Validation) Returns: 32.070881662730415 +/- 1.9625140142801312
[INFO] Update 278 (2277376 / 4194304 steps)
    (Validation) Returns: 31.598486551304433 +/- 1.763930295893531
[INFO] Update 279 (2285568 / 4194304 steps)
    (Validation) Returns: 31.34429779014253 +/- 2.332657345214047
[INFO] Update 280 (2293760 / 4194304 steps)
    (Validation) Returns: 31.402169813514877 +/- 2.1037221442039584
[INFO] Update 281 (2301952 / 4194304 steps)
    (Validation) Returns: 30.787319363989024 +/- 2.2487767686476148
[INFO] Update 282 (2310144 / 4194304 steps)
    (Validation) Returns: 31.025443646295628 +/- 1.88207503282018
[INFO] Update 283 (2318336 / 4194304 steps)
    (Validation) Returns: 31.829360395026878 +/- 1.8595997202678995
[INFO] Update 284 (2326528 / 4194304 steps)
    (Validation) Returns: 31.613928665128487 +/- 2.1377767999712605
[INFO] Update 285 (2334720 / 4194304 steps)
    (Validation) Returns: 31.74857725503889 +/- 1.9220863848474423
[INFO] Update 286 (2342912 / 4194304 steps)
    (Validation) Returns: 31.599971579369168 +/- 2.2289340077678568
[INFO] Update 287 (2351104 / 4194304 steps)
    (Validation) Returns: 31.706472017469956 +/- 1.9094572482434926
[INFO] Update 288 (2359296 / 4194304 steps)
    (Validation) Returns: 31.609380821932064 +/- 1.7045248084749725
[INFO] Update 289 (2367488 / 4194304 steps)
    (Validation) Returns: 31.76654696029983 +/- 2.123049929805322
[INFO] Update 290 (2375680 / 4194304 steps)
    (Validation) Returns: 31.807213609622334 +/- 2.017290551355655
[INFO] Update 291 (2383872 / 4194304 steps)
    (Validation) Returns: 32.05990387043617 +/- 1.8244701448187024
[INFO] Update 292 (2392064 / 4194304 steps)
    (Validation) Returns: 31.495299187728005 +/- 2.2777032418171084
[INFO] Update 293 (2400256 / 4194304 steps)
    (Validation) Returns: 31.518877207704453 +/- 2.1927936431394173
[INFO] Update 294 (2408448 / 4194304 steps)
    (Validation) Returns: 31.467272223519167 +/- 1.7445557876157938
[INFO] Update 295 (2416640 / 4194304 steps)
    (Validation) Returns: 31.262736127589005 +/- 2.0234569114069756
[INFO] Update 296 (2424832 / 4194304 steps)
    (Validation) Returns: 31.310491396678152 +/- 2.6614057909376987
[INFO] Update 297 (2433024 / 4194304 steps)
    (Validation) Returns: 30.966355160334682 +/- 3.0860582211980465
[INFO] Update 298 (2441216 / 4194304 steps)
    (Validation) Returns: 31.287676999731286 +/- 2.2661547586209214
[INFO] Update 299 (2449408 / 4194304 steps)
    (Validation) Returns: 32.0045906243722 +/- 2.3525970377613445
[INFO] Update 300 (2457600 / 4194304 steps)
    (Validation) Returns: 31.616600815442688 +/- 2.0096438386915225
[INFO] Update 301 (2465792 / 4194304 steps)
    (Validation) Returns: 31.766497253281074 +/- 2.3247645895270654
[INFO] Update 302 (2473984 / 4194304 steps)
    (Validation) Returns: 31.050334528757844 +/- 2.0416277698368397
[INFO] Update 303 (2482176 / 4194304 steps)
    (Validation) Returns: 31.31230007748861 +/- 2.2664746483935976
[INFO] Update 304 (2490368 / 4194304 steps)
    (Validation) Returns: 31.1847960985682 +/- 2.1142825394957656
[INFO] Update 305 (2498560 / 4194304 steps)
    (Validation) Returns: 31.514333818417004 +/- 1.7242950314979366
[INFO] Update 306 (2506752 / 4194304 steps)
    (Validation) Returns: 31.805064445569222 +/- 1.915455904996956
[INFO] Update 307 (2514944 / 4194304 steps)
    (Validation) Returns: 32.12912522005903 +/- 2.3547121520383945
[INFO] Update 308 (2523136 / 4194304 steps)
    (Validation) Returns: 31.754707076726937 +/- 2.1029705933882354
[INFO] Update 309 (2531328 / 4194304 steps)
    (Validation) Returns: 31.149712003601685 +/- 2.873999864971548
[INFO] Update 310 (2539520 / 4194304 steps)
    (Validation) Returns: 31.42907396036469 +/- 2.2948782317838314
[INFO] Update 311 (2547712 / 4194304 steps)
    (Validation) Returns: 31.52736317383769 +/- 1.90152590499964
[INFO] Update 312 (2555904 / 4194304 steps)
    (Validation) Returns: 31.845303581000998 +/- 1.8802417621879604
[INFO] Update 313 (2564096 / 4194304 steps)
    (Validation) Returns: 31.434585049814928 +/- 2.30140662261688
[INFO] Update 314 (2572288 / 4194304 steps)
    (Validation) Returns: 32.35783326698795 +/- 2.1196856793713748
[INFO] Update 315 (2580480 / 4194304 steps)
    (Validation) Returns: 31.991552666287266 +/- 2.2003555188371533
[INFO] Update 316 (2588672 / 4194304 steps)
    (Validation) Returns: 31.56083076769903 +/- 1.9770058426949575
[INFO] Update 317 (2596864 / 4194304 steps)
    (Validation) Returns: 31.39598992413976 +/- 2.6617180419687596
[INFO] Update 318 (2605056 / 4194304 steps)
    (Validation) Returns: 31.5517683241074 +/- 1.78991323692976
[INFO] Update 319 (2613248 / 4194304 steps)
    (Validation) Returns: 31.638336834611145 +/- 3.0541626891741465
[INFO] Update 320 (2621440 / 4194304 steps)
    (Validation) Returns: 31.624756085085988 +/- 1.8783327912766346
[INFO] Update 321 (2629632 / 4194304 steps)
    (Validation) Returns: 31.036670513168804 +/- 2.3480912674022036
[INFO] Update 322 (2637824 / 4194304 steps)
    (Validation) Returns: 31.51905037928895 +/- 2.0075106178409663
[INFO] Update 323 (2646016 / 4194304 steps)
    (Validation) Returns: 31.970513886243033 +/- 2.0634744419979745
[INFO] Update 324 (2654208 / 4194304 steps)
    (Validation) Returns: 31.42660737072116 +/- 1.9664732982523798
[INFO] Update 325 (2662400 / 4194304 steps)
    (Validation) Returns: 31.769706772458385 +/- 1.7238274082026688
[INFO] Update 326 (2670592 / 4194304 steps)
    (Validation) Returns: 31.4468797248605 +/- 1.9631515632438332
[INFO] Update 327 (2678784 / 4194304 steps)
    (Validation) Returns: 32.109674616414864 +/- 1.4160864197992071
[INFO] Update 328 (2686976 / 4194304 steps)
    (Validation) Returns: 31.200354280414352 +/- 2.5088390115817814
[INFO] Update 329 (2695168 / 4194304 steps)
    (Validation) Returns: 31.227305501527077 +/- 2.8354238143854014
[INFO] Update 330 (2703360 / 4194304 steps)
    (Validation) Returns: 31.326096280449644 +/- 2.444482014051221
[INFO] Update 331 (2711552 / 4194304 steps)
    (Validation) Returns: 31.762679929685067 +/- 2.0135804522587866
[INFO] Update 332 (2719744 / 4194304 steps)
    (Validation) Returns: 31.339820849207957 +/- 2.4715088247313437
[INFO] Update 333 (2727936 / 4194304 steps)
    (Validation) Returns: 31.925488580866734 +/- 1.9577575586290625
[INFO] Update 334 (2736128 / 4194304 steps)
    (Validation) Returns: 31.793729911354216 +/- 1.8830785266384853
[INFO] Update 335 (2744320 / 4194304 steps)
    (Validation) Returns: 31.527036742421284 +/- 2.44640463653897
[INFO] Update 336 (2752512 / 4194304 steps)
    (Validation) Returns: 31.81041424953697 +/- 2.0211274642046857
[INFO] Update 337 (2760704 / 4194304 steps)
    (Validation) Returns: 31.650369680378663 +/- 1.799462901123628
[INFO] Update 338 (2768896 / 4194304 steps)
    (Validation) Returns: 31.348294403186408 +/- 1.5508793175369315
[INFO] Update 339 (2777088 / 4194304 steps)
    (Validation) Returns: 30.87200265034117 +/- 2.044282628562376
[INFO] Update 340 (2785280 / 4194304 steps)
    (Validation) Returns: 31.273770566219675 +/- 2.2777703699806695
[INFO] Update 341 (2793472 / 4194304 steps)
    (Validation) Returns: 31.529298831106722 +/- 1.9777118712541775
[INFO] Update 342 (2801664 / 4194304 steps)
    (Validation) Returns: 31.762161412487096 +/- 2.162468664389117
[INFO] Update 343 (2809856 / 4194304 steps)
    (Validation) Returns: 32.00050036575833 +/- 1.913015824728935
[INFO] Update 344 (2818048 / 4194304 steps)
    (Validation) Returns: 32.052634809443525 +/- 1.5071778742744386
[INFO] Update 345 (2826240 / 4194304 steps)
    (Validation) Returns: 31.58792688556134 +/- 1.768656026986966
[INFO] Update 346 (2834432 / 4194304 steps)
    (Validation) Returns: 31.329467872328202 +/- 2.088297146570698
[INFO] Update 347 (2842624 / 4194304 steps)
    (Validation) Returns: 31.957270340681543 +/- 1.7358684412263863
[INFO] Update 348 (2850816 / 4194304 steps)
    (Validation) Returns: 31.69533324116452 +/- 1.804683779300255
[INFO] Update 349 (2859008 / 4194304 steps)
    (Validation) Returns: 30.99722312863196 +/- 2.297266643292234
[INFO] Update 350 (2867200 / 4194304 steps)
    (Validation) Returns: 32.000463857582055 +/- 2.0037967679566284
[INFO] Update 351 (2875392 / 4194304 steps)
    (Validation) Returns: 32.19680890161169 +/- 1.9822991732407784
[INFO] Update 352 (2883584 / 4194304 steps)
    (Validation) Returns: 31.460439255863626 +/- 2.5700094726583718
[INFO] Update 353 (2891776 / 4194304 steps)
    (Validation) Returns: 31.96477946756776 +/- 1.7985149056756555
[INFO] Update 354 (2899968 / 4194304 steps)
    (Validation) Returns: 31.82151047887346 +/- 2.0669289705403115
[INFO] Update 355 (2908160 / 4194304 steps)
    (Validation) Returns: 31.63177816079891 +/- 1.6797427327203578
[INFO] Update 356 (2916352 / 4194304 steps)
    (Validation) Returns: 31.65363802643816 +/- 1.7799545300141748
[INFO] Update 357 (2924544 / 4194304 steps)
    (Validation) Returns: 31.69495478971428 +/- 1.7775574016797904
[INFO] Update 358 (2932736 / 4194304 steps)
    (Validation) Returns: 31.6910281881066 +/- 1.7083935441129379
[INFO] Update 359 (2940928 / 4194304 steps)
    (Validation) Returns: 31.79912881596301 +/- 1.6951249340947767
[INFO] Update 360 (2949120 / 4194304 steps)
    (Validation) Returns: 30.806524091880657 +/- 2.380800090245252
[INFO] Update 361 (2957312 / 4194304 steps)
    (Validation) Returns: 31.47851080142548 +/- 2.0789608283231416
[INFO] Update 362 (2965504 / 4194304 steps)
    (Validation) Returns: 31.17890624325405 +/- 2.310387204662473
[INFO] Update 363 (2973696 / 4194304 steps)
    (Validation) Returns: 30.896773026333427 +/- 2.1377288708106357
[INFO] Update 364 (2981888 / 4194304 steps)
    (Validation) Returns: 31.473846516690696 +/- 1.4616047486859032
[INFO] Update 365 (2990080 / 4194304 steps)
    (Validation) Returns: 31.712388821836658 +/- 2.1085920941593663
[INFO] Update 366 (2998272 / 4194304 steps)
    (Validation) Returns: 31.303010627698107 +/- 2.1299971245988214
[INFO] Update 367 (3006464 / 4194304 steps)
    (Validation) Returns: 31.105406497289408 +/- 1.9939220334894945
[INFO] Update 368 (3014656 / 4194304 steps)
    (Validation) Returns: 31.551979415084567 +/- 1.6322833045734948
[INFO] Update 369 (3022848 / 4194304 steps)
    (Validation) Returns: 32.02261421075129 +/- 2.3531292048144534
[INFO] Update 370 (3031040 / 4194304 steps)
    (Validation) Returns: 31.661736224666708 +/- 1.8041291702021462
[INFO] Update 371 (3039232 / 4194304 steps)
    (Validation) Returns: 31.687990582480346 +/- 2.43712935455865
[INFO] Update 372 (3047424 / 4194304 steps)
    (Validation) Returns: 31.515839147827343 +/- 1.6738286130366342
[INFO] Update 373 (3055616 / 4194304 steps)
    (Validation) Returns: 31.884937211094474 +/- 2.0108566974461257
[INFO] Update 374 (3063808 / 4194304 steps)
    (Validation) Returns: 31.16774656567798 +/- 2.296921992256388
[INFO] Update 375 (3072000 / 4194304 steps)
    (Validation) Returns: 31.59714343528359 +/- 1.846019106910556
[INFO] Update 376 (3080192 / 4194304 steps)
    (Validation) Returns: 30.64650352760354 +/- 3.3261247174224247
[INFO] Update 377 (3088384 / 4194304 steps)
    (Validation) Returns: 30.776738998127655 +/- 1.9679524617678619
[INFO] Update 378 (3096576 / 4194304 steps)
    (Validation) Returns: 31.722130165139493 +/- 1.5868283137769061
[INFO] Update 379 (3104768 / 4194304 steps)
    (Validation) Returns: 31.485870985719522 +/- 1.9883162809291537
[INFO] Update 380 (3112960 / 4194304 steps)
    (Validation) Returns: 31.734405170581717 +/- 1.6994105933099473
[INFO] Update 381 (3121152 / 4194304 steps)
    (Validation) Returns: 30.849036313795967 +/- 2.218133237340114
[INFO] Update 382 (3129344 / 4194304 steps)
    (Validation) Returns: 31.442353771863775 +/- 2.319100886739309
[INFO] Update 383 (3137536 / 4194304 steps)
    (Validation) Returns: 31.33718685767708 +/- 2.164366690375251
[INFO] Update 384 (3145728 / 4194304 steps)
    (Validation) Returns: 31.319514563216263 +/- 1.9501374710043762
[INFO] Update 385 (3153920 / 4194304 steps)
    (Validation) Returns: 30.639617275304243 +/- 2.0243868243562084
[INFO] Update 386 (3162112 / 4194304 steps)
    (Validation) Returns: 31.979858889017123 +/- 2.0823088007456643
[INFO] Update 387 (3170304 / 4194304 steps)
    (Validation) Returns: 31.306165069653993 +/- 1.9197517718827553
[INFO] Update 388 (3178496 / 4194304 steps)
    (Validation) Returns: 31.640028123602228 +/- 2.262556591072146
[INFO] Update 389 (3186688 / 4194304 steps)
    (Validation) Returns: 31.708242575222624 +/- 2.192214639109528
[INFO] Update 390 (3194880 / 4194304 steps)
    (Validation) Returns: 31.523519253120718 +/- 2.2995965820826045
[INFO] Update 391 (3203072 / 4194304 steps)
    (Validation) Returns: 31.462121481559393 +/- 2.376322837201109
[INFO] Update 392 (3211264 / 4194304 steps)
    (Validation) Returns: 31.50888699163001 +/- 1.9475563027595455
[INFO] Update 393 (3219456 / 4194304 steps)
    (Validation) Returns: 31.56563480426803 +/- 2.4246588463274623
[INFO] Update 394 (3227648 / 4194304 steps)
    (Validation) Returns: 30.75420539167282 +/- 1.8462405255384176
[INFO] Update 395 (3235840 / 4194304 steps)
    (Validation) Returns: 31.48977979164183 +/- 2.222180858431246
[INFO] Update 396 (3244032 / 4194304 steps)
    (Validation) Returns: 31.827498378322492 +/- 1.8356319558538159
[INFO] Update 397 (3252224 / 4194304 steps)
    (Validation) Returns: 31.698328934758468 +/- 2.2664406345740264
[INFO] Update 398 (3260416 / 4194304 steps)
    (Validation) Returns: 31.585024128923305 +/- 2.2559352711343674
[INFO] Update 399 (3268608 / 4194304 steps)
    (Validation) Returns: 31.558930363750484 +/- 2.3026556533820477
[INFO] Update 400 (3276800 / 4194304 steps)
    (Validation) Returns: 31.59506605404282 +/- 1.9612817263361801
[INFO] Update 401 (3284992 / 4194304 steps)
    (Validation) Returns: 31.334136424538087 +/- 1.780090128025733
[INFO] Update 402 (3293184 / 4194304 steps)
    (Validation) Returns: 31.652698025783412 +/- 2.06465642362349
[INFO] Update 403 (3301376 / 4194304 steps)
    (Validation) Returns: 32.119150751709036 +/- 1.8185738138924503
[INFO] Update 404 (3309568 / 4194304 steps)
    (Validation) Returns: 31.39281301937142 +/- 2.532047629836319
[INFO] Update 405 (3317760 / 4194304 steps)
    (Validation) Returns: 31.608721246439398 +/- 1.9433671134240995
[INFO] Update 406 (3325952 / 4194304 steps)
    (Validation) Returns: 31.934435575017982 +/- 1.8692272414994586
[INFO] Update 407 (3334144 / 4194304 steps)
    (Validation) Returns: 31.40823034962572 +/- 2.5135073320948997
[INFO] Update 408 (3342336 / 4194304 steps)
    (Validation) Returns: 31.91818204969395 +/- 1.8780777692047397
[INFO] Update 409 (3350528 / 4194304 steps)
    (Validation) Returns: 31.859720177144812 +/- 2.2802571627390904
[INFO] Update 410 (3358720 / 4194304 steps)
    (Validation) Returns: 31.555995116904818 +/- 2.7533194223918356
[INFO] Update 411 (3366912 / 4194304 steps)
    (Validation) Returns: 31.419149405301333 +/- 1.968733345419506
[INFO] Update 412 (3375104 / 4194304 steps)
    (Validation) Returns: 31.573489011224815 +/- 2.4026887701148176
[INFO] Update 413 (3383296 / 4194304 steps)
    (Validation) Returns: 31.800178420225755 +/- 2.394451383086143
[INFO] Update 414 (3391488 / 4194304 steps)
    (Validation) Returns: 31.502197377506388 +/- 2.5949127570193746
[INFO] Update 415 (3399680 / 4194304 steps)
    (Validation) Returns: 31.71233642284697 +/- 2.214129991808348
[INFO] Update 416 (3407872 / 4194304 steps)
    (Validation) Returns: 31.288618216152578 +/- 2.6882442535781377
[INFO] Update 417 (3416064 / 4194304 steps)
    (Validation) Returns: 30.564508411268616 +/- 2.5163057028018243
[INFO] Update 418 (3424256 / 4194304 steps)
    (Validation) Returns: 31.131781471794227 +/- 2.20696777097889
[INFO] Update 419 (3432448 / 4194304 steps)
    (Validation) Returns: 30.59382228531181 +/- 2.1479565560974176
[INFO] Update 420 (3440640 / 4194304 steps)
    (Validation) Returns: 31.34983175900163 +/- 2.6756633980240694
[INFO] Update 421 (3448832 / 4194304 steps)
    (Validation) Returns: 32.15222651401202 +/- 2.064465434990119
[INFO] Update 422 (3457024 / 4194304 steps)
    (Validation) Returns: 31.9532446882586 +/- 2.045558190710522
[INFO] Update 423 (3465216 / 4194304 steps)
    (Validation) Returns: 31.429265502244238 +/- 1.7161518397769764
[INFO] Update 424 (3473408 / 4194304 steps)
    (Validation) Returns: 31.305642499706664 +/- 2.041618794411808
[INFO] Update 425 (3481600 / 4194304 steps)
    (Validation) Returns: 31.380795504934962 +/- 1.9437674373324756
[INFO] Update 426 (3489792 / 4194304 steps)
    (Validation) Returns: 31.22150631754196 +/- 2.376796857496167
[INFO] Update 427 (3497984 / 4194304 steps)
    (Validation) Returns: 30.745739373737052 +/- 2.342882269257675
[INFO] Update 428 (3506176 / 4194304 steps)
    (Validation) Returns: 31.70747736018701 +/- 1.9750337928017765
[INFO] Update 429 (3514368 / 4194304 steps)
    (Validation) Returns: 31.36867304013374 +/- 2.5180535047814687
[INFO] Update 430 (3522560 / 4194304 steps)
    (Validation) Returns: 31.86928785459246 +/- 2.2580337195663467
[INFO] Update 431 (3530752 / 4194304 steps)
    (Validation) Returns: 31.560396545215383 +/- 1.9786369502413874
[INFO] Update 432 (3538944 / 4194304 steps)
    (Validation) Returns: 32.03214014972148 +/- 2.372302130616546
[INFO] Update 433 (3547136 / 4194304 steps)
    (Validation) Returns: 31.528379497879303 +/- 3.012730134812333
[INFO] Update 434 (3555328 / 4194304 steps)
    (Validation) Returns: 31.87315637181471 +/- 2.1100362253795732
[INFO] Update 435 (3563520 / 4194304 steps)
    (Validation) Returns: 31.646320599769894 +/- 2.170408393300099
[INFO] Update 436 (3571712 / 4194304 steps)
    (Validation) Returns: 31.888664682966038 +/- 2.4069142556297605
[INFO] Update 437 (3579904 / 4194304 steps)
    (Validation) Returns: 31.51579917188306 +/- 2.0918311635489477
[INFO] Update 438 (3588096 / 4194304 steps)
    (Validation) Returns: 32.140133560937464 +/- 2.0981722477822067
[INFO] Update 439 (3596288 / 4194304 steps)
    (Validation) Returns: 31.169945343628665 +/- 2.3625696206346505
[INFO] Update 440 (3604480 / 4194304 steps)
    (Validation) Returns: 31.278840083984015 +/- 2.9317272130047733
[INFO] Update 441 (3612672 / 4194304 steps)
    (Validation) Returns: 31.097207465124264 +/- 2.4685320311328707
[INFO] Update 442 (3620864 / 4194304 steps)
    (Validation) Returns: 31.22260961851988 +/- 2.280195394398404
[INFO] Update 443 (3629056 / 4194304 steps)
    (Validation) Returns: 30.9171287751795 +/- 2.0690599478450733
[INFO] Update 444 (3637248 / 4194304 steps)
    (Validation) Returns: 31.647826880255316 +/- 2.248442792341592
[INFO] Update 445 (3645440 / 4194304 steps)
    (Validation) Returns: 31.211058623113693 +/- 2.2382770440851902
[INFO] Update 446 (3653632 / 4194304 steps)
    (Validation) Returns: 31.417466598932332 +/- 2.2726400251747556
[INFO] Update 447 (3661824 / 4194304 steps)
    (Validation) Returns: 31.437664514236598 +/- 2.522353900932573
[INFO] Update 448 (3670016 / 4194304 steps)
    (Validation) Returns: 31.798901565119444 +/- 1.8650448351725284
[INFO] Update 449 (3678208 / 4194304 steps)
    (Validation) Returns: 31.377801906573655 +/- 2.186902841571343
[INFO] Update 450 (3686400 / 4194304 steps)
    (Validation) Returns: 31.23329461420464 +/- 2.108994506454514
[INFO] Update 451 (3694592 / 4194304 steps)
    (Validation) Returns: 31.213640316123918 +/- 2.1507281976325183
[INFO] Update 452 (3702784 / 4194304 steps)
    (Validation) Returns: 31.274654406462663 +/- 2.2210660176182477
[INFO] Update 453 (3710976 / 4194304 steps)
    (Validation) Returns: 31.26186975507347 +/- 1.8831900550262326
[INFO] Update 454 (3719168 / 4194304 steps)
    (Validation) Returns: 31.325514319403197 +/- 2.2316395136029668
[INFO] Update 455 (3727360 / 4194304 steps)
    (Validation) Returns: 31.23491053659584 +/- 1.5628781985705975
[INFO] Update 456 (3735552 / 4194304 steps)
    (Validation) Returns: 31.102499840595083 +/- 1.9117826517385517
[INFO] Update 457 (3743744 / 4194304 steps)
    (Validation) Returns: 31.219944408263945 +/- 2.4869711638805168
[INFO] Update 458 (3751936 / 4194304 steps)
    (Validation) Returns: 30.90975354313814 +/- 2.0388903686099202
[INFO] Update 459 (3760128 / 4194304 steps)
    (Validation) Returns: 31.21838402036599 +/- 2.525549435971643
[INFO] Update 460 (3768320 / 4194304 steps)
    (Validation) Returns: 31.664947035464422 +/- 2.943903210458434
[INFO] Update 461 (3776512 / 4194304 steps)
    (Validation) Returns: 30.829761525779162 +/- 2.1819434720023683
[INFO] Update 462 (3784704 / 4194304 steps)
    (Validation) Returns: 31.221805041198877 +/- 1.9643235335491884
[INFO] Update 463 (3792896 / 4194304 steps)
    (Validation) Returns: 31.209383713119188 +/- 2.1572019944047067
[INFO] Update 464 (3801088 / 4194304 steps)
    (Validation) Returns: 31.378230387394343 +/- 2.0563748327903837
[INFO] Update 465 (3809280 / 4194304 steps)
    (Validation) Returns: 31.448141781681535 +/- 2.187392633675335
[INFO] Update 466 (3817472 / 4194304 steps)
    (Validation) Returns: 30.639668284960315 +/- 2.633396222108437
[INFO] Update 467 (3825664 / 4194304 steps)
    (Validation) Returns: 31.77491147503549 +/- 2.3831187243314527
[INFO] Update 468 (3833856 / 4194304 steps)
    (Validation) Returns: 30.7915016082961 +/- 2.1040233660272367
[INFO] Update 469 (3842048 / 4194304 steps)
    (Validation) Returns: 31.280308346641398 +/- 2.0359071101819475
[INFO] Update 470 (3850240 / 4194304 steps)
    (Validation) Returns: 30.944307447287905 +/- 2.2069863892054213
[INFO] Update 471 (3858432 / 4194304 steps)
    (Validation) Returns: 31.2668214695505 +/- 2.347516729437259
[INFO] Update 472 (3866624 / 4194304 steps)
    (Validation) Returns: 31.819935615367164 +/- 1.600344857811576
[INFO] Update 473 (3874816 / 4194304 steps)
    (Validation) Returns: 31.35684088947638 +/- 2.054744240297629
[INFO] Update 474 (3883008 / 4194304 steps)
    (Validation) Returns: 31.040351001182728 +/- 2.640597514580798
[INFO] Update 475 (3891200 / 4194304 steps)
    (Validation) Returns: 31.28134842488104 +/- 2.035879002334899
[INFO] Update 476 (3899392 / 4194304 steps)
    (Validation) Returns: 31.293111136428763 +/- 2.204632111842257
[INFO] Update 477 (3907584 / 4194304 steps)
    (Validation) Returns: 31.396680628984466 +/- 1.997203669720768
[INFO] Update 478 (3915776 / 4194304 steps)
    (Validation) Returns: 31.52450848619032 +/- 2.0909331435758265
[INFO] Update 479 (3923968 / 4194304 steps)
    (Validation) Returns: 31.16456968751921 +/- 2.462093406065415
[INFO] Update 480 (3932160 / 4194304 steps)
    (Validation) Returns: 30.824354340749977 +/- 2.0800541525187506
[INFO] Update 481 (3940352 / 4194304 steps)
    (Validation) Returns: 31.701105967477552 +/- 2.471303729594739
[INFO] Update 482 (3948544 / 4194304 steps)
    (Validation) Returns: 31.58865033480048 +/- 2.0250151449764267
[INFO] Update 483 (3956736 / 4194304 steps)
    (Validation) Returns: 31.33739859915871 +/- 2.3784200840391283
[INFO] Update 484 (3964928 / 4194304 steps)
    (Validation) Returns: 31.372612313374383 +/- 1.7365209193259308
[INFO] Update 485 (3973120 / 4194304 steps)
    (Validation) Returns: 31.719599889922687 +/- 2.345888785108309
[INFO] Update 486 (3981312 / 4194304 steps)
    (Validation) Returns: 31.249003137288405 +/- 1.9011335067993191
[INFO] Update 487 (3989504 / 4194304 steps)
    (Validation) Returns: 31.711743466990924 +/- 2.247070019429536
[INFO] Update 488 (3997696 / 4194304 steps)
    (Validation) Returns: 30.847207762653746 +/- 2.1774642347179944
[INFO] Update 489 (4005888 / 4194304 steps)
    (Validation) Returns: 31.283718256787246 +/- 2.2243262807379773
[INFO] Update 490 (4014080 / 4194304 steps)
    (Validation) Returns: 30.90648446722704 +/- 2.567295276924928
[INFO] Update 491 (4022272 / 4194304 steps)
    (Validation) Returns: 31.79486285676844 +/- 1.8824652567962434
[INFO] Update 492 (4030464 / 4194304 steps)
    (Validation) Returns: 31.15752760601025 +/- 1.956690464352852
[INFO] Update 493 (4038656 / 4194304 steps)
    (Validation) Returns: 31.27474023808302 +/- 2.3409219812654016
[INFO] Update 494 (4046848 / 4194304 steps)
    (Validation) Returns: 31.404611015467584 +/- 2.2605539359448117
[INFO] Update 495 (4055040 / 4194304 steps)
    (Validation) Returns: 31.19407517702154 +/- 2.3624674547858397
[INFO] Update 496 (4063232 / 4194304 steps)
    (Validation) Returns: 30.917486443414454 +/- 2.2366966568453095
[INFO] Update 497 (4071424 / 4194304 steps)
    (Validation) Returns: 30.712146271870246 +/- 2.2183369056479076
[INFO] Update 498 (4079616 / 4194304 steps)
    (Validation) Returns: 31.08756393399268 +/- 2.175095444220938
[INFO] Update 499 (4087808 / 4194304 steps)
    (Validation) Returns: 31.2292600196585 +/- 1.8544049611400806
[INFO] Update 500 (4096000 / 4194304 steps)
    (Validation) Returns: 30.857465508476302 +/- 2.0053882517306914
[INFO] Update 501 (4104192 / 4194304 steps)
    (Validation) Returns: 31.125572956620125 +/- 2.0555540555913048
[INFO] Update 502 (4112384 / 4194304 steps)
    (Validation) Returns: 31.780885566854522 +/- 2.0372567727685387
[INFO] Update 503 (4120576 / 4194304 steps)
    (Validation) Returns: 30.80220450614499 +/- 2.6806425189738707
[INFO] Update 504 (4128768 / 4194304 steps)
    (Validation) Returns: 31.06852807036223 +/- 2.1927649063850967
[INFO] Update 505 (4136960 / 4194304 steps)
    (Validation) Returns: 31.463275408181925 +/- 2.1072472671633604
[INFO] Update 506 (4145152 / 4194304 steps)
    (Validation) Returns: 30.80144415732783 +/- 2.244003123345052
[INFO] Update 507 (4153344 / 4194304 steps)
    (Validation) Returns: 31.249056114119174 +/- 2.2916521685035436
[INFO] Update 508 (4161536 / 4194304 steps)
    (Validation) Returns: 30.953735297547553 +/- 2.45595440639032
[INFO] Update 509 (4169728 / 4194304 steps)
    (Validation) Returns: 31.27028163580627 +/- 1.9342942741411797
[INFO] Update 510 (4177920 / 4194304 steps)
    (Validation) Returns: 30.80402048186542 +/- 2.1956262866916076
[INFO] Update 511 (4186112 / 4194304 steps)
    (Validation) Returns: 31.586627464860623 +/- 2.3470443715976304
[INFO] Training finished (4194304 steps)
[INFO] Model saved at ppo/models/reward-prediction-finetune/reward-prediction-finetune-Sprites-v0-4194304steps.pt
