[INFO] Loaded Reward Predictor from reward_induced/models/encoder/encoder_VertPosReward_final.pt
[INFO] Evaluating Reward Predictor with the following configuration:
        - Input shape: (3,64,64)
        - Number of frames: 1
        - Number of future frames: 29
        - Reward types: ['vertical_position']
        - Shapes per trajectory: 1
        - Batch size: 128
        - Model loaded from: reward_induced/models/encoder/encoder_VertPosReward_final.pt
True rewards from 0th traj: tensor([[0.4184, 0.4357, 0.4531, 0.4704, 0.4878, 0.5051, 0.5225, 0.5398, 0.5572,
         0.5745, 0.5919, 0.6092, 0.6266, 0.6439, 0.6613, 0.6786, 0.6960, 0.7133,
         0.7307, 0.7480, 0.7654, 0.7827, 0.8001, 0.8174, 0.8348, 0.8521, 0.8695,
         0.8868, 0.8958]], device='cuda:0')
Predicted rewards from 0th traj: tensor([[0.4141, 0.4359, 0.4516, 0.4662, 0.4825, 0.4991, 0.5209, 0.5353, 0.5675,
         0.5859, 0.5979, 0.6182, 0.6262, 0.6423, 0.6589, 0.6745, 0.6939, 0.7165,
         0.7256, 0.7641, 0.7793, 0.7891, 0.8046, 0.8099, 0.8293, 0.8457, 0.8696,
         0.8637, 0.8737]], device='cuda:0')
Losses:
    - vertical_position	: 0.00012909701035823673
Evaluation complete.
