[INFO] Loaded Reward Predictor from reward_induced/models/encoder/encoder_dist2_final.pt
[INFO] Evaluating Reward Predictor with the following configuration:
        - Input shape: (3,64,64)
        - Number of frames: 1
        - Number of future frames: 29
        - Reward types: ['agent_x', 'agent_y', 'target_x', 'target_y']
        - Shapes per trajectory: 4
        - Batch size: 128
        - Model loaded from: reward_induced/models/encoder/encoder_dist2_final.pt
True rewards from 0th traj: tensor([[0.6809, 0.6323, 0.5837, 0.5352, 0.4866, 0.4381, 0.3895, 0.3409, 0.2924,
         0.2438, 0.1953, 0.1467, 0.1018, 0.1504, 0.1990, 0.2475, 0.2961, 0.3446,
         0.3932, 0.4417, 0.4903, 0.5389, 0.5874, 0.6360, 0.6845, 0.7331, 0.7817,
         0.8302, 0.8788],
        [0.7750, 0.7776, 0.7801, 0.7827, 0.7852, 0.7878, 0.7904, 0.7929, 0.7955,
         0.7981, 0.8006, 0.8032, 0.8058, 0.8083, 0.8109, 0.8134, 0.8160, 0.8186,
         0.8211, 0.8237, 0.8263, 0.8288, 0.8314, 0.8340, 0.8365, 0.8391, 0.8416,
         0.8442, 0.8468],
        [0.5288, 0.5685, 0.6081, 0.6478, 0.6874, 0.7271, 0.7668, 0.8064, 0.8461,
         0.8857, 0.8746, 0.8350, 0.7953, 0.7556, 0.7160, 0.6763, 0.6367, 0.5970,
         0.5574, 0.5177, 0.4780, 0.4384, 0.3987, 0.3591, 0.3194, 0.2798, 0.2401,
         0.2004, 0.1608],
        [0.4168, 0.3886, 0.3603, 0.3320, 0.3037, 0.2754, 0.2471, 0.2188, 0.1906,
         0.1623, 0.1340, 0.1057, 0.1226, 0.1509, 0.1792, 0.2074, 0.2357, 0.2640,
         0.2923, 0.3206, 0.3489, 0.3772, 0.4054, 0.4337, 0.4620, 0.4903, 0.5186,
         0.5469, 0.5752]], device='cuda:0')
Predicted rewards from 0th traj: tensor([[0.6924, 0.7541, 0.7119, 0.7318, 0.6346, 0.7020, 0.7394, 0.7113, 0.4584,
         0.4181, 0.3333, 0.2850, 0.3311, 0.2697, 0.3117, 0.2550, 0.2275, 0.2644,
         0.3197, 0.3006, 0.3314, 0.3999, 0.3447, 0.4133, 0.4908, 0.6511, 0.6625,
         0.7618, 0.7656],
        [0.6356, 0.6881, 0.8071, 0.7563, 0.8093, 0.7111, 0.5083, 0.6180, 0.7683,
         0.7405, 0.7696, 0.7839, 0.7710, 0.7548, 0.7071, 0.7511, 0.7850, 0.7848,
         0.6642, 0.7189, 0.7562, 0.7419, 0.6306, 0.6656, 0.7283, 0.8432, 0.8019,
         0.8390, 0.7940],
        [0.4811, 0.5222, 0.5425, 0.6136, 0.6481, 0.6932, 0.7176, 0.8041, 0.7870,
         0.8448, 0.8430, 0.8487, 0.8446, 0.7868, 0.7856, 0.7332, 0.6865, 0.6622,
         0.6060, 0.5531, 0.5111, 0.4503, 0.4010, 0.3430, 0.3112, 0.2886, 0.2452,
         0.2326, 0.1823],
        [0.4545, 0.4069, 0.4040, 0.3386, 0.3140, 0.2695, 0.2414, 0.2248, 0.1994,
         0.1536, 0.1862, 0.1703, 0.1242, 0.1591, 0.1590, 0.2014, 0.2248, 0.2486,
         0.2759, 0.3125, 0.3481, 0.3945, 0.4474, 0.4703, 0.4710, 0.5232, 0.5257,
         0.5729, 0.5829]], device='cuda:0')
Losses:
    - agent_x	: 0.013910542242228985
    - agent_y	: 0.013242380693554878
    - target_x	: 0.0013131486484780908
    - target_y	: 0.0011410709703341126
Evaluation complete.
