[INFO] Loaded Reward Predictor from reward_induced/models/encoder/encoder_dist0_final.pt
[INFO] Evaluating Reward Predictor with the following configuration:
        - Input shape: (3,64,64)
        - Number of frames: 1
        - Number of future frames: 29
        - Reward types: ['agent_x', 'agent_y', 'target_x', 'target_y']
        - Shapes per trajectory: 2
        - Batch size: 128
        - Model loaded from: reward_induced/models/encoder/encoder_dist0_final.pt
True rewards from 0th traj: tensor([[0.4053, 0.4039, 0.4024, 0.4009, 0.3995, 0.3980, 0.3966, 0.3951, 0.3936,
         0.3922, 0.3907, 0.3893, 0.3878, 0.3864, 0.3849, 0.3834, 0.3820, 0.3805,
         0.3791, 0.3776, 0.3762, 0.3747, 0.3732, 0.3718, 0.3703, 0.3689, 0.3674,
         0.3659, 0.3645],
        [0.8223, 0.8477, 0.8732, 0.8986, 0.8759, 0.8505, 0.8250, 0.7996, 0.7741,
         0.7487, 0.7232, 0.6978, 0.6723, 0.6469, 0.6214, 0.5960, 0.5705, 0.5451,
         0.5196, 0.4942, 0.4687, 0.4433, 0.4178, 0.3924, 0.3669, 0.3415, 0.3160,
         0.2906, 0.2651],
        [0.1397, 0.1003, 0.1403, 0.1803, 0.2203, 0.2604, 0.3004, 0.3404, 0.3804,
         0.4205, 0.4605, 0.5005, 0.5405, 0.5805, 0.6206, 0.6606, 0.7006, 0.7406,
         0.7806, 0.8207, 0.8607, 0.8993, 0.8593, 0.8193, 0.7792, 0.7392, 0.6992,
         0.6592, 0.6191],
        [0.8116, 0.7858, 0.7600, 0.7342, 0.7084, 0.6826, 0.6568, 0.6310, 0.6052,
         0.5794, 0.5536, 0.5278, 0.5020, 0.4762, 0.4504, 0.4246, 0.3988, 0.3730,
         0.3472, 0.3214, 0.2956, 0.2698, 0.2440, 0.2182, 0.1924, 0.1666, 0.1408,
         0.1150, 0.1108]], device='cuda:0')
Predicted rewards from 0th traj: tensor([[0.2670, 0.2516, 0.2458, 0.2399, 0.2516, 0.2591, 0.2741, 0.2805, 0.2998,
         0.3130, 0.3278, 0.3519, 0.3768, 0.3776, 0.3748, 0.4180, 0.4095, 0.4015,
         0.3876, 0.3615, 0.3557, 0.3967, 0.3868, 0.4027, 0.4270, 0.4280, 0.4289,
         0.4266, 0.4081],
        [0.7538, 0.7968, 0.8049, 0.8037, 0.8022, 0.8094, 0.7980, 0.7613, 0.7273,
         0.7265, 0.7162, 0.6760, 0.6137, 0.6040, 0.5881, 0.5979, 0.5879, 0.5607,
         0.5740, 0.5553, 0.5761, 0.4766, 0.3278, 0.3139, 0.3169, 0.3133, 0.2902,
         0.2585, 0.2709],
        [0.2367, 0.2118, 0.2014, 0.2003, 0.2240, 0.2534, 0.3484, 0.3654, 0.4103,
         0.4608, 0.4793, 0.5009, 0.5743, 0.5924, 0.5872, 0.6568, 0.6700, 0.7176,
         0.7587, 0.8381, 0.8642, 0.8952, 0.9059, 0.8800, 0.8481, 0.8249, 0.7259,
         0.6995, 0.6624],
        [0.8572, 0.8401, 0.8339, 0.8213, 0.7927, 0.7899, 0.7636, 0.7176, 0.6659,
         0.5941, 0.5729, 0.5517, 0.5540, 0.5463, 0.4547, 0.4119, 0.3856, 0.3690,
         0.3574, 0.3068, 0.2849, 0.2386, 0.2659, 0.2487, 0.1554, 0.1563, 0.1455,
         0.1428, 0.1431]], device='cuda:0')
Losses:
    - agent_x	: 0.006226172670722008
    - agent_y	: 0.005472215358167887
    - target_x	: 0.0021229968406260014
    - target_y	: 0.0020060220267623663
Evaluation complete.
