[INFO] Loaded Reward Predictor from reward_induced/models/encoder/encoder_HorPosReward_final.pt
[INFO] Evaluating Reward Predictor with the following configuration:
        - Input shape: (3,64,64)
        - Number of frames: 1
        - Number of future frames: 29
        - Reward types: ['horizontal_position']
        - Shapes per trajectory: 1
        - Batch size: 128
        - Model loaded from: reward_induced/models/encoder/encoder_HorPosReward_final.pt
True rewards from 0th traj: tensor([[0.3089, 0.3171, 0.3253, 0.3335, 0.3416, 0.3498, 0.3580, 0.3662, 0.3743,
         0.3825, 0.3907, 0.3989, 0.4070, 0.4152, 0.4234, 0.4315, 0.4397, 0.4479,
         0.4561, 0.4642, 0.4724, 0.4806, 0.4888, 0.4969, 0.5051, 0.5133, 0.5215,
         0.5296, 0.5378]], device='cuda:0')
Predicted rewards from 0th traj: tensor([[0.2844, 0.3159, 0.3044, 0.3242, 0.3458, 0.3444, 0.3677, 0.3605, 0.3800,
         0.3738, 0.3972, 0.3915, 0.4092, 0.4089, 0.4257, 0.4293, 0.4399, 0.4418,
         0.4552, 0.4560, 0.4757, 0.4739, 0.4909, 0.4899, 0.5054, 0.4963, 0.5155,
         0.5215, 0.5539]], device='cuda:0')
Losses:
    - horizontal_position	: 0.0001752696407493204
Evaluation complete.
