[INFO] Loaded Reward Predictor from reward_induced/models/encoder/encoder_dist1_final.pt
[INFO] Evaluating Reward Predictor with the following configuration:
        - Input shape: (3,64,64)
        - Number of frames: 1
        - Number of future frames: 29
        - Reward types: ['agent_x', 'agent_y', 'target_x', 'target_y']
        - Shapes per trajectory: 3
        - Batch size: 128
        - Model loaded from: reward_induced/models/encoder/encoder_dist1_final.pt
True rewards from 0th traj: tensor([[0.1450, 0.1750, 0.2050, 0.2350, 0.2650, 0.2950, 0.3250, 0.3550, 0.3850,
         0.4150, 0.4450, 0.4750, 0.5050, 0.5350, 0.5650, 0.5950, 0.6250, 0.6550,
         0.6850, 0.7150, 0.7450, 0.7750, 0.8050, 0.8350, 0.8650, 0.8950, 0.8750,
         0.8451, 0.8151],
        [0.4808, 0.5196, 0.5584, 0.5972, 0.6360, 0.6748, 0.7136, 0.7524, 0.7912,
         0.8300, 0.8688, 0.8924, 0.8536, 0.8148, 0.7760, 0.7372, 0.6984, 0.6597,
         0.6209, 0.5821, 0.5433, 0.5045, 0.4657, 0.4269, 0.3881, 0.3493, 0.3105,
         0.2717, 0.2329],
        [0.5691, 0.5855, 0.6019, 0.6184, 0.6348, 0.6512, 0.6676, 0.6840, 0.7004,
         0.7168, 0.7332, 0.7496, 0.7660, 0.7824, 0.7988, 0.8152, 0.8316, 0.8480,
         0.8644, 0.8809, 0.8973, 0.8863, 0.8699, 0.8535, 0.8371, 0.8207, 0.8043,
         0.7879, 0.7715],
        [0.4231, 0.4695, 0.5159, 0.5623, 0.6087, 0.6551, 0.7015, 0.7479, 0.7943,
         0.8407, 0.8871, 0.8664, 0.8200, 0.7736, 0.7272, 0.6808, 0.6344, 0.5880,
         0.5416, 0.4952, 0.4488, 0.4024, 0.3560, 0.3096, 0.2632, 0.2168, 0.1704,
         0.1240, 0.1224]], device='cuda:0')
Predicted rewards from 0th traj: tensor([[0.2636, 0.2544, 0.3124, 0.2429, 0.3378, 0.3487, 0.4793, 0.5282, 0.5222,
         0.4891, 0.4737, 0.5405, 0.6098, 0.6639, 0.6613, 0.6977, 0.7045, 0.7549,
         0.7639, 0.7554, 0.7828, 0.7916, 0.7980, 0.7927, 0.7971, 0.8554, 0.8676,
         0.8682, 0.7422],
        [0.3980, 0.4061, 0.4232, 0.5305, 0.5102, 0.7389, 0.7995, 0.7663, 0.7474,
         0.7502, 0.7047, 0.7219, 0.7507, 0.6697, 0.6232, 0.7222, 0.7060, 0.7522,
         0.7321, 0.6494, 0.6544, 0.6830, 0.6927, 0.4862, 0.3659, 0.3153, 0.4231,
         0.4973, 0.2672],
        [0.5413, 0.5534, 0.5925, 0.6375, 0.6607, 0.4796, 0.4618, 0.5058, 0.6310,
         0.6648, 0.7693, 0.7612, 0.6842, 0.8019, 0.7963, 0.7138, 0.8009, 0.7919,
         0.8110, 0.8290, 0.8365, 0.8328, 0.8154, 0.8244, 0.8338, 0.8482, 0.8306,
         0.7984, 0.7846],
        [0.3618, 0.4138, 0.5101, 0.5477, 0.5686, 0.6786, 0.7581, 0.7666, 0.8137,
         0.8288, 0.8417, 0.8926, 0.8907, 0.8182, 0.7821, 0.7722, 0.6290, 0.6015,
         0.5736, 0.5099, 0.4972, 0.4224, 0.3796, 0.3590, 0.3776, 0.3010, 0.2540,
         0.1671, 0.1596]], device='cuda:0')
Losses:
    - agent_x	: 0.008076979778707027
    - agent_y	: 0.007482656743377447
    - target_x	: 0.0014046136057004333
    - target_y	: 0.0011913274647668004
Evaluation complete.
