[INFO] Training Reward Predictor on device: cuda
[INFO] Training with the following configuration:
        - Input shape: (3,64,64)
        - Number of frames: 1
        - Number of future frames: 29
        - Reward types: ['horizontal_position']
        - Number of iterations: 1000
        - Shapes per trajectory: 1
        - Batch size: 64
[100/1000] Loss: 0.05719072371721268
[200/1000] Loss: 0.04986733943223953
[300/1000] Loss: 0.056591182947158813
[400/1000] Loss: 0.05311211198568344
Intermediate model save at reward_induced/models/encoder/encoder_HorPosReward_400.pt
[500/1000] Loss: 0.003248547902330756
[600/1000] Loss: 0.0005232066614553332
[700/1000] Loss: 0.0004804696363862604
[800/1000] Loss: 0.00032395534799434245
Intermediate model save at reward_induced/models/encoder/encoder_HorPosReward_800.pt
[900/1000] Loss: 0.00028875182033516467
[1000/1000] Loss: 0.0002456901711411774
Loss plot saved at reward_induced/logs/encoder/encoder_HorPosReward.png
Final model saved at reward_induced/models/encoder/encoder_HorPosReward_final.pt
Training complete.
