[INFO] Training Reward Predictor on device: cuda
[INFO] Training with the following configuration:
        - Input shape: (3,64,64)
        - Number of frames: 1
        - Number of future frames: 29
        - Reward types: ['vertical_position']
        - Number of iterations: 1000
        - Shapes per trajectory: 1
        - Batch size: 64
[100/1000] Loss: 0.04991237074136734
[200/1000] Loss: 0.05352783203125
[300/1000] Loss: 0.006461937911808491
[400/1000] Loss: 0.0005799480131827295
Intermediate model save at reward_induced/models/encoder/encoder_VertPosReward_400.pt
[500/1000] Loss: 0.00033665666705928743
[600/1000] Loss: 0.0002580882573965937
[700/1000] Loss: 0.00022448816162068397
[800/1000] Loss: 0.0001781733735697344
Intermediate model save at reward_induced/models/encoder/encoder_VertPosReward_800.pt
[900/1000] Loss: 0.00015067339700181037
[1000/1000] Loss: 0.000165818928508088
Loss plot saved at reward_induced/logs/encoder/encoder_VertPosReward.png
Final model saved at reward_induced/models/encoder/encoder_VertPosReward_final.pt
Training complete.
