[INFO] Learning Configuration:
            Policy
                - Policy type:      oracle
                - Policy network:   MLPActorCritic(
  (actor): Sequential(
    (0): Linear(in_features=6, out_features=32, bias=True)
    (1): ReLU()
    (2): Linear(in_features=32, out_features=2, bias=True)
    (3): Tanh()
  )
  (critic): Sequential(
    (0): Linear(in_features=6, out_features=32, bias=True)
    (1): ReLU()
    (2): Linear(in_features=32, out_features=1, bias=True)
  )
)
            Environment
                - Env name:         SpritesState-v1
                - Num envs:         4
                - Spec:             EnvSpec(id='SpritesState-v1', entry_point='sprites_env.envs.sprites:SpritesStateEnv', reward_threshold=None, nondeterministic=False, max_episode_steps=None, order_enforce=True, disable_env_checker=False, kwargs={'n_distractors': 1, 'num_envs': 4, 'vectorization_mode': 'sync'}, namespace=None, name='SpritesState', version=1, additional_wrappers=(), vector_entry_point=None)
            Rollout
                - Rollout Steps:    2048
            Training
                - Total timesteps:  1048576
                - N epochs:         10
                - Batch size:       64
                - gamma (discount): 0.99
                - GAE lambda:       0.95
                - clip range:       0.2
                - Normalize adv:    True
                - Entropy coef:     0.01
                - Value coef:       0.5
                - Optimizer:        Adam
                - Learning rate:    0.0003
            Device
                - Device:           cuda
            Verbosity
                - Verbose level:    1
                - Log interval:     10
        
[INFO] Update 0 (0 / 1048576 steps)
    (Validation) Returns: 26.52771307782483 +/- 3.62687770056211
[INFO] Update 1 (8192 / 1048576 steps)
    (Validation) Returns: 28.100888373060094 +/- 3.7712369855336094
[INFO] Update 2 (16384 / 1048576 steps)
    (Validation) Returns: 28.621121093889695 +/- 3.7042459316113785
[INFO] Update 3 (24576 / 1048576 steps)
    (Validation) Returns: 28.67867227468189 +/- 3.2843532222845813
[INFO] Update 4 (32768 / 1048576 steps)
    (Validation) Returns: 28.852255296749274 +/- 3.5923222834982664
[INFO] Update 5 (40960 / 1048576 steps)
    (Validation) Returns: 28.812146314 +/- 3.1948255897684885
[INFO] Update 6 (49152 / 1048576 steps)
    (Validation) Returns: 29.155489408309393 +/- 3.236847187438352
[INFO] Update 7 (57344 / 1048576 steps)
    (Validation) Returns: 29.330506053629648 +/- 2.859606915648529
[INFO] Update 8 (65536 / 1048576 steps)
    (Validation) Returns: 28.81266748931994 +/- 3.1054673040263965
[INFO] Update 9 (73728 / 1048576 steps)
    (Validation) Returns: 28.781619128516304 +/- 2.579251145969331
[INFO] Update 10 (81920 / 1048576 steps)
    (Validation) Returns: 29.31277025579747 +/- 3.6744687238554388
[INFO] Update 11 (90112 / 1048576 steps)
    (Validation) Returns: 29.01283362511676 +/- 3.3322894670856664
[INFO] Update 12 (98304 / 1048576 steps)
    (Validation) Returns: 29.573478598582597 +/- 2.158208270945959
[INFO] Update 13 (106496 / 1048576 steps)
    (Validation) Returns: 29.456961436628898 +/- 3.0871542517084065
[INFO] Update 14 (114688 / 1048576 steps)
    (Validation) Returns: 29.41563759213674 +/- 3.3520682877646677
[INFO] Update 15 (122880 / 1048576 steps)
    (Validation) Returns: 30.345202613185393 +/- 2.3920535753226733
[INFO] Update 16 (131072 / 1048576 steps)
    (Validation) Returns: 29.646640783399835 +/- 2.886295463573912
[INFO] Update 17 (139264 / 1048576 steps)
    (Validation) Returns: 30.07405641014818 +/- 2.4330436321483924
[INFO] Update 18 (147456 / 1048576 steps)
    (Validation) Returns: 30.044079821150017 +/- 2.828869278840449
[INFO] Update 19 (155648 / 1048576 steps)
    (Validation) Returns: 30.52944703161707 +/- 2.732862533897534
[INFO] Update 20 (163840 / 1048576 steps)
    (Validation) Returns: 31.0396746855468 +/- 2.417677209951111
[INFO] Update 21 (172032 / 1048576 steps)
    (Validation) Returns: 29.83815536581385 +/- 2.350519950333426
[INFO] Update 22 (180224 / 1048576 steps)
    (Validation) Returns: 30.752195196651314 +/- 2.264474079434503
[INFO] Update 23 (188416 / 1048576 steps)
    (Validation) Returns: 30.687382945804096 +/- 2.3580925806240938
[INFO] Update 24 (196608 / 1048576 steps)
    (Validation) Returns: 31.31635145609272 +/- 1.8050062743873567
[INFO] Update 25 (204800 / 1048576 steps)
    (Validation) Returns: 30.491535553830897 +/- 2.4375689991826417
[INFO] Update 26 (212992 / 1048576 steps)
    (Validation) Returns: 31.47713675946086 +/- 2.1817547298599336
[INFO] Update 27 (221184 / 1048576 steps)
    (Validation) Returns: 31.179104902316556 +/- 2.376466199745908
[INFO] Update 28 (229376 / 1048576 steps)
    (Validation) Returns: 31.107635264978263 +/- 1.8285485430544368
[INFO] Update 29 (237568 / 1048576 steps)
    (Validation) Returns: 31.26560975108635 +/- 2.105271647316354
[INFO] Update 30 (245760 / 1048576 steps)
    (Validation) Returns: 31.084554590438255 +/- 2.2359368012080463
[INFO] Update 31 (253952 / 1048576 steps)
    (Validation) Returns: 31.024981203105312 +/- 2.1932919281786845
[INFO] Update 32 (262144 / 1048576 steps)
    (Validation) Returns: 31.838790980023372 +/- 1.6115179468247822
[INFO] Update 33 (270336 / 1048576 steps)
    (Validation) Returns: 31.90913023676585 +/- 2.588816683297248
[INFO] Update 34 (278528 / 1048576 steps)
    (Validation) Returns: 31.928027834116268 +/- 2.1021290174817375
[INFO] Update 35 (286720 / 1048576 steps)
    (Validation) Returns: 31.862271166672507 +/- 2.160913732724904
[INFO] Update 36 (294912 / 1048576 steps)
    (Validation) Returns: 31.610427573783163 +/- 1.362525462859277
[INFO] Update 37 (303104 / 1048576 steps)
    (Validation) Returns: 31.993948317217928 +/- 1.5544453533928824
[INFO] Update 38 (311296 / 1048576 steps)
    (Validation) Returns: 31.59501386012399 +/- 1.9334707461313594
[INFO] Update 39 (319488 / 1048576 steps)
    (Validation) Returns: 32.64132877650259 +/- 2.0615364845205453
[INFO] Update 40 (327680 / 1048576 steps)
    (Validation) Returns: 31.787943674990878 +/- 1.9471107198559512
[INFO] Update 41 (335872 / 1048576 steps)
    (Validation) Returns: 32.186589409230365 +/- 1.7723908621954958
[INFO] Update 42 (344064 / 1048576 steps)
    (Validation) Returns: 31.632291167325292 +/- 1.5447251910015936
[INFO] Update 43 (352256 / 1048576 steps)
    (Validation) Returns: 32.30225389710533 +/- 1.4227024240915958
[INFO] Update 44 (360448 / 1048576 steps)
    (Validation) Returns: 32.78370486806838 +/- 2.03383895609866
[INFO] Update 45 (368640 / 1048576 steps)
    (Validation) Returns: 31.91493047161348 +/- 1.9492375137065485
[INFO] Update 46 (376832 / 1048576 steps)
    (Validation) Returns: 32.1975005824224 +/- 1.7024502005818722
[INFO] Update 47 (385024 / 1048576 steps)
    (Validation) Returns: 31.970100525473946 +/- 2.0790865197285293
[INFO] Update 48 (393216 / 1048576 steps)
    (Validation) Returns: 32.440704507394145 +/- 1.9959955143208508
[INFO] Update 49 (401408 / 1048576 steps)
    (Validation) Returns: 31.96346736861441 +/- 1.8766150601784433
[INFO] Update 50 (409600 / 1048576 steps)
    (Validation) Returns: 32.45594865050176 +/- 1.8028130705243428
[INFO] Update 51 (417792 / 1048576 steps)
    (Validation) Returns: 32.49293404364252 +/- 1.8138496373399606
[INFO] Update 52 (425984 / 1048576 steps)
    (Validation) Returns: 32.38328760167199 +/- 1.6810019248626393
[INFO] Update 53 (434176 / 1048576 steps)
    (Validation) Returns: 32.57801238562822 +/- 2.028584600417355
[INFO] Update 54 (442368 / 1048576 steps)
    (Validation) Returns: 32.62866238769285 +/- 1.7048928344118213
[INFO] Update 55 (450560 / 1048576 steps)
    (Validation) Returns: 32.420043460256544 +/- 1.4212280775228525
[INFO] Update 56 (458752 / 1048576 steps)
    (Validation) Returns: 32.61413897711507 +/- 1.8386242673084898
[INFO] Update 57 (466944 / 1048576 steps)
    (Validation) Returns: 32.26268518700897 +/- 2.083567247164669
[INFO] Update 58 (475136 / 1048576 steps)
    (Validation) Returns: 32.49130781475043 +/- 1.6613273217681916
[INFO] Update 59 (483328 / 1048576 steps)
    (Validation) Returns: 32.407888769973226 +/- 1.6816943009742031
[INFO] Update 60 (491520 / 1048576 steps)
    (Validation) Returns: 32.78155173250949 +/- 1.9108583957233551
[INFO] Update 61 (499712 / 1048576 steps)
    (Validation) Returns: 32.35473424693108 +/- 1.779363061644403
[INFO] Update 62 (507904 / 1048576 steps)
    (Validation) Returns: 32.898594529581864 +/- 1.7774730149520344
[INFO] Update 63 (516096 / 1048576 steps)
    (Validation) Returns: 32.68534815085785 +/- 1.5839153245727058
[INFO] Update 64 (524288 / 1048576 steps)
    (Validation) Returns: 33.37384620562257 +/- 1.557687717310333
[INFO] Update 65 (532480 / 1048576 steps)
    (Validation) Returns: 32.498906040840254 +/- 1.3359341903889672
[INFO] Update 66 (540672 / 1048576 steps)
    (Validation) Returns: 32.773962073374115 +/- 1.7891852852598877
[INFO] Update 67 (548864 / 1048576 steps)
    (Validation) Returns: 32.387307209748386 +/- 1.5532362495978356
[INFO] Update 68 (557056 / 1048576 steps)
    (Validation) Returns: 32.870834769018344 +/- 1.737694268475564
[INFO] Update 69 (565248 / 1048576 steps)
    (Validation) Returns: 32.86829369294396 +/- 1.540450142879457
[INFO] Update 70 (573440 / 1048576 steps)
    (Validation) Returns: 33.28927907617332 +/- 1.8523917746360379
[INFO] Update 71 (581632 / 1048576 steps)
    (Validation) Returns: 33.114886838417675 +/- 1.720216620716037
[INFO] Update 72 (589824 / 1048576 steps)
    (Validation) Returns: 33.04816898395236 +/- 1.8089143720237397
[INFO] Update 73 (598016 / 1048576 steps)
    (Validation) Returns: 33.16768845593007 +/- 1.7332950410706331
[INFO] Update 74 (606208 / 1048576 steps)
    (Validation) Returns: 32.95420606855582 +/- 1.8474190999369395
[INFO] Update 75 (614400 / 1048576 steps)
    (Validation) Returns: 33.007910816015894 +/- 1.6925292306493298
[INFO] Update 76 (622592 / 1048576 steps)
    (Validation) Returns: 33.07954664198098 +/- 1.6989923507489326
[INFO] Update 77 (630784 / 1048576 steps)
    (Validation) Returns: 33.28152219386398 +/- 1.5989013402248813
[INFO] Update 78 (638976 / 1048576 steps)
    (Validation) Returns: 33.66599614312901 +/- 1.6141420146911392
[INFO] Update 79 (647168 / 1048576 steps)
    (Validation) Returns: 32.935455239654736 +/- 1.4579508876418874
[INFO] Update 80 (655360 / 1048576 steps)
    (Validation) Returns: 32.89114149234992 +/- 1.7939428241640076
[INFO] Update 81 (663552 / 1048576 steps)
    (Validation) Returns: 32.835055394457314 +/- 2.0235440921610217
[INFO] Update 82 (671744 / 1048576 steps)
    (Validation) Returns: 33.18207761750023 +/- 1.5103004999587457
[INFO] Update 83 (679936 / 1048576 steps)
    (Validation) Returns: 33.03385783172166 +/- 1.5360187763561335
[INFO] Update 84 (688128 / 1048576 steps)
    (Validation) Returns: 33.8014682333429 +/- 1.5806487929626374
[INFO] Update 85 (696320 / 1048576 steps)
    (Validation) Returns: 33.15692249096222 +/- 1.5273837323550838
[INFO] Update 86 (704512 / 1048576 steps)
    (Validation) Returns: 33.662561542742765 +/- 1.672425794476507
[INFO] Update 87 (712704 / 1048576 steps)
    (Validation) Returns: 32.93204174307452 +/- 1.573362781626776
[INFO] Update 88 (720896 / 1048576 steps)
    (Validation) Returns: 32.67889152440832 +/- 1.6724070983231496
[INFO] Update 89 (729088 / 1048576 steps)
    (Validation) Returns: 32.99359085014893 +/- 1.5308958896783151
[INFO] Update 90 (737280 / 1048576 steps)
    (Validation) Returns: 33.25110142055736 +/- 1.3942738119712614
[INFO] Update 91 (745472 / 1048576 steps)
    (Validation) Returns: 33.30056616032467 +/- 1.169859667875271
[INFO] Update 92 (753664 / 1048576 steps)
    (Validation) Returns: 33.689521485978375 +/- 1.8477632196215017
[INFO] Update 93 (761856 / 1048576 steps)
    (Validation) Returns: 33.66841831592014 +/- 1.6868142610611148
[INFO] Update 94 (770048 / 1048576 steps)
    (Validation) Returns: 33.750912476843595 +/- 1.6306667365890206
[INFO] Update 95 (778240 / 1048576 steps)
    (Validation) Returns: 33.52304702825389 +/- 1.2890581455681984
[INFO] Update 96 (786432 / 1048576 steps)
    (Validation) Returns: 33.57622487157814 +/- 1.6029973643739768
[INFO] Update 97 (794624 / 1048576 steps)
    (Validation) Returns: 33.636806447857836 +/- 1.257101713911576
[INFO] Update 98 (802816 / 1048576 steps)
    (Validation) Returns: 33.658799976867 +/- 1.679962746957079
[INFO] Update 99 (811008 / 1048576 steps)
    (Validation) Returns: 33.81239790390248 +/- 1.3806269180202548
[INFO] Update 100 (819200 / 1048576 steps)
    (Validation) Returns: 33.41967793214355 +/- 1.625765484732614
[INFO] Update 101 (827392 / 1048576 steps)
    (Validation) Returns: 33.65498919525038 +/- 1.956983002637132
[INFO] Update 102 (835584 / 1048576 steps)
    (Validation) Returns: 33.66635114103832 +/- 1.9661174061304754
[INFO] Update 103 (843776 / 1048576 steps)
    (Validation) Returns: 33.562885342599486 +/- 1.49164095096997
[INFO] Update 104 (851968 / 1048576 steps)
    (Validation) Returns: 33.429924890552364 +/- 1.2970281751321546
[INFO] Update 105 (860160 / 1048576 steps)
    (Validation) Returns: 33.21954568494626 +/- 1.5135445549955695
[INFO] Update 106 (868352 / 1048576 steps)
    (Validation) Returns: 33.468551275207446 +/- 1.3345417440601668
[INFO] Update 107 (876544 / 1048576 steps)
    (Validation) Returns: 33.444207091676255 +/- 1.514089763754515
[INFO] Update 108 (884736 / 1048576 steps)
    (Validation) Returns: 33.54263261048665 +/- 1.648895154683511
[INFO] Update 109 (892928 / 1048576 steps)
    (Validation) Returns: 33.65209982199175 +/- 1.464895374586763
[INFO] Update 110 (901120 / 1048576 steps)
    (Validation) Returns: 33.3450241951136 +/- 1.3986761600505813
[INFO] Update 111 (909312 / 1048576 steps)
    (Validation) Returns: 33.39005459748019 +/- 1.6334671503614617
[INFO] Update 112 (917504 / 1048576 steps)
    (Validation) Returns: 33.596998705488375 +/- 1.7574142746500583
[INFO] Update 113 (925696 / 1048576 steps)
    (Validation) Returns: 33.69922024132602 +/- 1.1474749002788227
[INFO] Update 114 (933888 / 1048576 steps)
    (Validation) Returns: 33.99724501792668 +/- 1.4033235891748155
[INFO] Update 115 (942080 / 1048576 steps)
    (Validation) Returns: 33.947186038782526 +/- 1.2485613663767046
[INFO] Update 116 (950272 / 1048576 steps)
    (Validation) Returns: 34.222570098629355 +/- 1.3307988093438234
[INFO] Update 117 (958464 / 1048576 steps)
    (Validation) Returns: 34.143165259128835 +/- 1.2628846199636903
[INFO] Update 118 (966656 / 1048576 steps)
    (Validation) Returns: 33.280266842797914 +/- 1.3846682073021332
[INFO] Update 119 (974848 / 1048576 steps)
    (Validation) Returns: 34.349797959567255 +/- 1.5155617153903862
[INFO] Update 120 (983040 / 1048576 steps)
    (Validation) Returns: 34.42819156096313 +/- 1.374946847103025
[INFO] Update 121 (991232 / 1048576 steps)
    (Validation) Returns: 34.114402092325335 +/- 1.571390265797599
[INFO] Update 122 (999424 / 1048576 steps)
    (Validation) Returns: 34.003979478810066 +/- 1.5665767114187719
[INFO] Update 123 (1007616 / 1048576 steps)
    (Validation) Returns: 34.0276090605898 +/- 1.5123989528437498
[INFO] Update 124 (1015808 / 1048576 steps)
    (Validation) Returns: 33.947941085087066 +/- 1.3743170104350977
[INFO] Update 125 (1024000 / 1048576 steps)
    (Validation) Returns: 33.973303466142106 +/- 1.3015129782486707
[INFO] Update 126 (1032192 / 1048576 steps)
    (Validation) Returns: 33.98414147672047 +/- 1.6691265251355327
[INFO] Update 127 (1040384 / 1048576 steps)
    (Validation) Returns: 33.94183793240866 +/- 1.5092888252514545
[INFO] Training finished (1048576 steps)
[INFO] Model saved at ppo/models/oracle/oracle-SpritesState-v1-1048576steps.pt
