[INFO] Learning Configuration:
            Policy
                - Policy type:      oracle
                - Policy network:   MLPActorCritic(
  (actor): Sequential(
    (0): Linear(in_features=4, out_features=32, bias=True)
    (1): ReLU()
    (2): Linear(in_features=32, out_features=2, bias=True)
    (3): Tanh()
  )
  (critic): Sequential(
    (0): Linear(in_features=4, out_features=32, bias=True)
    (1): ReLU()
    (2): Linear(in_features=32, out_features=1, bias=True)
  )
)
            Environment
                - Env name:         SpritesState-v0
                - Num envs:         4
                - Spec:             EnvSpec(id='SpritesState-v0', entry_point='sprites_env.envs.sprites:SpritesStateEnv', reward_threshold=None, nondeterministic=False, max_episode_steps=None, order_enforce=True, disable_env_checker=False, kwargs={'n_distractors': 0, 'num_envs': 4, 'vectorization_mode': 'sync'}, namespace=None, name='SpritesState', version=0, additional_wrappers=(), vector_entry_point=None)
            Rollout
                - Rollout Steps:    2048
            Training
                - Total timesteps:  4194304
                - N epochs:         10
                - Batch size:       64
                - gamma (discount): 0.99
                - GAE lambda:       0.95
                - clip range:       0.2
                - Normalize adv:    True
                - Entropy coef:     0.01
                - Value coef:       0.5
                - Optimizer:        Adam
                - Learning rate:    0.0003
            Device
                - Device:           cuda
            Verbosity
                - Verbose level:    1
                - Log interval:     10
                - Tensorboard log:  ppo/TB_PPO
        
[INFO] Update 0 (0 / 4194304 steps)
    (Validation) Returns: 28.18105957348353 +/- 3.510314232306906
[INFO] Update 1 (8192 / 4194304 steps)
    (Validation) Returns: 28.953577513707263 +/- 3.285589977059952
[INFO] Update 2 (16384 / 4194304 steps)
    (Validation) Returns: 28.93344844588621 +/- 3.4582853509260465
[INFO] Update 3 (24576 / 4194304 steps)
    (Validation) Returns: 29.377102040563848 +/- 3.2800967145155666
[INFO] Update 4 (32768 / 4194304 steps)
    (Validation) Returns: 29.452775230628003 +/- 2.9631448729650285
[INFO] Update 5 (40960 / 4194304 steps)
    (Validation) Returns: 29.651028791014888 +/- 2.548618833287772
[INFO] Update 6 (49152 / 4194304 steps)
    (Validation) Returns: 29.79850831957051 +/- 2.50495078300315
[INFO] Update 7 (57344 / 4194304 steps)
    (Validation) Returns: 30.070469438842302 +/- 2.5836971464104415
[INFO] Update 8 (65536 / 4194304 steps)
    (Validation) Returns: 30.054640747978727 +/- 2.2260888491504813
[INFO] Update 9 (73728 / 4194304 steps)
    (Validation) Returns: 29.988805138468695 +/- 2.653495824190378
[INFO] Update 10 (81920 / 4194304 steps)
    (Validation) Returns: 29.09875164333435 +/- 2.7835979481319875
[INFO] Update 11 (90112 / 4194304 steps)
    (Validation) Returns: 30.36676194664627 +/- 2.2060896000883683
[INFO] Update 12 (98304 / 4194304 steps)
    (Validation) Returns: 30.55193193938326 +/- 2.471549625204122
[INFO] Update 13 (106496 / 4194304 steps)
    (Validation) Returns: 30.542742380923652 +/- 2.0944275989939904
[INFO] Update 14 (114688 / 4194304 steps)
    (Validation) Returns: 30.48547857932084 +/- 2.5934930416633395
[INFO] Update 15 (122880 / 4194304 steps)
    (Validation) Returns: 30.636981560058757 +/- 2.4116146195860266
[INFO] Update 16 (131072 / 4194304 steps)
    (Validation) Returns: 30.434472752171455 +/- 2.119326972279738
[INFO] Update 17 (139264 / 4194304 steps)
    (Validation) Returns: 30.70607057454461 +/- 1.7538994123282046
[INFO] Update 18 (147456 / 4194304 steps)
    (Validation) Returns: 31.06566284981806 +/- 2.7489638171959854
[INFO] Update 19 (155648 / 4194304 steps)
    (Validation) Returns: 31.404158641859976 +/- 2.035166348832694
[INFO] Update 20 (163840 / 4194304 steps)
    (Validation) Returns: 31.066014277199713 +/- 2.014372762102708
[INFO] Update 21 (172032 / 4194304 steps)
    (Validation) Returns: 31.457039066412097 +/- 1.9354696488254404
[INFO] Update 22 (180224 / 4194304 steps)
    (Validation) Returns: 30.79795328684731 +/- 2.0608888742150406
[INFO] Update 23 (188416 / 4194304 steps)
    (Validation) Returns: 31.29170640685259 +/- 2.2000481958888605
[INFO] Update 24 (196608 / 4194304 steps)
    (Validation) Returns: 31.400408737740214 +/- 2.093683450023807
[INFO] Update 25 (204800 / 4194304 steps)
    (Validation) Returns: 31.493951641542992 +/- 1.719206975475277
[INFO] Update 26 (212992 / 4194304 steps)
    (Validation) Returns: 31.519290872869682 +/- 2.115897672008861
[INFO] Update 27 (221184 / 4194304 steps)
    (Validation) Returns: 31.184931153937214 +/- 1.782401747051692
[INFO] Update 28 (229376 / 4194304 steps)
    (Validation) Returns: 31.420700019518016 +/- 1.7767744894170228
[INFO] Update 29 (237568 / 4194304 steps)
    (Validation) Returns: 31.26917676663757 +/- 1.9409253257596755
[INFO] Update 30 (245760 / 4194304 steps)
    (Validation) Returns: 32.45803549169532 +/- 2.130933812737588
[INFO] Update 31 (253952 / 4194304 steps)
    (Validation) Returns: 32.38808275004739 +/- 1.972402661523676
[INFO] Update 32 (262144 / 4194304 steps)
    (Validation) Returns: 31.77379753357742 +/- 1.849713713693599
[INFO] Update 33 (270336 / 4194304 steps)
    (Validation) Returns: 31.825011357547844 +/- 1.6797607404758341
[INFO] Update 34 (278528 / 4194304 steps)
    (Validation) Returns: 32.06997824719557 +/- 1.7439253010447884
[INFO] Update 35 (286720 / 4194304 steps)
    (Validation) Returns: 31.755191145702543 +/- 1.9591033260767678
[INFO] Update 36 (294912 / 4194304 steps)
    (Validation) Returns: 32.05482858588904 +/- 1.570784603218626
[INFO] Update 37 (303104 / 4194304 steps)
    (Validation) Returns: 32.605000729591076 +/- 2.134884454550095
[INFO] Update 38 (311296 / 4194304 steps)
    (Validation) Returns: 32.144875932590516 +/- 1.4447519378329978
[INFO] Update 39 (319488 / 4194304 steps)
    (Validation) Returns: 32.36598685899865 +/- 1.8957615297979133
[INFO] Update 40 (327680 / 4194304 steps)
    (Validation) Returns: 32.802976118622084 +/- 1.6699992044364596
[INFO] Update 41 (335872 / 4194304 steps)
    (Validation) Returns: 32.05761636135558 +/- 1.2843062061529265
[INFO] Update 42 (344064 / 4194304 steps)
    (Validation) Returns: 32.48449108394339 +/- 1.3895585803706716
[INFO] Update 43 (352256 / 4194304 steps)
    (Validation) Returns: 32.848408865093255 +/- 1.753141957726236
[INFO] Update 44 (360448 / 4194304 steps)
    (Validation) Returns: 32.749421969019366 +/- 1.9954605517631425
[INFO] Update 45 (368640 / 4194304 steps)
    (Validation) Returns: 32.32998847968033 +/- 1.448797738434139
[INFO] Update 46 (376832 / 4194304 steps)
    (Validation) Returns: 33.11046205841783 +/- 1.6462087568334127
[INFO] Update 47 (385024 / 4194304 steps)
    (Validation) Returns: 32.658444256950624 +/- 1.618713088258644
[INFO] Update 48 (393216 / 4194304 steps)
    (Validation) Returns: 33.103209063498355 +/- 1.7667432096395144
[INFO] Update 49 (401408 / 4194304 steps)
    (Validation) Returns: 32.906268913740654 +/- 1.5858352836753997
[INFO] Update 50 (409600 / 4194304 steps)
    (Validation) Returns: 33.07650118471321 +/- 1.7274894776131078
[INFO] Update 51 (417792 / 4194304 steps)
    (Validation) Returns: 33.12527327973862 +/- 1.4712438057505655
[INFO] Update 52 (425984 / 4194304 steps)
    (Validation) Returns: 33.1132759090789 +/- 1.3719671250503598
[INFO] Update 53 (434176 / 4194304 steps)
    (Validation) Returns: 33.31128269084222 +/- 2.0729944400395772
[INFO] Update 54 (442368 / 4194304 steps)
    (Validation) Returns: 33.0259497757026 +/- 1.0640425301864218
[INFO] Update 55 (450560 / 4194304 steps)
    (Validation) Returns: 33.12177006525228 +/- 1.7210102928671807
[INFO] Update 56 (458752 / 4194304 steps)
    (Validation) Returns: 32.868136494416554 +/- 1.6193415256594725
[INFO] Update 57 (466944 / 4194304 steps)
    (Validation) Returns: 33.31339419140952 +/- 1.6013096291525826
[INFO] Update 58 (475136 / 4194304 steps)
    (Validation) Returns: 33.12183595884822 +/- 1.7676847178793422
[INFO] Update 59 (483328 / 4194304 steps)
    (Validation) Returns: 33.29325587668543 +/- 1.6167807102396237
[INFO] Update 60 (491520 / 4194304 steps)
    (Validation) Returns: 33.67142088640925 +/- 1.691376152771541
[INFO] Update 61 (499712 / 4194304 steps)
    (Validation) Returns: 33.134180623076574 +/- 1.5961776294454284
[INFO] Update 62 (507904 / 4194304 steps)
    (Validation) Returns: 33.421013291042144 +/- 1.7576569548703176
[INFO] Update 63 (516096 / 4194304 steps)
    (Validation) Returns: 33.076342069690455 +/- 1.6775208225484326
[INFO] Update 64 (524288 / 4194304 steps)
    (Validation) Returns: 33.249694660801836 +/- 1.4851017987810322
[INFO] Update 65 (532480 / 4194304 steps)
    (Validation) Returns: 32.68689006815409 +/- 1.2637517507525642
[INFO] Update 66 (540672 / 4194304 steps)
    (Validation) Returns: 33.2447663710572 +/- 1.6695736081144406
[INFO] Update 67 (548864 / 4194304 steps)
    (Validation) Returns: 33.52176929495718 +/- 1.9615256640460308
[INFO] Update 68 (557056 / 4194304 steps)
    (Validation) Returns: 33.37113249469934 +/- 1.8341755863098563
[INFO] Update 69 (565248 / 4194304 steps)
    (Validation) Returns: 33.53117158304654 +/- 1.7375688398600346
[INFO] Update 70 (573440 / 4194304 steps)
    (Validation) Returns: 33.122892600059245 +/- 1.4583060444177574
[INFO] Update 71 (581632 / 4194304 steps)
    (Validation) Returns: 33.30116962905207 +/- 1.7345395162211448
[INFO] Update 72 (589824 / 4194304 steps)
    (Validation) Returns: 33.44946572766143 +/- 1.6312214617780658
[INFO] Update 73 (598016 / 4194304 steps)
    (Validation) Returns: 33.20564257706235 +/- 1.4962992104054529
[INFO] Update 74 (606208 / 4194304 steps)
    (Validation) Returns: 33.887480833020916 +/- 1.7260279467033692
[INFO] Update 75 (614400 / 4194304 steps)
    (Validation) Returns: 33.15799106053839 +/- 1.6182435867820677
[INFO] Update 76 (622592 / 4194304 steps)
    (Validation) Returns: 33.47402044683257 +/- 1.4269501160738645
[INFO] Update 77 (630784 / 4194304 steps)
    (Validation) Returns: 33.808578629008025 +/- 1.8133081054182494
[INFO] Update 78 (638976 / 4194304 steps)
    (Validation) Returns: 33.315823596004954 +/- 1.3315856424468082
[INFO] Update 79 (647168 / 4194304 steps)
    (Validation) Returns: 33.69390456758832 +/- 1.6503425279294286
[INFO] Update 80 (655360 / 4194304 steps)
    (Validation) Returns: 33.48369199365535 +/- 1.4186936254263254
[INFO] Update 81 (663552 / 4194304 steps)
    (Validation) Returns: 33.67876890832764 +/- 1.7604969386905112
[INFO] Update 82 (671744 / 4194304 steps)
    (Validation) Returns: 34.20571889455892 +/- 1.7080623129027497
[INFO] Update 83 (679936 / 4194304 steps)
    (Validation) Returns: 33.694512182947854 +/- 1.8582092924207443
[INFO] Update 84 (688128 / 4194304 steps)
    (Validation) Returns: 33.583241909962304 +/- 1.4474182400948048
[INFO] Update 85 (696320 / 4194304 steps)
    (Validation) Returns: 33.36676742680213 +/- 1.5961074944435965
[INFO] Update 86 (704512 / 4194304 steps)
    (Validation) Returns: 33.73009826618018 +/- 1.4411593772688172
[INFO] Update 87 (712704 / 4194304 steps)
    (Validation) Returns: 33.892909825451525 +/- 1.878784741128856
[INFO] Update 88 (720896 / 4194304 steps)
    (Validation) Returns: 34.12962654760419 +/- 1.6533777282169888
[INFO] Update 89 (729088 / 4194304 steps)
    (Validation) Returns: 33.91251241864175 +/- 1.569823358511397
[INFO] Update 90 (737280 / 4194304 steps)
    (Validation) Returns: 33.47963097061736 +/- 1.6678455110707662
[INFO] Update 91 (745472 / 4194304 steps)
    (Validation) Returns: 33.737440829747584 +/- 1.3805962565290748
[INFO] Update 92 (753664 / 4194304 steps)
    (Validation) Returns: 33.9231526492297 +/- 1.6258553065881556
[INFO] Update 93 (761856 / 4194304 steps)
    (Validation) Returns: 33.91299072550678 +/- 1.8029893033397064
[INFO] Update 94 (770048 / 4194304 steps)
    (Validation) Returns: 33.98638969420843 +/- 1.1631897027995588
[INFO] Update 95 (778240 / 4194304 steps)
    (Validation) Returns: 33.92636849073905 +/- 1.6645071564029033
[INFO] Update 96 (786432 / 4194304 steps)
    (Validation) Returns: 33.84548060999274 +/- 1.3212142724050726
[INFO] Update 97 (794624 / 4194304 steps)
    (Validation) Returns: 33.79734229243396 +/- 1.3717358930388512
[INFO] Update 98 (802816 / 4194304 steps)
    (Validation) Returns: 34.28195107472394 +/- 1.668923034510826
[INFO] Update 99 (811008 / 4194304 steps)
    (Validation) Returns: 33.81792151536973 +/- 1.3823459744677586
[INFO] Update 100 (819200 / 4194304 steps)
    (Validation) Returns: 33.67938524869311 +/- 1.4016922143130126
[INFO] Update 101 (827392 / 4194304 steps)
    (Validation) Returns: 33.89597288788712 +/- 1.5099208144142438
[INFO] Update 102 (835584 / 4194304 steps)
    (Validation) Returns: 34.03937915294991 +/- 1.083005260119972
[INFO] Update 103 (843776 / 4194304 steps)
    (Validation) Returns: 34.165983009719184 +/- 1.6569226448238084
[INFO] Update 104 (851968 / 4194304 steps)
    (Validation) Returns: 33.951694094675034 +/- 1.3988040652281766
[INFO] Update 105 (860160 / 4194304 steps)
    (Validation) Returns: 33.45121742938884 +/- 1.661873908937577
[INFO] Update 106 (868352 / 4194304 steps)
    (Validation) Returns: 34.05914680885227 +/- 1.4412241927872895
[INFO] Update 107 (876544 / 4194304 steps)
    (Validation) Returns: 34.16791818692739 +/- 1.6037435865143244
[INFO] Update 108 (884736 / 4194304 steps)
    (Validation) Returns: 34.2154050942101 +/- 1.7685213679890321
[INFO] Update 109 (892928 / 4194304 steps)
    (Validation) Returns: 33.88080815037163 +/- 1.2908944221925431
[INFO] Update 110 (901120 / 4194304 steps)
    (Validation) Returns: 34.41457503190361 +/- 1.621512918298107
[INFO] Update 111 (909312 / 4194304 steps)
    (Validation) Returns: 34.083553961404114 +/- 1.6656718270774948
[INFO] Update 112 (917504 / 4194304 steps)
    (Validation) Returns: 33.85814204653353 +/- 1.510718307933293
[INFO] Update 113 (925696 / 4194304 steps)
    (Validation) Returns: 34.72589874404833 +/- 1.7753645832742735
[INFO] Update 114 (933888 / 4194304 steps)
    (Validation) Returns: 34.22744387540944 +/- 1.5555380391567109
[INFO] Update 115 (942080 / 4194304 steps)
    (Validation) Returns: 33.98836563694884 +/- 1.3166348582179381
[INFO] Update 116 (950272 / 4194304 steps)
    (Validation) Returns: 33.893311655565746 +/- 1.2376009055203858
[INFO] Update 117 (958464 / 4194304 steps)
    (Validation) Returns: 33.965060066826084 +/- 1.4624682629848493
[INFO] Update 118 (966656 / 4194304 steps)
    (Validation) Returns: 34.61475577840383 +/- 1.3784519647105364
[INFO] Update 119 (974848 / 4194304 steps)
    (Validation) Returns: 34.630842582805656 +/- 1.5809013434128512
[INFO] Update 120 (983040 / 4194304 steps)
    (Validation) Returns: 34.55507378239567 +/- 1.4036329783355606
[INFO] Update 121 (991232 / 4194304 steps)
    (Validation) Returns: 34.37053499239687 +/- 1.517680860606312
[INFO] Update 122 (999424 / 4194304 steps)
    (Validation) Returns: 34.55949866553645 +/- 1.446556507390784
[INFO] Update 123 (1007616 / 4194304 steps)
    (Validation) Returns: 34.17438271530341 +/- 1.216463380066808
[INFO] Update 124 (1015808 / 4194304 steps)
    (Validation) Returns: 34.21049055077303 +/- 1.4113410911052642
[INFO] Update 125 (1024000 / 4194304 steps)
    (Validation) Returns: 34.373957367467696 +/- 1.169467993054722
[INFO] Update 126 (1032192 / 4194304 steps)
    (Validation) Returns: 34.418386851677376 +/- 1.5921512195872243
[INFO] Update 127 (1040384 / 4194304 steps)
    (Validation) Returns: 34.129818705686986 +/- 1.49313626697888
[INFO] Update 128 (1048576 / 4194304 steps)
    (Validation) Returns: 34.66909187735496 +/- 1.4424490981529876
[INFO] Update 129 (1056768 / 4194304 steps)
    (Validation) Returns: 34.30158133658129 +/- 1.644555319658719
[INFO] Update 130 (1064960 / 4194304 steps)
    (Validation) Returns: 34.22174202667647 +/- 1.5225816345354468
[INFO] Update 131 (1073152 / 4194304 steps)
    (Validation) Returns: 34.46444038736977 +/- 1.4650202743708576
[INFO] Update 132 (1081344 / 4194304 steps)
    (Validation) Returns: 34.246025879442655 +/- 1.2878861737094067
[INFO] Update 133 (1089536 / 4194304 steps)
    (Validation) Returns: 34.406917976382374 +/- 1.6116362943822116
[INFO] Update 134 (1097728 / 4194304 steps)
    (Validation) Returns: 34.386178469446435 +/- 1.4074999014591882
[INFO] Update 135 (1105920 / 4194304 steps)
    (Validation) Returns: 34.292939344243635 +/- 1.3658083046240332
[INFO] Update 136 (1114112 / 4194304 steps)
    (Validation) Returns: 34.43881275819763 +/- 1.0888632558652749
[INFO] Update 137 (1122304 / 4194304 steps)
    (Validation) Returns: 34.15293700997073 +/- 1.8823770830810993
[INFO] Update 138 (1130496 / 4194304 steps)
    (Validation) Returns: 34.629011735335176 +/- 1.581178367526551
[INFO] Update 139 (1138688 / 4194304 steps)
    (Validation) Returns: 34.25886932632854 +/- 1.6672438511272119
[INFO] Update 140 (1146880 / 4194304 steps)
    (Validation) Returns: 34.42768819854582 +/- 1.3689029175766008
[INFO] Update 141 (1155072 / 4194304 steps)
    (Validation) Returns: 33.940751553910516 +/- 1.5609338738004535
[INFO] Update 142 (1163264 / 4194304 steps)
    (Validation) Returns: 34.35456170704846 +/- 1.4108177085739413
[INFO] Update 143 (1171456 / 4194304 steps)
    (Validation) Returns: 34.48049855675139 +/- 1.5086444092433713
[INFO] Update 144 (1179648 / 4194304 steps)
    (Validation) Returns: 34.519928550555385 +/- 1.6644148392419322
[INFO] Update 145 (1187840 / 4194304 steps)
    (Validation) Returns: 34.040364039015785 +/- 1.5686508422814829
[INFO] Update 146 (1196032 / 4194304 steps)
    (Validation) Returns: 34.54632334721977 +/- 1.1364548418128753
[INFO] Update 147 (1204224 / 4194304 steps)
    (Validation) Returns: 34.40578945323445 +/- 1.5224282705852115
[INFO] Update 148 (1212416 / 4194304 steps)
    (Validation) Returns: 34.592161478130706 +/- 1.535813239036483
[INFO] Update 149 (1220608 / 4194304 steps)
    (Validation) Returns: 34.49391562499308 +/- 1.524759068140303
[INFO] Update 150 (1228800 / 4194304 steps)
    (Validation) Returns: 34.40797358077526 +/- 1.4465812662766833
[INFO] Update 151 (1236992 / 4194304 steps)
    (Validation) Returns: 34.5640190626203 +/- 1.3231739678025516
[INFO] Update 152 (1245184 / 4194304 steps)
    (Validation) Returns: 34.06673033952809 +/- 1.4489822790530367
[INFO] Update 153 (1253376 / 4194304 steps)
    (Validation) Returns: 34.15167428703874 +/- 1.317602391508544
[INFO] Update 154 (1261568 / 4194304 steps)
    (Validation) Returns: 34.42886134332612 +/- 1.2713610272947309
[INFO] Update 155 (1269760 / 4194304 steps)
    (Validation) Returns: 34.4908096687505 +/- 1.764651334585421
[INFO] Update 156 (1277952 / 4194304 steps)
    (Validation) Returns: 34.737456534567585 +/- 1.339871967872255
[INFO] Update 157 (1286144 / 4194304 steps)
    (Validation) Returns: 34.64003214650839 +/- 1.6530474019926458
[INFO] Update 158 (1294336 / 4194304 steps)
    (Validation) Returns: 34.92083797368433 +/- 1.3667926360286653
[INFO] Update 159 (1302528 / 4194304 steps)
    (Validation) Returns: 35.05423114666202 +/- 1.5471258035880637
[INFO] Update 160 (1310720 / 4194304 steps)
    (Validation) Returns: 34.682488359413355 +/- 1.4565256597563798
[INFO] Update 161 (1318912 / 4194304 steps)
    (Validation) Returns: 34.252469178622746 +/- 1.5664954584227697
[INFO] Update 162 (1327104 / 4194304 steps)
    (Validation) Returns: 34.741530623118784 +/- 1.6583378099973272
[INFO] Update 163 (1335296 / 4194304 steps)
    (Validation) Returns: 34.8144508836754 +/- 1.454575105010765
[INFO] Update 164 (1343488 / 4194304 steps)
    (Validation) Returns: 34.84751971299916 +/- 1.4139385928187056
[INFO] Update 165 (1351680 / 4194304 steps)
    (Validation) Returns: 34.80906927614204 +/- 1.21184819026938
[INFO] Update 166 (1359872 / 4194304 steps)
    (Validation) Returns: 34.475479425387995 +/- 1.4742705710915855
[INFO] Update 167 (1368064 / 4194304 steps)
    (Validation) Returns: 34.89281065673136 +/- 1.4357968632714535
[INFO] Update 168 (1376256 / 4194304 steps)
    (Validation) Returns: 34.49398658827875 +/- 1.5908770119531217
[INFO] Update 169 (1384448 / 4194304 steps)
    (Validation) Returns: 34.507288315695426 +/- 1.43813719713025
[INFO] Update 170 (1392640 / 4194304 steps)
    (Validation) Returns: 34.82606238916163 +/- 1.5011185343701925
[INFO] Update 171 (1400832 / 4194304 steps)
    (Validation) Returns: 34.55581246348621 +/- 1.3940314301432049
[INFO] Update 172 (1409024 / 4194304 steps)
    (Validation) Returns: 34.857677408711346 +/- 1.6768695897206551
[INFO] Update 173 (1417216 / 4194304 steps)
    (Validation) Returns: 34.175065494607814 +/- 1.3422420112325149
[INFO] Update 174 (1425408 / 4194304 steps)
    (Validation) Returns: 34.82647404321973 +/- 1.2477813725095643
[INFO] Update 175 (1433600 / 4194304 steps)
    (Validation) Returns: 35.04216721007003 +/- 1.4460048557426028
[INFO] Update 176 (1441792 / 4194304 steps)
    (Validation) Returns: 34.751606202907716 +/- 1.428542580541116
[INFO] Update 177 (1449984 / 4194304 steps)
    (Validation) Returns: 34.47964186423479 +/- 1.3960706101586713
[INFO] Update 178 (1458176 / 4194304 steps)
    (Validation) Returns: 34.359656158363165 +/- 1.6028732025602288
[INFO] Update 179 (1466368 / 4194304 steps)
    (Validation) Returns: 34.43269340072048 +/- 1.4593146197848261
[INFO] Update 180 (1474560 / 4194304 steps)
    (Validation) Returns: 34.45336442213022 +/- 1.3641186199720245
[INFO] Update 181 (1482752 / 4194304 steps)
    (Validation) Returns: 34.717028471046376 +/- 1.6607821079561151
[INFO] Update 182 (1490944 / 4194304 steps)
    (Validation) Returns: 34.6762985666112 +/- 1.4159457639841762
[INFO] Update 183 (1499136 / 4194304 steps)
    (Validation) Returns: 34.60268285699202 +/- 1.6519549955396213
[INFO] Update 184 (1507328 / 4194304 steps)
    (Validation) Returns: 34.72415310917036 +/- 1.459475571020825
[INFO] Update 185 (1515520 / 4194304 steps)
    (Validation) Returns: 34.646041134827996 +/- 1.6593414092681387
[INFO] Update 186 (1523712 / 4194304 steps)
    (Validation) Returns: 34.55960614099924 +/- 1.485720208071207
[INFO] Update 187 (1531904 / 4194304 steps)
    (Validation) Returns: 34.98903809075124 +/- 1.4508602360742207
[INFO] Update 188 (1540096 / 4194304 steps)
    (Validation) Returns: 34.75046089379692 +/- 1.4113062607162687
[INFO] Update 189 (1548288 / 4194304 steps)
    (Validation) Returns: 34.81230236457264 +/- 1.4133344471078382
[INFO] Update 190 (1556480 / 4194304 steps)
    (Validation) Returns: 35.04236247925788 +/- 1.2797537310150855
[INFO] Update 191 (1564672 / 4194304 steps)
    (Validation) Returns: 34.98008287726188 +/- 1.351706728038192
[INFO] Update 192 (1572864 / 4194304 steps)
    (Validation) Returns: 34.64243627960742 +/- 1.5174983243639586
[INFO] Update 193 (1581056 / 4194304 steps)
    (Validation) Returns: 34.5849601523724 +/- 1.388197675886213
[INFO] Update 194 (1589248 / 4194304 steps)
    (Validation) Returns: 34.695866136226165 +/- 1.1166360491670406
[INFO] Update 195 (1597440 / 4194304 steps)
    (Validation) Returns: 34.57733048570647 +/- 1.3996230964736784
[INFO] Update 196 (1605632 / 4194304 steps)
    (Validation) Returns: 34.81693763002473 +/- 1.7107478284543491
[INFO] Update 197 (1613824 / 4194304 steps)
    (Validation) Returns: 34.576603355594415 +/- 1.4201184398601847
[INFO] Update 198 (1622016 / 4194304 steps)
    (Validation) Returns: 35.26797865476004 +/- 1.3833225850775048
[INFO] Update 199 (1630208 / 4194304 steps)
    (Validation) Returns: 34.74565915804571 +/- 1.4700554767020548
[INFO] Update 200 (1638400 / 4194304 steps)
    (Validation) Returns: 34.788328499622956 +/- 1.113317347193478
[INFO] Update 201 (1646592 / 4194304 steps)
    (Validation) Returns: 34.80476833362296 +/- 1.5838961189168044
[INFO] Update 202 (1654784 / 4194304 steps)
    (Validation) Returns: 35.05740240450041 +/- 1.5630972616556975
[INFO] Update 203 (1662976 / 4194304 steps)
    (Validation) Returns: 34.41881489722592 +/- 1.4524574482362487
[INFO] Update 204 (1671168 / 4194304 steps)
    (Validation) Returns: 34.66628020615166 +/- 1.5694966555868919
[INFO] Update 205 (1679360 / 4194304 steps)
    (Validation) Returns: 34.87702832402689 +/- 1.3941822160301676
[INFO] Update 206 (1687552 / 4194304 steps)
    (Validation) Returns: 35.198925349303956 +/- 1.5763806581285376
[INFO] Update 207 (1695744 / 4194304 steps)
    (Validation) Returns: 34.60844186255836 +/- 1.2138748542021591
[INFO] Update 208 (1703936 / 4194304 steps)
    (Validation) Returns: 34.76333006466315 +/- 1.2479233761566966
[INFO] Update 209 (1712128 / 4194304 steps)
    (Validation) Returns: 34.94138929577601 +/- 1.3889378522999252
[INFO] Update 210 (1720320 / 4194304 steps)
    (Validation) Returns: 35.251275994996334 +/- 1.441961695846364
[INFO] Update 211 (1728512 / 4194304 steps)
    (Validation) Returns: 35.34577450278399 +/- 1.518767821917171
[INFO] Update 212 (1736704 / 4194304 steps)
    (Validation) Returns: 35.12803356324373 +/- 1.1370576659523461
[INFO] Update 213 (1744896 / 4194304 steps)
    (Validation) Returns: 35.032968843008504 +/- 1.2075342783576442
[INFO] Update 214 (1753088 / 4194304 steps)
    (Validation) Returns: 35.29151509492796 +/- 1.2204666441436476
[INFO] Update 215 (1761280 / 4194304 steps)
    (Validation) Returns: 35.22141382853625 +/- 1.3041438823537412
[INFO] Update 216 (1769472 / 4194304 steps)
    (Validation) Returns: 35.212464233114844 +/- 1.5713298380341354
[INFO] Update 217 (1777664 / 4194304 steps)
    (Validation) Returns: 35.04695816848799 +/- 1.4657639602651213
[INFO] Update 218 (1785856 / 4194304 steps)
    (Validation) Returns: 35.09168592529931 +/- 1.511229951917513
[INFO] Update 219 (1794048 / 4194304 steps)
    (Validation) Returns: 35.14268883406379 +/- 1.1916015837205471
[INFO] Update 220 (1802240 / 4194304 steps)
    (Validation) Returns: 35.09063223976221 +/- 1.2419088181875062
[INFO] Update 221 (1810432 / 4194304 steps)
    (Validation) Returns: 35.2614187995812 +/- 1.3040401485864417
[INFO] Update 222 (1818624 / 4194304 steps)
    (Validation) Returns: 34.86397051182828 +/- 1.446204386124611
[INFO] Update 223 (1826816 / 4194304 steps)
    (Validation) Returns: 34.97892625047048 +/- 1.5400364452663804
[INFO] Update 224 (1835008 / 4194304 steps)
    (Validation) Returns: 34.87421708647724 +/- 1.147739334538963
[INFO] Update 225 (1843200 / 4194304 steps)
    (Validation) Returns: 35.33509879440975 +/- 1.458639683550923
[INFO] Update 226 (1851392 / 4194304 steps)
    (Validation) Returns: 34.78843370416192 +/- 1.2355285441602506
[INFO] Update 227 (1859584 / 4194304 steps)
    (Validation) Returns: 35.037126307735264 +/- 1.6293620889536176
[INFO] Update 228 (1867776 / 4194304 steps)
    (Validation) Returns: 35.028959410262104 +/- 1.3342883445899767
[INFO] Update 229 (1875968 / 4194304 steps)
    (Validation) Returns: 34.91528053421949 +/- 1.1149057314417692
[INFO] Update 230 (1884160 / 4194304 steps)
    (Validation) Returns: 34.9424723509581 +/- 1.247423540919731
[INFO] Update 231 (1892352 / 4194304 steps)
    (Validation) Returns: 35.08328292556876 +/- 1.4052654316120392
[INFO] Update 232 (1900544 / 4194304 steps)
    (Validation) Returns: 35.10546290833561 +/- 1.3241035685744509
[INFO] Update 233 (1908736 / 4194304 steps)
    (Validation) Returns: 35.3493391792522 +/- 1.541143475829633
[INFO] Update 234 (1916928 / 4194304 steps)
    (Validation) Returns: 35.2045997460736 +/- 1.0135469423864476
[INFO] Update 235 (1925120 / 4194304 steps)
    (Validation) Returns: 35.122657058452496 +/- 1.3625344721930512
[INFO] Update 236 (1933312 / 4194304 steps)
    (Validation) Returns: 35.16650842164956 +/- 1.3665488935827796
[INFO] Update 237 (1941504 / 4194304 steps)
    (Validation) Returns: 34.79723617756689 +/- 1.1653282316031022
[INFO] Update 238 (1949696 / 4194304 steps)
    (Validation) Returns: 35.180021800540565 +/- 1.139940644139045
[INFO] Update 239 (1957888 / 4194304 steps)
    (Validation) Returns: 35.378293708203046 +/- 1.4785888440967256
[INFO] Update 240 (1966080 / 4194304 steps)
    (Validation) Returns: 35.45785032777619 +/- 1.5095351752573487
[INFO] Update 241 (1974272 / 4194304 steps)
    (Validation) Returns: 35.3901174712481 +/- 1.2881096949796542
[INFO] Update 242 (1982464 / 4194304 steps)
    (Validation) Returns: 35.40217830719244 +/- 1.3635571005256053
[INFO] Update 243 (1990656 / 4194304 steps)
    (Validation) Returns: 35.01288747819784 +/- 1.5980812897005798
[INFO] Update 244 (1998848 / 4194304 steps)
    (Validation) Returns: 35.51378545477696 +/- 1.1023417775632147
[INFO] Update 245 (2007040 / 4194304 steps)
    (Validation) Returns: 35.19150049821435 +/- 1.3678389148669727
[INFO] Update 246 (2015232 / 4194304 steps)
    (Validation) Returns: 34.616786992126166 +/- 1.5903803675669916
[INFO] Update 247 (2023424 / 4194304 steps)
    (Validation) Returns: 34.90782943339325 +/- 1.3723807658937348
[INFO] Update 248 (2031616 / 4194304 steps)
    (Validation) Returns: 35.33416445001018 +/- 1.192974235130233
[INFO] Update 249 (2039808 / 4194304 steps)
    (Validation) Returns: 35.29295623825651 +/- 1.5042919297960378
[INFO] Update 250 (2048000 / 4194304 steps)
    (Validation) Returns: 35.032942973489995 +/- 1.292522252298376
[INFO] Update 251 (2056192 / 4194304 steps)
    (Validation) Returns: 35.22306784713423 +/- 1.3522058325130235
[INFO] Update 252 (2064384 / 4194304 steps)
    (Validation) Returns: 35.363891564807645 +/- 1.183145841354281
[INFO] Update 253 (2072576 / 4194304 steps)
    (Validation) Returns: 35.15650683038499 +/- 1.0782718879696358
[INFO] Update 254 (2080768 / 4194304 steps)
    (Validation) Returns: 35.50885374091422 +/- 1.2181553675715227
[INFO] Update 255 (2088960 / 4194304 steps)
    (Validation) Returns: 34.9874838068817 +/- 1.3333377765422854
[INFO] Update 256 (2097152 / 4194304 steps)
    (Validation) Returns: 35.5050128480772 +/- 1.382134031241345
[INFO] Update 257 (2105344 / 4194304 steps)
    (Validation) Returns: 35.27715673864549 +/- 1.4906851037169437
[INFO] Update 258 (2113536 / 4194304 steps)
    (Validation) Returns: 34.93147180532088 +/- 1.4606386976896142
[INFO] Update 259 (2121728 / 4194304 steps)
    (Validation) Returns: 35.37735365550409 +/- 1.457455954761051
[INFO] Update 260 (2129920 / 4194304 steps)
    (Validation) Returns: 35.29538743057342 +/- 1.4508369924243238
[INFO] Update 261 (2138112 / 4194304 steps)
    (Validation) Returns: 35.194102701449985 +/- 1.1701623774134635
[INFO] Update 262 (2146304 / 4194304 steps)
    (Validation) Returns: 35.608357787536775 +/- 1.5610301566532967
[INFO] Update 263 (2154496 / 4194304 steps)
    (Validation) Returns: 35.417922030808356 +/- 1.2320374424469585
[INFO] Update 264 (2162688 / 4194304 steps)
    (Validation) Returns: 35.35643265340229 +/- 1.3534809418877563
[INFO] Update 265 (2170880 / 4194304 steps)
    (Validation) Returns: 35.07980590616519 +/- 1.4074988652478941
[INFO] Update 266 (2179072 / 4194304 steps)
    (Validation) Returns: 35.1857111846932 +/- 1.1751601491813508
[INFO] Update 267 (2187264 / 4194304 steps)
    (Validation) Returns: 35.33454946522521 +/- 1.5601792241440473
[INFO] Update 268 (2195456 / 4194304 steps)
    (Validation) Returns: 34.736533591241034 +/- 1.650527231416484
[INFO] Update 269 (2203648 / 4194304 steps)
    (Validation) Returns: 34.93837153111987 +/- 1.1376258207055236
[INFO] Update 270 (2211840 / 4194304 steps)
    (Validation) Returns: 35.09289992066151 +/- 1.1844933440860403
[INFO] Update 271 (2220032 / 4194304 steps)
    (Validation) Returns: 35.54296578562345 +/- 1.2651918819840824
[INFO] Update 272 (2228224 / 4194304 steps)
    (Validation) Returns: 35.14876818650531 +/- 1.4471258406485312
[INFO] Update 273 (2236416 / 4194304 steps)
    (Validation) Returns: 35.3417922162445 +/- 1.2570621845826637
[INFO] Update 274 (2244608 / 4194304 steps)
    (Validation) Returns: 35.399471028796015 +/- 1.2879481255648086
[INFO] Update 275 (2252800 / 4194304 steps)
    (Validation) Returns: 35.14368052554124 +/- 1.4322810324362378
[INFO] Update 276 (2260992 / 4194304 steps)
    (Validation) Returns: 35.1327998459735 +/- 1.1458635003759765
[INFO] Update 277 (2269184 / 4194304 steps)
    (Validation) Returns: 35.54856855030701 +/- 1.2654107229091194
[INFO] Update 278 (2277376 / 4194304 steps)
    (Validation) Returns: 35.43604749778895 +/- 1.461039633717196
[INFO] Update 279 (2285568 / 4194304 steps)
    (Validation) Returns: 35.50869031961486 +/- 1.146741718584911
[INFO] Update 280 (2293760 / 4194304 steps)
    (Validation) Returns: 35.10120901681899 +/- 1.2330297575979636
[INFO] Update 281 (2301952 / 4194304 steps)
    (Validation) Returns: 35.1565942231628 +/- 1.2057696929521091
[INFO] Update 282 (2310144 / 4194304 steps)
    (Validation) Returns: 35.15346074934864 +/- 1.1665967474090861
[INFO] Update 283 (2318336 / 4194304 steps)
    (Validation) Returns: 34.955442590227534 +/- 1.5165072765233851
[INFO] Update 284 (2326528 / 4194304 steps)
    (Validation) Returns: 35.51889507123356 +/- 1.3289929414377124
[INFO] Update 285 (2334720 / 4194304 steps)
    (Validation) Returns: 35.03349201521546 +/- 1.5943145030093893
[INFO] Update 286 (2342912 / 4194304 steps)
    (Validation) Returns: 35.02218040327667 +/- 1.246249930887345
[INFO] Update 287 (2351104 / 4194304 steps)
    (Validation) Returns: 35.03196089115325 +/- 1.315430441412678
[INFO] Update 288 (2359296 / 4194304 steps)
    (Validation) Returns: 35.503420926198615 +/- 1.3265678162810461
[INFO] Update 289 (2367488 / 4194304 steps)
    (Validation) Returns: 35.64337282416956 +/- 1.4805417416128275
[INFO] Update 290 (2375680 / 4194304 steps)
    (Validation) Returns: 35.27291868844671 +/- 1.2623478418340166
[INFO] Update 291 (2383872 / 4194304 steps)
    (Validation) Returns: 35.3547376318906 +/- 1.0583558368351527
[INFO] Update 292 (2392064 / 4194304 steps)
    (Validation) Returns: 35.0330023771824 +/- 1.2758395172790509
[INFO] Update 293 (2400256 / 4194304 steps)
    (Validation) Returns: 35.31623021866897 +/- 1.4160120373247975
[INFO] Update 294 (2408448 / 4194304 steps)
    (Validation) Returns: 35.343849636124524 +/- 1.2304244580356123
[INFO] Update 295 (2416640 / 4194304 steps)
    (Validation) Returns: 35.76890187735089 +/- 1.2889442745836734
[INFO] Update 296 (2424832 / 4194304 steps)
    (Validation) Returns: 35.36379500175659 +/- 1.4302615479145149
[INFO] Update 297 (2433024 / 4194304 steps)
    (Validation) Returns: 35.20431618653098 +/- 1.3300552853024392
[INFO] Update 298 (2441216 / 4194304 steps)
    (Validation) Returns: 35.64828102703475 +/- 1.0230084578263814
[INFO] Update 299 (2449408 / 4194304 steps)
    (Validation) Returns: 35.50827131328633 +/- 1.1295921313639365
[INFO] Update 300 (2457600 / 4194304 steps)
    (Validation) Returns: 35.37292673763148 +/- 0.979850101504197
[INFO] Update 301 (2465792 / 4194304 steps)
    (Validation) Returns: 35.3516882834527 +/- 1.2227899691142654
[INFO] Update 302 (2473984 / 4194304 steps)
    (Validation) Returns: 35.335667092402524 +/- 1.5446898911085583
[INFO] Update 303 (2482176 / 4194304 steps)
    (Validation) Returns: 35.634985268289775 +/- 1.3352788925422554
[INFO] Update 304 (2490368 / 4194304 steps)
    (Validation) Returns: 35.35275451874612 +/- 1.5266418014446104
[INFO] Update 305 (2498560 / 4194304 steps)
    (Validation) Returns: 35.46190888723833 +/- 1.274423066534664
[INFO] Update 306 (2506752 / 4194304 steps)
    (Validation) Returns: 35.414335356895016 +/- 1.3827214865393815
[INFO] Update 307 (2514944 / 4194304 steps)
    (Validation) Returns: 35.378310263583444 +/- 1.3592385344869609
[INFO] Update 308 (2523136 / 4194304 steps)
    (Validation) Returns: 35.52761592118161 +/- 1.268183549274365
[INFO] Update 309 (2531328 / 4194304 steps)
    (Validation) Returns: 35.390366514323134 +/- 1.3493712778732072
[INFO] Update 310 (2539520 / 4194304 steps)
    (Validation) Returns: 35.481798561840684 +/- 1.6103896038603578
[INFO] Update 311 (2547712 / 4194304 steps)
    (Validation) Returns: 35.15995837441896 +/- 1.2227653109507566
[INFO] Update 312 (2555904 / 4194304 steps)
    (Validation) Returns: 35.17564467403513 +/- 1.2401822343822708
[INFO] Update 313 (2564096 / 4194304 steps)
    (Validation) Returns: 35.27244649234937 +/- 1.1689480811414734
[INFO] Update 314 (2572288 / 4194304 steps)
    (Validation) Returns: 35.14001306680917 +/- 1.34701955703381
[INFO] Update 315 (2580480 / 4194304 steps)
    (Validation) Returns: 35.49799875826962 +/- 1.4263198491940645
[INFO] Update 316 (2588672 / 4194304 steps)
    (Validation) Returns: 35.54708895918263 +/- 1.4793910323084525
[INFO] Update 317 (2596864 / 4194304 steps)
    (Validation) Returns: 35.384418129833065 +/- 1.2522178284354646
[INFO] Update 318 (2605056 / 4194304 steps)
    (Validation) Returns: 35.09374959707422 +/- 1.380626421290012
[INFO] Update 319 (2613248 / 4194304 steps)
    (Validation) Returns: 35.45860473021734 +/- 1.294103242031127
[INFO] Update 320 (2621440 / 4194304 steps)
    (Validation) Returns: 35.02832508660243 +/- 1.1229058077353773
[INFO] Update 321 (2629632 / 4194304 steps)
    (Validation) Returns: 35.347574978937004 +/- 1.4659454208814073
[INFO] Update 322 (2637824 / 4194304 steps)
    (Validation) Returns: 35.31472186860775 +/- 1.1813291299185333
[INFO] Update 323 (2646016 / 4194304 steps)
    (Validation) Returns: 34.854640478128886 +/- 1.3918109192215822
[INFO] Update 324 (2654208 / 4194304 steps)
    (Validation) Returns: 35.6430138280403 +/- 1.5265011499367196
[INFO] Update 325 (2662400 / 4194304 steps)
    (Validation) Returns: 35.00094582618816 +/- 1.3122975429340074
[INFO] Update 326 (2670592 / 4194304 steps)
    (Validation) Returns: 35.338741553709625 +/- 1.3212401468480044
[INFO] Update 327 (2678784 / 4194304 steps)
    (Validation) Returns: 35.29718732898939 +/- 1.3043793004476827
[INFO] Update 328 (2686976 / 4194304 steps)
    (Validation) Returns: 35.52239167330534 +/- 1.3248206434259933
[INFO] Update 329 (2695168 / 4194304 steps)
    (Validation) Returns: 35.391322039410724 +/- 1.2404000929973302
[INFO] Update 330 (2703360 / 4194304 steps)
    (Validation) Returns: 35.5760602661051 +/- 1.261645228903833
[INFO] Update 331 (2711552 / 4194304 steps)
    (Validation) Returns: 35.2955839138446 +/- 1.1281653581839552
[INFO] Update 332 (2719744 / 4194304 steps)
    (Validation) Returns: 35.162148804225374 +/- 1.4973601599445365
[INFO] Update 333 (2727936 / 4194304 steps)
    (Validation) Returns: 35.49114537519239 +/- 1.519148474939282
[INFO] Update 334 (2736128 / 4194304 steps)
    (Validation) Returns: 35.482663683899624 +/- 1.2093131993963047
[INFO] Update 335 (2744320 / 4194304 steps)
    (Validation) Returns: 35.47935746888188 +/- 1.3779578954105336
[INFO] Update 336 (2752512 / 4194304 steps)
    (Validation) Returns: 35.59935240033294 +/- 1.1272331408759015
[INFO] Update 337 (2760704 / 4194304 steps)
    (Validation) Returns: 35.66970501325495 +/- 1.367548069037892
[INFO] Update 338 (2768896 / 4194304 steps)
    (Validation) Returns: 35.929898986816944 +/- 1.4032255496594799
[INFO] Update 339 (2777088 / 4194304 steps)
    (Validation) Returns: 35.72005065936274 +/- 1.156461114922552
[INFO] Update 340 (2785280 / 4194304 steps)
    (Validation) Returns: 35.713795545860094 +/- 1.2281716318849187
[INFO] Update 341 (2793472 / 4194304 steps)
    (Validation) Returns: 35.26789063651819 +/- 1.1171655869845922
[INFO] Update 342 (2801664 / 4194304 steps)
    (Validation) Returns: 35.804706650866166 +/- 1.3504132634494717
[INFO] Update 343 (2809856 / 4194304 steps)
    (Validation) Returns: 35.80824937428738 +/- 1.3338767618849452
[INFO] Update 344 (2818048 / 4194304 steps)
    (Validation) Returns: 35.371134521637714 +/- 1.048471468477754
[INFO] Update 345 (2826240 / 4194304 steps)
    (Validation) Returns: 35.757594768717546 +/- 1.2948480176605668
[INFO] Update 346 (2834432 / 4194304 steps)
    (Validation) Returns: 35.690434808673615 +/- 1.2919524755543343
[INFO] Update 347 (2842624 / 4194304 steps)
    (Validation) Returns: 35.87427134712833 +/- 1.3913364437786322
[INFO] Update 348 (2850816 / 4194304 steps)
    (Validation) Returns: 35.61791382360999 +/- 1.322749017280118
[INFO] Update 349 (2859008 / 4194304 steps)
    (Validation) Returns: 35.56689890721636 +/- 1.6797409326695347
[INFO] Update 350 (2867200 / 4194304 steps)
    (Validation) Returns: 35.70287562892203 +/- 1.1528058915846433
[INFO] Update 351 (2875392 / 4194304 steps)
    (Validation) Returns: 35.432980513602296 +/- 1.729369148009152
[INFO] Update 352 (2883584 / 4194304 steps)
    (Validation) Returns: 35.333290647098025 +/- 1.126164127464216
[INFO] Update 353 (2891776 / 4194304 steps)
    (Validation) Returns: 35.60509905286575 +/- 1.2503691239905539
[INFO] Update 354 (2899968 / 4194304 steps)
    (Validation) Returns: 35.89392349004034 +/- 1.4800718884589403
[INFO] Update 355 (2908160 / 4194304 steps)
    (Validation) Returns: 35.48025018682856 +/- 1.2187004947877713
[INFO] Update 356 (2916352 / 4194304 steps)
    (Validation) Returns: 35.519285852353 +/- 1.532040060370197
[INFO] Update 357 (2924544 / 4194304 steps)
    (Validation) Returns: 35.60290005774867 +/- 1.28104915080969
[INFO] Update 358 (2932736 / 4194304 steps)
    (Validation) Returns: 35.92642318124391 +/- 1.1844422848919025
[INFO] Update 359 (2940928 / 4194304 steps)
    (Validation) Returns: 35.574498466905695 +/- 1.255415174916868
[INFO] Update 360 (2949120 / 4194304 steps)
    (Validation) Returns: 35.67622672820353 +/- 1.4163646114988888
[INFO] Update 361 (2957312 / 4194304 steps)
    (Validation) Returns: 35.49903603749403 +/- 1.3917771876153544
[INFO] Update 362 (2965504 / 4194304 steps)
    (Validation) Returns: 35.90223337442537 +/- 1.2271407151046791
[INFO] Update 363 (2973696 / 4194304 steps)
    (Validation) Returns: 35.41665992604376 +/- 1.320378936535571
[INFO] Update 364 (2981888 / 4194304 steps)
    (Validation) Returns: 35.90514480604068 +/- 1.5620150104649229
[INFO] Update 365 (2990080 / 4194304 steps)
    (Validation) Returns: 35.568961760923685 +/- 1.3316679236455014
[INFO] Update 366 (2998272 / 4194304 steps)
    (Validation) Returns: 35.67101239584859 +/- 1.4524782467366508
[INFO] Update 367 (3006464 / 4194304 steps)
    (Validation) Returns: 35.754451992421224 +/- 1.4835069997517891
[INFO] Update 368 (3014656 / 4194304 steps)
    (Validation) Returns: 36.0364470146154 +/- 1.340505506809138
[INFO] Update 369 (3022848 / 4194304 steps)
    (Validation) Returns: 35.948033812503226 +/- 1.1690686110032174
[INFO] Update 370 (3031040 / 4194304 steps)
    (Validation) Returns: 35.93122109676587 +/- 1.3017688826485825
[INFO] Update 371 (3039232 / 4194304 steps)
    (Validation) Returns: 35.76312325197563 +/- 1.6820225185913935
[INFO] Update 372 (3047424 / 4194304 steps)
    (Validation) Returns: 35.511379623191814 +/- 1.4104842407824423
[INFO] Update 373 (3055616 / 4194304 steps)
    (Validation) Returns: 35.87159429380999 +/- 1.253157070421682
[INFO] Update 374 (3063808 / 4194304 steps)
    (Validation) Returns: 35.410550861426806 +/- 1.3168565554304803
[INFO] Update 375 (3072000 / 4194304 steps)
    (Validation) Returns: 35.95766467232924 +/- 1.2844007074354915
[INFO] Update 376 (3080192 / 4194304 steps)
    (Validation) Returns: 35.885906080684414 +/- 1.1229535835096562
[INFO] Update 377 (3088384 / 4194304 steps)
    (Validation) Returns: 35.089418843816645 +/- 1.4905821346694688
[INFO] Update 378 (3096576 / 4194304 steps)
    (Validation) Returns: 35.73947508448114 +/- 1.224655377773656
[INFO] Update 379 (3104768 / 4194304 steps)
    (Validation) Returns: 35.86063308896777 +/- 1.4643370016085269
[INFO] Update 380 (3112960 / 4194304 steps)
    (Validation) Returns: 35.38474800682736 +/- 1.5325312320562878
[INFO] Update 381 (3121152 / 4194304 steps)
    (Validation) Returns: 35.520019107076976 +/- 1.6658150765019426
[INFO] Update 382 (3129344 / 4194304 steps)
    (Validation) Returns: 35.7044804682743 +/- 1.581521464071559
[INFO] Update 383 (3137536 / 4194304 steps)
    (Validation) Returns: 35.47436486236459 +/- 1.3477692028963477
[INFO] Update 384 (3145728 / 4194304 steps)
    (Validation) Returns: 35.31026952643319 +/- 1.2085988688333376
[INFO] Update 385 (3153920 / 4194304 steps)
    (Validation) Returns: 35.75917267357176 +/- 1.4171685374395735
[INFO] Update 386 (3162112 / 4194304 steps)
    (Validation) Returns: 35.54611715329037 +/- 1.327896482364062
[INFO] Update 387 (3170304 / 4194304 steps)
    (Validation) Returns: 35.83238543727862 +/- 1.569601971316668
[INFO] Update 388 (3178496 / 4194304 steps)
    (Validation) Returns: 35.61667671156099 +/- 1.3856752074996324
[INFO] Update 389 (3186688 / 4194304 steps)
    (Validation) Returns: 35.66200380469495 +/- 1.2977663400813446
[INFO] Update 390 (3194880 / 4194304 steps)
    (Validation) Returns: 35.78893419040399 +/- 1.2619334904768444
[INFO] Update 391 (3203072 / 4194304 steps)
    (Validation) Returns: 35.7011731942399 +/- 1.1463542218353513
[INFO] Update 392 (3211264 / 4194304 steps)
    (Validation) Returns: 35.61290971508596 +/- 1.5235852408930213
[INFO] Update 393 (3219456 / 4194304 steps)
    (Validation) Returns: 35.61764391173938 +/- 1.2975610874656378
[INFO] Update 394 (3227648 / 4194304 steps)
    (Validation) Returns: 35.72652316792524 +/- 1.4174345028386905
[INFO] Update 395 (3235840 / 4194304 steps)
    (Validation) Returns: 36.02152129386583 +/- 1.4502948178458874
[INFO] Update 396 (3244032 / 4194304 steps)
    (Validation) Returns: 35.679841815037335 +/- 1.354439236723259
[INFO] Update 397 (3252224 / 4194304 steps)
    (Validation) Returns: 35.651735958580346 +/- 1.2913051616348448
[INFO] Update 398 (3260416 / 4194304 steps)
    (Validation) Returns: 35.441429577747215 +/- 1.402461348860566
[INFO] Update 399 (3268608 / 4194304 steps)
    (Validation) Returns: 35.860743773535056 +/- 1.1564823775875135
[INFO] Update 400 (3276800 / 4194304 steps)
    (Validation) Returns: 35.71258303616629 +/- 1.291489803598366
[INFO] Update 401 (3284992 / 4194304 steps)
    (Validation) Returns: 35.82390295595162 +/- 1.1629859513177625
[INFO] Update 402 (3293184 / 4194304 steps)
    (Validation) Returns: 36.05055460909566 +/- 0.9941083431569192
[INFO] Update 403 (3301376 / 4194304 steps)
    (Validation) Returns: 35.558844593991694 +/- 1.3734928264645005
[INFO] Update 404 (3309568 / 4194304 steps)
    (Validation) Returns: 35.55807788577558 +/- 1.2031686079167723
[INFO] Update 405 (3317760 / 4194304 steps)
    (Validation) Returns: 35.61541076767974 +/- 1.364588750278976
[INFO] Update 406 (3325952 / 4194304 steps)
    (Validation) Returns: 36.19682186844137 +/- 1.4464929964040718
[INFO] Update 407 (3334144 / 4194304 steps)
    (Validation) Returns: 35.583639007709316 +/- 1.243145748715853
[INFO] Update 408 (3342336 / 4194304 steps)
    (Validation) Returns: 35.57047314026181 +/- 1.3179100572409845
[INFO] Update 409 (3350528 / 4194304 steps)
    (Validation) Returns: 35.77756849591337 +/- 1.1522415942550386
[INFO] Update 410 (3358720 / 4194304 steps)
    (Validation) Returns: 35.502258727155265 +/- 1.2581500473078238
[INFO] Update 411 (3366912 / 4194304 steps)
    (Validation) Returns: 35.75899563021996 +/- 1.2971620028420967
[INFO] Update 412 (3375104 / 4194304 steps)
    (Validation) Returns: 35.75200194660888 +/- 1.3176928410008815
[INFO] Update 413 (3383296 / 4194304 steps)
    (Validation) Returns: 35.82564827422372 +/- 1.282416872278482
[INFO] Update 414 (3391488 / 4194304 steps)
    (Validation) Returns: 35.764770111654734 +/- 1.095190450371218
[INFO] Update 415 (3399680 / 4194304 steps)
    (Validation) Returns: 35.856714291322845 +/- 1.1511337993181927
[INFO] Update 416 (3407872 / 4194304 steps)
    (Validation) Returns: 35.44907059204762 +/- 1.36163484187019
[INFO] Update 417 (3416064 / 4194304 steps)
    (Validation) Returns: 35.92783906728057 +/- 1.3872183022740334
[INFO] Update 418 (3424256 / 4194304 steps)
    (Validation) Returns: 35.75811370562906 +/- 0.9945256486963452
[INFO] Update 419 (3432448 / 4194304 steps)
    (Validation) Returns: 36.15024426913965 +/- 1.3846436308785597
[INFO] Update 420 (3440640 / 4194304 steps)
    (Validation) Returns: 35.83981029365052 +/- 1.2818341054530777
[INFO] Update 421 (3448832 / 4194304 steps)
    (Validation) Returns: 35.570771240088916 +/- 1.32498265273862
[INFO] Update 422 (3457024 / 4194304 steps)
    (Validation) Returns: 35.4385673111827 +/- 1.3901631593402015
[INFO] Update 423 (3465216 / 4194304 steps)
    (Validation) Returns: 35.31571623321675 +/- 1.289528784910684
[INFO] Update 424 (3473408 / 4194304 steps)
    (Validation) Returns: 35.7584271322353 +/- 1.3385026366670376
[INFO] Update 425 (3481600 / 4194304 steps)
    (Validation) Returns: 35.42010241917499 +/- 1.289305628047864
[INFO] Update 426 (3489792 / 4194304 steps)
    (Validation) Returns: 35.43043580116081 +/- 1.2069163411665464
[INFO] Update 427 (3497984 / 4194304 steps)
    (Validation) Returns: 35.87406945046138 +/- 1.3674521393959589
[INFO] Update 428 (3506176 / 4194304 steps)
    (Validation) Returns: 35.86433959604584 +/- 1.1925029780563654
[INFO] Update 429 (3514368 / 4194304 steps)
    (Validation) Returns: 35.315628065942136 +/- 1.2715820732975027
[INFO] Update 430 (3522560 / 4194304 steps)
    (Validation) Returns: 35.70212543946006 +/- 1.278631180230807
[INFO] Update 431 (3530752 / 4194304 steps)
    (Validation) Returns: 35.61988737107007 +/- 1.1029436927950123
[INFO] Update 432 (3538944 / 4194304 steps)
    (Validation) Returns: 35.91338535005268 +/- 1.2032369531746963
[INFO] Update 433 (3547136 / 4194304 steps)
    (Validation) Returns: 35.84735163698553 +/- 1.4195369906215978
[INFO] Update 434 (3555328 / 4194304 steps)
    (Validation) Returns: 35.87672466723559 +/- 1.1711460444451234
[INFO] Update 435 (3563520 / 4194304 steps)
    (Validation) Returns: 35.913697858553576 +/- 1.0399208863865563
[INFO] Update 436 (3571712 / 4194304 steps)
    (Validation) Returns: 35.88559950912345 +/- 1.2650492322211455
[INFO] Update 437 (3579904 / 4194304 steps)
    (Validation) Returns: 35.857480990720966 +/- 1.159917476048922
[INFO] Update 438 (3588096 / 4194304 steps)
    (Validation) Returns: 35.95866924766618 +/- 1.227176528522282
[INFO] Update 439 (3596288 / 4194304 steps)
    (Validation) Returns: 35.92003829130355 +/- 1.0220777737272244
[INFO] Update 440 (3604480 / 4194304 steps)
    (Validation) Returns: 35.82865195800092 +/- 1.3848183366893667
[INFO] Update 441 (3612672 / 4194304 steps)
    (Validation) Returns: 35.57119960371875 +/- 1.3304331097765814
[INFO] Update 442 (3620864 / 4194304 steps)
    (Validation) Returns: 36.00028178873376 +/- 1.0657713689870458
[INFO] Update 443 (3629056 / 4194304 steps)
    (Validation) Returns: 36.03165828667362 +/- 1.4799987617584025
[INFO] Update 444 (3637248 / 4194304 steps)
    (Validation) Returns: 35.964136724336825 +/- 1.1938528497042984
[INFO] Update 445 (3645440 / 4194304 steps)
    (Validation) Returns: 35.54717127814372 +/- 1.3922695657069852
[INFO] Update 446 (3653632 / 4194304 steps)
    (Validation) Returns: 35.74174664689051 +/- 1.14795771587812
[INFO] Update 447 (3661824 / 4194304 steps)
    (Validation) Returns: 36.315762487562175 +/- 0.9772493969718286
[INFO] Update 448 (3670016 / 4194304 steps)
    (Validation) Returns: 35.91889603502409 +/- 0.9745484816962999
[INFO] Update 449 (3678208 / 4194304 steps)
    (Validation) Returns: 35.704083801845194 +/- 1.1542962233462803
[INFO] Update 450 (3686400 / 4194304 steps)
    (Validation) Returns: 35.7580113151698 +/- 1.1125013640074137
[INFO] Update 451 (3694592 / 4194304 steps)
    (Validation) Returns: 36.12229482838757 +/- 1.2656849543993425
[INFO] Update 452 (3702784 / 4194304 steps)
    (Validation) Returns: 35.76509642087097 +/- 1.1864242979762643
[INFO] Update 453 (3710976 / 4194304 steps)
    (Validation) Returns: 35.933105865641195 +/- 1.2682494140225347
[INFO] Update 454 (3719168 / 4194304 steps)
    (Validation) Returns: 35.97344369950805 +/- 1.2138732866444055
[INFO] Update 455 (3727360 / 4194304 steps)
    (Validation) Returns: 35.62355239988848 +/- 1.2514311039640558
[INFO] Update 456 (3735552 / 4194304 steps)
    (Validation) Returns: 35.59386824827625 +/- 1.4354916130982056
[INFO] Update 457 (3743744 / 4194304 steps)
    (Validation) Returns: 35.58990296103584 +/- 1.2071684063314037
[INFO] Update 458 (3751936 / 4194304 steps)
    (Validation) Returns: 35.86445782430363 +/- 1.042543740310912
[INFO] Update 459 (3760128 / 4194304 steps)
    (Validation) Returns: 35.89034669952322 +/- 1.3019811973343947
[INFO] Update 460 (3768320 / 4194304 steps)
    (Validation) Returns: 36.410518701835784 +/- 1.1250845575321622
[INFO] Update 461 (3776512 / 4194304 steps)
    (Validation) Returns: 35.71585952467193 +/- 1.3144037647695472
[INFO] Update 462 (3784704 / 4194304 steps)
    (Validation) Returns: 36.06593396084032 +/- 1.2977019330288624
[INFO] Update 463 (3792896 / 4194304 steps)
    (Validation) Returns: 36.12842308593876 +/- 1.1628421043314792
[INFO] Update 464 (3801088 / 4194304 steps)
    (Validation) Returns: 36.02221807474855 +/- 1.1197309199797656
[INFO] Update 465 (3809280 / 4194304 steps)
    (Validation) Returns: 36.117629053346704 +/- 1.3129245121951103
[INFO] Update 466 (3817472 / 4194304 steps)
    (Validation) Returns: 36.13985386177681 +/- 1.2061199337893451
[INFO] Update 467 (3825664 / 4194304 steps)
    (Validation) Returns: 36.074598845929415 +/- 1.2771754340398702
[INFO] Update 468 (3833856 / 4194304 steps)
    (Validation) Returns: 35.86309700710949 +/- 1.2988090065027127
[INFO] Update 469 (3842048 / 4194304 steps)
    (Validation) Returns: 35.68133122542464 +/- 1.362930563128571
[INFO] Update 470 (3850240 / 4194304 steps)
    (Validation) Returns: 36.290893068528014 +/- 1.3331994856099776
[INFO] Update 471 (3858432 / 4194304 steps)
    (Validation) Returns: 35.94347530348583 +/- 0.8784079958358498
[INFO] Update 472 (3866624 / 4194304 steps)
    (Validation) Returns: 35.77419887743743 +/- 1.162099043874176
[INFO] Update 473 (3874816 / 4194304 steps)
    (Validation) Returns: 35.866350665454014 +/- 1.079354299772516
[INFO] Update 474 (3883008 / 4194304 steps)
    (Validation) Returns: 35.7696413013209 +/- 1.1491478154681916
[INFO] Update 475 (3891200 / 4194304 steps)
    (Validation) Returns: 35.89456061860416 +/- 1.1446300316840015
[INFO] Update 476 (3899392 / 4194304 steps)
    (Validation) Returns: 35.72364527224355 +/- 1.2879772830907128
[INFO] Update 477 (3907584 / 4194304 steps)
    (Validation) Returns: 35.90892261545525 +/- 1.3305825547025825
[INFO] Update 478 (3915776 / 4194304 steps)
    (Validation) Returns: 35.84026079750068 +/- 1.3357496792148282
[INFO] Update 479 (3923968 / 4194304 steps)
    (Validation) Returns: 36.1128745047289 +/- 1.2226743775887128
[INFO] Update 480 (3932160 / 4194304 steps)
    (Validation) Returns: 35.96271575731204 +/- 1.054305389958114
[INFO] Update 481 (3940352 / 4194304 steps)
    (Validation) Returns: 35.88872697059424 +/- 1.2096170432687503
[INFO] Update 482 (3948544 / 4194304 steps)
    (Validation) Returns: 35.7084456482742 +/- 1.2744418455493602
[INFO] Update 483 (3956736 / 4194304 steps)
    (Validation) Returns: 35.80085462494351 +/- 1.0904882937720075
[INFO] Update 484 (3964928 / 4194304 steps)
    (Validation) Returns: 36.19217005917296 +/- 1.0338463827672943
[INFO] Update 485 (3973120 / 4194304 steps)
    (Validation) Returns: 35.722875903038855 +/- 1.1344822333116769
[INFO] Update 486 (3981312 / 4194304 steps)
    (Validation) Returns: 35.792030054958715 +/- 1.4006714799691287
[INFO] Update 487 (3989504 / 4194304 steps)
    (Validation) Returns: 36.17175618421093 +/- 1.2949057571609175
[INFO] Update 488 (3997696 / 4194304 steps)
    (Validation) Returns: 36.30298330439196 +/- 1.2577333170698608
[INFO] Update 489 (4005888 / 4194304 steps)
    (Validation) Returns: 36.00600425706483 +/- 1.189521656462559
[INFO] Update 490 (4014080 / 4194304 steps)
    (Validation) Returns: 36.04969977863378 +/- 1.2859976031490605
[INFO] Update 491 (4022272 / 4194304 steps)
    (Validation) Returns: 35.52870112266874 +/- 1.1507117331965557
[INFO] Update 492 (4030464 / 4194304 steps)
    (Validation) Returns: 36.036367728549486 +/- 1.042280377908297
[INFO] Update 493 (4038656 / 4194304 steps)
    (Validation) Returns: 35.87862562538897 +/- 1.2765558220701887
[INFO] Update 494 (4046848 / 4194304 steps)
    (Validation) Returns: 35.94062962549337 +/- 1.3053264642556275
[INFO] Update 495 (4055040 / 4194304 steps)
    (Validation) Returns: 35.605428568605056 +/- 1.4272524043528105
[INFO] Update 496 (4063232 / 4194304 steps)
    (Validation) Returns: 36.226370332655925 +/- 1.2930171298752406
[INFO] Update 497 (4071424 / 4194304 steps)
    (Validation) Returns: 36.0389388116097 +/- 1.4667176444395473
[INFO] Update 498 (4079616 / 4194304 steps)
    (Validation) Returns: 35.7814688381338 +/- 1.322822701672728
[INFO] Update 499 (4087808 / 4194304 steps)
    (Validation) Returns: 35.451211812332055 +/- 1.2429126534456654
[INFO] Update 500 (4096000 / 4194304 steps)
    (Validation) Returns: 35.825550322874555 +/- 1.2751040430661684
[INFO] Update 501 (4104192 / 4194304 steps)
    (Validation) Returns: 35.57859855486952 +/- 1.2846521852937145
[INFO] Update 502 (4112384 / 4194304 steps)
    (Validation) Returns: 35.85977854225901 +/- 1.3264473544279687
[INFO] Update 503 (4120576 / 4194304 steps)
    (Validation) Returns: 35.94569747476533 +/- 1.1540625151430006
[INFO] Update 504 (4128768 / 4194304 steps)
    (Validation) Returns: 36.045559642543104 +/- 1.0828468179598651
[INFO] Update 505 (4136960 / 4194304 steps)
    (Validation) Returns: 36.063088091384756 +/- 1.3614711383183362
[INFO] Update 506 (4145152 / 4194304 steps)
    (Validation) Returns: 35.94909651531257 +/- 1.1808332238710604
[INFO] Update 507 (4153344 / 4194304 steps)
    (Validation) Returns: 35.958350332782096 +/- 1.3267126635338888
[INFO] Update 508 (4161536 / 4194304 steps)
    (Validation) Returns: 36.207825089480274 +/- 1.1776668123440708
[INFO] Update 509 (4169728 / 4194304 steps)
    (Validation) Returns: 36.01647026198383 +/- 1.2546498421681977
[INFO] Update 510 (4177920 / 4194304 steps)
    (Validation) Returns: 36.079117063930106 +/- 1.3955284684314917
[INFO] Update 511 (4186112 / 4194304 steps)
    (Validation) Returns: 35.93206534137456 +/- 1.042284346699138
[INFO] Training finished (4194304 steps)
[INFO] Model saved at ppo/models/oracle/oracle-SpritesState-v0-4194304steps.pt
