[INFO] Loaded Reward Predictor from reward_induced/models/encoder/encoder_VertPosReward_final.pt
[INFO] Evaluating Reward Predictor with the following configuration:
        - Input shape: (3,64,64)
        - Number of frames: 1
        - Number of future frames: 29
        - Reward types: ['vertical_position']
        - Shapes per trajectory: 1
        - Batch size: 128
        - Model loaded from: reward_induced/models/encoder/encoder_VertPosReward_final.pt
True rewards from 0th traj: tensor([[0.5779, 0.5997, 0.6215, 0.6433, 0.6651, 0.6869, 0.7087, 0.7305, 0.7523,
         0.7741, 0.7959, 0.8177, 0.8395, 0.8613, 0.8831, 0.8951, 0.8733, 0.8515,
         0.8297, 0.8079, 0.7861, 0.7643, 0.7425, 0.7207, 0.6989, 0.6771, 0.6553,
         0.6335, 0.6117]], device='cuda:0')
Predicted rewards from 0th traj: tensor([[0.5546, 0.5743, 0.6062, 0.6477, 0.6528, 0.6665, 0.7025, 0.7278, 0.7593,
         0.7757, 0.7844, 0.8175, 0.8254, 0.8501, 0.8801, 0.8646, 0.8617, 0.8709,
         0.8419, 0.7997, 0.7826, 0.7813, 0.7508, 0.7077, 0.6956, 0.6836, 0.6526,
         0.6248, 0.5874]], device='cuda:0')
Losses:
    - vertical_position	: 0.00026380346389487386
Evaluation complete.
