[INFO] Loaded Reward Predictor from reward_induced/models/encoder/encoder_dist2_final.pt
[INFO] Evaluating Reward Predictor with the following configuration:
        - Input shape: (3,64,64)
        - Number of frames: 1
        - Number of future frames: 29
        - Reward types: ['agent_x', 'agent_y', 'target_x', 'target_y']
        - Shapes per trajectory: 4
        - Batch size: 128
        - Model loaded from: reward_induced/models/encoder/encoder_dist2_final.pt
True rewards from 0th traj: tensor([[0.2433, 0.1948, 0.1464, 0.1020, 0.1505, 0.1989, 0.2473, 0.2958, 0.3442,
         0.3926, 0.4411, 0.4895, 0.5380, 0.5864, 0.6348, 0.6833, 0.7317, 0.7801,
         0.8286, 0.8770, 0.8745, 0.8261, 0.7777, 0.7292, 0.6808, 0.6324, 0.5839,
         0.5355, 0.4870],
        [0.5389, 0.5060, 0.4732, 0.4404, 0.4075, 0.3747, 0.3418, 0.3090, 0.2762,
         0.2433, 0.2105, 0.1777, 0.1448, 0.1120, 0.1209, 0.1537, 0.1865, 0.2194,
         0.2522, 0.2850, 0.3179, 0.3507, 0.3836, 0.4164, 0.4492, 0.4821, 0.5149,
         0.5478, 0.5806],
        [0.5336, 0.5659, 0.5982, 0.6305, 0.6628, 0.6951, 0.7274, 0.7597, 0.7920,
         0.8242, 0.8565, 0.8888, 0.8789, 0.8466, 0.8143, 0.7820, 0.7497, 0.7174,
         0.6851, 0.6528, 0.6205, 0.5882, 0.5559, 0.5236, 0.4913, 0.4590, 0.4267,
         0.3944, 0.3621],
        [0.6357, 0.6449, 0.6542, 0.6634, 0.6727, 0.6820, 0.6912, 0.7005, 0.7097,
         0.7190, 0.7282, 0.7375, 0.7467, 0.7560, 0.7652, 0.7745, 0.7837, 0.7930,
         0.8023, 0.8115, 0.8208, 0.8300, 0.8393, 0.8485, 0.8578, 0.8670, 0.8763,
         0.8855, 0.8948]], device='cuda:0')
Predicted rewards from 0th traj: tensor([[0.3917, 0.2819, 0.2639, 0.2379, 0.1964, 0.1859, 0.1901, 0.2330, 0.2579,
         0.2758, 0.2973, 0.4186, 0.4961, 0.5326, 0.5663, 0.6084, 0.6463, 0.6898,
         0.7420, 0.7381, 0.8188, 0.8087, 0.7827, 0.8340, 0.7746, 0.7697, 0.7126,
         0.5908, 0.5864],
        [0.4526, 0.5590, 0.5527, 0.4375, 0.3953, 0.3475, 0.2996, 0.2995, 0.2797,
         0.2391, 0.2681, 0.1846, 0.1576, 0.1568, 0.2032, 0.1692, 0.2215, 0.1787,
         0.2148, 0.2623, 0.3575, 0.3399, 0.3739, 0.3348, 0.3728, 0.3503, 0.4501,
         0.5350, 0.5575],
        [0.5273, 0.5213, 0.5490, 0.6017, 0.6431, 0.6619, 0.7089, 0.7486, 0.7794,
         0.7958, 0.8506, 0.8704, 0.8737, 0.8574, 0.8311, 0.8155, 0.7834, 0.7744,
         0.7123, 0.6812, 0.6864, 0.6078, 0.5741, 0.5807, 0.5001, 0.4877, 0.4300,
         0.4083, 0.3833],
        [0.6843, 0.6474, 0.6535, 0.6646, 0.6769, 0.7013, 0.6964, 0.7330, 0.7423,
         0.7242, 0.7379, 0.7403, 0.7447, 0.7582, 0.7640, 0.7679, 0.7514, 0.7846,
         0.7871, 0.7833, 0.7534, 0.8281, 0.8472, 0.8216, 0.8450, 0.8378, 0.8613,
         0.8740, 0.8748]], device='cuda:0')
Losses:
    - agent_x	: 0.007411164231598377
    - agent_y	: 0.007132464554160833
    - target_x	: 0.0009872042573988438
    - target_y	: 0.001087613869458437
Evaluation complete.
