[INFO] Learning Configuration:
            Policy
                - Policy type:      random
                - Policy network:   None
            Environment
                - Env name:         Sprites-v0
                - Num envs:         4
                - Spec:             EnvSpec(id='Sprites-v0', entry_point='sprites_env.envs.sprites:SpritesEnv', reward_threshold=None, nondeterministic=False, max_episode_steps=None, order_enforce=True, disable_env_checker=False, kwargs={'n_distractors': 0, 'num_envs': 4, 'vectorization_mode': 'sync'}, namespace=None, name='Sprites', version=0, additional_wrappers=(), vector_entry_point=None)
            Rollout
                - Rollout Steps:    2048
            Training
                - Total timesteps:  4194304
                - N epochs:         10
                - Batch size:       64
                - gamma (discount): 0.99
                - GAE lambda:       0.95
                - clip range:       0.2
                - Normalize adv:    True
                - Entropy coef:     0.01
                - Value coef:       0.5
                - Optimizer:        Adam
                - Learning rate:    0.0003
            Device
                - Device:           cuda
            Verbosity
                - Verbose level:    1
                - Log interval:     10
                - Tensorboard log:  ppo/TB_PPO
        
[INFO] Update 0 (0 / 4194304 steps)
    (Validation) Returns: 28.233252097236107 +/- 3.0673637311963415
[INFO] Update 1 (8192 / 4194304 steps)
    (Validation) Returns: 27.808255906542335 +/- 4.32161629642058
[INFO] Update 2 (16384 / 4194304 steps)
    (Validation) Returns: 29.089701367610452 +/- 3.621354465236629
[INFO] Update 3 (24576 / 4194304 steps)
    (Validation) Returns: 28.155839852056367 +/- 2.795617616900537
[INFO] Update 4 (32768 / 4194304 steps)
    (Validation) Returns: 27.918499164424315 +/- 3.7755794202352564
[INFO] Update 5 (40960 / 4194304 steps)
    (Validation) Returns: 28.02396745372142 +/- 3.8628388997854106
[INFO] Update 6 (49152 / 4194304 steps)
    (Validation) Returns: 28.1323666358176 +/- 3.6425637014093146
[INFO] Update 7 (57344 / 4194304 steps)
    (Validation) Returns: 28.40448758728391 +/- 3.961616493146741
[INFO] Update 8 (65536 / 4194304 steps)
    (Validation) Returns: 28.323279257943238 +/- 3.645106728913469
[INFO] Update 9 (73728 / 4194304 steps)
    (Validation) Returns: 27.660005143125613 +/- 3.4263821053371335
[INFO] Update 10 (81920 / 4194304 steps)
    (Validation) Returns: 27.936106227871697 +/- 4.12203957463699
[INFO] Update 11 (90112 / 4194304 steps)
    (Validation) Returns: 28.29042914182754 +/- 3.3229298592554137
[INFO] Update 12 (98304 / 4194304 steps)
    (Validation) Returns: 27.29593862297761 +/- 3.2866617854409785
[INFO] Update 13 (106496 / 4194304 steps)
    (Validation) Returns: 27.707414774790106 +/- 4.153640467146138
[INFO] Update 14 (114688 / 4194304 steps)
    (Validation) Returns: 27.79169001313923 +/- 3.181914323755873
[INFO] Update 15 (122880 / 4194304 steps)
    (Validation) Returns: 28.802770468305436 +/- 2.8469167193160594
[INFO] Update 16 (131072 / 4194304 steps)
    (Validation) Returns: 28.712996862687874 +/- 2.901960238492445
[INFO] Update 17 (139264 / 4194304 steps)
    (Validation) Returns: 28.458763790441868 +/- 3.3194808212857287
[INFO] Update 18 (147456 / 4194304 steps)
    (Validation) Returns: 27.27134367569899 +/- 3.02639776948764
[INFO] Update 19 (155648 / 4194304 steps)
    (Validation) Returns: 28.159268582664236 +/- 3.5961287657088827
[INFO] Update 20 (163840 / 4194304 steps)
    (Validation) Returns: 28.567754550029328 +/- 3.828334153309382
[INFO] Update 21 (172032 / 4194304 steps)
    (Validation) Returns: 28.9026414125616 +/- 3.71245278656916
[INFO] Update 22 (180224 / 4194304 steps)
    (Validation) Returns: 27.91270626136951 +/- 3.2592930575839034
[INFO] Update 23 (188416 / 4194304 steps)
    (Validation) Returns: 28.454770097527206 +/- 3.1699477784065033
[INFO] Update 24 (196608 / 4194304 steps)
    (Validation) Returns: 28.304293143708616 +/- 3.51552877461558
[INFO] Update 25 (204800 / 4194304 steps)
    (Validation) Returns: 28.625746355242324 +/- 3.068255543635886
[INFO] Update 26 (212992 / 4194304 steps)
    (Validation) Returns: 28.79225846796001 +/- 3.040727831045949
[INFO] Update 27 (221184 / 4194304 steps)
    (Validation) Returns: 27.70619945929772 +/- 2.9363083281153637
[INFO] Update 28 (229376 / 4194304 steps)
    (Validation) Returns: 28.8834746412331 +/- 3.183788965965105
[INFO] Update 29 (237568 / 4194304 steps)
    (Validation) Returns: 28.125983170898053 +/- 3.4552476717842553
[INFO] Update 30 (245760 / 4194304 steps)
    (Validation) Returns: 27.962235799675717 +/- 3.3253730299066246
[INFO] Update 31 (253952 / 4194304 steps)
    (Validation) Returns: 28.768079995358743 +/- 3.3472707201667347
[INFO] Update 32 (262144 / 4194304 steps)
    (Validation) Returns: 28.29495223576709 +/- 3.108175247043736
[INFO] Update 33 (270336 / 4194304 steps)
    (Validation) Returns: 28.530905474379164 +/- 3.0495727129981653
[INFO] Update 34 (278528 / 4194304 steps)
    (Validation) Returns: 28.374086478892615 +/- 3.4045671218284874
[INFO] Update 35 (286720 / 4194304 steps)
    (Validation) Returns: 28.170104417928748 +/- 3.1707126884179226
[INFO] Update 36 (294912 / 4194304 steps)
    (Validation) Returns: 28.8465667551411 +/- 3.5475619157472673
[INFO] Update 37 (303104 / 4194304 steps)
    (Validation) Returns: 27.71585738591574 +/- 3.8122186619443648
[INFO] Update 38 (311296 / 4194304 steps)
    (Validation) Returns: 28.05650233348009 +/- 3.9352660104419868
[INFO] Update 39 (319488 / 4194304 steps)
    (Validation) Returns: 28.00859693742334 +/- 3.925448482648827
[INFO] Update 40 (327680 / 4194304 steps)
    (Validation) Returns: 28.762121504620154 +/- 3.1769038698464036
[INFO] Update 41 (335872 / 4194304 steps)
    (Validation) Returns: 27.502028019090012 +/- 3.483686020798469
[INFO] Update 42 (344064 / 4194304 steps)
    (Validation) Returns: 28.346085341202745 +/- 2.796307891872159
[INFO] Update 43 (352256 / 4194304 steps)
    (Validation) Returns: 28.696535224497012 +/- 3.1718222684565953
[INFO] Update 44 (360448 / 4194304 steps)
    (Validation) Returns: 28.934156899288325 +/- 2.474850412496201
[INFO] Update 45 (368640 / 4194304 steps)
    (Validation) Returns: 28.32731179211749 +/- 2.9259893167579416
[INFO] Update 46 (376832 / 4194304 steps)
    (Validation) Returns: 27.956672754182694 +/- 3.728281306302031
[INFO] Update 47 (385024 / 4194304 steps)
    (Validation) Returns: 28.39960233660846 +/- 3.610887131115806
[INFO] Update 48 (393216 / 4194304 steps)
    (Validation) Returns: 28.313528947170152 +/- 3.449095298342396
[INFO] Update 49 (401408 / 4194304 steps)
    (Validation) Returns: 28.260570977851682 +/- 3.1980466160881784
[INFO] Update 50 (409600 / 4194304 steps)
    (Validation) Returns: 28.097992195837868 +/- 3.5212265868311587
[INFO] Update 51 (417792 / 4194304 steps)
    (Validation) Returns: 29.048684406260143 +/- 3.0981481788606904
[INFO] Update 52 (425984 / 4194304 steps)
    (Validation) Returns: 28.520450529900707 +/- 3.0556881702291823
[INFO] Update 53 (434176 / 4194304 steps)
    (Validation) Returns: 29.32645006022516 +/- 2.697652179745948
[INFO] Update 54 (442368 / 4194304 steps)
    (Validation) Returns: 27.72519752123855 +/- 3.265119695574439
[INFO] Update 55 (450560 / 4194304 steps)
    (Validation) Returns: 28.062952056872838 +/- 3.555145941847209
[INFO] Update 56 (458752 / 4194304 steps)
    (Validation) Returns: 28.16320891645651 +/- 3.7913606408247107
[INFO] Update 57 (466944 / 4194304 steps)
    (Validation) Returns: 29.02232476719073 +/- 2.6980528621210453
[INFO] Update 58 (475136 / 4194304 steps)
    (Validation) Returns: 28.422740536302598 +/- 2.836710585262609
[INFO] Update 59 (483328 / 4194304 steps)
    (Validation) Returns: 27.966251856189597 +/- 2.8940024255240595
[INFO] Update 60 (491520 / 4194304 steps)
    (Validation) Returns: 28.201011352540228 +/- 2.789820244868535
[INFO] Update 61 (499712 / 4194304 steps)
    (Validation) Returns: 28.21244987202069 +/- 3.7368687835001335
[INFO] Update 62 (507904 / 4194304 steps)
    (Validation) Returns: 28.729175405363236 +/- 2.878744714886285
[INFO] Update 63 (516096 / 4194304 steps)
    (Validation) Returns: 27.987540968589855 +/- 3.206678742243166
[INFO] Update 64 (524288 / 4194304 steps)
    (Validation) Returns: 27.497344326695053 +/- 2.733457873741089
[INFO] Update 65 (532480 / 4194304 steps)
    (Validation) Returns: 28.421047474882716 +/- 3.089514920444058
[INFO] Update 66 (540672 / 4194304 steps)
    (Validation) Returns: 28.82509557818644 +/- 3.292203586822122
[INFO] Update 67 (548864 / 4194304 steps)
    (Validation) Returns: 27.744652843060027 +/- 2.9316897592680857
[INFO] Update 68 (557056 / 4194304 steps)
    (Validation) Returns: 27.763404638677468 +/- 3.5184831421354255
[INFO] Update 69 (565248 / 4194304 steps)
    (Validation) Returns: 28.371772621248045 +/- 3.2429048536619263
[INFO] Update 70 (573440 / 4194304 steps)
    (Validation) Returns: 27.74623911907677 +/- 3.396441953988809
[INFO] Update 71 (581632 / 4194304 steps)
    (Validation) Returns: 27.47123110098089 +/- 3.2167319502979805
[INFO] Update 72 (589824 / 4194304 steps)
    (Validation) Returns: 28.841245612954758 +/- 3.3139340666660924
[INFO] Update 73 (598016 / 4194304 steps)
    (Validation) Returns: 28.577702661536204 +/- 3.666841661909037
[INFO] Update 74 (606208 / 4194304 steps)
    (Validation) Returns: 28.412084518843677 +/- 3.510200634611453
[INFO] Update 75 (614400 / 4194304 steps)
    (Validation) Returns: 28.108073433395 +/- 3.089061932524057
[INFO] Update 76 (622592 / 4194304 steps)
    (Validation) Returns: 27.75669840470229 +/- 3.544420204908911
[INFO] Update 77 (630784 / 4194304 steps)
    (Validation) Returns: 27.599637570872893 +/- 3.9291783865569005
[INFO] Update 78 (638976 / 4194304 steps)
    (Validation) Returns: 28.82223290395699 +/- 3.0563319133171283
[INFO] Update 79 (647168 / 4194304 steps)
    (Validation) Returns: 27.40756965298565 +/- 3.270736253416343
[INFO] Update 80 (655360 / 4194304 steps)
    (Validation) Returns: 28.039956705548338 +/- 3.6206902432383887
[INFO] Update 81 (663552 / 4194304 steps)
    (Validation) Returns: 27.973577109885618 +/- 3.8409530103292395
[INFO] Update 82 (671744 / 4194304 steps)
    (Validation) Returns: 28.626844661098534 +/- 3.0724144756262532
[INFO] Update 83 (679936 / 4194304 steps)
    (Validation) Returns: 27.78355526761471 +/- 3.4895317040872675
[INFO] Update 84 (688128 / 4194304 steps)
    (Validation) Returns: 27.78334836002095 +/- 4.007597723012757
[INFO] Update 85 (696320 / 4194304 steps)
    (Validation) Returns: 27.97217677464321 +/- 3.3417495507832795
[INFO] Update 86 (704512 / 4194304 steps)
    (Validation) Returns: 28.480429268457975 +/- 3.6739378474575974
[INFO] Update 87 (712704 / 4194304 steps)
    (Validation) Returns: 28.078731978369774 +/- 2.9798048282829224
[INFO] Update 88 (720896 / 4194304 steps)
    (Validation) Returns: 28.76431627226517 +/- 2.7542697667131644
[INFO] Update 89 (729088 / 4194304 steps)
    (Validation) Returns: 28.215094007895374 +/- 3.113799048627702
[INFO] Update 90 (737280 / 4194304 steps)
    (Validation) Returns: 28.042817130752873 +/- 3.2725803863948455
[INFO] Update 91 (745472 / 4194304 steps)
    (Validation) Returns: 28.39737282451432 +/- 3.651552712970183
[INFO] Update 92 (753664 / 4194304 steps)
    (Validation) Returns: 27.938983897509615 +/- 3.2839309964322716
[INFO] Update 93 (761856 / 4194304 steps)
    (Validation) Returns: 28.245891564762758 +/- 3.7026624916215893
[INFO] Update 94 (770048 / 4194304 steps)
    (Validation) Returns: 28.142618751388653 +/- 2.999536787836528
[INFO] Update 95 (778240 / 4194304 steps)
    (Validation) Returns: 28.60174399400707 +/- 3.5538070511819013
[INFO] Update 96 (786432 / 4194304 steps)
    (Validation) Returns: 27.77656860507218 +/- 2.575629128317692
[INFO] Update 97 (794624 / 4194304 steps)
    (Validation) Returns: 29.22275728748233 +/- 3.8046773105482834
[INFO] Update 98 (802816 / 4194304 steps)
    (Validation) Returns: 28.41241938474109 +/- 3.3476284456649523
[INFO] Update 99 (811008 / 4194304 steps)
    (Validation) Returns: 27.877050037333106 +/- 2.844212253991279
[INFO] Update 100 (819200 / 4194304 steps)
    (Validation) Returns: 28.708448489357306 +/- 3.3633194034829637
[INFO] Update 101 (827392 / 4194304 steps)
    (Validation) Returns: 27.529503070943726 +/- 3.71494731684567
[INFO] Update 102 (835584 / 4194304 steps)
    (Validation) Returns: 28.65784522306451 +/- 3.6018221146625082
[INFO] Update 103 (843776 / 4194304 steps)
    (Validation) Returns: 29.167983148734397 +/- 3.0894213197928355
[INFO] Update 104 (851968 / 4194304 steps)
    (Validation) Returns: 29.320069239820498 +/- 2.798692686144171
[INFO] Update 105 (860160 / 4194304 steps)
    (Validation) Returns: 27.97028511923825 +/- 3.685982844392175
[INFO] Update 106 (868352 / 4194304 steps)
    (Validation) Returns: 28.060208329851026 +/- 3.663678891145862
[INFO] Update 107 (876544 / 4194304 steps)
    (Validation) Returns: 27.61355474717905 +/- 3.519144494700062
[INFO] Update 108 (884736 / 4194304 steps)
    (Validation) Returns: 28.379384107876245 +/- 3.7520437244727103
[INFO] Update 109 (892928 / 4194304 steps)
    (Validation) Returns: 28.072280202278655 +/- 3.5823374823720044
[INFO] Update 110 (901120 / 4194304 steps)
    (Validation) Returns: 27.129422713839006 +/- 3.3359896504305464
[INFO] Update 111 (909312 / 4194304 steps)
    (Validation) Returns: 28.232535022907577 +/- 3.056318907379315
[INFO] Update 112 (917504 / 4194304 steps)
    (Validation) Returns: 28.914264410758857 +/- 3.4865235484893597
[INFO] Update 113 (925696 / 4194304 steps)
    (Validation) Returns: 28.191882694898112 +/- 2.9548115630613156
[INFO] Update 114 (933888 / 4194304 steps)
    (Validation) Returns: 28.22392053217468 +/- 3.6682236016238017
[INFO] Update 115 (942080 / 4194304 steps)
    (Validation) Returns: 29.141474484587757 +/- 3.6843967614260027
[INFO] Update 116 (950272 / 4194304 steps)
    (Validation) Returns: 27.722085066798275 +/- 4.026557059263253
[INFO] Update 117 (958464 / 4194304 steps)
    (Validation) Returns: 27.394240708607093 +/- 2.6885309470909413
[INFO] Update 118 (966656 / 4194304 steps)
    (Validation) Returns: 28.05460924012458 +/- 3.145056910575382
[INFO] Update 119 (974848 / 4194304 steps)
    (Validation) Returns: 28.120772207134486 +/- 3.133158038723882
[INFO] Update 120 (983040 / 4194304 steps)
    (Validation) Returns: 27.32969868939845 +/- 3.243376489611864
[INFO] Update 121 (991232 / 4194304 steps)
    (Validation) Returns: 28.207499121334877 +/- 3.327457918138711
[INFO] Update 122 (999424 / 4194304 steps)
    (Validation) Returns: 27.25693489876462 +/- 3.5608344833158374
[INFO] Update 123 (1007616 / 4194304 steps)
    (Validation) Returns: 27.39468711713446 +/- 3.741541424293903
[INFO] Update 124 (1015808 / 4194304 steps)
    (Validation) Returns: 28.36613598243136 +/- 2.7477625773962155
[INFO] Update 125 (1024000 / 4194304 steps)
    (Validation) Returns: 29.52349098601585 +/- 2.6642779050835093
[INFO] Update 126 (1032192 / 4194304 steps)
    (Validation) Returns: 27.89604036296364 +/- 4.150294268537098
[INFO] Update 127 (1040384 / 4194304 steps)
    (Validation) Returns: 29.08203129908666 +/- 3.2373810302863064
[INFO] Update 128 (1048576 / 4194304 steps)
    (Validation) Returns: 27.698024603556007 +/- 3.402716006868877
[INFO] Update 129 (1056768 / 4194304 steps)
    (Validation) Returns: 28.20533305203935 +/- 3.3209097231169613
[INFO] Update 130 (1064960 / 4194304 steps)
    (Validation) Returns: 27.825527212364115 +/- 4.3938758824022095
[INFO] Update 131 (1073152 / 4194304 steps)
    (Validation) Returns: 28.804244718661856 +/- 3.1327435321681074
[INFO] Update 132 (1081344 / 4194304 steps)
    (Validation) Returns: 27.854571465366416 +/- 3.3822107768057132
[INFO] Update 133 (1089536 / 4194304 steps)
    (Validation) Returns: 27.802556205290273 +/- 3.191693155880868
[INFO] Update 134 (1097728 / 4194304 steps)
    (Validation) Returns: 27.396816323753036 +/- 3.8899917214216004
[INFO] Update 135 (1105920 / 4194304 steps)
    (Validation) Returns: 28.445889904253942 +/- 3.882388494172204
[INFO] Update 136 (1114112 / 4194304 steps)
    (Validation) Returns: 28.1887257445606 +/- 3.357892967553048
[INFO] Update 137 (1122304 / 4194304 steps)
    (Validation) Returns: 28.658660373433992 +/- 3.337762671168259
[INFO] Update 138 (1130496 / 4194304 steps)
    (Validation) Returns: 27.810386462173135 +/- 3.053006020300399
[INFO] Update 139 (1138688 / 4194304 steps)
    (Validation) Returns: 28.30280420170128 +/- 3.8634558676777777
[INFO] Update 140 (1146880 / 4194304 steps)
    (Validation) Returns: 29.49655971612927 +/- 3.0261948098648204
[INFO] Update 141 (1155072 / 4194304 steps)
    (Validation) Returns: 29.049286646908605 +/- 3.2516402724507296
[INFO] Update 142 (1163264 / 4194304 steps)
    (Validation) Returns: 28.247130753190742 +/- 2.9867882216995523
[INFO] Update 143 (1171456 / 4194304 steps)
    (Validation) Returns: 28.332251221180098 +/- 3.08037836184085
[INFO] Update 144 (1179648 / 4194304 steps)
    (Validation) Returns: 29.387158520128146 +/- 3.1801912878583964
[INFO] Update 145 (1187840 / 4194304 steps)
    (Validation) Returns: 28.57425453034606 +/- 3.478551271392502
[INFO] Update 146 (1196032 / 4194304 steps)
    (Validation) Returns: 28.270296797494126 +/- 3.5761861724127693
[INFO] Update 147 (1204224 / 4194304 steps)
    (Validation) Returns: 28.10363074674575 +/- 3.563773881859795
[INFO] Update 148 (1212416 / 4194304 steps)
    (Validation) Returns: 29.252566392048788 +/- 2.4491505004291967
[INFO] Update 149 (1220608 / 4194304 steps)
    (Validation) Returns: 29.244451434536824 +/- 2.61686603460386
[INFO] Update 150 (1228800 / 4194304 steps)
    (Validation) Returns: 26.863532128726597 +/- 2.723090515744006
[INFO] Update 151 (1236992 / 4194304 steps)
    (Validation) Returns: 27.559313432072088 +/- 3.1473795286218924
[INFO] Update 152 (1245184 / 4194304 steps)
    (Validation) Returns: 28.116933565279414 +/- 4.120042515480902
[INFO] Update 153 (1253376 / 4194304 steps)
    (Validation) Returns: 28.454336683729178 +/- 3.4806296163132053
[INFO] Update 154 (1261568 / 4194304 steps)
    (Validation) Returns: 28.38921660395936 +/- 2.9982037881256587
[INFO] Update 155 (1269760 / 4194304 steps)
    (Validation) Returns: 28.245768411640746 +/- 2.9981388336764456
[INFO] Update 156 (1277952 / 4194304 steps)
    (Validation) Returns: 27.994327506995297 +/- 3.2565889688396403
[INFO] Update 157 (1286144 / 4194304 steps)
    (Validation) Returns: 28.242950849627768 +/- 3.20831172586402
[INFO] Update 158 (1294336 / 4194304 steps)
    (Validation) Returns: 28.916200129617028 +/- 3.289159307902881
[INFO] Update 159 (1302528 / 4194304 steps)
    (Validation) Returns: 27.445019715863122 +/- 3.501114102232234
[INFO] Update 160 (1310720 / 4194304 steps)
    (Validation) Returns: 27.855324202747966 +/- 3.8714723878625237
[INFO] Update 161 (1318912 / 4194304 steps)
    (Validation) Returns: 28.574445959124272 +/- 3.714848710713145
[INFO] Update 162 (1327104 / 4194304 steps)
    (Validation) Returns: 27.577294084782107 +/- 3.3022714802335296
[INFO] Update 163 (1335296 / 4194304 steps)
    (Validation) Returns: 28.310720908451355 +/- 3.212335431331683
[INFO] Update 164 (1343488 / 4194304 steps)
    (Validation) Returns: 27.798290467859903 +/- 3.4448566152934155
[INFO] Update 165 (1351680 / 4194304 steps)
    (Validation) Returns: 29.063607123822955 +/- 3.787618974987364
[INFO] Update 166 (1359872 / 4194304 steps)
    (Validation) Returns: 28.273774494905847 +/- 2.794162767284144
[INFO] Update 167 (1368064 / 4194304 steps)
    (Validation) Returns: 28.313978107882384 +/- 3.004341298796363
[INFO] Update 168 (1376256 / 4194304 steps)
    (Validation) Returns: 28.85737638440518 +/- 3.7021894730550624
[INFO] Update 169 (1384448 / 4194304 steps)
    (Validation) Returns: 27.331609869037464 +/- 2.8424241435672246
[INFO] Update 170 (1392640 / 4194304 steps)
    (Validation) Returns: 28.30717626749431 +/- 3.2803068956281667
[INFO] Update 171 (1400832 / 4194304 steps)
    (Validation) Returns: 28.431697941795033 +/- 3.223792276754643
[INFO] Update 172 (1409024 / 4194304 steps)
    (Validation) Returns: 28.012967050324896 +/- 3.485452520541175
[INFO] Update 173 (1417216 / 4194304 steps)
    (Validation) Returns: 28.496948632857347 +/- 3.268576946381425
[INFO] Update 174 (1425408 / 4194304 steps)
    (Validation) Returns: 28.291706781021468 +/- 2.5216402252946857
[INFO] Update 175 (1433600 / 4194304 steps)
    (Validation) Returns: 27.439059882352176 +/- 3.635681391093508
[INFO] Update 176 (1441792 / 4194304 steps)
    (Validation) Returns: 27.79175010735525 +/- 3.367770376218703
[INFO] Update 177 (1449984 / 4194304 steps)
    (Validation) Returns: 29.407704683311295 +/- 3.369039830204815
[INFO] Update 178 (1458176 / 4194304 steps)
    (Validation) Returns: 28.570263346478868 +/- 3.60612624222241
[INFO] Update 179 (1466368 / 4194304 steps)
    (Validation) Returns: 27.808363419811407 +/- 3.211721148668479
[INFO] Update 180 (1474560 / 4194304 steps)
    (Validation) Returns: 27.56141479551227 +/- 2.9900647292756055
[INFO] Update 181 (1482752 / 4194304 steps)
    (Validation) Returns: 28.195600275953865 +/- 2.505843525968025
[INFO] Update 182 (1490944 / 4194304 steps)
    (Validation) Returns: 27.803255058509922 +/- 3.537469927735018
[INFO] Update 183 (1499136 / 4194304 steps)
    (Validation) Returns: 28.963780396193336 +/- 3.15700950361303
[INFO] Update 184 (1507328 / 4194304 steps)
    (Validation) Returns: 27.43619555921083 +/- 3.9896969591751965
[INFO] Update 185 (1515520 / 4194304 steps)
    (Validation) Returns: 29.038651273203612 +/- 3.7792235390717224
[INFO] Update 186 (1523712 / 4194304 steps)
    (Validation) Returns: 29.701412042614045 +/- 2.9062004256047667
[INFO] Update 187 (1531904 / 4194304 steps)
    (Validation) Returns: 27.61976117638535 +/- 3.1292541769260755
[INFO] Update 188 (1540096 / 4194304 steps)
    (Validation) Returns: 27.882785059793584 +/- 3.519755672634223
[INFO] Update 189 (1548288 / 4194304 steps)
    (Validation) Returns: 28.8978047808181 +/- 3.9168809591065337
[INFO] Update 190 (1556480 / 4194304 steps)
    (Validation) Returns: 28.423263277759297 +/- 3.0872246135834893
[INFO] Update 191 (1564672 / 4194304 steps)
    (Validation) Returns: 27.76771359198409 +/- 4.030481762616648
[INFO] Update 192 (1572864 / 4194304 steps)
    (Validation) Returns: 28.753197801982083 +/- 3.399531734152356
[INFO] Update 193 (1581056 / 4194304 steps)
    (Validation) Returns: 27.813812921564114 +/- 3.40040154012763
[INFO] Update 194 (1589248 / 4194304 steps)
    (Validation) Returns: 27.82373513535265 +/- 3.4109511754117747
[INFO] Update 195 (1597440 / 4194304 steps)
    (Validation) Returns: 28.9356445319803 +/- 3.6497124007010604
[INFO] Update 196 (1605632 / 4194304 steps)
    (Validation) Returns: 29.090803043576294 +/- 3.091703218156236
[INFO] Update 197 (1613824 / 4194304 steps)
    (Validation) Returns: 28.25833305203262 +/- 3.0940621336987344
[INFO] Update 198 (1622016 / 4194304 steps)
    (Validation) Returns: 28.930770724501087 +/- 3.7284935096844913
[INFO] Update 199 (1630208 / 4194304 steps)
    (Validation) Returns: 28.039851968302933 +/- 3.0168488122858332
[INFO] Update 200 (1638400 / 4194304 steps)
    (Validation) Returns: 28.04827008313336 +/- 3.9974629900015155
[INFO] Update 201 (1646592 / 4194304 steps)
    (Validation) Returns: 27.720265811814663 +/- 3.112437525955299
[INFO] Update 202 (1654784 / 4194304 steps)
    (Validation) Returns: 28.245504995711087 +/- 3.6003166377652307
[INFO] Update 203 (1662976 / 4194304 steps)
    (Validation) Returns: 28.24176319117736 +/- 3.249593743323078
[INFO] Update 204 (1671168 / 4194304 steps)
    (Validation) Returns: 28.93568058989331 +/- 3.1419305442313075
[INFO] Update 205 (1679360 / 4194304 steps)
    (Validation) Returns: 28.21736502416071 +/- 3.5469354466574816
[INFO] Update 206 (1687552 / 4194304 steps)
    (Validation) Returns: 27.28580264761654 +/- 2.7982598799345757
[INFO] Update 207 (1695744 / 4194304 steps)
    (Validation) Returns: 27.63570821972627 +/- 3.5747172422399704
[INFO] Update 208 (1703936 / 4194304 steps)
    (Validation) Returns: 28.5654895486441 +/- 3.084260194694575
[INFO] Update 209 (1712128 / 4194304 steps)
    (Validation) Returns: 29.221632820004448 +/- 3.5988240858956075
[INFO] Update 210 (1720320 / 4194304 steps)
    (Validation) Returns: 27.960692387595316 +/- 3.3905659922818505
[INFO] Update 211 (1728512 / 4194304 steps)
    (Validation) Returns: 29.156625654596525 +/- 2.8720636997946407
[INFO] Update 212 (1736704 / 4194304 steps)
    (Validation) Returns: 27.969524665494042 +/- 3.149929284641957
[INFO] Update 213 (1744896 / 4194304 steps)
    (Validation) Returns: 29.10094921332082 +/- 3.37353093704811
[INFO] Update 214 (1753088 / 4194304 steps)
    (Validation) Returns: 27.946635228377865 +/- 3.6936997582925164
[INFO] Update 215 (1761280 / 4194304 steps)
    (Validation) Returns: 28.013620296090288 +/- 3.207438380621336
[INFO] Update 216 (1769472 / 4194304 steps)
    (Validation) Returns: 28.138909205879145 +/- 3.554446310814699
[INFO] Update 217 (1777664 / 4194304 steps)
    (Validation) Returns: 29.486956471596738 +/- 2.2875556461913815
[INFO] Update 218 (1785856 / 4194304 steps)
    (Validation) Returns: 27.600912544141295 +/- 3.6486316597033954
[INFO] Update 219 (1794048 / 4194304 steps)
    (Validation) Returns: 27.19611128084814 +/- 3.6094817336296834
[INFO] Update 220 (1802240 / 4194304 steps)
    (Validation) Returns: 28.444825198395158 +/- 2.8434653844048943
[INFO] Update 221 (1810432 / 4194304 steps)
    (Validation) Returns: 28.504119314855842 +/- 3.365643977463867
[INFO] Update 222 (1818624 / 4194304 steps)
    (Validation) Returns: 28.401844455825795 +/- 3.1610788407892025
[INFO] Update 223 (1826816 / 4194304 steps)
    (Validation) Returns: 29.60604846669197 +/- 2.786019709826206
[INFO] Update 224 (1835008 / 4194304 steps)
    (Validation) Returns: 28.231935363273077 +/- 2.666434799633019
[INFO] Update 225 (1843200 / 4194304 steps)
    (Validation) Returns: 28.206879965118315 +/- 3.2611911721304505
[INFO] Update 226 (1851392 / 4194304 steps)
    (Validation) Returns: 28.730455708430032 +/- 3.104591224348427
[INFO] Update 227 (1859584 / 4194304 steps)
    (Validation) Returns: 29.11814996438675 +/- 3.3709616582636266
[INFO] Update 228 (1867776 / 4194304 steps)
    (Validation) Returns: 28.579069166656318 +/- 2.9542862842889086
[INFO] Update 229 (1875968 / 4194304 steps)
    (Validation) Returns: 28.643803887827254 +/- 3.502381013035518
[INFO] Update 230 (1884160 / 4194304 steps)
    (Validation) Returns: 28.000457602096855 +/- 3.701743379476053
[INFO] Update 231 (1892352 / 4194304 steps)
    (Validation) Returns: 28.288229443690597 +/- 3.4627312814995603
[INFO] Update 232 (1900544 / 4194304 steps)
    (Validation) Returns: 27.95309125944607 +/- 2.9213167828700284
[INFO] Update 233 (1908736 / 4194304 steps)
    (Validation) Returns: 28.65561892519217 +/- 2.9644532063454188
[INFO] Update 234 (1916928 / 4194304 steps)
    (Validation) Returns: 27.9511074821274 +/- 3.3583472371690686
[INFO] Update 235 (1925120 / 4194304 steps)
    (Validation) Returns: 27.91066028878464 +/- 3.473500365807496
[INFO] Update 236 (1933312 / 4194304 steps)
    (Validation) Returns: 27.854977361561577 +/- 3.6735314029272246
[INFO] Update 237 (1941504 / 4194304 steps)
    (Validation) Returns: 28.74680236923415 +/- 3.107817509937007
[INFO] Update 238 (1949696 / 4194304 steps)
    (Validation) Returns: 29.32097357905575 +/- 2.9872864649349715
[INFO] Update 239 (1957888 / 4194304 steps)
    (Validation) Returns: 29.09026580190993 +/- 3.4981233426595244
[INFO] Update 240 (1966080 / 4194304 steps)
    (Validation) Returns: 28.210232241091283 +/- 3.2817664181522894
[INFO] Update 241 (1974272 / 4194304 steps)
    (Validation) Returns: 27.32544679098168 +/- 3.183709419378641
[INFO] Update 242 (1982464 / 4194304 steps)
    (Validation) Returns: 28.130323242238838 +/- 2.8917267789083856
[INFO] Update 243 (1990656 / 4194304 steps)
    (Validation) Returns: 28.729737924313525 +/- 3.7290885691039732
[INFO] Update 244 (1998848 / 4194304 steps)
    (Validation) Returns: 28.4207808700176 +/- 2.97684524280368
[INFO] Update 245 (2007040 / 4194304 steps)
    (Validation) Returns: 27.739806897442882 +/- 4.095377707009211
[INFO] Update 246 (2015232 / 4194304 steps)
    (Validation) Returns: 28.840427046643192 +/- 3.568273752434443
[INFO] Update 247 (2023424 / 4194304 steps)
    (Validation) Returns: 28.949788901629564 +/- 3.2020811064260193
[INFO] Update 248 (2031616 / 4194304 steps)
    (Validation) Returns: 27.555624271466446 +/- 3.679793944420826
[INFO] Update 249 (2039808 / 4194304 steps)
    (Validation) Returns: 28.332414859516128 +/- 2.9464274482226895
[INFO] Update 250 (2048000 / 4194304 steps)
    (Validation) Returns: 28.01722637240878 +/- 3.665301622810385
[INFO] Update 251 (2056192 / 4194304 steps)
    (Validation) Returns: 29.26960417379106 +/- 3.347302292700201
[INFO] Update 252 (2064384 / 4194304 steps)
    (Validation) Returns: 27.696318967576133 +/- 3.7018907405343056
[INFO] Update 253 (2072576 / 4194304 steps)
    (Validation) Returns: 29.0889255214146 +/- 2.7418255530275943
[INFO] Update 254 (2080768 / 4194304 steps)
    (Validation) Returns: 28.033951021260208 +/- 3.3740955519570606
[INFO] Update 255 (2088960 / 4194304 steps)
    (Validation) Returns: 27.882021229241765 +/- 2.995946531532586
[INFO] Update 256 (2097152 / 4194304 steps)
    (Validation) Returns: 27.835290885672144 +/- 4.164157440979443
[INFO] Update 257 (2105344 / 4194304 steps)
    (Validation) Returns: 28.242774179885135 +/- 3.1529070814840474
[INFO] Update 258 (2113536 / 4194304 steps)
    (Validation) Returns: 29.194680528631284 +/- 3.224237434346566
[INFO] Update 259 (2121728 / 4194304 steps)
    (Validation) Returns: 27.72787784265234 +/- 3.817544379776519
[INFO] Update 260 (2129920 / 4194304 steps)
    (Validation) Returns: 28.196363403278134 +/- 3.359881851602529
[INFO] Update 261 (2138112 / 4194304 steps)
    (Validation) Returns: 28.651210718107688 +/- 3.2660353605924195
[INFO] Update 262 (2146304 / 4194304 steps)
    (Validation) Returns: 27.9648624032277 +/- 3.535448580989434
[INFO] Update 263 (2154496 / 4194304 steps)
    (Validation) Returns: 28.55875443491518 +/- 4.111760081105513
[INFO] Update 264 (2162688 / 4194304 steps)
    (Validation) Returns: 28.76924541966064 +/- 3.4319255326705425
[INFO] Update 265 (2170880 / 4194304 steps)
    (Validation) Returns: 28.445394819569877 +/- 2.8849200212068933
[INFO] Update 266 (2179072 / 4194304 steps)
    (Validation) Returns: 28.33951404488091 +/- 3.5499535336023307
[INFO] Update 267 (2187264 / 4194304 steps)
    (Validation) Returns: 27.303689000903738 +/- 3.2790776518824023
[INFO] Update 268 (2195456 / 4194304 steps)
    (Validation) Returns: 28.384752846289246 +/- 3.8607134367971105
[INFO] Update 269 (2203648 / 4194304 steps)
    (Validation) Returns: 28.64128682163642 +/- 3.375607040386692
[INFO] Update 270 (2211840 / 4194304 steps)
    (Validation) Returns: 28.55628732119387 +/- 3.078902786606492
[INFO] Update 271 (2220032 / 4194304 steps)
    (Validation) Returns: 28.170353135397097 +/- 3.3101762395979657
[INFO] Update 272 (2228224 / 4194304 steps)
    (Validation) Returns: 27.871893045383036 +/- 3.439453239170331
[INFO] Update 273 (2236416 / 4194304 steps)
    (Validation) Returns: 29.191456454000598 +/- 3.1061432271373444
[INFO] Update 274 (2244608 / 4194304 steps)
    (Validation) Returns: 28.190433939228466 +/- 3.3926063154208888
[INFO] Update 275 (2252800 / 4194304 steps)
    (Validation) Returns: 29.159502473946077 +/- 3.0532362957489902
[INFO] Update 276 (2260992 / 4194304 steps)
    (Validation) Returns: 28.507379663137403 +/- 3.6565626888481573
[INFO] Update 277 (2269184 / 4194304 steps)
    (Validation) Returns: 28.445259513512145 +/- 3.433288491578709
[INFO] Update 278 (2277376 / 4194304 steps)
    (Validation) Returns: 28.42053151491894 +/- 3.4832426019318086
[INFO] Update 279 (2285568 / 4194304 steps)
    (Validation) Returns: 27.869862974730985 +/- 4.12762068415743
[INFO] Update 280 (2293760 / 4194304 steps)
    (Validation) Returns: 28.10174675126685 +/- 2.8544399845675503
[INFO] Update 281 (2301952 / 4194304 steps)
    (Validation) Returns: 27.996328921715694 +/- 2.7813462962835427
[INFO] Update 282 (2310144 / 4194304 steps)
    (Validation) Returns: 28.954623661493976 +/- 3.572239410448363
[INFO] Update 283 (2318336 / 4194304 steps)
    (Validation) Returns: 27.617229517016995 +/- 3.7279776941260643
[INFO] Update 284 (2326528 / 4194304 steps)
    (Validation) Returns: 27.676240788894603 +/- 4.08863354156628
[INFO] Update 285 (2334720 / 4194304 steps)
    (Validation) Returns: 28.655027848314283 +/- 3.5467395505579624
[INFO] Update 286 (2342912 / 4194304 steps)
    (Validation) Returns: 28.65930020117388 +/- 3.4424915450193954
[INFO] Update 287 (2351104 / 4194304 steps)
    (Validation) Returns: 27.834777325427034 +/- 3.0756688752613917
[INFO] Update 288 (2359296 / 4194304 steps)
    (Validation) Returns: 27.40066040333722 +/- 2.936455975038935
[INFO] Update 289 (2367488 / 4194304 steps)
    (Validation) Returns: 28.815095238839454 +/- 3.687273416249392
[INFO] Update 290 (2375680 / 4194304 steps)
    (Validation) Returns: 27.030820690667998 +/- 3.5619717892247236
[INFO] Update 291 (2383872 / 4194304 steps)
    (Validation) Returns: 28.214894116241275 +/- 3.1331885674260653
[INFO] Update 292 (2392064 / 4194304 steps)
    (Validation) Returns: 28.334310349719125 +/- 3.1387527860133795
[INFO] Update 293 (2400256 / 4194304 steps)
    (Validation) Returns: 27.340405148162688 +/- 3.5161801219309203
[INFO] Update 294 (2408448 / 4194304 steps)
    (Validation) Returns: 26.85033854931483 +/- 3.756761818206712
[INFO] Update 295 (2416640 / 4194304 steps)
    (Validation) Returns: 27.519130278023123 +/- 3.963449203980137
[INFO] Update 296 (2424832 / 4194304 steps)
    (Validation) Returns: 29.371028290476847 +/- 2.9529105626629417
[INFO] Update 297 (2433024 / 4194304 steps)
    (Validation) Returns: 27.375045638617017 +/- 3.2384097728966443
[INFO] Update 298 (2441216 / 4194304 steps)
    (Validation) Returns: 28.15424763302918 +/- 2.838499594487698
[INFO] Update 299 (2449408 / 4194304 steps)
    (Validation) Returns: 28.04977951441403 +/- 3.253465788267903
[INFO] Update 300 (2457600 / 4194304 steps)
    (Validation) Returns: 27.87913354151741 +/- 3.376569232660682
[INFO] Update 301 (2465792 / 4194304 steps)
    (Validation) Returns: 28.513425259573275 +/- 3.376610849263098
[INFO] Update 302 (2473984 / 4194304 steps)
    (Validation) Returns: 27.96273512000808 +/- 4.3501978964978605
[INFO] Update 303 (2482176 / 4194304 steps)
    (Validation) Returns: 27.338829881161292 +/- 3.501450913806814
[INFO] Update 304 (2490368 / 4194304 steps)
    (Validation) Returns: 28.275239624034363 +/- 3.570611140452185
[INFO] Update 305 (2498560 / 4194304 steps)
    (Validation) Returns: 28.316536602561634 +/- 4.077994463102946
[INFO] Update 306 (2506752 / 4194304 steps)
    (Validation) Returns: 28.435055111790177 +/- 3.3597072393716334
[INFO] Update 307 (2514944 / 4194304 steps)
    (Validation) Returns: 27.016126635941863 +/- 3.5775910524527705
[INFO] Update 308 (2523136 / 4194304 steps)
    (Validation) Returns: 27.74789422248452 +/- 2.9632010673204165
[INFO] Update 309 (2531328 / 4194304 steps)
    (Validation) Returns: 27.25218192898584 +/- 3.205838188715885
[INFO] Update 310 (2539520 / 4194304 steps)
    (Validation) Returns: 27.915000028528492 +/- 2.868393893161557
[INFO] Update 311 (2547712 / 4194304 steps)
    (Validation) Returns: 27.75630060505383 +/- 4.217352062585045
[INFO] Update 312 (2555904 / 4194304 steps)
    (Validation) Returns: 28.24765611210728 +/- 3.412775132634944
[INFO] Update 313 (2564096 / 4194304 steps)
    (Validation) Returns: 28.39436129835326 +/- 3.262514645420905
[INFO] Update 314 (2572288 / 4194304 steps)
    (Validation) Returns: 28.15925913014086 +/- 3.7451095001412433
[INFO] Update 315 (2580480 / 4194304 steps)
    (Validation) Returns: 26.73992364636988 +/- 3.454366890639252
[INFO] Update 316 (2588672 / 4194304 steps)
    (Validation) Returns: 28.652438662505766 +/- 3.205907568059098
[INFO] Update 317 (2596864 / 4194304 steps)
    (Validation) Returns: 28.006345447594903 +/- 3.3109032833868484
[INFO] Update 318 (2605056 / 4194304 steps)
    (Validation) Returns: 27.801722482009712 +/- 3.488176278964202
[INFO] Update 319 (2613248 / 4194304 steps)
    (Validation) Returns: 28.949648295909913 +/- 3.73557506239645
[INFO] Update 320 (2621440 / 4194304 steps)
    (Validation) Returns: 28.621591712207806 +/- 3.642093744627991
[INFO] Update 321 (2629632 / 4194304 steps)
    (Validation) Returns: 27.877740644930004 +/- 3.7977832662176887
[INFO] Update 322 (2637824 / 4194304 steps)
    (Validation) Returns: 28.451305373188553 +/- 2.904487989586009
[INFO] Update 323 (2646016 / 4194304 steps)
    (Validation) Returns: 28.036157826517307 +/- 3.7081295489701973
[INFO] Update 324 (2654208 / 4194304 steps)
    (Validation) Returns: 27.516375683791487 +/- 3.4637982375818086
[INFO] Update 325 (2662400 / 4194304 steps)
    (Validation) Returns: 29.111695520148213 +/- 3.2135731577891202
[INFO] Update 326 (2670592 / 4194304 steps)
    (Validation) Returns: 27.568234439570944 +/- 3.540460616231308
[INFO] Update 327 (2678784 / 4194304 steps)
    (Validation) Returns: 28.70209344892844 +/- 3.321007213654944
[INFO] Update 328 (2686976 / 4194304 steps)
    (Validation) Returns: 29.00579292934315 +/- 3.1406472485718955
[INFO] Update 329 (2695168 / 4194304 steps)
    (Validation) Returns: 28.01463598795187 +/- 3.5051594318214994
[INFO] Update 330 (2703360 / 4194304 steps)
    (Validation) Returns: 27.794421593951824 +/- 3.4066840281646695
[INFO] Update 331 (2711552 / 4194304 steps)
    (Validation) Returns: 29.069123185640343 +/- 3.196510104748316
[INFO] Update 332 (2719744 / 4194304 steps)
    (Validation) Returns: 28.187909638941996 +/- 3.434036597846431
[INFO] Update 333 (2727936 / 4194304 steps)
    (Validation) Returns: 28.29590598605399 +/- 3.314112718231209
[INFO] Update 334 (2736128 / 4194304 steps)
    (Validation) Returns: 28.00434386968137 +/- 3.111033491556411
[INFO] Update 335 (2744320 / 4194304 steps)
    (Validation) Returns: 28.105804967579125 +/- 3.2804719238368527
[INFO] Update 336 (2752512 / 4194304 steps)
    (Validation) Returns: 28.020971971461734 +/- 3.445667877631012
[INFO] Update 337 (2760704 / 4194304 steps)
    (Validation) Returns: 28.360472329455728 +/- 3.646433243726788
[INFO] Update 338 (2768896 / 4194304 steps)
    (Validation) Returns: 27.90190555084293 +/- 3.2659038804025475
[INFO] Update 339 (2777088 / 4194304 steps)
    (Validation) Returns: 28.05290041482424 +/- 3.3358798742636684
[INFO] Update 340 (2785280 / 4194304 steps)
    (Validation) Returns: 28.781945387432508 +/- 2.854913045567609
[INFO] Update 341 (2793472 / 4194304 steps)
    (Validation) Returns: 27.215557883008735 +/- 3.5573970542091637
[INFO] Update 342 (2801664 / 4194304 steps)
    (Validation) Returns: 28.930273069571818 +/- 3.338502407217812
[INFO] Update 343 (2809856 / 4194304 steps)
    (Validation) Returns: 27.885053344901984 +/- 3.4036544624424865
[INFO] Update 344 (2818048 / 4194304 steps)
    (Validation) Returns: 28.032503418256123 +/- 2.9763404165533367
[INFO] Update 345 (2826240 / 4194304 steps)
    (Validation) Returns: 27.87424289111259 +/- 3.8648076114354097
[INFO] Update 346 (2834432 / 4194304 steps)
    (Validation) Returns: 28.62766069557656 +/- 3.774092490664977
[INFO] Update 347 (2842624 / 4194304 steps)
    (Validation) Returns: 28.203562901025975 +/- 3.3697505613278205
[INFO] Update 348 (2850816 / 4194304 steps)
    (Validation) Returns: 28.14663156818749 +/- 2.896847624711521
[INFO] Update 349 (2859008 / 4194304 steps)
    (Validation) Returns: 27.546997991471653 +/- 3.3542367958427253
[INFO] Update 350 (2867200 / 4194304 steps)
    (Validation) Returns: 29.89538296709248 +/- 2.319276346632423
[INFO] Update 351 (2875392 / 4194304 steps)
    (Validation) Returns: 28.28553128723804 +/- 3.3975598609200564
[INFO] Update 352 (2883584 / 4194304 steps)
    (Validation) Returns: 28.76855256270012 +/- 2.7835383518046988
[INFO] Update 353 (2891776 / 4194304 steps)
    (Validation) Returns: 27.701167821764454 +/- 3.8817591757043433
[INFO] Update 354 (2899968 / 4194304 steps)
    (Validation) Returns: 27.954817473936515 +/- 2.8639015728363257
[INFO] Update 355 (2908160 / 4194304 steps)
    (Validation) Returns: 27.64792020085408 +/- 3.744479821294919
[INFO] Update 356 (2916352 / 4194304 steps)
    (Validation) Returns: 28.293275390468104 +/- 2.3622498461023826
[INFO] Update 357 (2924544 / 4194304 steps)
    (Validation) Returns: 28.61841039616642 +/- 3.2036713566405144
[INFO] Update 358 (2932736 / 4194304 steps)
    (Validation) Returns: 29.52009194135602 +/- 2.770605465938423
[INFO] Update 359 (2940928 / 4194304 steps)
    (Validation) Returns: 27.8229302904301 +/- 3.0211196735876227
[INFO] Update 360 (2949120 / 4194304 steps)
    (Validation) Returns: 27.782682450108588 +/- 3.4861610288896254
[INFO] Update 361 (2957312 / 4194304 steps)
    (Validation) Returns: 27.182848278751397 +/- 3.2284148557000405
[INFO] Update 362 (2965504 / 4194304 steps)
    (Validation) Returns: 27.1890556267653 +/- 3.088024509344359
[INFO] Update 363 (2973696 / 4194304 steps)
    (Validation) Returns: 28.64994128361918 +/- 3.2043477535806715
[INFO] Update 364 (2981888 / 4194304 steps)
    (Validation) Returns: 28.952152821091907 +/- 3.8475401196702532
[INFO] Update 365 (2990080 / 4194304 steps)
    (Validation) Returns: 28.510304040339452 +/- 3.4140022683695164
[INFO] Update 366 (2998272 / 4194304 steps)
    (Validation) Returns: 28.44337995053462 +/- 3.4112632817976065
[INFO] Update 367 (3006464 / 4194304 steps)
    (Validation) Returns: 27.828476413874647 +/- 3.5273617562795807
[INFO] Update 368 (3014656 / 4194304 steps)
    (Validation) Returns: 27.876409669159933 +/- 4.0357311369138165
[INFO] Update 369 (3022848 / 4194304 steps)
    (Validation) Returns: 28.2246019016633 +/- 2.9667159363206266
[INFO] Update 370 (3031040 / 4194304 steps)
    (Validation) Returns: 29.087593463995187 +/- 3.075612391775316
[INFO] Update 371 (3039232 / 4194304 steps)
    (Validation) Returns: 28.980528732191885 +/- 3.926534678623953
[INFO] Update 372 (3047424 / 4194304 steps)
    (Validation) Returns: 28.148158489906155 +/- 3.543463077840506
[INFO] Update 373 (3055616 / 4194304 steps)
    (Validation) Returns: 27.93598152674013 +/- 3.53023558833946
[INFO] Update 374 (3063808 / 4194304 steps)
    (Validation) Returns: 28.234048728541257 +/- 3.339561771514618
[INFO] Update 375 (3072000 / 4194304 steps)
    (Validation) Returns: 26.987199247004014 +/- 3.362649680978675
[INFO] Update 376 (3080192 / 4194304 steps)
    (Validation) Returns: 28.522261181362573 +/- 3.2116941992610912
[INFO] Update 377 (3088384 / 4194304 steps)
    (Validation) Returns: 28.25338934811406 +/- 3.739394616710432
[INFO] Update 378 (3096576 / 4194304 steps)
    (Validation) Returns: 28.494695579297353 +/- 4.052762887657734
[INFO] Update 379 (3104768 / 4194304 steps)
    (Validation) Returns: 27.040731482007764 +/- 3.665503169029146
[INFO] Update 380 (3112960 / 4194304 steps)
    (Validation) Returns: 29.595492031156322 +/- 2.489796862581679
[INFO] Update 381 (3121152 / 4194304 steps)
    (Validation) Returns: 27.717430387626916 +/- 3.967093282654654
[INFO] Update 382 (3129344 / 4194304 steps)
    (Validation) Returns: 28.414859422358084 +/- 2.6100603645172886
[INFO] Update 383 (3137536 / 4194304 steps)
    (Validation) Returns: 28.5647757641324 +/- 3.7027765376118276
[INFO] Update 384 (3145728 / 4194304 steps)
    (Validation) Returns: 26.729262364587576 +/- 3.6574953636137755
[INFO] Update 385 (3153920 / 4194304 steps)
    (Validation) Returns: 28.776388131664362 +/- 3.520258026969893
[INFO] Update 386 (3162112 / 4194304 steps)
    (Validation) Returns: 28.324315980162815 +/- 2.992662869413275
[INFO] Update 387 (3170304 / 4194304 steps)
    (Validation) Returns: 27.532305312557675 +/- 3.7459654040161197
[INFO] Update 388 (3178496 / 4194304 steps)
    (Validation) Returns: 27.725994636653375 +/- 3.4539505466070652
[INFO] Update 389 (3186688 / 4194304 steps)
    (Validation) Returns: 28.207726501193683 +/- 3.1866924201498112
[INFO] Update 390 (3194880 / 4194304 steps)
    (Validation) Returns: 28.533603802594165 +/- 2.793208173507283
[INFO] Update 391 (3203072 / 4194304 steps)
    (Validation) Returns: 28.30964592059823 +/- 3.4117079507946015
[INFO] Update 392 (3211264 / 4194304 steps)
    (Validation) Returns: 27.66812459653749 +/- 3.1222438016836724
[INFO] Update 393 (3219456 / 4194304 steps)
    (Validation) Returns: 28.676529107515062 +/- 3.6795342673130573
[INFO] Update 394 (3227648 / 4194304 steps)
    (Validation) Returns: 27.693483455009538 +/- 3.2158669834284703
[INFO] Update 395 (3235840 / 4194304 steps)
    (Validation) Returns: 28.874268100958727 +/- 3.37550612249628
[INFO] Update 396 (3244032 / 4194304 steps)
    (Validation) Returns: 28.82525906046525 +/- 2.724812975953644
[INFO] Update 397 (3252224 / 4194304 steps)
    (Validation) Returns: 28.38118571954442 +/- 3.4384627096671103
[INFO] Update 398 (3260416 / 4194304 steps)
    (Validation) Returns: 26.938834842515185 +/- 3.7400938405904953
[INFO] Update 399 (3268608 / 4194304 steps)
    (Validation) Returns: 27.681108697001925 +/- 3.3022762527023914
[INFO] Update 400 (3276800 / 4194304 steps)
    (Validation) Returns: 28.249029304487397 +/- 3.720434290813639
[INFO] Update 401 (3284992 / 4194304 steps)
    (Validation) Returns: 29.28980153127086 +/- 2.9430336429897856
[INFO] Update 402 (3293184 / 4194304 steps)
    (Validation) Returns: 27.163972644922943 +/- 3.2741526164389336
[INFO] Update 403 (3301376 / 4194304 steps)
    (Validation) Returns: 27.945613864453673 +/- 3.188134801610679
[INFO] Update 404 (3309568 / 4194304 steps)
    (Validation) Returns: 27.58919978153143 +/- 3.2101630130978256
[INFO] Update 405 (3317760 / 4194304 steps)
    (Validation) Returns: 28.867964555853796 +/- 3.2858570095282076
[INFO] Update 406 (3325952 / 4194304 steps)
    (Validation) Returns: 28.347964805556735 +/- 3.291129334318042
[INFO] Update 407 (3334144 / 4194304 steps)
    (Validation) Returns: 27.397450129326764 +/- 3.8166091529805533
[INFO] Update 408 (3342336 / 4194304 steps)
    (Validation) Returns: 27.270579500541157 +/- 3.5513936795557033
[INFO] Update 409 (3350528 / 4194304 steps)
    (Validation) Returns: 28.132315913919758 +/- 3.5961479665719356
[INFO] Update 410 (3358720 / 4194304 steps)
    (Validation) Returns: 28.117021436646723 +/- 3.0529178351422406
[INFO] Update 411 (3366912 / 4194304 steps)
    (Validation) Returns: 28.365064872700145 +/- 2.6718867800107313
[INFO] Update 412 (3375104 / 4194304 steps)
    (Validation) Returns: 29.202487207221207 +/- 2.862664815827767
[INFO] Update 413 (3383296 / 4194304 steps)
    (Validation) Returns: 27.80237385012891 +/- 3.818636226069497
[INFO] Update 414 (3391488 / 4194304 steps)
    (Validation) Returns: 28.715379523782737 +/- 2.860281562792204
[INFO] Update 415 (3399680 / 4194304 steps)
    (Validation) Returns: 27.3940567632382 +/- 3.2437830495846924
[INFO] Update 416 (3407872 / 4194304 steps)
    (Validation) Returns: 28.47249203800003 +/- 3.5594996651778827
[INFO] Update 417 (3416064 / 4194304 steps)
    (Validation) Returns: 28.748188828197648 +/- 3.649071420027903
[INFO] Update 418 (3424256 / 4194304 steps)
    (Validation) Returns: 27.343650131225438 +/- 3.203624061301254
[INFO] Update 419 (3432448 / 4194304 steps)
    (Validation) Returns: 28.84673509639229 +/- 2.8887927205452235
[INFO] Update 420 (3440640 / 4194304 steps)
    (Validation) Returns: 28.123020431195084 +/- 3.344010668902585
[INFO] Update 421 (3448832 / 4194304 steps)
    (Validation) Returns: 27.897024914527577 +/- 3.587067259368268
[INFO] Update 422 (3457024 / 4194304 steps)
    (Validation) Returns: 27.964179156294325 +/- 2.9729134963140913
[INFO] Update 423 (3465216 / 4194304 steps)
    (Validation) Returns: 28.172312977656464 +/- 2.988449678045587
[INFO] Update 424 (3473408 / 4194304 steps)
    (Validation) Returns: 28.359187075135548 +/- 3.22617540690385
[INFO] Update 425 (3481600 / 4194304 steps)
    (Validation) Returns: 27.5369365886354 +/- 3.153469069841229
[INFO] Update 426 (3489792 / 4194304 steps)
    (Validation) Returns: 28.358193995395112 +/- 3.3226690302475075
[INFO] Update 427 (3497984 / 4194304 steps)
    (Validation) Returns: 27.974633271655517 +/- 4.0563599882013595
[INFO] Update 428 (3506176 / 4194304 steps)
    (Validation) Returns: 27.605174126043448 +/- 4.043566593400432
[INFO] Update 429 (3514368 / 4194304 steps)
    (Validation) Returns: 28.53725908002442 +/- 2.7676275307587734
[INFO] Update 430 (3522560 / 4194304 steps)
    (Validation) Returns: 28.463375027705446 +/- 3.189858144157838
[INFO] Update 431 (3530752 / 4194304 steps)
    (Validation) Returns: 29.740166002226374 +/- 2.8238699317590985
[INFO] Update 432 (3538944 / 4194304 steps)
    (Validation) Returns: 27.822371149785823 +/- 3.1240835868956403
[INFO] Update 433 (3547136 / 4194304 steps)
    (Validation) Returns: 27.621194374558733 +/- 3.1519280599134163
[INFO] Update 434 (3555328 / 4194304 steps)
    (Validation) Returns: 29.3595547159955 +/- 3.131178868723276
[INFO] Update 435 (3563520 / 4194304 steps)
    (Validation) Returns: 29.141734648491045 +/- 3.298079161149292
[INFO] Update 436 (3571712 / 4194304 steps)
    (Validation) Returns: 28.450045827367564 +/- 3.455758800793875
[INFO] Update 437 (3579904 / 4194304 steps)
    (Validation) Returns: 28.068895127263893 +/- 3.9116196619122787
[INFO] Update 438 (3588096 / 4194304 steps)
    (Validation) Returns: 27.341339577359804 +/- 3.0092758424860118
[INFO] Update 439 (3596288 / 4194304 steps)
    (Validation) Returns: 28.478467488069306 +/- 4.156155999586078
[INFO] Update 440 (3604480 / 4194304 steps)
    (Validation) Returns: 27.991206367403663 +/- 3.2882769617988385
[INFO] Update 441 (3612672 / 4194304 steps)
    (Validation) Returns: 28.42345806139456 +/- 2.8363525939454775
[INFO] Update 442 (3620864 / 4194304 steps)
    (Validation) Returns: 28.019145178424232 +/- 3.2868206708331207
[INFO] Update 443 (3629056 / 4194304 steps)
    (Validation) Returns: 28.071381989196073 +/- 3.4849311757167047
[INFO] Update 444 (3637248 / 4194304 steps)
    (Validation) Returns: 28.423180777433878 +/- 3.5501413243848345
[INFO] Update 445 (3645440 / 4194304 steps)
    (Validation) Returns: 27.45177451916024 +/- 3.417442638944478
[INFO] Update 446 (3653632 / 4194304 steps)
    (Validation) Returns: 27.439837452844028 +/- 3.468492548061712
[INFO] Update 447 (3661824 / 4194304 steps)
    (Validation) Returns: 28.5400279573136 +/- 3.8996705480046816
[INFO] Update 448 (3670016 / 4194304 steps)
    (Validation) Returns: 27.576947974640966 +/- 3.54480911266236
[INFO] Update 449 (3678208 / 4194304 steps)
    (Validation) Returns: 28.83985468463294 +/- 3.2462393594541807
[INFO] Update 450 (3686400 / 4194304 steps)
    (Validation) Returns: 28.1521187593489 +/- 3.469848183260001
[INFO] Update 451 (3694592 / 4194304 steps)
    (Validation) Returns: 27.546260600840053 +/- 3.5553247861981934
[INFO] Update 452 (3702784 / 4194304 steps)
    (Validation) Returns: 28.12525919713901 +/- 3.2498851668405857
[INFO] Update 453 (3710976 / 4194304 steps)
    (Validation) Returns: 27.430927841938605 +/- 3.5518306353812243
[INFO] Update 454 (3719168 / 4194304 steps)
    (Validation) Returns: 27.239398293727184 +/- 3.7757041273479772
[INFO] Update 455 (3727360 / 4194304 steps)
    (Validation) Returns: 27.65947868518939 +/- 3.7773645161897713
[INFO] Update 456 (3735552 / 4194304 steps)
    (Validation) Returns: 28.56291976545406 +/- 3.5693022244027572
[INFO] Update 457 (3743744 / 4194304 steps)
    (Validation) Returns: 28.881837769065726 +/- 3.0379082427145057
[INFO] Update 458 (3751936 / 4194304 steps)
    (Validation) Returns: 28.1030597669058 +/- 3.2154558856715636
[INFO] Update 459 (3760128 / 4194304 steps)
    (Validation) Returns: 28.930808768455886 +/- 3.3283822485045826
[INFO] Update 460 (3768320 / 4194304 steps)
    (Validation) Returns: 28.07559787687982 +/- 2.9926929399482676
[INFO] Update 461 (3776512 / 4194304 steps)
    (Validation) Returns: 28.125256323733435 +/- 3.012154893262167
[INFO] Update 462 (3784704 / 4194304 steps)
    (Validation) Returns: 28.645886919855855 +/- 2.829339679715507
[INFO] Update 463 (3792896 / 4194304 steps)
    (Validation) Returns: 28.325433048538617 +/- 2.5063616641877444
[INFO] Update 464 (3801088 / 4194304 steps)
    (Validation) Returns: 28.654577824430863 +/- 3.241598990781518
[INFO] Update 465 (3809280 / 4194304 steps)
    (Validation) Returns: 27.875678487891697 +/- 3.630867899865855
[INFO] Update 466 (3817472 / 4194304 steps)
    (Validation) Returns: 27.855791478380887 +/- 3.550800963635985
[INFO] Update 467 (3825664 / 4194304 steps)
    (Validation) Returns: 27.877879892560212 +/- 3.607777178120872
[INFO] Update 468 (3833856 / 4194304 steps)
    (Validation) Returns: 27.876505600003334 +/- 3.9702989442939685
[INFO] Update 469 (3842048 / 4194304 steps)
    (Validation) Returns: 29.463959143140812 +/- 3.1862869263700393
[INFO] Update 470 (3850240 / 4194304 steps)
    (Validation) Returns: 28.084219690677116 +/- 2.7299544816328902
[INFO] Update 471 (3858432 / 4194304 steps)
    (Validation) Returns: 28.362181589415805 +/- 2.8246094318323243
[INFO] Update 472 (3866624 / 4194304 steps)
    (Validation) Returns: 28.079306095113708 +/- 3.309328005439799
[INFO] Update 473 (3874816 / 4194304 steps)
    (Validation) Returns: 27.86693756115118 +/- 3.1338767295995154
[INFO] Update 474 (3883008 / 4194304 steps)
    (Validation) Returns: 28.468381910714918 +/- 3.164916803532208
[INFO] Update 475 (3891200 / 4194304 steps)
    (Validation) Returns: 28.527004284817803 +/- 3.2013852705818397
[INFO] Update 476 (3899392 / 4194304 steps)
    (Validation) Returns: 28.333983523221793 +/- 2.9002346202103904
[INFO] Update 477 (3907584 / 4194304 steps)
    (Validation) Returns: 28.619625217368004 +/- 3.1993724672477537
[INFO] Update 478 (3915776 / 4194304 steps)
    (Validation) Returns: 28.683937454910943 +/- 3.1799620531289876
[INFO] Update 479 (3923968 / 4194304 steps)
    (Validation) Returns: 28.061002607565648 +/- 3.6797751121752498
[INFO] Update 480 (3932160 / 4194304 steps)
    (Validation) Returns: 27.308889609019445 +/- 3.2050755202665853
[INFO] Update 481 (3940352 / 4194304 steps)
    (Validation) Returns: 27.977058521537096 +/- 3.7003194316018595
[INFO] Update 482 (3948544 / 4194304 steps)
    (Validation) Returns: 28.097044102148107 +/- 3.7015381191325054
[INFO] Update 483 (3956736 / 4194304 steps)
    (Validation) Returns: 28.49228983997949 +/- 3.1029200336114635
[INFO] Update 484 (3964928 / 4194304 steps)
    (Validation) Returns: 28.25935669162169 +/- 3.4358442137929903
[INFO] Update 485 (3973120 / 4194304 steps)
    (Validation) Returns: 27.14886528139054 +/- 3.665919016783411
[INFO] Update 486 (3981312 / 4194304 steps)
    (Validation) Returns: 28.304482763585554 +/- 3.315042306160119
[INFO] Update 487 (3989504 / 4194304 steps)
    (Validation) Returns: 27.400707981130846 +/- 4.206156496048952
[INFO] Update 488 (3997696 / 4194304 steps)
    (Validation) Returns: 27.887602725940077 +/- 3.2869894699323403
[INFO] Update 489 (4005888 / 4194304 steps)
    (Validation) Returns: 27.648193725447094 +/- 3.5211341654364934
[INFO] Update 490 (4014080 / 4194304 steps)
    (Validation) Returns: 27.475398971335814 +/- 3.4341143645777894
[INFO] Update 491 (4022272 / 4194304 steps)
    (Validation) Returns: 28.531304707716664 +/- 2.961551076486092
[INFO] Update 492 (4030464 / 4194304 steps)
    (Validation) Returns: 27.245489448722047 +/- 3.9179122049551345
[INFO] Update 493 (4038656 / 4194304 steps)
    (Validation) Returns: 28.173964887560082 +/- 3.4428877334496515
[INFO] Update 494 (4046848 / 4194304 steps)
    (Validation) Returns: 28.180595546343206 +/- 2.978479942381153
[INFO] Update 495 (4055040 / 4194304 steps)
    (Validation) Returns: 28.08685541721642 +/- 3.2542418278453025
[INFO] Update 496 (4063232 / 4194304 steps)
    (Validation) Returns: 28.114217500252643 +/- 3.4543721453205993
[INFO] Update 497 (4071424 / 4194304 steps)
    (Validation) Returns: 28.56174223611925 +/- 3.1063739288835563
[INFO] Update 498 (4079616 / 4194304 steps)
    (Validation) Returns: 28.637936390072934 +/- 3.0668975208648117
[INFO] Update 499 (4087808 / 4194304 steps)
    (Validation) Returns: 27.439618668551173 +/- 3.516771948580844
[INFO] Update 500 (4096000 / 4194304 steps)
    (Validation) Returns: 27.800679180252338 +/- 2.5574780447143066
[INFO] Update 501 (4104192 / 4194304 steps)
    (Validation) Returns: 28.28706283226047 +/- 3.609467827371834
[INFO] Update 502 (4112384 / 4194304 steps)
    (Validation) Returns: 28.28240682634568 +/- 3.503750717602011
[INFO] Update 503 (4120576 / 4194304 steps)
    (Validation) Returns: 27.28989348757154 +/- 3.5590055209323883
[INFO] Update 504 (4128768 / 4194304 steps)
    (Validation) Returns: 29.422207576319853 +/- 2.820468743440989
[INFO] Update 505 (4136960 / 4194304 steps)
    (Validation) Returns: 28.36405688364905 +/- 2.755890625530661
[INFO] Update 506 (4145152 / 4194304 steps)
    (Validation) Returns: 27.931129605853595 +/- 3.470975427264434
[INFO] Update 507 (4153344 / 4194304 steps)
    (Validation) Returns: 29.071536419476946 +/- 3.1002541043227168
[INFO] Update 508 (4161536 / 4194304 steps)
    (Validation) Returns: 28.80500348960363 +/- 3.5012013001978493
[INFO] Update 509 (4169728 / 4194304 steps)
    (Validation) Returns: 27.92111935496617 +/- 3.7056190706981202
[INFO] Update 510 (4177920 / 4194304 steps)
    (Validation) Returns: 28.3619022772997 +/- 3.5400188410470492
[INFO] Update 511 (4186112 / 4194304 steps)
    (Validation) Returns: 28.14124430014208 +/- 3.627217207383657
[INFO] Training finished (4194304 steps)
