[INFO] Learning Configuration:
            Policy
                - Policy type:      cnn
                - Policy network:   MLPActorCritic(
  (actor): Sequential(
    (0): Linear(in_features=784, out_features=64, bias=True)
    (1): ReLU()
    (2): Linear(in_features=64, out_features=2, bias=True)
    (3): Tanh()
  )
  (critic): Sequential(
    (0): Linear(in_features=784, out_features=64, bias=True)
    (1): ReLU()
    (2): Linear(in_features=64, out_features=1, bias=True)
  )
  (encoder): CNN(
    (model): Sequential(
      (0): Conv2d(3, 16, kernel_size=(3, 3), stride=(2, 2))
      (1): ReLU()
      (2): Conv2d(16, 16, kernel_size=(3, 3), stride=(2, 2))
      (3): ReLU()
      (4): Conv2d(16, 16, kernel_size=(3, 3), stride=(2, 2))
      (5): Flatten(start_dim=1, end_dim=-1)
    )
  )
)
            Environment
                - Env name:         Sprites-v2
                - Num envs:         4
                - Spec:             EnvSpec(id='Sprites-v2', entry_point='sprites_env.envs.sprites:SpritesEnv', reward_threshold=None, nondeterministic=False, max_episode_steps=None, order_enforce=True, disable_env_checker=False, kwargs={'n_distractors': 2, 'num_envs': 4, 'vectorization_mode': 'sync'}, namespace=None, name='Sprites', version=2, additional_wrappers=(), vector_entry_point=None)
            Rollout
                - Rollout Steps:    2048
            Training
                - Total timesteps:  4194304
                - N epochs:         10
                - Batch size:       64
                - gamma (discount): 0.99
                - GAE lambda:       0.95
                - clip range:       0.2
                - Normalize adv:    True
                - Entropy coef:     0.01
                - Value coef:       0.5
                - Optimizer:        Adam
                - Learning rate:    0.0003
            Device
                - Device:           cuda
            Verbosity
                - Verbose level:    1
                - Log interval:     10
                - Tensorboard log:  ppo/TB_PPO
        
[INFO] Update 0 (0 / 4194304 steps)
    (Validation) Returns: 27.896733220581872 +/- 3.2432261632830435
[INFO] Update 1 (8192 / 4194304 steps)
    (Validation) Returns: 28.501031882028734 +/- 3.942564479297741
[INFO] Update 2 (16384 / 4194304 steps)
    (Validation) Returns: 28.272880925088458 +/- 3.316984967402739
[INFO] Update 3 (24576 / 4194304 steps)
    (Validation) Returns: 28.38224780929208 +/- 3.4898202223329404
[INFO] Update 4 (32768 / 4194304 steps)
    (Validation) Returns: 27.3370007255268 +/- 3.2131198735634365
[INFO] Update 5 (40960 / 4194304 steps)
    (Validation) Returns: 27.458435161198302 +/- 3.75905011639925
[INFO] Update 6 (49152 / 4194304 steps)
    (Validation) Returns: 28.602693325087493 +/- 2.9521699496230456
[INFO] Update 7 (57344 / 4194304 steps)
    (Validation) Returns: 27.385812607850916 +/- 3.4323670989048183
[INFO] Update 8 (65536 / 4194304 steps)
    (Validation) Returns: 29.366134076700064 +/- 3.130608677428636
[INFO] Update 9 (73728 / 4194304 steps)
    (Validation) Returns: 28.495867539301504 +/- 2.8385847094437264
[INFO] Update 10 (81920 / 4194304 steps)
    (Validation) Returns: 28.485479139062903 +/- 4.2211794752586185
[INFO] Update 11 (90112 / 4194304 steps)
    (Validation) Returns: 28.41006798725457 +/- 3.325602145543913
[INFO] Update 12 (98304 / 4194304 steps)
    (Validation) Returns: 27.71989853104868 +/- 3.0719600391240447
[INFO] Update 13 (106496 / 4194304 steps)
    (Validation) Returns: 28.92864924953313 +/- 2.746948255859141
[INFO] Update 14 (114688 / 4194304 steps)
    (Validation) Returns: 27.532042578912176 +/- 4.2342328782394585
[INFO] Update 15 (122880 / 4194304 steps)
    (Validation) Returns: 28.849732893885584 +/- 3.121454500815824
[INFO] Update 16 (131072 / 4194304 steps)
    (Validation) Returns: 28.774268454918978 +/- 3.3748651330329555
[INFO] Update 17 (139264 / 4194304 steps)
    (Validation) Returns: 26.83581106992748 +/- 3.6243602039793195
[INFO] Update 18 (147456 / 4194304 steps)
    (Validation) Returns: 27.960385053912365 +/- 2.7302117480237156
[INFO] Update 19 (155648 / 4194304 steps)
    (Validation) Returns: 28.220093104764622 +/- 3.4868973055597197
[INFO] Update 20 (163840 / 4194304 steps)
    (Validation) Returns: 27.74894606370329 +/- 3.4852149346041537
[INFO] Update 21 (172032 / 4194304 steps)
    (Validation) Returns: 28.692817827736114 +/- 3.4242291223085397
[INFO] Update 22 (180224 / 4194304 steps)
    (Validation) Returns: 29.214424889661473 +/- 3.5447084092878187
[INFO] Update 23 (188416 / 4194304 steps)
    (Validation) Returns: 27.81551680569612 +/- 3.2708346720631587
[INFO] Update 24 (196608 / 4194304 steps)
    (Validation) Returns: 28.69818610859097 +/- 3.882476672031284
[INFO] Update 25 (204800 / 4194304 steps)
    (Validation) Returns: 27.538734260793024 +/- 3.390953358903824
[INFO] Update 26 (212992 / 4194304 steps)
    (Validation) Returns: 28.480760805258694 +/- 3.906356385095701
[INFO] Update 27 (221184 / 4194304 steps)
    (Validation) Returns: 28.37910982459575 +/- 2.9478941269872205
[INFO] Update 28 (229376 / 4194304 steps)
    (Validation) Returns: 28.39856153721869 +/- 3.9096896364583045
[INFO] Update 29 (237568 / 4194304 steps)
    (Validation) Returns: 27.546512284508367 +/- 3.6291339594804044
[INFO] Update 30 (245760 / 4194304 steps)
    (Validation) Returns: 27.76608772849432 +/- 4.126710415506297
[INFO] Update 31 (253952 / 4194304 steps)
    (Validation) Returns: 27.9161095126499 +/- 3.6346244730173494
[INFO] Update 32 (262144 / 4194304 steps)
    (Validation) Returns: 27.88733685264205 +/- 3.7266987771527345
[INFO] Update 33 (270336 / 4194304 steps)
    (Validation) Returns: 28.136263237041824 +/- 3.226389134723707
[INFO] Update 34 (278528 / 4194304 steps)
    (Validation) Returns: 28.435988550340177 +/- 3.3603595606811565
[INFO] Update 35 (286720 / 4194304 steps)
    (Validation) Returns: 27.794052605950462 +/- 3.2354782078258233
[INFO] Update 36 (294912 / 4194304 steps)
    (Validation) Returns: 28.390671000945286 +/- 3.0430156147864533
[INFO] Update 37 (303104 / 4194304 steps)
    (Validation) Returns: 28.71777631306057 +/- 3.122704697310445
[INFO] Update 38 (311296 / 4194304 steps)
    (Validation) Returns: 28.502774681880283 +/- 3.4626821638477634
[INFO] Update 39 (319488 / 4194304 steps)
    (Validation) Returns: 28.20180066728968 +/- 3.4722675922383357
[INFO] Update 40 (327680 / 4194304 steps)
    (Validation) Returns: 28.585328121464023 +/- 3.5543337100649186
[INFO] Update 41 (335872 / 4194304 steps)
    (Validation) Returns: 27.578400126991408 +/- 3.281186140686679
[INFO] Update 42 (344064 / 4194304 steps)
    (Validation) Returns: 28.12931606881664 +/- 3.116008876060627
[INFO] Update 43 (352256 / 4194304 steps)
    (Validation) Returns: 28.6282835711458 +/- 3.566169147095999
[INFO] Update 44 (360448 / 4194304 steps)
    (Validation) Returns: 27.583716290565242 +/- 4.160658720175055
[INFO] Update 45 (368640 / 4194304 steps)
    (Validation) Returns: 27.36369879665125 +/- 3.6633638369931387
[INFO] Update 46 (376832 / 4194304 steps)
    (Validation) Returns: 28.621991141255887 +/- 3.8639165805532603
[INFO] Update 47 (385024 / 4194304 steps)
    (Validation) Returns: 28.24963616851816 +/- 3.0034762389138816
[INFO] Update 48 (393216 / 4194304 steps)
    (Validation) Returns: 28.50303214963322 +/- 3.769175191477153
[INFO] Update 49 (401408 / 4194304 steps)
    (Validation) Returns: 28.262274255305336 +/- 3.4315860632560558
[INFO] Update 50 (409600 / 4194304 steps)
    (Validation) Returns: 26.743537434960878 +/- 3.898696666359403
[INFO] Update 51 (417792 / 4194304 steps)
    (Validation) Returns: 27.95955879243394 +/- 3.565978636837471
[INFO] Update 52 (425984 / 4194304 steps)
    (Validation) Returns: 28.234357091756202 +/- 3.304076676616486
[INFO] Update 53 (434176 / 4194304 steps)
    (Validation) Returns: 28.873996820320873 +/- 3.721580682928363
[INFO] Update 54 (442368 / 4194304 steps)
    (Validation) Returns: 29.083967248503974 +/- 3.511161372202469
[INFO] Update 55 (450560 / 4194304 steps)
    (Validation) Returns: 28.842205015178205 +/- 3.5079861511110773
[INFO] Update 56 (458752 / 4194304 steps)
    (Validation) Returns: 28.526999299032486 +/- 3.6059457663708336
[INFO] Update 57 (466944 / 4194304 steps)
    (Validation) Returns: 28.752011498768987 +/- 3.633160363176366
[INFO] Update 58 (475136 / 4194304 steps)
    (Validation) Returns: 27.578970770840932 +/- 3.7185692774385797
[INFO] Update 59 (483328 / 4194304 steps)
    (Validation) Returns: 28.89578033661453 +/- 3.0077992857721174
[INFO] Update 60 (491520 / 4194304 steps)
    (Validation) Returns: 27.72709384823732 +/- 3.4290769867533655
[INFO] Update 61 (499712 / 4194304 steps)
    (Validation) Returns: 29.04732968398622 +/- 2.727300830074793
[INFO] Update 62 (507904 / 4194304 steps)
    (Validation) Returns: 28.03607920559774 +/- 2.8471469544114756
[INFO] Update 63 (516096 / 4194304 steps)
    (Validation) Returns: 28.64795165401557 +/- 2.6609539949313925
[INFO] Update 64 (524288 / 4194304 steps)
    (Validation) Returns: 27.809461092043 +/- 3.6375748202109053
[INFO] Update 65 (532480 / 4194304 steps)
    (Validation) Returns: 28.515622135662916 +/- 3.293086803183191
[INFO] Update 66 (540672 / 4194304 steps)
    (Validation) Returns: 27.5248044709791 +/- 2.741523617164121
[INFO] Update 67 (548864 / 4194304 steps)
    (Validation) Returns: 28.274997920861164 +/- 3.390338467066416
[INFO] Update 68 (557056 / 4194304 steps)
    (Validation) Returns: 29.65747794412517 +/- 2.951092102955285
[INFO] Update 69 (565248 / 4194304 steps)
    (Validation) Returns: 28.904541893247437 +/- 4.040818519663017
[INFO] Update 70 (573440 / 4194304 steps)
    (Validation) Returns: 27.66365583921304 +/- 3.0110784768994017
[INFO] Update 71 (581632 / 4194304 steps)
    (Validation) Returns: 28.36287380188795 +/- 3.09789238038136
[INFO] Update 72 (589824 / 4194304 steps)
    (Validation) Returns: 27.438077140758356 +/- 3.6402495859367763
[INFO] Update 73 (598016 / 4194304 steps)
    (Validation) Returns: 27.72299577645158 +/- 3.5223079862728426
[INFO] Update 74 (606208 / 4194304 steps)
    (Validation) Returns: 28.192998979408664 +/- 3.1449061434334378
[INFO] Update 75 (614400 / 4194304 steps)
    (Validation) Returns: 28.876362899531284 +/- 3.415939780849004
[INFO] Update 76 (622592 / 4194304 steps)
    (Validation) Returns: 28.664571716484296 +/- 3.193515763440155
[INFO] Update 77 (630784 / 4194304 steps)
    (Validation) Returns: 28.286960625454935 +/- 3.832441565854374
[INFO] Update 78 (638976 / 4194304 steps)
    (Validation) Returns: 28.09799844048225 +/- 3.5509907592749235
[INFO] Update 79 (647168 / 4194304 steps)
    (Validation) Returns: 28.354525119972116 +/- 4.234908537062503
[INFO] Update 80 (655360 / 4194304 steps)
    (Validation) Returns: 28.96127010526475 +/- 3.3672140605886844
[INFO] Update 81 (663552 / 4194304 steps)
    (Validation) Returns: 27.53105230373501 +/- 3.402788198591883
[INFO] Update 82 (671744 / 4194304 steps)
    (Validation) Returns: 28.4925141980675 +/- 3.64584584107307
[INFO] Update 83 (679936 / 4194304 steps)
    (Validation) Returns: 28.656126687195155 +/- 3.680854808303292
[INFO] Update 84 (688128 / 4194304 steps)
    (Validation) Returns: 27.691060838385532 +/- 3.2611805925370465
[INFO] Update 85 (696320 / 4194304 steps)
    (Validation) Returns: 29.326072171597012 +/- 3.5580824248415794
[INFO] Update 86 (704512 / 4194304 steps)
    (Validation) Returns: 27.420210881299663 +/- 3.2256076478989013
[INFO] Update 87 (712704 / 4194304 steps)
    (Validation) Returns: 28.941875244368806 +/- 2.8296547675463986
[INFO] Update 88 (720896 / 4194304 steps)
    (Validation) Returns: 28.335992097756492 +/- 3.290237516606277
[INFO] Update 89 (729088 / 4194304 steps)
    (Validation) Returns: 28.211506883239576 +/- 3.104312498270765
[INFO] Update 90 (737280 / 4194304 steps)
    (Validation) Returns: 27.77696008144875 +/- 2.552440037376172
[INFO] Update 91 (745472 / 4194304 steps)
    (Validation) Returns: 27.46199753968047 +/- 3.596334510453782
[INFO] Update 92 (753664 / 4194304 steps)
    (Validation) Returns: 28.20286028952255 +/- 3.213046509120903
[INFO] Update 93 (761856 / 4194304 steps)
    (Validation) Returns: 29.190340456765437 +/- 2.901392652083094
[INFO] Update 94 (770048 / 4194304 steps)
    (Validation) Returns: 27.23642638314277 +/- 3.6221944314330443
[INFO] Update 95 (778240 / 4194304 steps)
    (Validation) Returns: 27.775071980009347 +/- 2.7605409469014823
[INFO] Update 96 (786432 / 4194304 steps)
    (Validation) Returns: 27.86791228898171 +/- 3.1893814188608136
[INFO] Update 97 (794624 / 4194304 steps)
    (Validation) Returns: 28.41215523135269 +/- 3.8929298974892688
[INFO] Update 98 (802816 / 4194304 steps)
    (Validation) Returns: 28.064157147591686 +/- 3.2229571647218345
[INFO] Update 99 (811008 / 4194304 steps)
    (Validation) Returns: 27.803620244759163 +/- 3.4139926615933267
[INFO] Update 100 (819200 / 4194304 steps)
    (Validation) Returns: 28.739957350823566 +/- 2.9705746860418603
[INFO] Update 101 (827392 / 4194304 steps)
    (Validation) Returns: 29.37250084878833 +/- 2.978005039883831
[INFO] Update 102 (835584 / 4194304 steps)
    (Validation) Returns: 28.597730408009063 +/- 3.1228248536500636
[INFO] Update 103 (843776 / 4194304 steps)
    (Validation) Returns: 29.40547777885117 +/- 2.629830369040111
[INFO] Update 104 (851968 / 4194304 steps)
    (Validation) Returns: 28.397903122618562 +/- 3.7434738425154204
[INFO] Update 105 (860160 / 4194304 steps)
    (Validation) Returns: 28.072554971693318 +/- 2.9698486227049252
[INFO] Update 106 (868352 / 4194304 steps)
    (Validation) Returns: 27.989472435673314 +/- 3.2196141722530816
[INFO] Update 107 (876544 / 4194304 steps)
    (Validation) Returns: 28.172377962831387 +/- 3.650606721372292
[INFO] Update 108 (884736 / 4194304 steps)
    (Validation) Returns: 27.477750310444115 +/- 3.57296384286843
[INFO] Update 109 (892928 / 4194304 steps)
    (Validation) Returns: 28.74548665557859 +/- 3.539951565294627
[INFO] Update 110 (901120 / 4194304 steps)
    (Validation) Returns: 27.75120859878867 +/- 2.4893187248613535
[INFO] Update 111 (909312 / 4194304 steps)
    (Validation) Returns: 27.915644572012763 +/- 3.0451833071357726
[INFO] Update 112 (917504 / 4194304 steps)
    (Validation) Returns: 27.38647544674592 +/- 3.1696348563395516
[INFO] Update 113 (925696 / 4194304 steps)
    (Validation) Returns: 27.582790499656245 +/- 3.515017375570828
[INFO] Update 114 (933888 / 4194304 steps)
    (Validation) Returns: 27.490567555208834 +/- 3.136741581032867
[INFO] Update 115 (942080 / 4194304 steps)
    (Validation) Returns: 28.071310519811817 +/- 3.6345540896748965
[INFO] Update 116 (950272 / 4194304 steps)
    (Validation) Returns: 27.44511960692912 +/- 3.6147926775643824
[INFO] Update 117 (958464 / 4194304 steps)
    (Validation) Returns: 28.486624695175294 +/- 2.9686424267370874
[INFO] Update 118 (966656 / 4194304 steps)
    (Validation) Returns: 28.493539712350252 +/- 3.9009022305559187
[INFO] Update 119 (974848 / 4194304 steps)
    (Validation) Returns: 29.492449548727876 +/- 2.536299034005386
[INFO] Update 120 (983040 / 4194304 steps)
    (Validation) Returns: 28.416612814693302 +/- 3.45256397961683
[INFO] Update 121 (991232 / 4194304 steps)
    (Validation) Returns: 27.92788640931301 +/- 3.2350563886160337
[INFO] Update 122 (999424 / 4194304 steps)
    (Validation) Returns: 27.532640874911 +/- 3.160101242165986
[INFO] Update 123 (1007616 / 4194304 steps)
    (Validation) Returns: 28.407880038491715 +/- 3.0770609338990242
[INFO] Update 124 (1015808 / 4194304 steps)
    (Validation) Returns: 27.67244918468948 +/- 3.8998301826680333
[INFO] Update 125 (1024000 / 4194304 steps)
    (Validation) Returns: 28.27853759050435 +/- 3.5218615199961887
[INFO] Update 126 (1032192 / 4194304 steps)
    (Validation) Returns: 28.038900006904537 +/- 3.591114986580633
[INFO] Update 127 (1040384 / 4194304 steps)
    (Validation) Returns: 28.66658545803556 +/- 3.5330878628851616
[INFO] Update 128 (1048576 / 4194304 steps)
    (Validation) Returns: 27.806635831609093 +/- 3.6642480529074084
[INFO] Update 129 (1056768 / 4194304 steps)
    (Validation) Returns: 28.763529721824284 +/- 3.521591070015757
[INFO] Update 130 (1064960 / 4194304 steps)
    (Validation) Returns: 28.645646186603404 +/- 4.037739874247665
[INFO] Update 131 (1073152 / 4194304 steps)
    (Validation) Returns: 27.18469472005621 +/- 3.93601962038357
[INFO] Update 132 (1081344 / 4194304 steps)
    (Validation) Returns: 28.211742150967307 +/- 3.354772910245935
[INFO] Update 133 (1089536 / 4194304 steps)
    (Validation) Returns: 28.463938243443103 +/- 3.308926622349415
[INFO] Update 134 (1097728 / 4194304 steps)
    (Validation) Returns: 27.014147157506148 +/- 3.6072585576550864
[INFO] Update 135 (1105920 / 4194304 steps)
    (Validation) Returns: 28.7889734390432 +/- 3.3696044826664195
[INFO] Update 136 (1114112 / 4194304 steps)
    (Validation) Returns: 27.36844280607146 +/- 3.3373768912560493
[INFO] Update 137 (1122304 / 4194304 steps)
    (Validation) Returns: 28.78948416882656 +/- 3.4993090657355697
[INFO] Update 138 (1130496 / 4194304 steps)
    (Validation) Returns: 27.496035046340968 +/- 2.7007065467038696
[INFO] Update 139 (1138688 / 4194304 steps)
    (Validation) Returns: 27.528018514220186 +/- 3.7033919182608392
[INFO] Update 140 (1146880 / 4194304 steps)
    (Validation) Returns: 27.86178473666164 +/- 3.3149503589788254
[INFO] Update 141 (1155072 / 4194304 steps)
    (Validation) Returns: 28.230421451893267 +/- 3.2435516059874785
[INFO] Update 142 (1163264 / 4194304 steps)
    (Validation) Returns: 28.33477594238649 +/- 2.8424688735398047
[INFO] Update 143 (1171456 / 4194304 steps)
    (Validation) Returns: 28.44117660999401 +/- 3.90308814447192
[INFO] Update 144 (1179648 / 4194304 steps)
    (Validation) Returns: 29.415894373414137 +/- 2.884649231183993
[INFO] Update 145 (1187840 / 4194304 steps)
    (Validation) Returns: 28.417192343939064 +/- 3.346820521212659
[INFO] Update 146 (1196032 / 4194304 steps)
    (Validation) Returns: 28.91250609559038 +/- 3.1717622448766725
[INFO] Update 147 (1204224 / 4194304 steps)
    (Validation) Returns: 28.14065214650275 +/- 3.2487857712813883
[INFO] Update 148 (1212416 / 4194304 steps)
    (Validation) Returns: 28.405541090973962 +/- 3.6123159404469822
[INFO] Update 149 (1220608 / 4194304 steps)
    (Validation) Returns: 27.92113041503069 +/- 3.6913424736346
[INFO] Update 150 (1228800 / 4194304 steps)
    (Validation) Returns: 28.780874235989092 +/- 3.861284236986804
[INFO] Update 151 (1236992 / 4194304 steps)
    (Validation) Returns: 27.828500126192704 +/- 4.032263858159291
[INFO] Update 152 (1245184 / 4194304 steps)
    (Validation) Returns: 28.396112871652697 +/- 3.0095023779910233
[INFO] Update 153 (1253376 / 4194304 steps)
    (Validation) Returns: 28.804305129874102 +/- 2.3895821493937404
[INFO] Update 154 (1261568 / 4194304 steps)
    (Validation) Returns: 28.488014074606383 +/- 3.481025972375224
[INFO] Update 155 (1269760 / 4194304 steps)
    (Validation) Returns: 26.790518056629747 +/- 3.58664953140899
[INFO] Update 156 (1277952 / 4194304 steps)
    (Validation) Returns: 27.675428742646453 +/- 3.009228824555227
[INFO] Update 157 (1286144 / 4194304 steps)
    (Validation) Returns: 27.596569020487816 +/- 3.194369393979898
[INFO] Update 158 (1294336 / 4194304 steps)
    (Validation) Returns: 27.842394883437947 +/- 3.617951134710561
[INFO] Update 159 (1302528 / 4194304 steps)
    (Validation) Returns: 27.932373463088766 +/- 3.173041951313696
[INFO] Update 160 (1310720 / 4194304 steps)
    (Validation) Returns: 28.895433486156424 +/- 3.5497051518794507
[INFO] Update 161 (1318912 / 4194304 steps)
    (Validation) Returns: 27.62096523846311 +/- 2.8429572601336144
[INFO] Update 162 (1327104 / 4194304 steps)
    (Validation) Returns: 29.281300741130657 +/- 3.9421173398703044
[INFO] Update 163 (1335296 / 4194304 steps)
    (Validation) Returns: 28.643551098901263 +/- 3.3285087245082985
[INFO] Update 164 (1343488 / 4194304 steps)
    (Validation) Returns: 28.989772421839113 +/- 3.371853986555316
[INFO] Update 165 (1351680 / 4194304 steps)
    (Validation) Returns: 27.35817654237969 +/- 4.128410416013136
[INFO] Update 166 (1359872 / 4194304 steps)
    (Validation) Returns: 28.109303790266768 +/- 3.6788389090145395
[INFO] Update 167 (1368064 / 4194304 steps)
    (Validation) Returns: 28.75264032437631 +/- 3.265615429820119
[INFO] Update 168 (1376256 / 4194304 steps)
    (Validation) Returns: 28.156035270852705 +/- 3.55159229553982
[INFO] Update 169 (1384448 / 4194304 steps)
    (Validation) Returns: 27.665285193547493 +/- 2.8356835225030466
[INFO] Update 170 (1392640 / 4194304 steps)
    (Validation) Returns: 29.306494116493933 +/- 3.394337482761152
[INFO] Update 171 (1400832 / 4194304 steps)
    (Validation) Returns: 29.320162771364558 +/- 3.057394260189269
[INFO] Update 172 (1409024 / 4194304 steps)
    (Validation) Returns: 28.300927518101975 +/- 2.810734781092671
[INFO] Update 173 (1417216 / 4194304 steps)
    (Validation) Returns: 28.617109781740954 +/- 3.53828360708791
[INFO] Update 174 (1425408 / 4194304 steps)
    (Validation) Returns: 28.311631109786077 +/- 3.2685286308319275
[INFO] Update 175 (1433600 / 4194304 steps)
    (Validation) Returns: 27.302279316466308 +/- 3.890338890598958
[INFO] Update 176 (1441792 / 4194304 steps)
    (Validation) Returns: 29.036972099316763 +/- 3.4508650420875577
[INFO] Update 177 (1449984 / 4194304 steps)
    (Validation) Returns: 28.601283124839558 +/- 2.873333491002989
[INFO] Update 178 (1458176 / 4194304 steps)
    (Validation) Returns: 27.358203707210738 +/- 3.8714514300373866
[INFO] Update 179 (1466368 / 4194304 steps)
    (Validation) Returns: 29.33848059573263 +/- 3.4559714678150018
[INFO] Update 180 (1474560 / 4194304 steps)
    (Validation) Returns: 27.76160786263349 +/- 3.744478633570634
[INFO] Update 181 (1482752 / 4194304 steps)
    (Validation) Returns: 28.279635664652705 +/- 2.7653637402859674
[INFO] Update 182 (1490944 / 4194304 steps)
    (Validation) Returns: 28.597013860709957 +/- 3.3721463987364535
[INFO] Update 183 (1499136 / 4194304 steps)
    (Validation) Returns: 27.25572799935845 +/- 4.494367812976793
[INFO] Update 184 (1507328 / 4194304 steps)
    (Validation) Returns: 27.934648634060682 +/- 3.3305365625474628
[INFO] Update 185 (1515520 / 4194304 steps)
    (Validation) Returns: 28.774553654467788 +/- 3.1579174500427594
[INFO] Update 186 (1523712 / 4194304 steps)
    (Validation) Returns: 27.84459540554547 +/- 3.458706807702646
[INFO] Update 187 (1531904 / 4194304 steps)
    (Validation) Returns: 26.95935629695929 +/- 3.498855224054046
[INFO] Update 188 (1540096 / 4194304 steps)
    (Validation) Returns: 28.204071354018858 +/- 3.367412208029129
[INFO] Update 189 (1548288 / 4194304 steps)
    (Validation) Returns: 28.42046590279428 +/- 3.833122285016575
[INFO] Update 190 (1556480 / 4194304 steps)
    (Validation) Returns: 28.38293770048192 +/- 3.0070420404731792
[INFO] Update 191 (1564672 / 4194304 steps)
    (Validation) Returns: 27.494763419829212 +/- 3.0724601975261647
[INFO] Update 192 (1572864 / 4194304 steps)
    (Validation) Returns: 27.705412826704446 +/- 3.6295375056487145
[INFO] Update 193 (1581056 / 4194304 steps)
    (Validation) Returns: 28.302563050836035 +/- 4.103993890166477
[INFO] Update 194 (1589248 / 4194304 steps)
    (Validation) Returns: 28.63027092591462 +/- 3.0384638126737005
[INFO] Update 195 (1597440 / 4194304 steps)
    (Validation) Returns: 28.30055235426561 +/- 3.2599891787936706
[INFO] Update 196 (1605632 / 4194304 steps)
    (Validation) Returns: 27.575936534246473 +/- 3.551497028047753
[INFO] Update 197 (1613824 / 4194304 steps)
    (Validation) Returns: 28.11657197399925 +/- 3.776929910611118
[INFO] Update 198 (1622016 / 4194304 steps)
    (Validation) Returns: 27.627822491919282 +/- 3.60984347854799
[INFO] Update 199 (1630208 / 4194304 steps)
    (Validation) Returns: 28.018606168539133 +/- 3.024729481725009
[INFO] Update 200 (1638400 / 4194304 steps)
    (Validation) Returns: 28.466795007350676 +/- 3.9733181338969987
[INFO] Update 201 (1646592 / 4194304 steps)
    (Validation) Returns: 26.962194733127603 +/- 4.042720061938477
[INFO] Update 202 (1654784 / 4194304 steps)
    (Validation) Returns: 27.904982368190325 +/- 3.3573661369706547
[INFO] Update 203 (1662976 / 4194304 steps)
    (Validation) Returns: 28.123212626612343 +/- 4.084303371576588
[INFO] Update 204 (1671168 / 4194304 steps)
    (Validation) Returns: 29.284261309478097 +/- 3.3424814502059803
[INFO] Update 205 (1679360 / 4194304 steps)
    (Validation) Returns: 28.71193786292752 +/- 3.005427341434328
[INFO] Update 206 (1687552 / 4194304 steps)
    (Validation) Returns: 28.45984207996771 +/- 3.042974822426186
[INFO] Update 207 (1695744 / 4194304 steps)
    (Validation) Returns: 27.120804063302586 +/- 3.764088203620657
[INFO] Update 208 (1703936 / 4194304 steps)
    (Validation) Returns: 29.209451900112732 +/- 2.961507638164624
[INFO] Update 209 (1712128 / 4194304 steps)
    (Validation) Returns: 27.896764045842723 +/- 3.288695837928291
[INFO] Update 210 (1720320 / 4194304 steps)
    (Validation) Returns: 27.813131757040253 +/- 3.410664586871315
[INFO] Update 211 (1728512 / 4194304 steps)
    (Validation) Returns: 28.173720136209532 +/- 3.4187827139276563
[INFO] Update 212 (1736704 / 4194304 steps)
    (Validation) Returns: 28.590880156638672 +/- 3.763387116143477
[INFO] Update 213 (1744896 / 4194304 steps)
    (Validation) Returns: 28.59293196291056 +/- 3.628023939272318
[INFO] Update 214 (1753088 / 4194304 steps)
    (Validation) Returns: 28.658380899288737 +/- 3.3015213847035763
[INFO] Update 215 (1761280 / 4194304 steps)
    (Validation) Returns: 27.99916813838812 +/- 3.467183370786589
[INFO] Update 216 (1769472 / 4194304 steps)
    (Validation) Returns: 28.32495822483521 +/- 3.729660566086033
[INFO] Update 217 (1777664 / 4194304 steps)
    (Validation) Returns: 28.45248111057856 +/- 4.3994394889721775
[INFO] Update 218 (1785856 / 4194304 steps)
    (Validation) Returns: 29.158761847265907 +/- 2.6191028716097513
[INFO] Update 219 (1794048 / 4194304 steps)
    (Validation) Returns: 27.482159406964183 +/- 3.546977257717742
[INFO] Update 220 (1802240 / 4194304 steps)
    (Validation) Returns: 28.708273680194186 +/- 2.8251935335408707
[INFO] Update 221 (1810432 / 4194304 steps)
    (Validation) Returns: 27.74295087905735 +/- 3.074465430712732
[INFO] Update 222 (1818624 / 4194304 steps)
    (Validation) Returns: 27.671987318007655 +/- 3.9310942031335863
[INFO] Update 223 (1826816 / 4194304 steps)
    (Validation) Returns: 27.566377376060238 +/- 3.786550003421224
[INFO] Update 224 (1835008 / 4194304 steps)
    (Validation) Returns: 28.64195268652839 +/- 3.035270610543514
[INFO] Update 225 (1843200 / 4194304 steps)
    (Validation) Returns: 28.445252831552757 +/- 3.3279858378975344
[INFO] Update 226 (1851392 / 4194304 steps)
    (Validation) Returns: 27.86737701046759 +/- 3.577865326489466
[INFO] Update 227 (1859584 / 4194304 steps)
    (Validation) Returns: 28.697603192618697 +/- 3.364917924713838
[INFO] Update 228 (1867776 / 4194304 steps)
    (Validation) Returns: 27.980997939231305 +/- 4.299950633318051
[INFO] Update 229 (1875968 / 4194304 steps)
    (Validation) Returns: 28.68071706188175 +/- 3.3446849852068894
[INFO] Update 230 (1884160 / 4194304 steps)
    (Validation) Returns: 28.081960981586683 +/- 2.9162547304051554
[INFO] Update 231 (1892352 / 4194304 steps)
    (Validation) Returns: 28.355100222019395 +/- 3.131752667172584
[INFO] Update 232 (1900544 / 4194304 steps)
    (Validation) Returns: 28.2870830952743 +/- 3.501171149645208
[INFO] Update 233 (1908736 / 4194304 steps)
    (Validation) Returns: 27.654623251298677 +/- 3.638768551670964
[INFO] Update 234 (1916928 / 4194304 steps)
    (Validation) Returns: 27.63416655537361 +/- 3.250234844775144
[INFO] Update 235 (1925120 / 4194304 steps)
    (Validation) Returns: 27.615863158197943 +/- 3.4842321148078508
[INFO] Update 236 (1933312 / 4194304 steps)
    (Validation) Returns: 27.970632088612057 +/- 4.26336367934256
[INFO] Update 237 (1941504 / 4194304 steps)
    (Validation) Returns: 28.341937013277857 +/- 3.6300297181342267
[INFO] Update 238 (1949696 / 4194304 steps)
    (Validation) Returns: 29.385359190207065 +/- 3.118329949934746
[INFO] Update 239 (1957888 / 4194304 steps)
    (Validation) Returns: 27.3126888599469 +/- 3.669401917803627
[INFO] Update 240 (1966080 / 4194304 steps)
    (Validation) Returns: 28.541195864055716 +/- 3.106195786955347
[INFO] Update 241 (1974272 / 4194304 steps)
    (Validation) Returns: 27.763646757021206 +/- 3.484851175426916
[INFO] Update 242 (1982464 / 4194304 steps)
    (Validation) Returns: 28.490803390536563 +/- 3.4494958318360402
[INFO] Update 243 (1990656 / 4194304 steps)
    (Validation) Returns: 27.85205986795459 +/- 2.8208902296611846
[INFO] Update 244 (1998848 / 4194304 steps)
    (Validation) Returns: 27.34877585098169 +/- 3.191775366383245
[INFO] Update 245 (2007040 / 4194304 steps)
    (Validation) Returns: 28.440406772332913 +/- 3.1350169847832916
[INFO] Update 246 (2015232 / 4194304 steps)
    (Validation) Returns: 27.76800128386916 +/- 3.2056576827167587
[INFO] Update 247 (2023424 / 4194304 steps)
    (Validation) Returns: 27.53840521169287 +/- 2.8090977698425994
[INFO] Update 248 (2031616 / 4194304 steps)
    (Validation) Returns: 28.159843959487667 +/- 2.671021019046563
[INFO] Update 249 (2039808 / 4194304 steps)
    (Validation) Returns: 28.390073977364693 +/- 3.127604098155306
[INFO] Update 250 (2048000 / 4194304 steps)
    (Validation) Returns: 27.58545049901229 +/- 3.9147390070784396
[INFO] Update 251 (2056192 / 4194304 steps)
    (Validation) Returns: 28.193388230442004 +/- 3.372083363480813
[INFO] Update 252 (2064384 / 4194304 steps)
    (Validation) Returns: 27.957475664403763 +/- 3.124909537746349
[INFO] Update 253 (2072576 / 4194304 steps)
    (Validation) Returns: 28.609678875458815 +/- 2.743911213464498
[INFO] Update 254 (2080768 / 4194304 steps)
    (Validation) Returns: 28.432674776836972 +/- 3.750751099426013
[INFO] Update 255 (2088960 / 4194304 steps)
    (Validation) Returns: 27.850718537754425 +/- 3.3592902712197743
[INFO] Update 256 (2097152 / 4194304 steps)
    (Validation) Returns: 28.66804721503875 +/- 3.8297731841259264
[INFO] Update 257 (2105344 / 4194304 steps)
    (Validation) Returns: 27.320858755013482 +/- 3.1247661985046356
[INFO] Update 258 (2113536 / 4194304 steps)
    (Validation) Returns: 28.046907884128636 +/- 3.0849221025547426
[INFO] Update 259 (2121728 / 4194304 steps)
    (Validation) Returns: 29.095282753063724 +/- 3.142319755057278
[INFO] Update 260 (2129920 / 4194304 steps)
    (Validation) Returns: 28.298455608080662 +/- 3.037444748487839
[INFO] Update 261 (2138112 / 4194304 steps)
    (Validation) Returns: 28.451015125988967 +/- 2.9829190394028613
[INFO] Update 262 (2146304 / 4194304 steps)
    (Validation) Returns: 28.566165186547288 +/- 2.631002342653991
[INFO] Update 263 (2154496 / 4194304 steps)
    (Validation) Returns: 28.1267359280787 +/- 3.9755833931686944
[INFO] Update 264 (2162688 / 4194304 steps)
    (Validation) Returns: 27.972450347530334 +/- 3.4248848146610995
[INFO] Update 265 (2170880 / 4194304 steps)
    (Validation) Returns: 27.693889155910206 +/- 2.8495201941446413
[INFO] Update 266 (2179072 / 4194304 steps)
    (Validation) Returns: 28.640060163455832 +/- 3.2015034943862606
[INFO] Update 267 (2187264 / 4194304 steps)
    (Validation) Returns: 27.90901115291016 +/- 3.484619418631412
[INFO] Update 268 (2195456 / 4194304 steps)
    (Validation) Returns: 27.658013463702822 +/- 3.229029287187044
[INFO] Update 269 (2203648 / 4194304 steps)
    (Validation) Returns: 28.323734937372432 +/- 2.982295261287485
[INFO] Update 270 (2211840 / 4194304 steps)
    (Validation) Returns: 27.602492220049363 +/- 3.7190740191442386
[INFO] Update 271 (2220032 / 4194304 steps)
    (Validation) Returns: 27.731013153011425 +/- 2.9793296678094543
[INFO] Update 272 (2228224 / 4194304 steps)
    (Validation) Returns: 27.939266993073506 +/- 3.8839976762212567
[INFO] Update 273 (2236416 / 4194304 steps)
    (Validation) Returns: 28.069825380921124 +/- 3.4888275545766025
[INFO] Update 274 (2244608 / 4194304 steps)
    (Validation) Returns: 28.01888156948354 +/- 3.3449367950926505
[INFO] Update 275 (2252800 / 4194304 steps)
    (Validation) Returns: 29.115356817719267 +/- 3.121817468666037
[INFO] Update 276 (2260992 / 4194304 steps)
    (Validation) Returns: 27.45212220176045 +/- 4.13556350728812
[INFO] Update 277 (2269184 / 4194304 steps)
    (Validation) Returns: 28.17930329302597 +/- 2.58827929467577
[INFO] Update 278 (2277376 / 4194304 steps)
    (Validation) Returns: 28.376590551856378 +/- 3.803171677110421
[INFO] Update 279 (2285568 / 4194304 steps)
    (Validation) Returns: 27.641097067291952 +/- 2.6523154165356777
[INFO] Update 280 (2293760 / 4194304 steps)
    (Validation) Returns: 28.350289691628852 +/- 3.4963135768996194
[INFO] Update 281 (2301952 / 4194304 steps)
    (Validation) Returns: 27.7786274315843 +/- 3.5239927177798034
[INFO] Update 282 (2310144 / 4194304 steps)
    (Validation) Returns: 28.749928008671464 +/- 3.2692160658479663
[INFO] Update 283 (2318336 / 4194304 steps)
    (Validation) Returns: 28.27221036220817 +/- 3.757749025890867
[INFO] Update 284 (2326528 / 4194304 steps)
    (Validation) Returns: 28.063468365797462 +/- 4.058577391929745
[INFO] Update 285 (2334720 / 4194304 steps)
    (Validation) Returns: 28.58547818081904 +/- 3.2695103812779376
[INFO] Update 286 (2342912 / 4194304 steps)
    (Validation) Returns: 28.36792686592579 +/- 3.493646446422061
[INFO] Update 287 (2351104 / 4194304 steps)
    (Validation) Returns: 27.5097354179219 +/- 3.3590825556142208
[INFO] Update 288 (2359296 / 4194304 steps)
    (Validation) Returns: 28.81459760016252 +/- 3.9581903171677553
[INFO] Update 289 (2367488 / 4194304 steps)
    (Validation) Returns: 27.47942022755266 +/- 3.1850339222264377
[INFO] Update 290 (2375680 / 4194304 steps)
    (Validation) Returns: 28.914640520232886 +/- 3.762909994583738
[INFO] Update 291 (2383872 / 4194304 steps)
    (Validation) Returns: 27.85599097898688 +/- 2.8349702793233806
[INFO] Update 292 (2392064 / 4194304 steps)
    (Validation) Returns: 27.211048644444464 +/- 3.0137789897011036
[INFO] Update 293 (2400256 / 4194304 steps)
    (Validation) Returns: 27.720670023830074 +/- 3.8024329770163714
[INFO] Update 294 (2408448 / 4194304 steps)
    (Validation) Returns: 28.122225811788773 +/- 2.9551106399516676
[INFO] Update 295 (2416640 / 4194304 steps)
    (Validation) Returns: 27.606390623197136 +/- 4.0430315707069555
[INFO] Update 296 (2424832 / 4194304 steps)
    (Validation) Returns: 28.373210630526366 +/- 4.0625293554728135
[INFO] Update 297 (2433024 / 4194304 steps)
    (Validation) Returns: 28.63058692157391 +/- 3.3178764156468783
[INFO] Update 298 (2441216 / 4194304 steps)
    (Validation) Returns: 27.941869000399482 +/- 3.0088026214921806
[INFO] Update 299 (2449408 / 4194304 steps)
    (Validation) Returns: 27.975679895384417 +/- 3.4813448651696004
[INFO] Update 300 (2457600 / 4194304 steps)
    (Validation) Returns: 27.993108293670435 +/- 3.6754736630711404
[INFO] Update 301 (2465792 / 4194304 steps)
    (Validation) Returns: 27.026154913009815 +/- 2.933633637748067
[INFO] Update 302 (2473984 / 4194304 steps)
    (Validation) Returns: 28.533927127510275 +/- 3.014623579927098
[INFO] Update 303 (2482176 / 4194304 steps)
    (Validation) Returns: 27.94612212022441 +/- 3.3030106181198917
[INFO] Update 304 (2490368 / 4194304 steps)
    (Validation) Returns: 27.871154762832656 +/- 3.340784275488355
[INFO] Update 305 (2498560 / 4194304 steps)
    (Validation) Returns: 27.743620466935926 +/- 3.3402693611670498
[INFO] Update 306 (2506752 / 4194304 steps)
    (Validation) Returns: 28.17578674867814 +/- 3.3507329891176
[INFO] Update 307 (2514944 / 4194304 steps)
    (Validation) Returns: 28.331502106577677 +/- 3.063546818016304
[INFO] Update 308 (2523136 / 4194304 steps)
    (Validation) Returns: 28.664712405284142 +/- 3.1482757417762373
[INFO] Update 309 (2531328 / 4194304 steps)
    (Validation) Returns: 28.422571361845833 +/- 3.1439121343356833
[INFO] Update 310 (2539520 / 4194304 steps)
    (Validation) Returns: 28.52293790924987 +/- 3.0209624916210336
[INFO] Update 311 (2547712 / 4194304 steps)
    (Validation) Returns: 28.087558363796063 +/- 3.5428311577709777
[INFO] Update 312 (2555904 / 4194304 steps)
    (Validation) Returns: 29.038963418061154 +/- 3.791862644518836
[INFO] Update 313 (2564096 / 4194304 steps)
    (Validation) Returns: 28.10250226570246 +/- 3.3624864504366974
[INFO] Update 314 (2572288 / 4194304 steps)
    (Validation) Returns: 27.710886770457158 +/- 3.741831939718364
[INFO] Update 315 (2580480 / 4194304 steps)
    (Validation) Returns: 28.25184342860781 +/- 3.524869192345197
[INFO] Update 316 (2588672 / 4194304 steps)
    (Validation) Returns: 28.067505751252924 +/- 2.671172419018624
[INFO] Update 317 (2596864 / 4194304 steps)
    (Validation) Returns: 28.099785809056904 +/- 3.582297746611495
[INFO] Update 318 (2605056 / 4194304 steps)
    (Validation) Returns: 28.391255308536074 +/- 3.549628362886505
[INFO] Update 319 (2613248 / 4194304 steps)
    (Validation) Returns: 27.112064307231 +/- 4.057811485092908
[INFO] Update 320 (2621440 / 4194304 steps)
    (Validation) Returns: 28.04012058818457 +/- 3.441179640254697
[INFO] Update 321 (2629632 / 4194304 steps)
    (Validation) Returns: 27.862540429479832 +/- 3.207721249729752
[INFO] Update 322 (2637824 / 4194304 steps)
    (Validation) Returns: 27.746120007393348 +/- 3.231588384493252
[INFO] Update 323 (2646016 / 4194304 steps)
    (Validation) Returns: 26.627291618704724 +/- 3.961777618784265
[INFO] Update 324 (2654208 / 4194304 steps)
    (Validation) Returns: 28.41232543137288 +/- 3.308857261450697
[INFO] Update 325 (2662400 / 4194304 steps)
    (Validation) Returns: 27.957754054372593 +/- 3.2133800389641483
[INFO] Update 326 (2670592 / 4194304 steps)
    (Validation) Returns: 28.036742386212143 +/- 3.975040527579238
[INFO] Update 327 (2678784 / 4194304 steps)
    (Validation) Returns: 29.063074424110376 +/- 2.858188638135
[INFO] Update 328 (2686976 / 4194304 steps)
    (Validation) Returns: 28.04709800477117 +/- 2.88952464674656
[INFO] Update 329 (2695168 / 4194304 steps)
    (Validation) Returns: 27.66762568884684 +/- 3.4526819498421526
[INFO] Update 330 (2703360 / 4194304 steps)
    (Validation) Returns: 28.24474443990716 +/- 2.8125223412756526
[INFO] Update 331 (2711552 / 4194304 steps)
    (Validation) Returns: 29.779412164022734 +/- 3.3277013599388887
[INFO] Update 332 (2719744 / 4194304 steps)
    (Validation) Returns: 28.44410974516408 +/- 2.972694432741398
[INFO] Update 333 (2727936 / 4194304 steps)
    (Validation) Returns: 28.02055171266908 +/- 3.1261655825377015
[INFO] Update 334 (2736128 / 4194304 steps)
    (Validation) Returns: 27.36635852160333 +/- 3.2649150369342763
[INFO] Update 335 (2744320 / 4194304 steps)
    (Validation) Returns: 28.673437871107513 +/- 3.0048802011610736
[INFO] Update 336 (2752512 / 4194304 steps)
    (Validation) Returns: 27.01075862799014 +/- 2.772652894209769
[INFO] Update 337 (2760704 / 4194304 steps)
    (Validation) Returns: 27.409139322533996 +/- 3.9440274960971102
[INFO] Update 338 (2768896 / 4194304 steps)
    (Validation) Returns: 29.147834721129747 +/- 3.2503405952898317
[INFO] Update 339 (2777088 / 4194304 steps)
    (Validation) Returns: 28.21228590012972 +/- 2.785354939678293
[INFO] Update 340 (2785280 / 4194304 steps)
    (Validation) Returns: 27.423031050314933 +/- 3.6618099381886693
[INFO] Update 341 (2793472 / 4194304 steps)
    (Validation) Returns: 27.991895018503733 +/- 3.717698390920062
[INFO] Update 342 (2801664 / 4194304 steps)
    (Validation) Returns: 29.077812793547935 +/- 3.485740988271329
[INFO] Update 343 (2809856 / 4194304 steps)
    (Validation) Returns: 28.347241904580763 +/- 3.7215168951046653
[INFO] Update 344 (2818048 / 4194304 steps)
    (Validation) Returns: 27.735331127757924 +/- 4.039352501326258
[INFO] Update 345 (2826240 / 4194304 steps)
    (Validation) Returns: 27.266686624499716 +/- 2.936889848938086
[INFO] Update 346 (2834432 / 4194304 steps)
    (Validation) Returns: 26.886618305752364 +/- 3.3658362759409277
[INFO] Update 347 (2842624 / 4194304 steps)
    (Validation) Returns: 28.362924968517753 +/- 3.1638190680435505
[INFO] Update 348 (2850816 / 4194304 steps)
    (Validation) Returns: 28.567232277171446 +/- 3.8467413042724545
[INFO] Update 349 (2859008 / 4194304 steps)
    (Validation) Returns: 28.323954217448467 +/- 3.346123341733138
[INFO] Update 350 (2867200 / 4194304 steps)
    (Validation) Returns: 28.39299284329369 +/- 3.239844581978219
[INFO] Update 351 (2875392 / 4194304 steps)
    (Validation) Returns: 28.107527009665638 +/- 3.683944246865157
[INFO] Update 352 (2883584 / 4194304 steps)
    (Validation) Returns: 29.09232186398778 +/- 2.883838133024442
[INFO] Update 353 (2891776 / 4194304 steps)
    (Validation) Returns: 27.69766170667765 +/- 3.790006465133283
[INFO] Update 354 (2899968 / 4194304 steps)
    (Validation) Returns: 27.73657487582824 +/- 2.6321226918507583
[INFO] Update 355 (2908160 / 4194304 steps)
    (Validation) Returns: 27.72638127024385 +/- 3.888858808599834
[INFO] Update 356 (2916352 / 4194304 steps)
    (Validation) Returns: 27.37855600846452 +/- 3.930822963457562
[INFO] Update 357 (2924544 / 4194304 steps)
    (Validation) Returns: 27.83528064127529 +/- 2.370646008143107
[INFO] Update 358 (2932736 / 4194304 steps)
    (Validation) Returns: 26.439934857884065 +/- 3.40910350629417
[INFO] Update 359 (2940928 / 4194304 steps)
    (Validation) Returns: 28.75743514020172 +/- 2.9818455880371455
[INFO] Update 360 (2949120 / 4194304 steps)
    (Validation) Returns: 27.930610819440687 +/- 3.6532444214442887
[INFO] Update 361 (2957312 / 4194304 steps)
    (Validation) Returns: 27.682509554116336 +/- 3.03693853048025
[INFO] Update 362 (2965504 / 4194304 steps)
    (Validation) Returns: 28.450862569576987 +/- 3.215706142001584
[INFO] Update 363 (2973696 / 4194304 steps)
    (Validation) Returns: 28.26516486316087 +/- 3.308415325105535
[INFO] Update 364 (2981888 / 4194304 steps)
    (Validation) Returns: 28.36462818878988 +/- 3.8590040780749293
[INFO] Update 365 (2990080 / 4194304 steps)
    (Validation) Returns: 28.100898517097573 +/- 3.7542863268711284
[INFO] Update 366 (2998272 / 4194304 steps)
    (Validation) Returns: 28.031856150807 +/- 3.4327475412657806
[INFO] Update 367 (3006464 / 4194304 steps)
    (Validation) Returns: 27.913282174752897 +/- 3.2931970169745406
[INFO] Update 368 (3014656 / 4194304 steps)
    (Validation) Returns: 28.087079888141478 +/- 3.4636626731116915
[INFO] Update 369 (3022848 / 4194304 steps)
    (Validation) Returns: 27.714336543445985 +/- 3.91240063018875
[INFO] Update 370 (3031040 / 4194304 steps)
    (Validation) Returns: 27.18404342436844 +/- 3.5441789694386627
[INFO] Update 371 (3039232 / 4194304 steps)
    (Validation) Returns: 27.44028165642984 +/- 3.407697867890911
[INFO] Update 372 (3047424 / 4194304 steps)
    (Validation) Returns: 28.04200817454548 +/- 2.8465913299393133
[INFO] Update 373 (3055616 / 4194304 steps)
    (Validation) Returns: 28.605528802587152 +/- 3.7223978881632793
[INFO] Update 374 (3063808 / 4194304 steps)
    (Validation) Returns: 27.813713661922556 +/- 3.722523404042094
[INFO] Update 375 (3072000 / 4194304 steps)
    (Validation) Returns: 27.90816869655368 +/- 2.9514022477920676
[INFO] Update 376 (3080192 / 4194304 steps)
    (Validation) Returns: 28.350913527318312 +/- 3.3969725862372826
[INFO] Update 377 (3088384 / 4194304 steps)
    (Validation) Returns: 28.394752387033684 +/- 3.905133066955508
[INFO] Update 378 (3096576 / 4194304 steps)
    (Validation) Returns: 27.71106415741218 +/- 3.6944137722928834
[INFO] Update 379 (3104768 / 4194304 steps)
    (Validation) Returns: 29.217326233702863 +/- 3.023345657562782
[INFO] Update 380 (3112960 / 4194304 steps)
    (Validation) Returns: 28.108124522784067 +/- 3.718389635262275
[INFO] Update 381 (3121152 / 4194304 steps)
    (Validation) Returns: 28.59227408221699 +/- 3.067755283361943
[INFO] Update 382 (3129344 / 4194304 steps)
    (Validation) Returns: 28.302375176884738 +/- 3.105865872179601
[INFO] Update 383 (3137536 / 4194304 steps)
    (Validation) Returns: 28.26684890368849 +/- 2.9549024873367897
[INFO] Update 384 (3145728 / 4194304 steps)
    (Validation) Returns: 28.735307491181402 +/- 3.9003055035497747
[INFO] Update 385 (3153920 / 4194304 steps)
    (Validation) Returns: 28.926175884914063 +/- 2.689959813871972
[INFO] Update 386 (3162112 / 4194304 steps)
    (Validation) Returns: 27.754072918067653 +/- 3.434327420756018
[INFO] Update 387 (3170304 / 4194304 steps)
    (Validation) Returns: 28.555061925806164 +/- 3.5491679381219785
[INFO] Update 388 (3178496 / 4194304 steps)
    (Validation) Returns: 28.296842212187784 +/- 3.5558313735947698
[INFO] Update 389 (3186688 / 4194304 steps)
    (Validation) Returns: 27.90655848533762 +/- 3.2134972595616413
[INFO] Update 390 (3194880 / 4194304 steps)
    (Validation) Returns: 27.48903230596372 +/- 3.32706175208023
[INFO] Update 391 (3203072 / 4194304 steps)
    (Validation) Returns: 28.659901759215245 +/- 3.187604292039451
[INFO] Update 392 (3211264 / 4194304 steps)
    (Validation) Returns: 28.08673181329103 +/- 3.1736478292407257
[INFO] Update 393 (3219456 / 4194304 steps)
    (Validation) Returns: 27.290685718261614 +/- 2.7742222902478026
[INFO] Update 394 (3227648 / 4194304 steps)
    (Validation) Returns: 28.22482180783468 +/- 3.3269051975709174
[INFO] Update 395 (3235840 / 4194304 steps)
    (Validation) Returns: 28.643221412542722 +/- 3.1483440460494014
[INFO] Update 396 (3244032 / 4194304 steps)
    (Validation) Returns: 27.50863227843496 +/- 3.133360618874282
[INFO] Update 397 (3252224 / 4194304 steps)
    (Validation) Returns: 28.01719113246967 +/- 3.0369440769594984
[INFO] Update 398 (3260416 / 4194304 steps)
    (Validation) Returns: 27.897180153691323 +/- 3.4495439561378363
[INFO] Update 399 (3268608 / 4194304 steps)
    (Validation) Returns: 28.263328578936854 +/- 3.555321625446929
[INFO] Update 400 (3276800 / 4194304 steps)
    (Validation) Returns: 27.45638311665443 +/- 3.771661049109795
[INFO] Update 401 (3284992 / 4194304 steps)
    (Validation) Returns: 27.611994130999364 +/- 3.3176978253390192
[INFO] Update 402 (3293184 / 4194304 steps)
    (Validation) Returns: 27.86979006747081 +/- 3.6396197766854232
[INFO] Update 403 (3301376 / 4194304 steps)
    (Validation) Returns: 27.87529648867178 +/- 3.3589401162481005
[INFO] Update 404 (3309568 / 4194304 steps)
    (Validation) Returns: 28.6636566368661 +/- 2.598868895600104
[INFO] Update 405 (3317760 / 4194304 steps)
    (Validation) Returns: 28.83950305150207 +/- 3.820969811491764
[INFO] Update 406 (3325952 / 4194304 steps)
    (Validation) Returns: 28.75560073152417 +/- 3.086834585940072
[INFO] Update 407 (3334144 / 4194304 steps)
    (Validation) Returns: 28.676969377889996 +/- 2.8626291624149154
[INFO] Update 408 (3342336 / 4194304 steps)
    (Validation) Returns: 28.149458564525894 +/- 3.384497980765179
[INFO] Update 409 (3350528 / 4194304 steps)
    (Validation) Returns: 27.358154656582094 +/- 3.4897661247408154
[INFO] Update 410 (3358720 / 4194304 steps)
    (Validation) Returns: 27.341123897082053 +/- 3.1344044545014644
[INFO] Update 411 (3366912 / 4194304 steps)
    (Validation) Returns: 27.653974154602327 +/- 3.370373663349194
[INFO] Update 412 (3375104 / 4194304 steps)
    (Validation) Returns: 28.116811363380567 +/- 3.465082605077969
[INFO] Update 413 (3383296 / 4194304 steps)
    (Validation) Returns: 29.012444505181254 +/- 2.7176074125751732
[INFO] Update 414 (3391488 / 4194304 steps)
    (Validation) Returns: 28.645618010688434 +/- 3.805717696503577
[INFO] Update 415 (3399680 / 4194304 steps)
    (Validation) Returns: 28.4619484350398 +/- 3.618977981990582
[INFO] Update 416 (3407872 / 4194304 steps)
    (Validation) Returns: 27.612686497696945 +/- 4.7163760401823
[INFO] Update 417 (3416064 / 4194304 steps)
    (Validation) Returns: 28.074314537572814 +/- 3.6399858562009064
[INFO] Update 418 (3424256 / 4194304 steps)
    (Validation) Returns: 28.181726825636872 +/- 3.182627605441513
[INFO] Update 419 (3432448 / 4194304 steps)
    (Validation) Returns: 27.88762717855558 +/- 3.1630731441665985
[INFO] Update 420 (3440640 / 4194304 steps)
    (Validation) Returns: 29.05523891250791 +/- 3.234994959197087
[INFO] Update 421 (3448832 / 4194304 steps)
    (Validation) Returns: 28.40394476244603 +/- 3.594863862807448
[INFO] Update 422 (3457024 / 4194304 steps)
    (Validation) Returns: 28.23313772601124 +/- 3.5555827913863007
[INFO] Update 423 (3465216 / 4194304 steps)
    (Validation) Returns: 28.68981587886187 +/- 3.6898505556653354
[INFO] Update 424 (3473408 / 4194304 steps)
    (Validation) Returns: 28.204326678729217 +/- 3.337870908960928
[INFO] Update 425 (3481600 / 4194304 steps)
    (Validation) Returns: 27.695152756608707 +/- 3.5071111480938835
[INFO] Update 426 (3489792 / 4194304 steps)
    (Validation) Returns: 28.344868736408017 +/- 3.57199606027073
[INFO] Update 427 (3497984 / 4194304 steps)
    (Validation) Returns: 28.5297912231973 +/- 2.9332473617707935
[INFO] Update 428 (3506176 / 4194304 steps)
    (Validation) Returns: 28.36041941933787 +/- 2.9910006093286334
[INFO] Update 429 (3514368 / 4194304 steps)
    (Validation) Returns: 28.80084449142719 +/- 3.6284031434090047
[INFO] Update 430 (3522560 / 4194304 steps)
    (Validation) Returns: 28.255402742718047 +/- 3.811407467027709
[INFO] Update 431 (3530752 / 4194304 steps)
    (Validation) Returns: 28.605270535995306 +/- 2.8218681668484566
[INFO] Update 432 (3538944 / 4194304 steps)
    (Validation) Returns: 29.088068597564643 +/- 2.699477396586446
[INFO] Update 433 (3547136 / 4194304 steps)
    (Validation) Returns: 29.25786472660577 +/- 3.0239435912227566
[INFO] Update 434 (3555328 / 4194304 steps)
    (Validation) Returns: 28.437266083329643 +/- 3.708025423920768
[INFO] Update 435 (3563520 / 4194304 steps)
    (Validation) Returns: 27.675204620295073 +/- 3.148784680247915
[INFO] Update 436 (3571712 / 4194304 steps)
    (Validation) Returns: 28.2636949645569 +/- 3.7981553233543086
[INFO] Update 437 (3579904 / 4194304 steps)
    (Validation) Returns: 27.955789868608157 +/- 4.019069137872105
[INFO] Update 438 (3588096 / 4194304 steps)
    (Validation) Returns: 29.032701852436304 +/- 3.515384749529785
[INFO] Update 439 (3596288 / 4194304 steps)
    (Validation) Returns: 28.501791793741926 +/- 3.7367494146964906
[INFO] Update 440 (3604480 / 4194304 steps)
    (Validation) Returns: 28.375787396622663 +/- 3.5463140171789322
[INFO] Update 441 (3612672 / 4194304 steps)
    (Validation) Returns: 27.131326206073084 +/- 3.5212876798713015
[INFO] Update 442 (3620864 / 4194304 steps)
    (Validation) Returns: 29.087997504871282 +/- 3.0078202421496196
[INFO] Update 443 (3629056 / 4194304 steps)
    (Validation) Returns: 27.705460303077825 +/- 3.6400352199667116
[INFO] Update 444 (3637248 / 4194304 steps)
    (Validation) Returns: 27.960306050891198 +/- 3.0285017890644546
[INFO] Update 445 (3645440 / 4194304 steps)
    (Validation) Returns: 28.495313481967408 +/- 3.5171880225306458
[INFO] Update 446 (3653632 / 4194304 steps)
    (Validation) Returns: 28.591997653323936 +/- 2.7426024621833727
[INFO] Update 447 (3661824 / 4194304 steps)
    (Validation) Returns: 28.766816195886282 +/- 3.2503658005184497
[INFO] Update 448 (3670016 / 4194304 steps)
    (Validation) Returns: 27.87628573727908 +/- 2.9734194253781037
[INFO] Update 449 (3678208 / 4194304 steps)
    (Validation) Returns: 29.276667541346143 +/- 2.797852392989231
[INFO] Update 450 (3686400 / 4194304 steps)
    (Validation) Returns: 28.78910356410082 +/- 3.5990117308229226
[INFO] Update 451 (3694592 / 4194304 steps)
    (Validation) Returns: 28.75527181309264 +/- 3.397903181199884
[INFO] Update 452 (3702784 / 4194304 steps)
    (Validation) Returns: 28.829053227956535 +/- 3.578581956452183
[INFO] Update 453 (3710976 / 4194304 steps)
    (Validation) Returns: 28.11737113348538 +/- 3.356061161694758
[INFO] Update 454 (3719168 / 4194304 steps)
    (Validation) Returns: 27.42172462032143 +/- 3.1938860062144836
[INFO] Update 455 (3727360 / 4194304 steps)
    (Validation) Returns: 28.00029377105426 +/- 2.6709701786528344
[INFO] Update 456 (3735552 / 4194304 steps)
    (Validation) Returns: 28.36557066864885 +/- 3.832490081199999
[INFO] Update 457 (3743744 / 4194304 steps)
    (Validation) Returns: 27.810409195428583 +/- 3.1318621130110644
[INFO] Update 458 (3751936 / 4194304 steps)
    (Validation) Returns: 28.56056862673528 +/- 3.4380067508684182
[INFO] Update 459 (3760128 / 4194304 steps)
    (Validation) Returns: 27.8878403760118 +/- 4.02802125166297
[INFO] Update 460 (3768320 / 4194304 steps)
    (Validation) Returns: 28.851287359050264 +/- 3.0967199413912314
[INFO] Update 461 (3776512 / 4194304 steps)
    (Validation) Returns: 27.75686852554104 +/- 3.8965043949486544
[INFO] Update 462 (3784704 / 4194304 steps)
    (Validation) Returns: 28.05230753349765 +/- 3.7349938765161266
[INFO] Update 463 (3792896 / 4194304 steps)
    (Validation) Returns: 28.878919987104744 +/- 2.508278097512886
[INFO] Update 464 (3801088 / 4194304 steps)
    (Validation) Returns: 27.66342982502051 +/- 3.260131292417369
[INFO] Update 465 (3809280 / 4194304 steps)
    (Validation) Returns: 26.583879339593086 +/- 3.391795774258019
[INFO] Update 466 (3817472 / 4194304 steps)
    (Validation) Returns: 29.07429294483171 +/- 3.0006017169964068
[INFO] Update 467 (3825664 / 4194304 steps)
    (Validation) Returns: 28.23417585025142 +/- 3.326779305587104
[INFO] Update 468 (3833856 / 4194304 steps)
    (Validation) Returns: 28.91071319209733 +/- 3.3540847090032893
[INFO] Update 469 (3842048 / 4194304 steps)
    (Validation) Returns: 28.13221412947497 +/- 2.9844786106471344
[INFO] Update 470 (3850240 / 4194304 steps)
    (Validation) Returns: 28.674904665172903 +/- 3.0922317879428807
[INFO] Update 471 (3858432 / 4194304 steps)
    (Validation) Returns: 28.274628626708438 +/- 3.202113165654243
[INFO] Update 472 (3866624 / 4194304 steps)
    (Validation) Returns: 27.851203319179298 +/- 3.2039389643258835
[INFO] Update 473 (3874816 / 4194304 steps)
    (Validation) Returns: 27.78521320725482 +/- 3.4864248916772214
[INFO] Update 474 (3883008 / 4194304 steps)
    (Validation) Returns: 28.262232455165123 +/- 3.5998204848906012
[INFO] Update 475 (3891200 / 4194304 steps)
    (Validation) Returns: 28.032500734528856 +/- 3.1486112999787452
[INFO] Update 476 (3899392 / 4194304 steps)
    (Validation) Returns: 28.493211212274026 +/- 3.315801433740146
[INFO] Update 477 (3907584 / 4194304 steps)
    (Validation) Returns: 27.762206211612884 +/- 3.4902453423390707
[INFO] Update 478 (3915776 / 4194304 steps)
    (Validation) Returns: 28.690645632645158 +/- 3.193407413279552
[INFO] Update 479 (3923968 / 4194304 steps)
    (Validation) Returns: 27.689426050949635 +/- 3.397252716338695
[INFO] Update 480 (3932160 / 4194304 steps)
    (Validation) Returns: 28.50727350585658 +/- 3.7588489440351007
[INFO] Update 481 (3940352 / 4194304 steps)
    (Validation) Returns: 27.29879179678622 +/- 3.5593098415317543
[INFO] Update 482 (3948544 / 4194304 steps)
    (Validation) Returns: 28.157891609159442 +/- 3.559926281672221
[INFO] Update 483 (3956736 / 4194304 steps)
    (Validation) Returns: 28.294589579434707 +/- 2.8319712245496045
[INFO] Update 484 (3964928 / 4194304 steps)
    (Validation) Returns: 27.995236447061323 +/- 3.4653775098713835
[INFO] Update 485 (3973120 / 4194304 steps)
    (Validation) Returns: 27.565797405406244 +/- 3.377997778174938
[INFO] Update 486 (3981312 / 4194304 steps)
    (Validation) Returns: 28.944177761788136 +/- 2.5836580402168345
[INFO] Update 487 (3989504 / 4194304 steps)
    (Validation) Returns: 27.71204887212466 +/- 3.571000634212764
[INFO] Update 488 (3997696 / 4194304 steps)
    (Validation) Returns: 27.874162605846713 +/- 3.74232306352467
[INFO] Update 489 (4005888 / 4194304 steps)
    (Validation) Returns: 28.315482350532886 +/- 4.099215850070169
[INFO] Update 490 (4014080 / 4194304 steps)
    (Validation) Returns: 28.704757129096357 +/- 2.7121043760701724
[INFO] Update 491 (4022272 / 4194304 steps)
    (Validation) Returns: 29.37016823892849 +/- 3.543877256752432
[INFO] Update 492 (4030464 / 4194304 steps)
    (Validation) Returns: 28.150288501066814 +/- 2.6404070827899764
[INFO] Update 493 (4038656 / 4194304 steps)
    (Validation) Returns: 27.915796090649714 +/- 3.6930199467345997
[INFO] Update 494 (4046848 / 4194304 steps)
    (Validation) Returns: 28.445540010968863 +/- 3.861484861715269
[INFO] Update 495 (4055040 / 4194304 steps)
    (Validation) Returns: 28.084835467307443 +/- 3.8292224754672364
[INFO] Update 496 (4063232 / 4194304 steps)
    (Validation) Returns: 27.967046101655306 +/- 2.4513807830660777
[INFO] Update 497 (4071424 / 4194304 steps)
    (Validation) Returns: 28.37696658297832 +/- 3.2442978773604043
[INFO] Update 498 (4079616 / 4194304 steps)
    (Validation) Returns: 28.529282170748836 +/- 2.756299898459953
[INFO] Update 499 (4087808 / 4194304 steps)
    (Validation) Returns: 27.54370349992451 +/- 3.294181084482355
[INFO] Update 500 (4096000 / 4194304 steps)
    (Validation) Returns: 27.76077205187655 +/- 3.4180591130271267
[INFO] Update 501 (4104192 / 4194304 steps)
    (Validation) Returns: 28.162582581247324 +/- 3.8045434524697095
[INFO] Update 502 (4112384 / 4194304 steps)
    (Validation) Returns: 28.50686770275366 +/- 3.0952649223164
[INFO] Update 503 (4120576 / 4194304 steps)
    (Validation) Returns: 27.631596695475547 +/- 3.7283267783836744
[INFO] Update 504 (4128768 / 4194304 steps)
    (Validation) Returns: 28.31991097840278 +/- 2.8550039894699317
[INFO] Update 505 (4136960 / 4194304 steps)
    (Validation) Returns: 27.92575414554044 +/- 3.8474225023525728
[INFO] Update 506 (4145152 / 4194304 steps)
    (Validation) Returns: 27.674510539456104 +/- 3.91570361911504
[INFO] Update 507 (4153344 / 4194304 steps)
    (Validation) Returns: 28.30905080779342 +/- 3.18225124609298
[INFO] Update 508 (4161536 / 4194304 steps)
    (Validation) Returns: 28.234524605091377 +/- 3.4235806845062657
[INFO] Update 509 (4169728 / 4194304 steps)
    (Validation) Returns: 27.862746997087676 +/- 3.1025769657928897
[INFO] Update 510 (4177920 / 4194304 steps)
    (Validation) Returns: 28.459903062711696 +/- 3.3680975158253132
[INFO] Update 511 (4186112 / 4194304 steps)
    (Validation) Returns: 27.98620518343559 +/- 3.9449404435726625
[INFO] Training finished (4194304 steps)
[INFO] Model saved at ppo/models/cnn/cnn-Sprites-v2-4194304steps.pt
