[INFO] Learning Configuration:
            Policy
                - Policy type:      cnn
                - Policy network:   MLPActorCritic(
  (actor): Sequential(
    (0): Linear(in_features=784, out_features=64, bias=True)
    (1): ReLU()
    (2): Linear(in_features=64, out_features=2, bias=True)
    (3): Tanh()
  )
  (critic): Sequential(
    (0): Linear(in_features=784, out_features=64, bias=True)
    (1): ReLU()
    (2): Linear(in_features=64, out_features=1, bias=True)
  )
  (encoder): CNN(
    (model): Sequential(
      (0): Conv2d(3, 16, kernel_size=(3, 3), stride=(2, 2))
      (1): ReLU()
      (2): Conv2d(16, 16, kernel_size=(3, 3), stride=(2, 2))
      (3): ReLU()
      (4): Conv2d(16, 16, kernel_size=(3, 3), stride=(2, 2))
      (5): Flatten(start_dim=1, end_dim=-1)
    )
  )
)
            Environment
                - Env name:         Sprites-v0
                - Num envs:         4
                - Spec:             EnvSpec(id='Sprites-v0', entry_point='sprites_env.envs.sprites:SpritesEnv', reward_threshold=None, nondeterministic=False, max_episode_steps=None, order_enforce=True, disable_env_checker=False, kwargs={'n_distractors': 0, 'num_envs': 4, 'vectorization_mode': 'sync'}, namespace=None, name='Sprites', version=0, additional_wrappers=(), vector_entry_point=None)
            Rollout
                - Rollout Steps:    2048
            Training
                - Total timesteps:  4194304
                - N epochs:         10
                - Batch size:       64
                - gamma (discount): 0.99
                - GAE lambda:       0.95
                - clip range:       0.2
                - Normalize adv:    True
                - Entropy coef:     0.01
                - Value coef:       0.5
                - Optimizer:        Adam
                - Learning rate:    0.0003
            Device
                - Device:           cuda
            Verbosity
                - Verbose level:    1
                - Log interval:     10
                - Tensorboard log:  ppo/TB_PPO
        
[INFO] Update 0 (0 / 4194304 steps)
    (Validation) Returns: 27.83112672045737 +/- 3.0218631207376268
[INFO] Update 1 (8192 / 4194304 steps)
    (Validation) Returns: 28.134070699162255 +/- 3.04469075670244
[INFO] Update 2 (16384 / 4194304 steps)
    (Validation) Returns: 29.444434471613967 +/- 3.180731466007183
[INFO] Update 3 (24576 / 4194304 steps)
    (Validation) Returns: 28.687878014851016 +/- 3.4993890316954426
[INFO] Update 4 (32768 / 4194304 steps)
    (Validation) Returns: 28.610456985652995 +/- 3.317795173718611
[INFO] Update 5 (40960 / 4194304 steps)
    (Validation) Returns: 28.697841427534353 +/- 2.573806232301995
[INFO] Update 6 (49152 / 4194304 steps)
    (Validation) Returns: 28.50060510447728 +/- 2.9668913625788393
[INFO] Update 7 (57344 / 4194304 steps)
    (Validation) Returns: 28.66090007006556 +/- 3.3315645301407653
[INFO] Update 8 (65536 / 4194304 steps)
    (Validation) Returns: 28.8407433222741 +/- 2.928280683020408
[INFO] Update 9 (73728 / 4194304 steps)
    (Validation) Returns: 29.1200798085918 +/- 3.533166810129585
[INFO] Update 10 (81920 / 4194304 steps)
    (Validation) Returns: 27.922526016622374 +/- 3.72250493254009
[INFO] Update 11 (90112 / 4194304 steps)
    (Validation) Returns: 27.937593006412023 +/- 3.0899521698561006
[INFO] Update 12 (98304 / 4194304 steps)
    (Validation) Returns: 28.940406105902696 +/- 2.566389436275081
[INFO] Update 13 (106496 / 4194304 steps)
    (Validation) Returns: 28.268829272765355 +/- 2.8148926732782042
[INFO] Update 14 (114688 / 4194304 steps)
    (Validation) Returns: 29.936454239525567 +/- 3.4361242735390647
[INFO] Update 15 (122880 / 4194304 steps)
    (Validation) Returns: 28.976254482496444 +/- 3.0790745615355943
[INFO] Update 16 (131072 / 4194304 steps)
    (Validation) Returns: 27.99951459953611 +/- 2.987127242839996
[INFO] Update 17 (139264 / 4194304 steps)
    (Validation) Returns: 28.23797774759912 +/- 2.304970702691183
[INFO] Update 18 (147456 / 4194304 steps)
    (Validation) Returns: 28.998151039315314 +/- 3.2730874363348708
[INFO] Update 19 (155648 / 4194304 steps)
    (Validation) Returns: 29.169387412993796 +/- 2.6971819259951286
[INFO] Update 20 (163840 / 4194304 steps)
    (Validation) Returns: 29.113940282737268 +/- 2.7238050694078333
[INFO] Update 21 (172032 / 4194304 steps)
    (Validation) Returns: 28.32901692052164 +/- 3.3108497110164437
[INFO] Update 22 (180224 / 4194304 steps)
    (Validation) Returns: 29.024649360808176 +/- 3.137761913700007
[INFO] Update 23 (188416 / 4194304 steps)
    (Validation) Returns: 29.567249614784554 +/- 3.3394152229586007
[INFO] Update 24 (196608 / 4194304 steps)
    (Validation) Returns: 29.697577779857472 +/- 3.0664070273678408
[INFO] Update 25 (204800 / 4194304 steps)
    (Validation) Returns: 28.77076096465608 +/- 3.2080205513620403
[INFO] Update 26 (212992 / 4194304 steps)
    (Validation) Returns: 29.294860714946356 +/- 3.4229963063915574
[INFO] Update 27 (221184 / 4194304 steps)
    (Validation) Returns: 28.81127411343335 +/- 3.1919814977084364
[INFO] Update 28 (229376 / 4194304 steps)
    (Validation) Returns: 28.893517765471607 +/- 3.5046995270448056
[INFO] Update 29 (237568 / 4194304 steps)
    (Validation) Returns: 28.375734675359706 +/- 3.0605109873392027
[INFO] Update 30 (245760 / 4194304 steps)
    (Validation) Returns: 29.64843162737739 +/- 2.18507680920153
[INFO] Update 31 (253952 / 4194304 steps)
    (Validation) Returns: 29.36811732030453 +/- 2.812238704580433
[INFO] Update 32 (262144 / 4194304 steps)
    (Validation) Returns: 29.218451773863706 +/- 2.895098309741662
[INFO] Update 33 (270336 / 4194304 steps)
    (Validation) Returns: 29.18656351558401 +/- 2.9752449366121607
[INFO] Update 34 (278528 / 4194304 steps)
    (Validation) Returns: 28.778924368731445 +/- 3.268566271251162
[INFO] Update 35 (286720 / 4194304 steps)
    (Validation) Returns: 29.482250245747913 +/- 2.566735301786299
[INFO] Update 36 (294912 / 4194304 steps)
    (Validation) Returns: 29.763358925035487 +/- 2.228240934564214
[INFO] Update 37 (303104 / 4194304 steps)
    (Validation) Returns: 29.23517790802091 +/- 2.8977135374644742
[INFO] Update 38 (311296 / 4194304 steps)
    (Validation) Returns: 29.130457879191418 +/- 3.06943383601518
[INFO] Update 39 (319488 / 4194304 steps)
    (Validation) Returns: 30.063100515006447 +/- 2.4115812146218376
[INFO] Update 40 (327680 / 4194304 steps)
    (Validation) Returns: 29.962285292022976 +/- 2.66803541451723
[INFO] Update 41 (335872 / 4194304 steps)
    (Validation) Returns: 27.65728801938881 +/- 3.823816578097484
[INFO] Update 42 (344064 / 4194304 steps)
    (Validation) Returns: 29.470427642560185 +/- 2.73291130773465
[INFO] Update 43 (352256 / 4194304 steps)
    (Validation) Returns: 29.315411337575192 +/- 2.4056873725206556
[INFO] Update 44 (360448 / 4194304 steps)
    (Validation) Returns: 30.107318613170758 +/- 2.8656433030546555
[INFO] Update 45 (368640 / 4194304 steps)
    (Validation) Returns: 29.127258814241667 +/- 2.639215280234842
[INFO] Update 46 (376832 / 4194304 steps)
    (Validation) Returns: 28.54737492427173 +/- 3.582367408478657
[INFO] Update 47 (385024 / 4194304 steps)
    (Validation) Returns: 28.9695267792999 +/- 2.6483478063718646
[INFO] Update 48 (393216 / 4194304 steps)
    (Validation) Returns: 29.153854984806475 +/- 2.8839156746550185
[INFO] Update 49 (401408 / 4194304 steps)
    (Validation) Returns: 28.568215204536045 +/- 2.6572804158442462
[INFO] Update 50 (409600 / 4194304 steps)
    (Validation) Returns: 29.653179199756654 +/- 2.8820021886674745
[INFO] Update 51 (417792 / 4194304 steps)
    (Validation) Returns: 29.94475632550928 +/- 1.789198375771843
[INFO] Update 52 (425984 / 4194304 steps)
    (Validation) Returns: 28.960207742057968 +/- 2.8541574950156
[INFO] Update 53 (434176 / 4194304 steps)
    (Validation) Returns: 29.62880508943643 +/- 2.8338699692432945
[INFO] Update 54 (442368 / 4194304 steps)
    (Validation) Returns: 29.343414642235143 +/- 3.2953292377743937
[INFO] Update 55 (450560 / 4194304 steps)
    (Validation) Returns: 28.603923634997688 +/- 3.028853863128578
[INFO] Update 56 (458752 / 4194304 steps)
    (Validation) Returns: 29.28992992694765 +/- 3.620040231928759
[INFO] Update 57 (466944 / 4194304 steps)
    (Validation) Returns: 29.211101887946533 +/- 3.0665433180297548
[INFO] Update 58 (475136 / 4194304 steps)
    (Validation) Returns: 29.39841377395454 +/- 2.9535090321352224
[INFO] Update 59 (483328 / 4194304 steps)
    (Validation) Returns: 30.126944424160207 +/- 2.3322218445142475
[INFO] Update 60 (491520 / 4194304 steps)
    (Validation) Returns: 28.339000264689766 +/- 3.286227972108151
[INFO] Update 61 (499712 / 4194304 steps)
    (Validation) Returns: 29.150800930647097 +/- 2.923114440255468
[INFO] Update 62 (507904 / 4194304 steps)
    (Validation) Returns: 28.86419912140288 +/- 2.687203769795425
[INFO] Update 63 (516096 / 4194304 steps)
    (Validation) Returns: 29.00259680480803 +/- 3.344850303869818
[INFO] Update 64 (524288 / 4194304 steps)
    (Validation) Returns: 29.288111694780174 +/- 3.009612704817936
[INFO] Update 65 (532480 / 4194304 steps)
    (Validation) Returns: 29.57179711234162 +/- 2.7309713381382936
[INFO] Update 66 (540672 / 4194304 steps)
    (Validation) Returns: 29.61663621790978 +/- 2.3221083983153363
[INFO] Update 67 (548864 / 4194304 steps)
    (Validation) Returns: 29.547336766123685 +/- 2.8323188854426458
[INFO] Update 68 (557056 / 4194304 steps)
    (Validation) Returns: 29.35948422574222 +/- 2.4647318460040335
[INFO] Update 69 (565248 / 4194304 steps)
    (Validation) Returns: 28.72722548245647 +/- 2.649697321529193
[INFO] Update 70 (573440 / 4194304 steps)
    (Validation) Returns: 29.224772263363672 +/- 2.7596530460535678
[INFO] Update 71 (581632 / 4194304 steps)
    (Validation) Returns: 29.22329984967912 +/- 2.9504501464197634
[INFO] Update 72 (589824 / 4194304 steps)
    (Validation) Returns: 29.24460627611557 +/- 3.361422689601496
[INFO] Update 73 (598016 / 4194304 steps)
    (Validation) Returns: 29.22534649734518 +/- 2.1451294653924613
[INFO] Update 74 (606208 / 4194304 steps)
    (Validation) Returns: 29.31255382414083 +/- 2.808753981201809
[INFO] Update 75 (614400 / 4194304 steps)
    (Validation) Returns: 29.345296154938705 +/- 2.9207801516977616
[INFO] Update 76 (622592 / 4194304 steps)
    (Validation) Returns: 29.176666180727874 +/- 3.0164670075656046
[INFO] Update 77 (630784 / 4194304 steps)
    (Validation) Returns: 30.12091441007002 +/- 2.8962636342827066
[INFO] Update 78 (638976 / 4194304 steps)
    (Validation) Returns: 29.277989241208854 +/- 2.9112334918486997
[INFO] Update 79 (647168 / 4194304 steps)
    (Validation) Returns: 29.087452485964747 +/- 2.620162234316649
[INFO] Update 80 (655360 / 4194304 steps)
    (Validation) Returns: 28.767439109401344 +/- 2.685783876319087
[INFO] Update 81 (663552 / 4194304 steps)
    (Validation) Returns: 29.397349276893568 +/- 2.9335492892134964
[INFO] Update 82 (671744 / 4194304 steps)
    (Validation) Returns: 29.366529226423346 +/- 3.0405780336818977
[INFO] Update 83 (679936 / 4194304 steps)
    (Validation) Returns: 29.873222221258818 +/- 2.754347962830441
[INFO] Update 84 (688128 / 4194304 steps)
    (Validation) Returns: 29.723205736279603 +/- 3.1067623780436007
[INFO] Update 85 (696320 / 4194304 steps)
    (Validation) Returns: 30.359534527913905 +/- 2.285279782508376
[INFO] Update 86 (704512 / 4194304 steps)
    (Validation) Returns: 29.214704772111713 +/- 3.09468569518454
[INFO] Update 87 (712704 / 4194304 steps)
    (Validation) Returns: 28.83079154312522 +/- 2.527018751382618
[INFO] Update 88 (720896 / 4194304 steps)
    (Validation) Returns: 29.019423419947337 +/- 2.827510314584838
[INFO] Update 89 (729088 / 4194304 steps)
    (Validation) Returns: 29.508445909296512 +/- 2.7044553679584475
[INFO] Update 90 (737280 / 4194304 steps)
    (Validation) Returns: 29.206328247401764 +/- 2.9926367820073327
[INFO] Update 91 (745472 / 4194304 steps)
    (Validation) Returns: 29.551232785645766 +/- 2.683624957677265
[INFO] Update 92 (753664 / 4194304 steps)
    (Validation) Returns: 29.064462899503916 +/- 2.905853976493393
[INFO] Update 93 (761856 / 4194304 steps)
    (Validation) Returns: 29.88723787162228 +/- 2.6419384238470744
[INFO] Update 94 (770048 / 4194304 steps)
    (Validation) Returns: 30.14058655134528 +/- 2.236093254661064
[INFO] Update 95 (778240 / 4194304 steps)
    (Validation) Returns: 29.74724622252665 +/- 2.4074069024648725
[INFO] Update 96 (786432 / 4194304 steps)
    (Validation) Returns: 29.413225737347183 +/- 3.430350012761982
[INFO] Update 97 (794624 / 4194304 steps)
    (Validation) Returns: 29.548950937841266 +/- 2.8435448816130924
[INFO] Update 98 (802816 / 4194304 steps)
    (Validation) Returns: 29.58758189823706 +/- 2.475524129478173
[INFO] Update 99 (811008 / 4194304 steps)
    (Validation) Returns: 29.444923894882756 +/- 3.0060008830323532
[INFO] Update 100 (819200 / 4194304 steps)
    (Validation) Returns: 29.98444312409756 +/- 2.8895402969746717
[INFO] Update 101 (827392 / 4194304 steps)
    (Validation) Returns: 30.077143750505364 +/- 2.2109747730730183
[INFO] Update 102 (835584 / 4194304 steps)
    (Validation) Returns: 29.271764246625377 +/- 2.4877477499085887
[INFO] Update 103 (843776 / 4194304 steps)
    (Validation) Returns: 30.221496280159517 +/- 2.306640580331459
[INFO] Update 104 (851968 / 4194304 steps)
    (Validation) Returns: 29.926345732209306 +/- 2.719665119554488
[INFO] Update 105 (860160 / 4194304 steps)
    (Validation) Returns: 29.720897556232114 +/- 2.384027771450944
[INFO] Update 106 (868352 / 4194304 steps)
    (Validation) Returns: 30.0214489160675 +/- 2.503181536737294
[INFO] Update 107 (876544 / 4194304 steps)
    (Validation) Returns: 28.401534101434766 +/- 3.4332555004582366
[INFO] Update 108 (884736 / 4194304 steps)
    (Validation) Returns: 28.949151904990618 +/- 3.3966398827120026
[INFO] Update 109 (892928 / 4194304 steps)
    (Validation) Returns: 30.187744962252395 +/- 2.493996787119763
[INFO] Update 110 (901120 / 4194304 steps)
    (Validation) Returns: 29.542803050598614 +/- 2.853731883017479
[INFO] Update 111 (909312 / 4194304 steps)
    (Validation) Returns: 29.477968146278034 +/- 2.5455529457055524
[INFO] Update 112 (917504 / 4194304 steps)
    (Validation) Returns: 29.21234702411457 +/- 3.0566548668269484
[INFO] Update 113 (925696 / 4194304 steps)
    (Validation) Returns: 29.644030636699586 +/- 2.85820644639324
[INFO] Update 114 (933888 / 4194304 steps)
    (Validation) Returns: 30.685611288082306 +/- 2.635541486240114
[INFO] Update 115 (942080 / 4194304 steps)
    (Validation) Returns: 29.61148394494125 +/- 2.128570656402462
[INFO] Update 116 (950272 / 4194304 steps)
    (Validation) Returns: 29.62318468172491 +/- 2.2276129275103
[INFO] Update 117 (958464 / 4194304 steps)
    (Validation) Returns: 29.303490213290626 +/- 2.101167538841978
[INFO] Update 118 (966656 / 4194304 steps)
    (Validation) Returns: 30.26602917538146 +/- 2.22529917016503
[INFO] Update 119 (974848 / 4194304 steps)
    (Validation) Returns: 29.90390033211463 +/- 3.0444798113078675
[INFO] Update 120 (983040 / 4194304 steps)
    (Validation) Returns: 29.294004952865087 +/- 2.159779783316881
[INFO] Update 121 (991232 / 4194304 steps)
    (Validation) Returns: 30.499620671225035 +/- 2.3789009464116924
[INFO] Update 122 (999424 / 4194304 steps)
    (Validation) Returns: 29.21195075859199 +/- 2.6954301922040913
[INFO] Update 123 (1007616 / 4194304 steps)
    (Validation) Returns: 30.01904844641952 +/- 2.180791333595309
[INFO] Update 124 (1015808 / 4194304 steps)
    (Validation) Returns: 29.230556798294163 +/- 2.4906944854793696
[INFO] Update 125 (1024000 / 4194304 steps)
    (Validation) Returns: 29.190221714936627 +/- 2.279633882380319
[INFO] Update 126 (1032192 / 4194304 steps)
    (Validation) Returns: 29.899450910708264 +/- 2.093332910366044
[INFO] Update 127 (1040384 / 4194304 steps)
    (Validation) Returns: 29.79952051596623 +/- 2.9099152733941502
[INFO] Update 128 (1048576 / 4194304 steps)
    (Validation) Returns: 29.919956660788632 +/- 2.560135044395948
[INFO] Update 129 (1056768 / 4194304 steps)
    (Validation) Returns: 29.80281475183573 +/- 2.454166524074945
[INFO] Update 130 (1064960 / 4194304 steps)
    (Validation) Returns: 28.86805985218628 +/- 2.792800336195684
[INFO] Update 131 (1073152 / 4194304 steps)
    (Validation) Returns: 29.586367649314024 +/- 2.760428096591256
[INFO] Update 132 (1081344 / 4194304 steps)
    (Validation) Returns: 30.589202789022853 +/- 2.298577574796186
[INFO] Update 133 (1089536 / 4194304 steps)
    (Validation) Returns: 29.368428367926033 +/- 2.8050080364811647
[INFO] Update 134 (1097728 / 4194304 steps)
    (Validation) Returns: 28.869396184435068 +/- 3.326451553179087
[INFO] Update 135 (1105920 / 4194304 steps)
    (Validation) Returns: 30.71665836226158 +/- 2.4567284057462344
[INFO] Update 136 (1114112 / 4194304 steps)
    (Validation) Returns: 29.19765270643442 +/- 3.155430506444958
[INFO] Update 137 (1122304 / 4194304 steps)
    (Validation) Returns: 29.91007251629943 +/- 2.3566297911616174
[INFO] Update 138 (1130496 / 4194304 steps)
    (Validation) Returns: 29.44988941802576 +/- 2.903421301265116
[INFO] Update 139 (1138688 / 4194304 steps)
    (Validation) Returns: 29.518926604170662 +/- 2.1362600277287562
[INFO] Update 140 (1146880 / 4194304 steps)
    (Validation) Returns: 29.76374107449292 +/- 2.653292436767443
[INFO] Update 141 (1155072 / 4194304 steps)
    (Validation) Returns: 29.359937653307508 +/- 3.0146780342206196
[INFO] Update 142 (1163264 / 4194304 steps)
    (Validation) Returns: 30.29615150203835 +/- 2.5780099829528047
[INFO] Update 143 (1171456 / 4194304 steps)
    (Validation) Returns: 29.773121132251685 +/- 2.990534558500094
[INFO] Update 144 (1179648 / 4194304 steps)
    (Validation) Returns: 29.94696341218316 +/- 2.231982663488345
[INFO] Update 145 (1187840 / 4194304 steps)
    (Validation) Returns: 29.755267591368515 +/- 3.1747253630379904
[INFO] Update 146 (1196032 / 4194304 steps)
    (Validation) Returns: 29.948285877756668 +/- 2.5050977935128005
[INFO] Update 147 (1204224 / 4194304 steps)
    (Validation) Returns: 28.642639275029502 +/- 2.098128590740904
[INFO] Update 148 (1212416 / 4194304 steps)
    (Validation) Returns: 29.519330220322 +/- 2.838995984490276
[INFO] Update 149 (1220608 / 4194304 steps)
    (Validation) Returns: 30.132022960539324 +/- 2.3385474663709362
[INFO] Update 150 (1228800 / 4194304 steps)
    (Validation) Returns: 29.916527584838413 +/- 2.860476496756244
[INFO] Update 151 (1236992 / 4194304 steps)
    (Validation) Returns: 29.45646207327443 +/- 2.508976642253194
[INFO] Update 152 (1245184 / 4194304 steps)
    (Validation) Returns: 29.191188750527637 +/- 2.9308114948562696
[INFO] Update 153 (1253376 / 4194304 steps)
    (Validation) Returns: 30.01763319054411 +/- 2.389418505141529
[INFO] Update 154 (1261568 / 4194304 steps)
    (Validation) Returns: 29.300969834157797 +/- 2.757679839338489
[INFO] Update 155 (1269760 / 4194304 steps)
    (Validation) Returns: 29.703505837225087 +/- 2.8166875676563463
[INFO] Update 156 (1277952 / 4194304 steps)
    (Validation) Returns: 29.681767740835635 +/- 2.5409696300143065
[INFO] Update 157 (1286144 / 4194304 steps)
    (Validation) Returns: 29.835979139215386 +/- 2.5014419257817293
[INFO] Update 158 (1294336 / 4194304 steps)
    (Validation) Returns: 29.7953163252423 +/- 2.3411105453398666
[INFO] Update 159 (1302528 / 4194304 steps)
    (Validation) Returns: 29.547746998386096 +/- 2.71839824037926
[INFO] Update 160 (1310720 / 4194304 steps)
    (Validation) Returns: 29.440981858042676 +/- 2.469766659191137
[INFO] Update 161 (1318912 / 4194304 steps)
    (Validation) Returns: 30.012643885201577 +/- 2.605572145291231
[INFO] Update 162 (1327104 / 4194304 steps)
    (Validation) Returns: 29.515490977110186 +/- 2.656785638126014
[INFO] Update 163 (1335296 / 4194304 steps)
    (Validation) Returns: 29.158935545483462 +/- 2.1781909299056514
[INFO] Update 164 (1343488 / 4194304 steps)
    (Validation) Returns: 29.149538273107236 +/- 2.2479778109151227
[INFO] Update 165 (1351680 / 4194304 steps)
    (Validation) Returns: 29.437215385926795 +/- 2.8832335668900604
[INFO] Update 166 (1359872 / 4194304 steps)
    (Validation) Returns: 29.528492941063075 +/- 2.5846986382979096
[INFO] Update 167 (1368064 / 4194304 steps)
    (Validation) Returns: 29.90412385345822 +/- 2.638050130893681
[INFO] Update 168 (1376256 / 4194304 steps)
    (Validation) Returns: 29.489028777717305 +/- 2.6161557778298543
[INFO] Update 169 (1384448 / 4194304 steps)
    (Validation) Returns: 29.148759117808034 +/- 2.543629021005238
[INFO] Update 170 (1392640 / 4194304 steps)
    (Validation) Returns: 29.809895867787805 +/- 2.783045558913973
[INFO] Update 171 (1400832 / 4194304 steps)
    (Validation) Returns: 29.68408762459743 +/- 2.0240732893119677
[INFO] Update 172 (1409024 / 4194304 steps)
    (Validation) Returns: 29.03533580443772 +/- 2.9708390243521565
[INFO] Update 173 (1417216 / 4194304 steps)
    (Validation) Returns: 29.844123865074003 +/- 2.4804061512367146
[INFO] Update 174 (1425408 / 4194304 steps)
    (Validation) Returns: 29.250362680034822 +/- 3.4544731991323254
[INFO] Update 175 (1433600 / 4194304 steps)
    (Validation) Returns: 29.25554462807247 +/- 2.5787622573324547
[INFO] Update 176 (1441792 / 4194304 steps)
    (Validation) Returns: 29.917262779802115 +/- 2.4868580491312247
[INFO] Update 177 (1449984 / 4194304 steps)
    (Validation) Returns: 29.71564409333241 +/- 3.5737151753878464
[INFO] Update 178 (1458176 / 4194304 steps)
    (Validation) Returns: 29.72979038739316 +/- 2.8214191271117315
[INFO] Update 179 (1466368 / 4194304 steps)
    (Validation) Returns: 29.117151371153078 +/- 3.1275345507288947
[INFO] Update 180 (1474560 / 4194304 steps)
    (Validation) Returns: 29.338733136235952 +/- 2.849299969651442
[INFO] Update 181 (1482752 / 4194304 steps)
    (Validation) Returns: 29.279169529986063 +/- 3.541247971621219
[INFO] Update 182 (1490944 / 4194304 steps)
    (Validation) Returns: 29.455190120898685 +/- 2.662180577837086
[INFO] Update 183 (1499136 / 4194304 steps)
    (Validation) Returns: 29.418054482544427 +/- 2.6853441830996254
[INFO] Update 184 (1507328 / 4194304 steps)
    (Validation) Returns: 29.705448103956986 +/- 2.498452433725463
[INFO] Update 185 (1515520 / 4194304 steps)
    (Validation) Returns: 29.782649196633038 +/- 2.1383576453508963
[INFO] Update 186 (1523712 / 4194304 steps)
    (Validation) Returns: 29.67918673194813 +/- 2.647403457025612
[INFO] Update 187 (1531904 / 4194304 steps)
    (Validation) Returns: 29.113713167114064 +/- 2.857211761393434
[INFO] Update 188 (1540096 / 4194304 steps)
    (Validation) Returns: 29.121700760104638 +/- 2.11012549044227
[INFO] Update 189 (1548288 / 4194304 steps)
    (Validation) Returns: 29.872781493430004 +/- 2.4756545746699805
[INFO] Update 190 (1556480 / 4194304 steps)
    (Validation) Returns: 30.133801702613873 +/- 2.4771925858451183
[INFO] Update 191 (1564672 / 4194304 steps)
    (Validation) Returns: 29.483900955802632 +/- 3.2136562082300495
[INFO] Update 192 (1572864 / 4194304 steps)
    (Validation) Returns: 29.76518166164542 +/- 2.9260581844584856
[INFO] Update 193 (1581056 / 4194304 steps)
    (Validation) Returns: 29.487487714617515 +/- 2.424429557974957
[INFO] Update 194 (1589248 / 4194304 steps)
    (Validation) Returns: 29.600326233585342 +/- 2.171139886301323
[INFO] Update 195 (1597440 / 4194304 steps)
    (Validation) Returns: 29.422239807392828 +/- 2.5368666390760777
[INFO] Update 196 (1605632 / 4194304 steps)
    (Validation) Returns: 30.476731841691368 +/- 2.1378207769391855
[INFO] Update 197 (1613824 / 4194304 steps)
    (Validation) Returns: 29.746985839520825 +/- 2.7399381989666036
[INFO] Update 198 (1622016 / 4194304 steps)
    (Validation) Returns: 30.37318871427009 +/- 2.6848986358765448
[INFO] Update 199 (1630208 / 4194304 steps)
    (Validation) Returns: 30.052946642954005 +/- 2.320916509410755
[INFO] Update 200 (1638400 / 4194304 steps)
    (Validation) Returns: 29.472347138381025 +/- 3.1443175424817076
[INFO] Update 201 (1646592 / 4194304 steps)
    (Validation) Returns: 29.840398342778787 +/- 2.605700499660173
[INFO] Update 202 (1654784 / 4194304 steps)
    (Validation) Returns: 29.38395784346027 +/- 1.7766234719470186
[INFO] Update 203 (1662976 / 4194304 steps)
    (Validation) Returns: 29.534588549302292 +/- 3.1180746862883852
[INFO] Update 204 (1671168 / 4194304 steps)
    (Validation) Returns: 29.456402682808537 +/- 2.9002896174656416
[INFO] Update 205 (1679360 / 4194304 steps)
    (Validation) Returns: 29.803470446336654 +/- 2.2564219826477925
[INFO] Update 206 (1687552 / 4194304 steps)
    (Validation) Returns: 29.60766307774393 +/- 2.172285367340988
[INFO] Update 207 (1695744 / 4194304 steps)
    (Validation) Returns: 29.489273511544706 +/- 2.1321132079882696
[INFO] Update 208 (1703936 / 4194304 steps)
    (Validation) Returns: 29.941860478398475 +/- 2.1284952639827814
[INFO] Update 209 (1712128 / 4194304 steps)
    (Validation) Returns: 29.823448907309444 +/- 3.2607985930430363
[INFO] Update 210 (1720320 / 4194304 steps)
    (Validation) Returns: 29.489393909625058 +/- 2.754052533267824
[INFO] Update 211 (1728512 / 4194304 steps)
    (Validation) Returns: 29.04243905240795 +/- 3.148131686167318
[INFO] Update 212 (1736704 / 4194304 steps)
    (Validation) Returns: 29.564433184277213 +/- 2.775498369570661
[INFO] Update 213 (1744896 / 4194304 steps)
    (Validation) Returns: 29.906070498042453 +/- 2.464563563055196
[INFO] Update 214 (1753088 / 4194304 steps)
    (Validation) Returns: 29.37794847776296 +/- 2.3693937540916803
[INFO] Update 215 (1761280 / 4194304 steps)
    (Validation) Returns: 29.827568108891008 +/- 2.3795444169491557
[INFO] Update 216 (1769472 / 4194304 steps)
    (Validation) Returns: 29.57484832162328 +/- 2.3305736233256553
[INFO] Update 217 (1777664 / 4194304 steps)
    (Validation) Returns: 30.522952997215036 +/- 2.6338414132688523
[INFO] Update 218 (1785856 / 4194304 steps)
    (Validation) Returns: 28.96564172929959 +/- 2.289045612549743
[INFO] Update 219 (1794048 / 4194304 steps)
    (Validation) Returns: 30.062845851243004 +/- 2.3832501125433327
[INFO] Update 220 (1802240 / 4194304 steps)
    (Validation) Returns: 29.214060956853086 +/- 3.660931510265551
[INFO] Update 221 (1810432 / 4194304 steps)
    (Validation) Returns: 29.45404935189321 +/- 2.423002806632861
[INFO] Update 222 (1818624 / 4194304 steps)
    (Validation) Returns: 30.607411811839352 +/- 2.798667715608094
[INFO] Update 223 (1826816 / 4194304 steps)
    (Validation) Returns: 29.901724373089404 +/- 2.6402794300143135
[INFO] Update 224 (1835008 / 4194304 steps)
    (Validation) Returns: 29.655487273430037 +/- 2.737737178095621
[INFO] Update 225 (1843200 / 4194304 steps)
    (Validation) Returns: 29.742626412983213 +/- 2.845041218664897
[INFO] Update 226 (1851392 / 4194304 steps)
    (Validation) Returns: 29.720781565249297 +/- 2.088627363713759
[INFO] Update 227 (1859584 / 4194304 steps)
    (Validation) Returns: 29.81969219470531 +/- 2.4129698117909992
[INFO] Update 228 (1867776 / 4194304 steps)
    (Validation) Returns: 28.611123792175363 +/- 3.0638836659093567
[INFO] Update 229 (1875968 / 4194304 steps)
    (Validation) Returns: 30.062003775900376 +/- 2.457333587255586
[INFO] Update 230 (1884160 / 4194304 steps)
    (Validation) Returns: 29.70594095034761 +/- 2.3457597394271454
[INFO] Update 231 (1892352 / 4194304 steps)
    (Validation) Returns: 28.87414401125658 +/- 3.129281616160568
[INFO] Update 232 (1900544 / 4194304 steps)
    (Validation) Returns: 30.06945440748932 +/- 2.56124384494106
[INFO] Update 233 (1908736 / 4194304 steps)
    (Validation) Returns: 29.216684200298726 +/- 2.953115697923201
[INFO] Update 234 (1916928 / 4194304 steps)
    (Validation) Returns: 30.792604256162566 +/- 2.542181880506103
[INFO] Update 235 (1925120 / 4194304 steps)
    (Validation) Returns: 30.30828919729006 +/- 2.802555894072766
[INFO] Update 236 (1933312 / 4194304 steps)
    (Validation) Returns: 29.787967449539757 +/- 2.461594114815943
[INFO] Update 237 (1941504 / 4194304 steps)
    (Validation) Returns: 29.893501824831286 +/- 2.609449436361276
[INFO] Update 238 (1949696 / 4194304 steps)
    (Validation) Returns: 29.993212566246918 +/- 2.696615731949068
[INFO] Update 239 (1957888 / 4194304 steps)
    (Validation) Returns: 30.272432416721664 +/- 2.682981447263884
[INFO] Update 240 (1966080 / 4194304 steps)
    (Validation) Returns: 29.795868667926914 +/- 2.249607982255574
[INFO] Update 241 (1974272 / 4194304 steps)
    (Validation) Returns: 29.768044850772515 +/- 3.226684340692408
[INFO] Update 242 (1982464 / 4194304 steps)
    (Validation) Returns: 30.182426138003116 +/- 2.7494463632828485
[INFO] Update 243 (1990656 / 4194304 steps)
    (Validation) Returns: 29.856855060866373 +/- 2.2774272087014262
[INFO] Update 244 (1998848 / 4194304 steps)
    (Validation) Returns: 30.132629255558026 +/- 2.584938424413828
[INFO] Update 245 (2007040 / 4194304 steps)
    (Validation) Returns: 29.99322940000269 +/- 2.5105547080767665
[INFO] Update 246 (2015232 / 4194304 steps)
    (Validation) Returns: 29.70592618034874 +/- 2.518168246447005
[INFO] Update 247 (2023424 / 4194304 steps)
    (Validation) Returns: 29.719104479482667 +/- 2.299914976649607
[INFO] Update 248 (2031616 / 4194304 steps)
    (Validation) Returns: 30.34937694062818 +/- 2.415086708306093
[INFO] Update 249 (2039808 / 4194304 steps)
    (Validation) Returns: 29.751336654322007 +/- 2.339151149309816
[INFO] Update 250 (2048000 / 4194304 steps)
    (Validation) Returns: 29.586727330145152 +/- 2.4544753053545203
[INFO] Update 251 (2056192 / 4194304 steps)
    (Validation) Returns: 30.371024157879752 +/- 2.4636000279022867
[INFO] Update 252 (2064384 / 4194304 steps)
    (Validation) Returns: 29.884397326780583 +/- 2.755455232879501
[INFO] Update 253 (2072576 / 4194304 steps)
    (Validation) Returns: 29.753349433989023 +/- 3.1401515851907016
[INFO] Update 254 (2080768 / 4194304 steps)
    (Validation) Returns: 29.758278234038755 +/- 3.406784094786245
[INFO] Update 255 (2088960 / 4194304 steps)
    (Validation) Returns: 29.872930837088358 +/- 2.9627046786086324
[INFO] Update 256 (2097152 / 4194304 steps)
    (Validation) Returns: 30.627231979340728 +/- 2.1755541524142474
[INFO] Update 257 (2105344 / 4194304 steps)
    (Validation) Returns: 29.710937574036432 +/- 2.525455803545252
[INFO] Update 258 (2113536 / 4194304 steps)
    (Validation) Returns: 30.023410715116995 +/- 2.4350739932242638
[INFO] Update 259 (2121728 / 4194304 steps)
    (Validation) Returns: 29.66543992923612 +/- 3.0488445389840875
[INFO] Update 260 (2129920 / 4194304 steps)
    (Validation) Returns: 29.712914042691768 +/- 2.400831449297676
[INFO] Update 261 (2138112 / 4194304 steps)
    (Validation) Returns: 29.64259750007667 +/- 2.066261532671139
[INFO] Update 262 (2146304 / 4194304 steps)
    (Validation) Returns: 30.161457736592116 +/- 2.9176722574929035
[INFO] Update 263 (2154496 / 4194304 steps)
    (Validation) Returns: 29.879792532754607 +/- 2.496808170534377
[INFO] Update 264 (2162688 / 4194304 steps)
    (Validation) Returns: 29.716373362462093 +/- 3.334799494384405
[INFO] Update 265 (2170880 / 4194304 steps)
    (Validation) Returns: 29.4512165378012 +/- 2.5074648191535327
[INFO] Update 266 (2179072 / 4194304 steps)
    (Validation) Returns: 30.302289133133762 +/- 2.1947931257256457
[INFO] Update 267 (2187264 / 4194304 steps)
    (Validation) Returns: 29.86575605671528 +/- 2.581224105583741
[INFO] Update 268 (2195456 / 4194304 steps)
    (Validation) Returns: 30.397778037717263 +/- 2.1411719865648373
[INFO] Update 269 (2203648 / 4194304 steps)
    (Validation) Returns: 29.628032485166393 +/- 2.664749085374586
[INFO] Update 270 (2211840 / 4194304 steps)
    (Validation) Returns: 30.111043675810684 +/- 2.427605023744708
[INFO] Update 271 (2220032 / 4194304 steps)
    (Validation) Returns: 29.97122904318648 +/- 2.3213550330535995
[INFO] Update 272 (2228224 / 4194304 steps)
    (Validation) Returns: 29.510140387132743 +/- 2.643470579880371
[INFO] Update 273 (2236416 / 4194304 steps)
    (Validation) Returns: 29.581561038222254 +/- 3.1876260812601096
[INFO] Update 274 (2244608 / 4194304 steps)
    (Validation) Returns: 30.08765787742244 +/- 2.6709187608574765
[INFO] Update 275 (2252800 / 4194304 steps)
    (Validation) Returns: 30.361124900862315 +/- 2.2818774092480787
[INFO] Update 276 (2260992 / 4194304 steps)
    (Validation) Returns: 30.000513607530927 +/- 1.9281934736877817
[INFO] Update 277 (2269184 / 4194304 steps)
    (Validation) Returns: 30.12797743844901 +/- 2.5732454973558583
[INFO] Update 278 (2277376 / 4194304 steps)
    (Validation) Returns: 30.151636211740346 +/- 2.7515165998698965
[INFO] Update 279 (2285568 / 4194304 steps)
    (Validation) Returns: 28.958605436214135 +/- 2.6817584381415127
[INFO] Update 280 (2293760 / 4194304 steps)
    (Validation) Returns: 30.404967412504078 +/- 2.3321336718800794
[INFO] Update 281 (2301952 / 4194304 steps)
    (Validation) Returns: 30.379066942648553 +/- 2.52446340587595
[INFO] Update 282 (2310144 / 4194304 steps)
    (Validation) Returns: 30.094070110863242 +/- 2.466550624753852
[INFO] Update 283 (2318336 / 4194304 steps)
    (Validation) Returns: 30.16410185959095 +/- 2.726671131981969
[INFO] Update 284 (2326528 / 4194304 steps)
    (Validation) Returns: 30.642101299029378 +/- 2.133200438146358
[INFO] Update 285 (2334720 / 4194304 steps)
    (Validation) Returns: 30.183132307922357 +/- 2.244165897510802
[INFO] Update 286 (2342912 / 4194304 steps)
    (Validation) Returns: 29.006693246859818 +/- 3.1396184906571825
[INFO] Update 287 (2351104 / 4194304 steps)
    (Validation) Returns: 29.835049288755044 +/- 1.7518040496927343
[INFO] Update 288 (2359296 / 4194304 steps)
    (Validation) Returns: 30.29217265291394 +/- 2.4711755859653244
[INFO] Update 289 (2367488 / 4194304 steps)
    (Validation) Returns: 29.85443061127661 +/- 2.7533547672066017
[INFO] Update 290 (2375680 / 4194304 steps)
    (Validation) Returns: 29.7185082613506 +/- 2.145659332477902
[INFO] Update 291 (2383872 / 4194304 steps)
    (Validation) Returns: 30.212456175876618 +/- 2.4579489073313048
[INFO] Update 292 (2392064 / 4194304 steps)
    (Validation) Returns: 30.2647867365667 +/- 3.0010975600850083
[INFO] Update 293 (2400256 / 4194304 steps)
    (Validation) Returns: 29.42766668993776 +/- 2.124395928853225
[INFO] Update 294 (2408448 / 4194304 steps)
    (Validation) Returns: 29.777795980462265 +/- 2.4721968304212907
[INFO] Update 295 (2416640 / 4194304 steps)
    (Validation) Returns: 29.96179809860081 +/- 2.9715655249114343
[INFO] Update 296 (2424832 / 4194304 steps)
    (Validation) Returns: 30.110651605206122 +/- 2.7097168784087913
[INFO] Update 297 (2433024 / 4194304 steps)
    (Validation) Returns: 30.279268302673653 +/- 2.195640744193968
[INFO] Update 298 (2441216 / 4194304 steps)
    (Validation) Returns: 29.933453002398824 +/- 3.1702424314452857
[INFO] Update 299 (2449408 / 4194304 steps)
    (Validation) Returns: 30.25073635673066 +/- 1.634573364866711
[INFO] Update 300 (2457600 / 4194304 steps)
    (Validation) Returns: 29.42050076805604 +/- 3.02129007179745
[INFO] Update 301 (2465792 / 4194304 steps)
    (Validation) Returns: 29.93124282974345 +/- 2.0971377380128646
[INFO] Update 302 (2473984 / 4194304 steps)
    (Validation) Returns: 29.654247692329953 +/- 3.1064174367800947
[INFO] Update 303 (2482176 / 4194304 steps)
    (Validation) Returns: 30.17586541871674 +/- 2.0387264715031916
[INFO] Update 304 (2490368 / 4194304 steps)
    (Validation) Returns: 29.881469569700055 +/- 2.148179071777173
[INFO] Update 305 (2498560 / 4194304 steps)
    (Validation) Returns: 30.05272014155863 +/- 2.7848245616573184
[INFO] Update 306 (2506752 / 4194304 steps)
    (Validation) Returns: 30.33183833659266 +/- 2.4335469710275026
[INFO] Update 307 (2514944 / 4194304 steps)
    (Validation) Returns: 29.704621767491222 +/- 2.195180431890773
[INFO] Update 308 (2523136 / 4194304 steps)
    (Validation) Returns: 29.989300658094095 +/- 2.4512942002322786
[INFO] Update 309 (2531328 / 4194304 steps)
    (Validation) Returns: 30.298989727379467 +/- 2.3253406752032046
[INFO] Update 310 (2539520 / 4194304 steps)
    (Validation) Returns: 30.297402057343515 +/- 2.171859158930787
[INFO] Update 311 (2547712 / 4194304 steps)
    (Validation) Returns: 30.8434873574778 +/- 2.10297574584627
[INFO] Update 312 (2555904 / 4194304 steps)
    (Validation) Returns: 30.27182784806584 +/- 2.1115018632749205
[INFO] Update 313 (2564096 / 4194304 steps)
    (Validation) Returns: 30.366663803807388 +/- 2.3646317878544068
[INFO] Update 314 (2572288 / 4194304 steps)
    (Validation) Returns: 30.421581966260636 +/- 2.5459619976560406
[INFO] Update 315 (2580480 / 4194304 steps)
    (Validation) Returns: 30.476726611789125 +/- 1.9830550345861304
[INFO] Update 316 (2588672 / 4194304 steps)
    (Validation) Returns: 30.38204564269025 +/- 3.0421392390465742
[INFO] Update 317 (2596864 / 4194304 steps)
    (Validation) Returns: 30.72460093402732 +/- 2.167537945945267
[INFO] Update 318 (2605056 / 4194304 steps)
    (Validation) Returns: 29.168603301240466 +/- 2.90336022101869
[INFO] Update 319 (2613248 / 4194304 steps)
    (Validation) Returns: 30.105279335092643 +/- 2.2944850599399778
[INFO] Update 320 (2621440 / 4194304 steps)
    (Validation) Returns: 30.26988896912949 +/- 2.8533275801489992
[INFO] Update 321 (2629632 / 4194304 steps)
    (Validation) Returns: 29.609453740881815 +/- 2.549692112392942
[INFO] Update 322 (2637824 / 4194304 steps)
    (Validation) Returns: 30.43157420709831 +/- 2.942945187932372
[INFO] Update 323 (2646016 / 4194304 steps)
    (Validation) Returns: 29.589488862804068 +/- 2.9510514696267913
[INFO] Update 324 (2654208 / 4194304 steps)
    (Validation) Returns: 29.961153081985106 +/- 2.968054348960693
[INFO] Update 325 (2662400 / 4194304 steps)
    (Validation) Returns: 29.51734327143317 +/- 2.644296730529767
[INFO] Update 326 (2670592 / 4194304 steps)
    (Validation) Returns: 30.191119753001498 +/- 2.6150070926242397
[INFO] Update 327 (2678784 / 4194304 steps)
    (Validation) Returns: 29.861965698996862 +/- 2.543445212439614
[INFO] Update 328 (2686976 / 4194304 steps)
    (Validation) Returns: 29.87987687611552 +/- 3.000172830000863
[INFO] Update 329 (2695168 / 4194304 steps)
    (Validation) Returns: 29.527905107570994 +/- 2.7551849007920315
[INFO] Update 330 (2703360 / 4194304 steps)
    (Validation) Returns: 29.59301816701378 +/- 2.4911593818555544
[INFO] Update 331 (2711552 / 4194304 steps)
    (Validation) Returns: 30.060433461001246 +/- 2.6448123200348435
[INFO] Update 332 (2719744 / 4194304 steps)
    (Validation) Returns: 29.59490558629082 +/- 2.0194691121364454
[INFO] Update 333 (2727936 / 4194304 steps)
    (Validation) Returns: 30.01268753218546 +/- 2.895339933384186
[INFO] Update 334 (2736128 / 4194304 steps)
    (Validation) Returns: 30.155484275316155 +/- 2.2036436940537065
[INFO] Update 335 (2744320 / 4194304 steps)
    (Validation) Returns: 30.43723929685291 +/- 2.2247984864130532
[INFO] Update 336 (2752512 / 4194304 steps)
    (Validation) Returns: 29.935810738274313 +/- 2.6763777365984067
[INFO] Update 337 (2760704 / 4194304 steps)
    (Validation) Returns: 30.265141059497864 +/- 2.151693842209253
[INFO] Update 338 (2768896 / 4194304 steps)
    (Validation) Returns: 30.15877177331427 +/- 2.7326118698528754
[INFO] Update 339 (2777088 / 4194304 steps)
    (Validation) Returns: 30.259893913430936 +/- 2.3713732419185805
[INFO] Update 340 (2785280 / 4194304 steps)
    (Validation) Returns: 30.400192162187842 +/- 2.2888023862692095
[INFO] Update 341 (2793472 / 4194304 steps)
    (Validation) Returns: 30.245944763487653 +/- 2.5871477866750294
[INFO] Update 342 (2801664 / 4194304 steps)
    (Validation) Returns: 29.271253504502766 +/- 2.7027738502266043
[INFO] Update 343 (2809856 / 4194304 steps)
    (Validation) Returns: 29.655061418036972 +/- 2.4077454770091613
[INFO] Update 344 (2818048 / 4194304 steps)
    (Validation) Returns: 29.83569848383298 +/- 2.6111833638778847
[INFO] Update 345 (2826240 / 4194304 steps)
    (Validation) Returns: 29.123664023401023 +/- 2.856401869962726
[INFO] Update 346 (2834432 / 4194304 steps)
    (Validation) Returns: 30.252775156779087 +/- 2.1889764484093086
[INFO] Update 347 (2842624 / 4194304 steps)
    (Validation) Returns: 29.615546947138704 +/- 2.484091077186301
[INFO] Update 348 (2850816 / 4194304 steps)
    (Validation) Returns: 31.09624679432223 +/- 2.854900094476064
[INFO] Update 349 (2859008 / 4194304 steps)
    (Validation) Returns: 29.957762963726985 +/- 2.7192104447848013
[INFO] Update 350 (2867200 / 4194304 steps)
    (Validation) Returns: 29.84012289582434 +/- 3.121260390225529
[INFO] Update 351 (2875392 / 4194304 steps)
    (Validation) Returns: 29.284054033727507 +/- 2.4049445724519236
[INFO] Update 352 (2883584 / 4194304 steps)
    (Validation) Returns: 29.613669436826264 +/- 2.432871857831612
[INFO] Update 353 (2891776 / 4194304 steps)
    (Validation) Returns: 29.95222671496561 +/- 2.083151227892045
[INFO] Update 354 (2899968 / 4194304 steps)
    (Validation) Returns: 29.9228635344184 +/- 2.3854611553218206
[INFO] Update 355 (2908160 / 4194304 steps)
    (Validation) Returns: 30.240543553946527 +/- 2.482304693153536
[INFO] Update 356 (2916352 / 4194304 steps)
    (Validation) Returns: 29.283934524433626 +/- 2.673026996125442
[INFO] Update 357 (2924544 / 4194304 steps)
    (Validation) Returns: 29.554775341358226 +/- 2.5677179805666195
[INFO] Update 358 (2932736 / 4194304 steps)
    (Validation) Returns: 30.33673336708398 +/- 2.1920362210335504
[INFO] Update 359 (2940928 / 4194304 steps)
    (Validation) Returns: 29.62990386529292 +/- 2.2351834289745174
[INFO] Update 360 (2949120 / 4194304 steps)
    (Validation) Returns: 29.281845162268638 +/- 3.130575044805267
[INFO] Update 361 (2957312 / 4194304 steps)
    (Validation) Returns: 29.491088648021027 +/- 2.917531718290515
[INFO] Update 362 (2965504 / 4194304 steps)
    (Validation) Returns: 30.158541750769405 +/- 3.0329381481492654
[INFO] Update 363 (2973696 / 4194304 steps)
    (Validation) Returns: 30.87775048113456 +/- 2.1159453099681387
[INFO] Update 364 (2981888 / 4194304 steps)
    (Validation) Returns: 29.7054887484845 +/- 2.3846167274506205
[INFO] Update 365 (2990080 / 4194304 steps)
    (Validation) Returns: 29.540145719345638 +/- 2.793190260585573
[INFO] Update 366 (2998272 / 4194304 steps)
    (Validation) Returns: 29.887109442388986 +/- 2.8254625107012448
[INFO] Update 367 (3006464 / 4194304 steps)
    (Validation) Returns: 28.98999253911312 +/- 3.2180748146191367
[INFO] Update 368 (3014656 / 4194304 steps)
    (Validation) Returns: 30.796680626310582 +/- 2.8173144546566906
[INFO] Update 369 (3022848 / 4194304 steps)
    (Validation) Returns: 30.548468414725402 +/- 2.0693408821418466
[INFO] Update 370 (3031040 / 4194304 steps)
    (Validation) Returns: 29.610978144836867 +/- 2.817558996471768
[INFO] Update 371 (3039232 / 4194304 steps)
    (Validation) Returns: 29.99772372453997 +/- 2.0399039000232153
[INFO] Update 372 (3047424 / 4194304 steps)
    (Validation) Returns: 29.423049345880095 +/- 2.7752058935516386
[INFO] Update 373 (3055616 / 4194304 steps)
    (Validation) Returns: 29.79947594670093 +/- 2.692205427260864
[INFO] Update 374 (3063808 / 4194304 steps)
    (Validation) Returns: 29.728464610495234 +/- 2.2237389623520327
[INFO] Update 375 (3072000 / 4194304 steps)
    (Validation) Returns: 29.130693736939897 +/- 2.7831452333774602
[INFO] Update 376 (3080192 / 4194304 steps)
    (Validation) Returns: 29.61922618672586 +/- 2.9614280910818427
[INFO] Update 377 (3088384 / 4194304 steps)
    (Validation) Returns: 29.79953143806183 +/- 2.3372642741084717
[INFO] Update 378 (3096576 / 4194304 steps)
    (Validation) Returns: 29.976333919536508 +/- 3.2234388386080104
[INFO] Update 379 (3104768 / 4194304 steps)
    (Validation) Returns: 29.559714080192418 +/- 3.029038744899779
[INFO] Update 380 (3112960 / 4194304 steps)
    (Validation) Returns: 29.863695530286712 +/- 3.0368268915435475
[INFO] Update 381 (3121152 / 4194304 steps)
    (Validation) Returns: 29.33028668615888 +/- 2.633818322121107
[INFO] Update 382 (3129344 / 4194304 steps)
    (Validation) Returns: 30.09508136647414 +/- 2.6529209577216974
[INFO] Update 383 (3137536 / 4194304 steps)
    (Validation) Returns: 29.73563076988729 +/- 2.2264719692393826
[INFO] Update 384 (3145728 / 4194304 steps)
    (Validation) Returns: 29.381374696530923 +/- 2.700074964229017
[INFO] Update 385 (3153920 / 4194304 steps)
    (Validation) Returns: 29.709680326384177 +/- 2.8235811329426537
[INFO] Update 386 (3162112 / 4194304 steps)
    (Validation) Returns: 30.468776406583846 +/- 2.028643920299282
[INFO] Update 387 (3170304 / 4194304 steps)
    (Validation) Returns: 30.15960095519974 +/- 2.1278167965499417
[INFO] Update 388 (3178496 / 4194304 steps)
    (Validation) Returns: 29.865274886784185 +/- 2.7652789610413677
[INFO] Update 389 (3186688 / 4194304 steps)
    (Validation) Returns: 29.382588957298502 +/- 2.1454830245018974
[INFO] Update 390 (3194880 / 4194304 steps)
    (Validation) Returns: 29.45071024743382 +/- 2.778166871570802
[INFO] Update 391 (3203072 / 4194304 steps)
    (Validation) Returns: 29.721819020473912 +/- 2.9443460502813075
[INFO] Update 392 (3211264 / 4194304 steps)
    (Validation) Returns: 29.75421408603586 +/- 2.617037244202028
[INFO] Update 393 (3219456 / 4194304 steps)
    (Validation) Returns: 29.955713550038105 +/- 2.9024181153198456
[INFO] Update 394 (3227648 / 4194304 steps)
    (Validation) Returns: 30.531647964813125 +/- 2.6898448055621587
[INFO] Update 395 (3235840 / 4194304 steps)
    (Validation) Returns: 29.832297396999234 +/- 2.843976664757525
[INFO] Update 396 (3244032 / 4194304 steps)
    (Validation) Returns: 29.48774997514628 +/- 2.7166095633311875
[INFO] Update 397 (3252224 / 4194304 steps)
    (Validation) Returns: 29.198500272528662 +/- 2.868409788772018
[INFO] Update 398 (3260416 / 4194304 steps)
    (Validation) Returns: 29.68716371306298 +/- 3.332330053047876
[INFO] Update 399 (3268608 / 4194304 steps)
    (Validation) Returns: 29.612713540837298 +/- 3.1678529893971383
[INFO] Update 400 (3276800 / 4194304 steps)
    (Validation) Returns: 29.270242038489915 +/- 2.9263925606490133
[INFO] Update 401 (3284992 / 4194304 steps)
    (Validation) Returns: 29.840621820763026 +/- 2.5883596559099655
[INFO] Update 402 (3293184 / 4194304 steps)
    (Validation) Returns: 29.575957653698104 +/- 2.7613616070781704
[INFO] Update 403 (3301376 / 4194304 steps)
    (Validation) Returns: 29.80765583702031 +/- 3.3625336008175757
[INFO] Update 404 (3309568 / 4194304 steps)
    (Validation) Returns: 29.89944240381572 +/- 2.613913630604284
[INFO] Update 405 (3317760 / 4194304 steps)
    (Validation) Returns: 30.564811363421825 +/- 2.008538424871465
[INFO] Update 406 (3325952 / 4194304 steps)
    (Validation) Returns: 29.598286086549802 +/- 3.1532131905780845
[INFO] Update 407 (3334144 / 4194304 steps)
    (Validation) Returns: 29.173752366551277 +/- 2.430226856151594
[INFO] Update 408 (3342336 / 4194304 steps)
    (Validation) Returns: 29.41864827370325 +/- 2.2865274934798516
[INFO] Update 409 (3350528 / 4194304 steps)
    (Validation) Returns: 29.467381830288662 +/- 2.9755397075562096
[INFO] Update 410 (3358720 / 4194304 steps)
    (Validation) Returns: 30.100889181427185 +/- 2.094518000807825
[INFO] Update 411 (3366912 / 4194304 steps)
    (Validation) Returns: 29.901841916756858 +/- 2.8195853006652296
[INFO] Update 412 (3375104 / 4194304 steps)
    (Validation) Returns: 30.141235766895512 +/- 1.8829172729564736
[INFO] Update 413 (3383296 / 4194304 steps)
    (Validation) Returns: 30.157764053801806 +/- 2.2483616076179445
[INFO] Update 414 (3391488 / 4194304 steps)
    (Validation) Returns: 30.41814268951854 +/- 2.0180374576714044
[INFO] Update 415 (3399680 / 4194304 steps)
    (Validation) Returns: 29.821315890950736 +/- 2.745961273232909
[INFO] Update 416 (3407872 / 4194304 steps)
    (Validation) Returns: 29.68157629439235 +/- 2.9352250692032995
[INFO] Update 417 (3416064 / 4194304 steps)
    (Validation) Returns: 29.862980650110483 +/- 2.1422839365905615
[INFO] Update 418 (3424256 / 4194304 steps)
    (Validation) Returns: 29.606842973422772 +/- 2.557094330214118
[INFO] Update 419 (3432448 / 4194304 steps)
    (Validation) Returns: 30.725039328942945 +/- 2.579433513283597
[INFO] Update 420 (3440640 / 4194304 steps)
    (Validation) Returns: 30.14256339662571 +/- 2.603455092302415
[INFO] Update 421 (3448832 / 4194304 steps)
    (Validation) Returns: 30.477022925494055 +/- 2.63145553924552
[INFO] Update 422 (3457024 / 4194304 steps)
    (Validation) Returns: 30.240366733971 +/- 2.7451899796788273
[INFO] Update 423 (3465216 / 4194304 steps)
    (Validation) Returns: 29.895424452212218 +/- 2.422786622606584
[INFO] Update 424 (3473408 / 4194304 steps)
    (Validation) Returns: 29.96197366324163 +/- 2.815580922878588
[INFO] Update 425 (3481600 / 4194304 steps)
    (Validation) Returns: 29.878850810212423 +/- 2.6493170991813995
[INFO] Update 426 (3489792 / 4194304 steps)
    (Validation) Returns: 29.65448043697337 +/- 2.7244672131378835
[INFO] Update 427 (3497984 / 4194304 steps)
    (Validation) Returns: 29.85693740803498 +/- 2.5750083877195946
[INFO] Update 428 (3506176 / 4194304 steps)
    (Validation) Returns: 29.476628490760625 +/- 2.457240398133181
[INFO] Update 429 (3514368 / 4194304 steps)
    (Validation) Returns: 29.666246705559566 +/- 2.348082316337013
[INFO] Update 430 (3522560 / 4194304 steps)
    (Validation) Returns: 30.58654751174995 +/- 2.5226412059277656
[INFO] Update 431 (3530752 / 4194304 steps)
    (Validation) Returns: 30.1824358916842 +/- 2.1192923279031533
[INFO] Update 432 (3538944 / 4194304 steps)
    (Validation) Returns: 29.66213597213271 +/- 2.567630513954462
[INFO] Update 433 (3547136 / 4194304 steps)
    (Validation) Returns: 29.67275337900795 +/- 2.9457496481596217
[INFO] Update 434 (3555328 / 4194304 steps)
    (Validation) Returns: 29.628478122339708 +/- 2.4878286415328064
[INFO] Update 435 (3563520 / 4194304 steps)
    (Validation) Returns: 29.888470704131528 +/- 1.9975477819933847
[INFO] Update 436 (3571712 / 4194304 steps)
    (Validation) Returns: 30.28955146362548 +/- 2.173484587434244
[INFO] Update 437 (3579904 / 4194304 steps)
    (Validation) Returns: 29.937475590099638 +/- 2.535460514869854
[INFO] Update 438 (3588096 / 4194304 steps)
    (Validation) Returns: 29.540828609990648 +/- 2.81833798405039
[INFO] Update 439 (3596288 / 4194304 steps)
    (Validation) Returns: 30.36344817452607 +/- 2.9220820648531993
[INFO] Update 440 (3604480 / 4194304 steps)
    (Validation) Returns: 29.85293110468906 +/- 2.4528703656627466
[INFO] Update 441 (3612672 / 4194304 steps)
    (Validation) Returns: 29.52012727101886 +/- 2.902080219208402
[INFO] Update 442 (3620864 / 4194304 steps)
    (Validation) Returns: 29.72585466166121 +/- 3.281445828540203
[INFO] Update 443 (3629056 / 4194304 steps)
    (Validation) Returns: 29.6530245417851 +/- 2.5801342183666947
[INFO] Update 444 (3637248 / 4194304 steps)
    (Validation) Returns: 30.41531688916417 +/- 2.4395161784967136
[INFO] Update 445 (3645440 / 4194304 steps)
    (Validation) Returns: 29.542488339198506 +/- 2.341959335961306
[INFO] Update 446 (3653632 / 4194304 steps)
    (Validation) Returns: 29.390909137989375 +/- 2.390523324423316
[INFO] Update 447 (3661824 / 4194304 steps)
    (Validation) Returns: 29.702459325033953 +/- 3.1503998767169117
[INFO] Update 448 (3670016 / 4194304 steps)
    (Validation) Returns: 29.804195023677117 +/- 3.660666526166923
[INFO] Update 449 (3678208 / 4194304 steps)
    (Validation) Returns: 30.46964427641634 +/- 2.166626600170615
[INFO] Update 450 (3686400 / 4194304 steps)
    (Validation) Returns: 29.838679139347153 +/- 2.8344960292566888
[INFO] Update 451 (3694592 / 4194304 steps)
    (Validation) Returns: 29.845287202689633 +/- 2.4396016343044824
[INFO] Update 452 (3702784 / 4194304 steps)
    (Validation) Returns: 30.011049871431776 +/- 2.329998831226821
[INFO] Update 453 (3710976 / 4194304 steps)
    (Validation) Returns: 30.34081587074697 +/- 2.634674255922873
[INFO] Update 454 (3719168 / 4194304 steps)
    (Validation) Returns: 30.068363362535138 +/- 2.0980948223761726
[INFO] Update 455 (3727360 / 4194304 steps)
    (Validation) Returns: 30.441442781543742 +/- 1.8773759442100084
[INFO] Update 456 (3735552 / 4194304 steps)
    (Validation) Returns: 30.000134774813272 +/- 3.161141609104458
[INFO] Update 457 (3743744 / 4194304 steps)
    (Validation) Returns: 30.22372546583456 +/- 2.6636066063410584
[INFO] Update 458 (3751936 / 4194304 steps)
    (Validation) Returns: 29.488711813854326 +/- 2.5831446879815068
[INFO] Update 459 (3760128 / 4194304 steps)
    (Validation) Returns: 30.712111422782083 +/- 2.457969667667992
[INFO] Update 460 (3768320 / 4194304 steps)
    (Validation) Returns: 29.719122985107635 +/- 2.5640577634817845
[INFO] Update 461 (3776512 / 4194304 steps)
    (Validation) Returns: 29.960433044397632 +/- 2.4744192204199997
[INFO] Update 462 (3784704 / 4194304 steps)
    (Validation) Returns: 30.171177401685593 +/- 2.514102296257282
[INFO] Update 463 (3792896 / 4194304 steps)
    (Validation) Returns: 29.6702574124087 +/- 2.7007020357958216
[INFO] Update 464 (3801088 / 4194304 steps)
    (Validation) Returns: 29.420173593356548 +/- 2.3330120272310455
[INFO] Update 465 (3809280 / 4194304 steps)
    (Validation) Returns: 28.91077299910137 +/- 3.0592010684201796
[INFO] Update 466 (3817472 / 4194304 steps)
    (Validation) Returns: 29.404424873222943 +/- 2.798918761929362
[INFO] Update 467 (3825664 / 4194304 steps)
    (Validation) Returns: 29.72898737007347 +/- 2.971005157089498
[INFO] Update 468 (3833856 / 4194304 steps)
    (Validation) Returns: 29.42103314830777 +/- 2.6394000805502054
[INFO] Update 469 (3842048 / 4194304 steps)
    (Validation) Returns: 30.29828941434181 +/- 2.258906053041832
[INFO] Update 470 (3850240 / 4194304 steps)
    (Validation) Returns: 30.196289846344506 +/- 2.3499329725977236
[INFO] Update 471 (3858432 / 4194304 steps)
    (Validation) Returns: 29.839953613496828 +/- 2.452211880705818
[INFO] Update 472 (3866624 / 4194304 steps)
    (Validation) Returns: 29.61882443071979 +/- 2.3559685445350023
[INFO] Update 473 (3874816 / 4194304 steps)
    (Validation) Returns: 30.371252160972585 +/- 2.1179390980178
[INFO] Update 474 (3883008 / 4194304 steps)
    (Validation) Returns: 30.788393672332358 +/- 2.037401377051555
[INFO] Update 475 (3891200 / 4194304 steps)
    (Validation) Returns: 29.85749971616753 +/- 3.515101693520398
[INFO] Update 476 (3899392 / 4194304 steps)
    (Validation) Returns: 30.120735182678136 +/- 2.8741233396171055
[INFO] Update 477 (3907584 / 4194304 steps)
    (Validation) Returns: 29.817834969984983 +/- 2.3771250893687115
[INFO] Update 478 (3915776 / 4194304 steps)
    (Validation) Returns: 30.336970427813448 +/- 2.439821420856571
[INFO] Update 479 (3923968 / 4194304 steps)
    (Validation) Returns: 29.938138736745657 +/- 2.8302487213811847
[INFO] Update 480 (3932160 / 4194304 steps)
    (Validation) Returns: 29.885165132827034 +/- 2.454035327425658
[INFO] Update 481 (3940352 / 4194304 steps)
    (Validation) Returns: 30.10013408569111 +/- 2.5748869944471053
[INFO] Update 482 (3948544 / 4194304 steps)
    (Validation) Returns: 29.255423343539682 +/- 2.5431266507428596
[INFO] Update 483 (3956736 / 4194304 steps)
    (Validation) Returns: 30.134049235700523 +/- 2.3524134993799075
[INFO] Update 484 (3964928 / 4194304 steps)
    (Validation) Returns: 30.141520965955486 +/- 2.5267048187817305
[INFO] Update 485 (3973120 / 4194304 steps)
    (Validation) Returns: 30.094153711646904 +/- 2.85425222258586
[INFO] Update 486 (3981312 / 4194304 steps)
    (Validation) Returns: 30.48275524965073 +/- 2.6998746522942483
[INFO] Update 487 (3989504 / 4194304 steps)
    (Validation) Returns: 29.704515475376507 +/- 2.299872047194547
[INFO] Update 488 (3997696 / 4194304 steps)
    (Validation) Returns: 30.006282713569284 +/- 3.141395241645698
[INFO] Update 489 (4005888 / 4194304 steps)
    (Validation) Returns: 30.314010183340248 +/- 2.496264108656168
[INFO] Update 490 (4014080 / 4194304 steps)
    (Validation) Returns: 28.82032110941619 +/- 2.3555777227445165
[INFO] Update 491 (4022272 / 4194304 steps)
    (Validation) Returns: 29.963101250960573 +/- 2.6380499210060373
[INFO] Update 492 (4030464 / 4194304 steps)
    (Validation) Returns: 29.774767559302905 +/- 2.6001334455061884
[INFO] Update 493 (4038656 / 4194304 steps)
    (Validation) Returns: 29.351196212491583 +/- 2.7537373802634764
[INFO] Update 494 (4046848 / 4194304 steps)
    (Validation) Returns: 29.649587844885254 +/- 2.506737363243303
[INFO] Update 495 (4055040 / 4194304 steps)
    (Validation) Returns: 30.093358955306815 +/- 2.2259808488454382
[INFO] Update 496 (4063232 / 4194304 steps)
    (Validation) Returns: 29.490375104938444 +/- 2.953585988840317
[INFO] Update 497 (4071424 / 4194304 steps)
    (Validation) Returns: 30.292539616576153 +/- 2.0554337268209752
[INFO] Update 498 (4079616 / 4194304 steps)
    (Validation) Returns: 29.93569019672525 +/- 3.1364603945664475
[INFO] Update 499 (4087808 / 4194304 steps)
    (Validation) Returns: 29.618720302923162 +/- 2.1947004177084106
[INFO] Update 500 (4096000 / 4194304 steps)
    (Validation) Returns: 29.40191425176763 +/- 2.779888337999229
[INFO] Update 501 (4104192 / 4194304 steps)
    (Validation) Returns: 29.17139742101984 +/- 3.1210905072376094
[INFO] Update 502 (4112384 / 4194304 steps)
    (Validation) Returns: 29.29096208695096 +/- 2.8327671974690127
[INFO] Update 503 (4120576 / 4194304 steps)
    (Validation) Returns: 30.009204295184155 +/- 2.243065309089087
[INFO] Update 504 (4128768 / 4194304 steps)
    (Validation) Returns: 29.55222977573525 +/- 2.6190080589821645
[INFO] Update 505 (4136960 / 4194304 steps)
    (Validation) Returns: 29.49647059101867 +/- 3.40240096226097
[INFO] Update 506 (4145152 / 4194304 steps)
    (Validation) Returns: 30.081140868762226 +/- 2.575108056641203
[INFO] Update 507 (4153344 / 4194304 steps)
    (Validation) Returns: 29.91836121017037 +/- 2.4209832642053266
[INFO] Update 508 (4161536 / 4194304 steps)
    (Validation) Returns: 29.023619943272262 +/- 3.1160037037664825
[INFO] Update 509 (4169728 / 4194304 steps)
    (Validation) Returns: 30.282351363418172 +/- 2.406691911646421
[INFO] Update 510 (4177920 / 4194304 steps)
    (Validation) Returns: 29.876343316727876 +/- 2.0404136878647847
[INFO] Update 511 (4186112 / 4194304 steps)
    (Validation) Returns: 29.512622563956075 +/- 2.341691065556226
[INFO] Training finished (4194304 steps)
[INFO] Model saved at ppo/models/cnn/cnn-Sprites-v0-4194304steps.pt
